Warning: Option '256' is not parsed by Ippl.
Warning: Option '256' is not parsed by Ippl.
Warning: Option '256' is not parsed by Ippl.
Warning: Option '134217728' is not parsed by Ippl.
Warning: Option '20' is not parsed by Ippl.
Warning: Option 'PCG' is not parsed by Ippl.
Warning: Option '0.01' is not parsed by Ippl.
Warning: Option 'LeapFrog' is not parsed by Ippl.
Warning: Option 'richardson' is not parsed by Ippl.
Warning: Option '4' is not parsed by Ippl.
Warning: Option '0' is not parsed by Ippl.
Pre Run{0}> Discretization:
Pre Run{0}> nt 20 Np= 134217728 grid = ( 256 , 256 , 256 )
Initialize Particles{0}> Starting first repartition
Initialize Particles{0}> particles created and initial conditions assigned 
residue,iterations
scatter {0}> 1.26039e-15
4.86589e-08,430
time, Ex_field_energy, Ex_max_norm
0.0000000000000000e+00 9.9818016859237737e+00 1.1783518895134198e-01
LandauDamping{0}> Starting iterations ...
Pre-step{0}> Done
scatter {0}> 1.1458e-16
3.21489e-08,370
2.4543692606170259e-02 9.9741928633321439e+00 1.1794193374696940e-01
Post-step:{0}> Finished time step: 1 time: 0.0245437
Pre-step{0}> Done
scatter {0}> 4.58322e-16
3.19737e-08,370
4.9087385212340517e-02 9.9515804074954843e+00 1.1727305663349223e-01
Post-step:{0}> Finished time step: 2 time: 0.0490874
Pre-step{0}> Done
scatter {0}> 1.1458e-16
3.31231e-08,370
7.3631077818510776e-02 9.9140505622718909e+00 1.1701308901764716e-01
Post-step:{0}> Finished time step: 3 time: 0.0736311
Pre-step{0}> Done
scatter {0}> 1.1458e-15
3.30892e-08,370
9.8174770424681035e-02 9.8617352947794306e+00 1.1731442708959715e-01
Post-step:{0}> Finished time step: 4 time: 0.0981748
Pre-step{0}> Done
scatter {0}> 4.58322e-16
3.08431e-08,371
1.2271846303085129e-01 9.7947760502309453e+00 1.1790243526611952e-01
Post-step:{0}> Finished time step: 5 time: 0.122718
Pre-step{0}> Done
scatter {0}> 8.02063e-16
3.12111e-08,371
1.4726215563702155e-01 9.7133885277124890e+00 1.1479786430874753e-01
Post-step:{0}> Finished time step: 6 time: 0.147262
Pre-step{0}> Done
scatter {0}> 4.58322e-16
3.17291e-08,371
1.7180584824319181e-01 9.6178355275782099e+00 1.1413495455280340e-01
Post-step:{0}> Finished time step: 7 time: 0.171806
Pre-step{0}> Done
scatter {0}> 8.02063e-16
3.24538e-08,371
1.9634954084936207e-01 9.5084494984894743e+00 1.1408304330973912e-01
Post-step:{0}> Finished time step: 8 time: 0.19635
Pre-step{0}> Done
scatter {0}> 5.72902e-16
3.18881e-08,372
2.2089323345553233e-01 9.3856266464685660e+00 1.1359559885953935e-01
Post-step:{0}> Finished time step: 9 time: 0.220893
Pre-step{0}> Done
scatter {0}> 1.1458e-16
3.23387e-08,371
2.4543692606170259e-01 9.2497580933992705e+00 1.1263416822123350e-01
Post-step:{0}> Finished time step: 10 time: 0.245437
Pre-step{0}> Done
scatter {0}> 6.87483e-16
3.25575e-08,371
2.6998061866787282e-01 9.1012865882944656e+00 1.1148918077183918e-01
Post-step:{0}> Finished time step: 11 time: 0.269981
Pre-step{0}> Done
scatter {0}> 3.43741e-16
3.12561e-08,372
2.9452431127404310e-01 8.9406940062134783e+00 1.1071334415540002e-01
Post-step:{0}> Finished time step: 12 time: 0.294524
Pre-step{0}> Done
scatter {0}> 1.03122e-15
3.28019e-08,371
3.1906800388021339e-01 8.7684980215671260e+00 1.0960858204095750e-01
Post-step:{0}> Finished time step: 13 time: 0.319068
Pre-step{0}> Done
scatter {0}> 5.72902e-16
3.08097e-08,373
3.4361169648638368e-01 8.5852587289502775e+00 1.0830764510784197e-01
Post-step:{0}> Finished time step: 14 time: 0.343612
Pre-step{0}> Done
scatter {0}> 8.02063e-16
3.32108e-08,371
3.6815538909255396e-01 8.3915779009703044e+00 1.0834264150353973e-01
Post-step:{0}> Finished time step: 15 time: 0.368155
Pre-step{0}> Done
scatter {0}> 3.43741e-16
3.16732e-08,372
3.9269908169872425e-01 8.1880798777103987e+00 1.0620811237234135e-01
Post-step:{0}> Finished time step: 16 time: 0.392699
Pre-step{0}> Done
scatter {0}> 2.29161e-16
3.13181e-08,372
4.1724277430489454e-01 7.9754398154783166e+00 1.0670349047354118e-01
Post-step:{0}> Finished time step: 17 time: 0.417243
Pre-step{0}> Done
scatter {0}> 0
3.1248e-08,373
4.4178646691106482e-01 7.7543475732118772e+00 1.0461342472813130e-01
Post-step:{0}> Finished time step: 18 time: 0.441786
Pre-step{0}> Done
scatter {0}> 3.43741e-16
3.1061e-08,372
4.6633015951723511e-01 7.5254679285116985e+00 1.0373530144462888e-01
Post-step:{0}> Finished time step: 19 time: 0.46633
Pre-step{0}> Done
scatter {0}> 8.02063e-16
3.21112e-08,372
4.9087385212340540e-01 7.2895547767353852e+00 1.0092202430570442e-01
Post-step:{0}> Finished time step: 20 time: 0.490874
LandauDamping{0}> End.
Timings{0}> ---------------------------------------------
Timings{0}>      Timing results for 4 nodes:
Timings{0}> ---------------------------------------------
Timings{0}> total............... Wall tot =    320.001
Timings{0}> 
Timings{0}> findInternal........ Wall max =   9.55e-06
Timings{0}>                      Wall avg = 9.2775e-06
Timings{0}>                      Wall min =  8.904e-06
Timings{0}> 
Timings{0}> findPeriodic........ Wall max = 5.5246e-05
Timings{0}>                      Wall avg = 5.25855e-05
Timings{0}>                      Wall min = 5.1055e-05
Timings{0}> 
Timings{0}> loadBalance......... Wall max =  0.0359204
Timings{0}>                      Wall avg =  0.0358531
Timings{0}>                      Wall min =  0.0357959
Timings{0}> 
Timings{0}> basicOperations..... Wall max = 3.7231e-05
Timings{0}>                      Wall avg = 3.10625e-05
Timings{0}>                      Wall min = 2.4863e-05
Timings{0}> 
Timings{0}> perpReduction....... Wall max = 0.00601493
Timings{0}>                      Wall avg = 0.00572268
Timings{0}>                      Wall min = 0.00538074
Timings{0}> 
Timings{0}> allReduce........... Wall max = 0.00931096
Timings{0}>                      Wall avg = 0.00743017
Timings{0}>                      Wall min = 0.00476988
Timings{0}> 
Timings{0}> scatterR............ Wall max =   3.18e-07
Timings{0}>                      Wall avg = 2.8425e-07
Timings{0}>                      Wall min =   2.24e-07
Timings{0}> 
Timings{0}> updateLayout........ Wall max =  2.187e-05
Timings{0}>                      Wall avg = 1.38283e-05
Timings{0}>                      Wall min =  9.432e-06
Timings{0}> 
Timings{0}> updatePB............ Wall max =   4.01e-07
Timings{0}>                      Wall avg =   3.57e-07
Timings{0}>                      Wall min =   3.04e-07
Timings{0}> 
Timings{0}> particlesCreation... Wall max =    1.23513
Timings{0}>                      Wall avg =    1.23512
Timings{0}>                      Wall min =    1.23512
Timings{0}> 
Timings{0}> solveWarmup......... Wall max =   0.138012
Timings{0}>                      Wall avg =   0.137617
Timings{0}>                      Wall min =   0.137071
Timings{0}> 
Timings{0}> PCG iter............ Wall max =    301.239
Timings{0}>                      Wall avg =    301.234
Timings{0}>                      Wall min =    301.232
Timings{0}> 
Timings{0}> Preconditioner...... Wall max =    196.783
Timings{0}>                      Wall avg =     185.11
Timings{0}>                      Wall min =    179.597
Timings{0}> 
Timings{0}> scatter............. Wall max =    6.34471
Timings{0}>                      Wall avg =    6.30763
Timings{0}>                      Wall min =     6.2875
Timings{0}> 
Timings{0}> accumulateHalo...... Wall max =   0.349394
Timings{0}>                      Wall avg =   0.289282
Timings{0}>                      Wall min =   0.239764
Timings{0}> 
Timings{0}> solve............... Wall max =    303.509
Timings{0}>                      Wall avg =    303.508
Timings{0}>                      Wall min =    303.507
Timings{0}> 
Timings{0}> fillHalo............ Wall max =   0.637935
Timings{0}>                      Wall avg =   0.617945
Timings{0}>                      Wall min =   0.588596
Timings{0}> 
Timings{0}> gather.............. Wall max =    3.68705
Timings{0}>                      Wall avg =    3.64559
Timings{0}>                      Wall min =    3.59448
Timings{0}> 
Timings{0}> dumpData............ Wall max =    0.18594
Timings{0}>                      Wall avg =   0.140603
Timings{0}>                      Wall min =  0.0646247
Timings{0}> 
Timings{0}> pushVelocity........ Wall max =   0.653366
Timings{0}>                      Wall avg =   0.559592
Timings{0}>                      Wall min =   0.525258
Timings{0}> 
Timings{0}> pushPosition........ Wall max =   0.328207
Timings{0}>                      Wall avg =   0.278807
Timings{0}>                      Wall min =   0.260766
Timings{0}> 
Timings{0}> update.............. Wall max =    3.08085
Timings{0}>                      Wall avg =    3.04176
Timings{0}>                      Wall min =     2.9417
Timings{0}> 
Timings{0}> particleBC.......... Wall max =   0.650039
Timings{0}>                      Wall avg =   0.547412
Timings{0}>                      Wall min =   0.510187
Timings{0}> 
Timings{0}> updateParticle...... Wall max =    2.48353
Timings{0}>                      Wall avg =    2.34234
Timings{0}>                      Wall min =     2.0237
Timings{0}> 
Timings{0}> locateParticles..... Wall max =    1.25477
Timings{0}>                      Wall avg =     1.2057
Timings{0}>                      Wall min =    1.15088
Timings{0}> 
Timings{0}> sendPreprocess...... Wall max =   0.468612
Timings{0}>                      Wall avg =    0.35175
Timings{0}>                      Wall min =    0.16369
Timings{0}> 
Timings{0}> particleSend........ Wall max =   0.615474
Timings{0}>                      Wall avg =   0.483788
Timings{0}>                      Wall min =   0.331701
Timings{0}> 
Timings{0}> particleDestroy..... Wall max =  0.0683129
Timings{0}>                      Wall avg =  0.0656889
Timings{0}>                      Wall min =  0.0642741
Timings{0}> 
Timings{0}> particleRecv........ Wall max =    0.45479
Timings{0}>                      Wall avg =   0.235318
Timings{0}>                      Wall min =   0.107499
Timings{0}> 
Timings{0}> ---------------------------------------------
