Warning: Option '256' is not parsed by Ippl.
Warning: Option '256' is not parsed by Ippl.
Warning: Option '256' is not parsed by Ippl.
Warning: Option '134217728' is not parsed by Ippl.
Warning: Option '20' is not parsed by Ippl.
Warning: Option 'PCG' is not parsed by Ippl.
Warning: Option '0.01' is not parsed by Ippl.
Warning: Option 'LeapFrog' is not parsed by Ippl.
Warning: Option 'richardson' is not parsed by Ippl.
Warning: Option '4' is not parsed by Ippl.
Warning: Option '0' is not parsed by Ippl.
Pre Run> Discretization:
Pre Run> nt 20 Np= 134217728 grid = ( 256 , 256 , 256 )
Initialize Particles> particles created and initial conditions assigned 
residue,iterations
scatter > 1.60413e-15
4.90145e-08,451
time, Ex_field_energy, Ex_max_norm
0.0000000000000000e+00 9.8764363222394937e+00 1.1658892058760993e-01
LandauDamping> Starting iterations ...
Pre-step> Done
scatter > 1.03122e-15
3.2942e-08,401
2.4543692606170259e-02 9.8683561053340583e+00 1.1623211354786346e-01
Post-step:> Finished time step: 1 time: 0.0245437
Pre-step> Done
scatter > 2.29161e-16
3.29315e-08,397
4.9087385212340517e-02 9.8454179184020081e+00 1.1666739130240954e-01
Post-step:> Finished time step: 2 time: 0.0490874
Pre-step> Done
scatter > 1.60413e-15
3.30185e-08,401
7.3631077818510776e-02 9.8077119853026780e+00 1.1555291537655599e-01
Post-step:> Finished time step: 3 time: 0.0736311
Pre-step> Done
scatter > 1.48955e-15
3.25958e-08,401
9.8174770424681035e-02 9.7553631756459485e+00 1.1493135129870419e-01
Post-step:> Finished time step: 4 time: 0.0981748
Pre-step> Done
scatter > 3.43741e-16
3.25028e-08,401
1.2271846303085129e-01 9.6885494418185854e+00 1.1483076570742179e-01
Post-step:> Finished time step: 5 time: 0.122718
Pre-step> Done
scatter > 1.1458e-15
3.29673e-08,401
1.4726215563702155e-01 9.6074814131480633e+00 1.1612643513349442e-01
Post-step:> Finished time step: 6 time: 0.147262
Pre-step> Done
scatter > 1.1458e-16
3.25465e-08,401
1.7180584824319181e-01 9.5124514703786271e+00 1.1359553456269691e-01
Post-step:> Finished time step: 7 time: 0.171806
Pre-step> Done
scatter > 1.26039e-15
3.28911e-08,401
1.9634954084936207e-01 9.4037482730167454e+00 1.1275115999672178e-01
Post-step:> Finished time step: 8 time: 0.19635
Pre-step> Done
scatter > 0
3.24111e-08,401
2.2089323345553233e-01 9.2817390481436828e+00 1.1357475644340910e-01
Post-step:> Finished time step: 9 time: 0.220893
Pre-step> Done
scatter > 3.55199e-15
3.24449e-08,401
2.4543692606170259e-01 9.1468424788541629e+00 1.1299211607412576e-01
Post-step:> Finished time step: 10 time: 0.245437
Pre-step> Done
scatter > 5.04154e-15
3.20216e-08,403
2.6998061866787282e-01 8.9995031440699034e+00 1.1079512044482683e-01
Post-step:> Finished time step: 11 time: 0.269981
Pre-step> Done
scatter > 4.23948e-15
3.20251e-08,402
2.9452431127404310e-01 8.8401853102595975e+00 1.1026386876064101e-01
Post-step:> Finished time step: 12 time: 0.294524
Pre-step> Done
scatter > 1.83329e-15
3.23192e-08,402
3.1906800388021339e-01 8.6693918087293849e+00 1.0983506648758902e-01
Post-step:> Finished time step: 13 time: 0.319068
Pre-step> Done
scatter > 6.87483e-16
3.15525e-08,402
3.4361169648638368e-01 8.4876926294887340e+00 1.0969708011112322e-01
Post-step:> Finished time step: 14 time: 0.343612
Pre-step> Done
scatter > 5.72902e-16
3.30406e-08,402
3.6815538909255396e-01 8.2957085831566761e+00 1.0798666411200154e-01
Post-step:> Finished time step: 15 time: 0.368155
Pre-step> Done
scatter > 3.20825e-15
3.1249e-08,404
3.9269908169872425e-01 8.0940407744523988e+00 1.0666124167682209e-01
Post-step:> Finished time step: 16 time: 0.392699
Pre-step> Done
scatter > 1.83329e-15
3.2781e-08,403
4.1724277430489454e-01 7.8833447105914765e+00 1.0465484383494207e-01
Post-step:> Finished time step: 17 time: 0.417243
Pre-step> Done
scatter > 8.02063e-16
3.15999e-08,404
4.4178646691106482e-01 7.6642928113443487e+00 1.0334189493861796e-01
Post-step:> Finished time step: 18 time: 0.441786
Pre-step> Done
scatter > 2.29161e-16
3.30275e-08,384
4.6633015951723511e-01 7.4375724294821381e+00 1.0300037415718605e-01
Post-step:> Finished time step: 19 time: 0.46633
Pre-step> Done
scatter > 8.02063e-16
3.19523e-08,404
4.9087385212340540e-01 7.2039394504719594e+00 1.0102835517831785e-01
Post-step:> Finished time step: 20 time: 0.490874
LandauDamping> End.
Timings> ---------------------------------------------
Timings>      Timing results for 1 nodes:
Timings> ---------------------------------------------
Timings> total............... Wall tot =    1423.76
Timings> 
Timings> loadBalance......... Wall max =          0
Timings>                      Wall avg =          0
Timings>                      Wall min =          0
Timings> 
Timings> particlesCreation... Wall max =    4.72304
Timings>                      Wall avg =    4.72304
Timings>                      Wall min =    4.72304
Timings> 
Timings> solveWarmup......... Wall max =   0.378139
Timings>                      Wall avg =   0.378139
Timings>                      Wall min =   0.378139
Timings> 
Timings> PCG iter............ Wall max =    1361.15
Timings>                      Wall avg =    1361.15
Timings>                      Wall min =    1361.15
Timings> 
Timings> Preconditioner...... Wall max =    1041.05
Timings>                      Wall avg =    1041.05
Timings>                      Wall min =    1041.05
Timings> 
Timings> scatter............. Wall max =    25.5386
Timings>                      Wall avg =    25.5386
Timings>                      Wall min =    25.5386
Timings> 
Timings> accumulateHalo...... Wall max = 0.00712628
Timings>                      Wall avg = 0.00712628
Timings>                      Wall min = 0.00712628
Timings> 
Timings> solve............... Wall max =    1368.81
Timings>                      Wall avg =    1368.81
Timings>                      Wall min =    1368.81
Timings> 
Timings> fillHalo............ Wall max =  0.0185555
Timings>                      Wall avg =  0.0185555
Timings>                      Wall min =  0.0185555
Timings> 
Timings> gather.............. Wall max =    16.7298
Timings>                      Wall avg =    16.7298
Timings>                      Wall min =    16.7298
Timings> 
Timings> dumpData............ Wall max =  0.0661882
Timings>                      Wall avg =  0.0661882
Timings>                      Wall min =  0.0661882
Timings> 
Timings> pushVelocity........ Wall max =    2.92973
Timings>                      Wall avg =    2.92973
Timings>                      Wall min =    2.92973
Timings> 
Timings> pushPosition........ Wall max =     1.4174
Timings>                      Wall avg =     1.4174
Timings>                      Wall min =     1.4174
Timings> 
Timings> update.............. Wall max =    2.63249
Timings>                      Wall avg =    2.63249
Timings>                      Wall min =    2.63249
Timings> 
Timings> particleBC.......... Wall max =    2.63241
Timings>                      Wall avg =    2.63241
Timings>                      Wall min =    2.63241
Timings> 
Timings> updateParticle...... Wall max =          0
Timings>                      Wall avg =          0
Timings>                      Wall min =          0
Timings> 
Timings> ---------------------------------------------
