Warning: Option '256' is not parsed by Ippl.
Warning: Option '256' is not parsed by Ippl.
Warning: Option '256' is not parsed by Ippl.
Warning: Option '134217728' is not parsed by Ippl.
Warning: Option '20' is not parsed by Ippl.
Warning: Option 'CG' is not parsed by Ippl.
Warning: Option '0.01' is not parsed by Ippl.
Warning: Option 'LeapFrog' is not parsed by Ippl.
Pre Run{0}> Discretization:
Pre Run{0}> nt 20 Np= 134217728 grid = ( 256 , 256 , 256 )
Initialize Particles{0}> Starting first repartition
Initialize Particles{0}> particles created and initial conditions assigned 
residue,iterations
scatter {0}> 3.43741e-16
8.14461e-08,822
time, Ex_field_energy, Ex_max_norm
0.0000000000000000e+00 9.9416144894857847e+00 1.1647182970254567e-01
LandauDamping{0}> Starting iterations ...
Pre-step{0}> Done
scatter {0}> 0
8.10136e-08,766
2.4543692606170259e-02 9.9345490276403581e+00 1.1609967081015601e-01
Post-step:{0}> Finished time step: 1 time: 0.0245437
Pre-step{0}> Done
scatter {0}> 1.1458e-16
8.13907e-08,766
4.9087385212340517e-02 9.9125542588133140e+00 1.1753222789812358e-01
Post-step:{0}> Finished time step: 2 time: 0.0490874
Pre-step{0}> Done
scatter {0}> 3.43741e-16
8.1785e-08,766
7.3631077818510776e-02 9.8757148900762228e+00 1.1713180955621080e-01
Post-step:{0}> Finished time step: 3 time: 0.0736311
Pre-step{0}> Done
scatter {0}> 6.87483e-16
8.23391e-08,766
9.8174770424681035e-02 9.8241071542412381e+00 1.1479246205683975e-01
Post-step:{0}> Finished time step: 4 time: 0.0981748
Pre-step{0}> Done
scatter {0}> 5.72902e-16
7.96963e-08,767
1.2271846303085129e-01 9.7579243637581907e+00 1.1574750719163449e-01
Post-step:{0}> Finished time step: 5 time: 0.122718
Pre-step{0}> Done
scatter {0}> 3.43741e-16
8.02096e-08,767
1.4726215563702155e-01 9.6773821147951100e+00 1.1512664066106636e-01
Post-step:{0}> Finished time step: 6 time: 0.147262
Pre-step{0}> Done
scatter {0}> 0
8.07352e-08,767
1.7180584824319181e-01 9.5827559708941283e+00 1.1597849510760147e-01
Post-step:{0}> Finished time step: 7 time: 0.171806
Pre-step{0}> Done
scatter {0}> 1.1458e-16
8.13207e-08,767
1.9634954084936207e-01 9.4743581978050724e+00 1.1417575531941393e-01
Post-step:{0}> Finished time step: 8 time: 0.19635
Pre-step{0}> Done
scatter {0}> 1.1458e-16
8.19435e-08,767
2.2089323345553233e-01 9.3525418447715225e+00 1.1210853191378514e-01
Post-step:{0}> Finished time step: 9 time: 0.220893
Pre-step{0}> Done
scatter {0}> 9.16644e-16
8.24401e-08,767
2.4543692606170259e-01 9.2177184718376246e+00 1.1197892756164909e-01
Post-step:{0}> Finished time step: 10 time: 0.245437
Pre-step{0}> Done
scatter {0}> 3.43741e-16
7.99861e-08,768
2.6998061866787282e-01 9.0703374209049326e+00 1.1133399161398862e-01
Post-step:{0}> Finished time step: 11 time: 0.269981
Pre-step{0}> Done
scatter {0}> 3.43741e-16
8.02532e-08,768
2.9452431127404310e-01 8.9108517995053091e+00 1.1059308531174777e-01
Post-step:{0}> Finished time step: 12 time: 0.294524
Pre-step{0}> Done
scatter {0}> 1.1458e-16
8.0615e-08,768
3.1906800388021339e-01 8.7398032280663376e+00 1.1016692888332472e-01
Post-step:{0}> Finished time step: 13 time: 0.319068
Pre-step{0}> Done
scatter {0}> 6.87483e-16
8.07293e-08,768
3.4361169648638368e-01 8.5577636512293900e+00 1.0865347315415219e-01
Post-step:{0}> Finished time step: 14 time: 0.343612
Pre-step{0}> Done
scatter {0}> 3.43741e-16
8.08258e-08,768
3.6815538909255396e-01 8.3653412349188052e+00 1.0686553946534999e-01
Post-step:{0}> Finished time step: 15 time: 0.368155
Pre-step{0}> Done
scatter {0}> 3.43741e-16
8.08495e-08,768
3.9269908169872425e-01 8.1631075981499599e+00 1.0665387352421948e-01
Post-step:{0}> Finished time step: 16 time: 0.392699
Pre-step{0}> Done
scatter {0}> 1.1458e-16
8.0904e-08,768
4.1724277430489454e-01 7.9517353296372670e+00 1.0401401317725882e-01
Post-step:{0}> Finished time step: 17 time: 0.417243
Pre-step{0}> Done
scatter {0}> 2.29161e-16
8.09334e-08,768
4.4178646691106482e-01 7.7319155300590774e+00 1.0368707624625946e-01
Post-step:{0}> Finished time step: 18 time: 0.441786
Pre-step{0}> Done
scatter {0}> 4.58322e-16
8.09239e-08,768
4.6633015951723511e-01 7.5043257483238426e+00 1.0141278354707915e-01
Post-step:{0}> Finished time step: 19 time: 0.46633
Pre-step{0}> Done
scatter {0}> 1.1458e-16
8.07495e-08,768
4.9087385212340540e-01 7.2697046814246162e+00 9.9925681964915691e-02
Post-step:{0}> Finished time step: 20 time: 0.490874
LandauDamping{0}> End.
Timings{0}> ---------------------------------------------
Timings{0}>      Timing results for 8 nodes:
Timings{0}> ---------------------------------------------
Timings{0}> total............... Wall tot =    98.1483
Timings{0}> 
Timings{0}> findInternal........ Wall max = 1.2878e-05
Timings{0}>                      Wall avg = 1.09645e-05
Timings{0}>                      Wall min =  9.779e-06
Timings{0}> 
Timings{0}> findPeriodic........ Wall max = 6.8881e-05
Timings{0}>                      Wall avg = 5.23386e-05
Timings{0}>                      Wall min = 4.5813e-05
Timings{0}> 
Timings{0}> loadBalance......... Wall max =   0.051462
Timings{0}>                      Wall avg =  0.0503429
Timings{0}>                      Wall min =  0.0470446
Timings{0}> 
Timings{0}> basicOperations..... Wall max = 0.00513378
Timings{0}>                      Wall avg = 0.00414064
Timings{0}>                      Wall min = 0.00309067
Timings{0}> 
Timings{0}> perpReduction....... Wall max =  0.0111302
Timings{0}>                      Wall avg = 0.00907101
Timings{0}>                      Wall min = 0.00695181
Timings{0}> 
Timings{0}> allReduce........... Wall max =  0.0141667
Timings{0}>                      Wall avg =  0.0106772
Timings{0}>                      Wall min = 0.00547443
Timings{0}> 
Timings{0}> scatterR............ Wall max =   2.67e-07
Timings{0}>                      Wall avg = 1.81875e-07
Timings{0}>                      Wall min =   1.53e-07
Timings{0}> 
Timings{0}> updateLayout........ Wall max =  0.0179444
Timings{0}>                      Wall avg =  0.0169049
Timings{0}>                      Wall min =  0.0158882
Timings{0}> 
Timings{0}> updatePB............ Wall max =   3.33e-07
Timings{0}>                      Wall avg = 2.44875e-07
Timings{0}>                      Wall min =   1.97e-07
Timings{0}> 
Timings{0}> particlesCreation... Wall max =    0.59732
Timings{0}>                      Wall avg =   0.597236
Timings{0}>                      Wall min =   0.597119
Timings{0}> 
Timings{0}> solveWarmup......... Wall max =  0.0708535
Timings{0}>                      Wall avg =  0.0703111
Timings{0}>                      Wall min =  0.0694206
Timings{0}> 
Timings{0}> scatter............. Wall max =    3.26267
Timings{0}>                      Wall avg =    3.12142
Timings{0}>                      Wall min =    3.04807
Timings{0}> 
Timings{0}> accumulateHalo...... Wall max =   0.256671
Timings{0}>                      Wall avg =   0.177468
Timings{0}>                      Wall min =  0.0405711
Timings{0}> 
Timings{0}> solve............... Wall max =    89.3389
Timings{0}>                      Wall avg =    89.3383
Timings{0}>                      Wall min =    89.3376
Timings{0}> 
Timings{0}> CG_loop............. Wall max =     88.602
Timings{0}>                      Wall avg =    88.5943
Timings{0}>                      Wall min =    88.5855
Timings{0}> 
Timings{0}> fillHalo............ Wall max =   0.147008
Timings{0}>                      Wall avg =   0.138708
Timings{0}>                      Wall min =   0.121205
Timings{0}> 
Timings{0}> gather.............. Wall max =    1.49222
Timings{0}>                      Wall avg =    1.36742
Timings{0}>                      Wall min =    1.29526
Timings{0}> 
Timings{0}> dumpData............ Wall max =    0.23117
Timings{0}>                      Wall avg =   0.148636
Timings{0}>                      Wall min =  0.0203449
Timings{0}> 
Timings{0}> pushVelocity........ Wall max =   0.327664
Timings{0}>                      Wall avg =     0.2817
Timings{0}>                      Wall min =   0.258818
Timings{0}> 
Timings{0}> pushPosition........ Wall max =    0.16572
Timings{0}>                      Wall avg =   0.138904
Timings{0}>                      Wall min =   0.130299
Timings{0}> 
Timings{0}> update.............. Wall max =     2.6203
Timings{0}>                      Wall avg =    2.59634
Timings{0}>                      Wall min =    2.54615
Timings{0}> 
Timings{0}> particleBC.......... Wall max =   0.311619
Timings{0}>                      Wall avg =   0.256726
Timings{0}>                      Wall min =   0.242536
Timings{0}> 
Timings{0}> updateParticle...... Wall max =     2.1024
Timings{0}>                      Wall avg =    1.85711
Timings{0}>                      Wall min =    1.46237
Timings{0}> 
Timings{0}> locateParticles..... Wall max =   0.657651
Timings{0}>                      Wall avg =   0.633396
Timings{0}>                      Wall min =   0.598883
Timings{0}> 
Timings{0}> sendPreprocess...... Wall max =   0.266183
Timings{0}>                      Wall avg =   0.212243
Timings{0}>                      Wall min =  0.0819196
Timings{0}> 
Timings{0}> particleSend........ Wall max =   0.695673
Timings{0}>                      Wall avg =   0.555973
Timings{0}>                      Wall min =   0.409943
Timings{0}> 
Timings{0}> particleDestroy..... Wall max =  0.0414065
Timings{0}>                      Wall avg =  0.0369032
Timings{0}>                      Wall min =   0.032013
Timings{0}> 
Timings{0}> particleRecv........ Wall max =   0.692993
Timings{0}>                      Wall avg =   0.418525
Timings{0}>                      Wall min =   0.170681
Timings{0}> 
Timings{0}> ---------------------------------------------
