Warning: Option '256' is not parsed by Ippl.
Warning: Option '256' is not parsed by Ippl.
Warning: Option '256' is not parsed by Ippl.
Warning: Option '134217728' is not parsed by Ippl.
Warning: Option '20' is not parsed by Ippl.
Warning: Option 'PCG' is not parsed by Ippl.
Warning: Option '0.01' is not parsed by Ippl.
Warning: Option 'LeapFrog' is not parsed by Ippl.
Warning: Option 'richardson' is not parsed by Ippl.
Warning: Option '4' is not parsed by Ippl.
Warning: Option '0' is not parsed by Ippl.
Pre Run{0}> Discretization:
Pre Run{0}> nt 20 Np= 134217728 grid = ( 256 , 256 , 256 )
Initialize Particles{0}> Starting first repartition
Initialize Particles{0}> particles created and initial conditions assigned 
residue,iterations
scatter {0}> 3.43741e-16
4.86929e-08,425
time, Ex_field_energy, Ex_max_norm
0.0000000000000000e+00 9.9416144909689965e+00 1.1647182972615416e-01
LandauDamping{0}> Starting iterations ...
Pre-step{0}> Done
scatter {0}> 1.1458e-16
3.17439e-08,368
2.4543692606170259e-02 9.9345490276448150e+00 1.1609967082106828e-01
Post-step:{0}> Finished time step: 1 time: 0.0245437
Pre-step{0}> Done
scatter {0}> 3.43741e-16
3.1771e-08,369
4.9087385212340517e-02 9.9125542588359234e+00 1.1753222791655665e-01
Post-step:{0}> Finished time step: 2 time: 0.0490874
Pre-step{0}> Done
scatter {0}> 1.1458e-16
3.1367e-08,370
7.3631077818510776e-02 9.8757148900876217e+00 1.1713180956359534e-01
Post-step:{0}> Finished time step: 3 time: 0.0736311
Pre-step{0}> Done
scatter {0}> 3.43741e-16
3.24971e-08,369
9.8174770424681035e-02 9.8241071542473914e+00 1.1479246206654821e-01
Post-step:{0}> Finished time step: 4 time: 0.0981748
Pre-step{0}> Done
scatter {0}> 3.43741e-16
3.27114e-08,369
1.2271846303085129e-01 9.7579243637590025e+00 1.1574750721175651e-01
Post-step:{0}> Finished time step: 5 time: 0.122718
Pre-step{0}> Done
scatter {0}> 1.1458e-16
3.28711e-08,369
1.4726215563702155e-01 9.6773821147913495e+00 1.1512664066001464e-01
Post-step:{0}> Finished time step: 6 time: 0.147262
Pre-step{0}> Done
scatter {0}> 1.1458e-16
3.31456e-08,369
1.7180584824319181e-01 9.5827559708862218e+00 1.1597849508730020e-01
Post-step:{0}> Finished time step: 7 time: 0.171806
Pre-step{0}> Done
scatter {0}> 3.43741e-16
3.32615e-08,369
1.9634954084936207e-01 9.4743581977930305e+00 1.1417575533280420e-01
Post-step:{0}> Finished time step: 8 time: 0.19635
Pre-step{0}> Done
scatter {0}> 1.1458e-16
3.11073e-08,370
2.2089323345553233e-01 9.3525418447554092e+00 1.1210853190231874e-01
Post-step:{0}> Finished time step: 9 time: 0.220893
Pre-step{0}> Done
scatter {0}> 1.1458e-16
3.11467e-08,370
2.4543692606170259e-01 9.2177184718181895e+00 1.1197892754877478e-01
Post-step:{0}> Finished time step: 10 time: 0.245437
Pre-step{0}> Done
scatter {0}> 0
3.23941e-08,370
2.6998061866787282e-01 9.0703374208823231e+00 1.1133399159965944e-01
Post-step:{0}> Finished time step: 11 time: 0.269981
Pre-step{0}> Done
scatter {0}> 5.72902e-16
3.13779e-08,370
2.9452431127404310e-01 8.9108517994795573e+00 1.1059308531245003e-01
Post-step:{0}> Finished time step: 12 time: 0.294524
Pre-step{0}> Done
scatter {0}> 5.72902e-16
3.14131e-08,370
3.1906800388021339e-01 8.7398032280375553e+00 1.1016692888730535e-01
Post-step:{0}> Finished time step: 13 time: 0.319068
Pre-step{0}> Done
scatter {0}> 1.1458e-16
3.14509e-08,370
3.4361169648638368e-01 8.5577636511975825e+00 1.0865347313323685e-01
Post-step:{0}> Finished time step: 14 time: 0.343612
Pre-step{0}> Done
scatter {0}> 3.43741e-16
3.14526e-08,370
3.6815538909255396e-01 8.3653412348842267e+00 1.0686553945020037e-01
Post-step:{0}> Finished time step: 15 time: 0.368155
Pre-step{0}> Done
scatter {0}> 1.1458e-16
3.28079e-08,370
3.9269908169872425e-01 8.1631075981127275e+00 1.0665387351366909e-01
Post-step:{0}> Finished time step: 16 time: 0.392699
Pre-step{0}> Done
scatter {0}> 5.72902e-16
3.14532e-08,370
4.1724277430489454e-01 7.9517353295979536e+00 1.0401401318444491e-01
Post-step:{0}> Finished time step: 17 time: 0.417243
Pre-step{0}> Done
scatter {0}> 5.72902e-16
3.14585e-08,370
4.4178646691106482e-01 7.7319155300179077e+00 1.0368707623963261e-01
Post-step:{0}> Finished time step: 18 time: 0.441786
Pre-step{0}> Done
scatter {0}> 1.1458e-16
3.13677e-08,370
4.6633015951723511e-01 7.5043257482811665e+00 1.0141278351758792e-01
Post-step:{0}> Finished time step: 19 time: 0.46633
Pre-step{0}> Done
scatter {0}> 1.1458e-16
3.13424e-08,370
4.9087385212340540e-01 7.2697046813806159e+00 9.9925681985302342e-02
Post-step:{0}> Finished time step: 20 time: 0.490874
LandauDamping{0}> End.
Timings{0}> ---------------------------------------------
Timings{0}>      Timing results for 8 nodes:
Timings{0}> ---------------------------------------------
Timings{0}> total............... Wall tot =    129.224
Timings{0}> 
Timings{0}> findInternal........ Wall max = 1.2536e-05
Timings{0}>                      Wall avg =  1.102e-05
Timings{0}>                      Wall min =  9.777e-06
Timings{0}> 
Timings{0}> findPeriodic........ Wall max = 6.1106e-05
Timings{0}>                      Wall avg = 5.25045e-05
Timings{0}>                      Wall min = 4.4741e-05
Timings{0}> 
Timings{0}> loadBalance......... Wall max =  0.0567851
Timings{0}>                      Wall avg =  0.0535489
Timings{0}>                      Wall min =   0.050309
Timings{0}> 
Timings{0}> basicOperations..... Wall max = 0.00581949
Timings{0}>                      Wall avg = 0.00409069
Timings{0}>                      Wall min = 0.00311078
Timings{0}> 
Timings{0}> perpReduction....... Wall max =  0.0131647
Timings{0}>                      Wall avg = 0.00994548
Timings{0}>                      Wall min = 0.00744637
Timings{0}> 
Timings{0}> allReduce........... Wall max =  0.0190132
Timings{0}>                      Wall avg =  0.0126803
Timings{0}>                      Wall min = 0.00529469
Timings{0}> 
Timings{0}> scatterR............ Wall max =   5.69e-07
Timings{0}>                      Wall avg =  2.665e-07
Timings{0}>                      Wall min =   1.38e-07
Timings{0}> 
Timings{0}> updateLayout........ Wall max =  0.0184732
Timings{0}>                      Wall avg =  0.0174866
Timings{0}>                      Wall min =  0.0157528
Timings{0}> 
Timings{0}> updatePB............ Wall max =   3.07e-07
Timings{0}>                      Wall avg = 2.4125e-07
Timings{0}>                      Wall min =   2.02e-07
Timings{0}> 
Timings{0}> particlesCreation... Wall max =   0.585514
Timings{0}>                      Wall avg =   0.585491
Timings{0}>                      Wall min =   0.585463
Timings{0}> 
Timings{0}> solveWarmup......... Wall max =  0.0894876
Timings{0}>                      Wall avg =  0.0890753
Timings{0}>                      Wall min =  0.0884041
Timings{0}> 
Timings{0}> PCG iter............ Wall max =     119.37
Timings{0}>                      Wall avg =    119.369
Timings{0}>                      Wall min =    119.369
Timings{0}> 
Timings{0}> Preconditioner...... Wall max =     65.957
Timings{0}>                      Wall avg =    63.8172
Timings{0}>                      Wall min =    60.7033
Timings{0}> 
Timings{0}> scatter............. Wall max =    3.21509
Timings{0}>                      Wall avg =    3.10575
Timings{0}>                      Wall min =    3.03575
Timings{0}> 
Timings{0}> accumulateHalo...... Wall max =   0.229211
Timings{0}>                      Wall avg =   0.153149
Timings{0}>                      Wall min =  0.0512439
Timings{0}> 
Timings{0}> solve............... Wall max =    120.514
Timings{0}>                      Wall avg =    120.514
Timings{0}>                      Wall min =    120.513
Timings{0}> 
Timings{0}> fillHalo............ Wall max =   0.133104
Timings{0}>                      Wall avg =   0.121793
Timings{0}>                      Wall min =     0.1013
Timings{0}> 
Timings{0}> gather.............. Wall max =    1.47444
Timings{0}>                      Wall avg =    1.37153
Timings{0}>                      Wall min =    1.31525
Timings{0}> 
Timings{0}> dumpData............ Wall max =     0.1722
Timings{0}>                      Wall avg =   0.121854
Timings{0}>                      Wall min =    0.02723
Timings{0}> 
Timings{0}> pushVelocity........ Wall max =     0.2836
Timings{0}>                      Wall avg =   0.272045
Timings{0}>                      Wall min =   0.264113
Timings{0}> 
Timings{0}> pushPosition........ Wall max =   0.144123
Timings{0}>                      Wall avg =   0.135995
Timings{0}>                      Wall min =   0.130699
Timings{0}> 
Timings{0}> update.............. Wall max =    2.58053
Timings{0}>                      Wall avg =    2.57071
Timings{0}>                      Wall min =    2.55366
Timings{0}> 
Timings{0}> particleBC.......... Wall max =   0.265918
Timings{0}>                      Wall avg =   0.249963
Timings{0}>                      Wall min =   0.241489
Timings{0}> 
Timings{0}> updateParticle...... Wall max =    2.10637
Timings{0}>                      Wall avg =    2.01318
Timings{0}>                      Wall min =    1.88676
Timings{0}> 
Timings{0}> locateParticles..... Wall max =   0.594775
Timings{0}>                      Wall avg =   0.522698
Timings{0}>                      Wall min =    0.45058
Timings{0}> 
Timings{0}> sendPreprocess...... Wall max =   0.302122
Timings{0}>                      Wall avg =   0.218078
Timings{0}>                      Wall min =   0.142616
Timings{0}> 
Timings{0}> particleSend........ Wall max =   0.870117
Timings{0}>                      Wall avg =    0.61406
Timings{0}>                      Wall min =   0.300193
Timings{0}> 
Timings{0}> particleDestroy..... Wall max =  0.0354281
Timings{0}>                      Wall avg =   0.032929
Timings{0}>                      Wall min =  0.0317381
Timings{0}> 
Timings{0}> particleRecv........ Wall max =    1.06436
Timings{0}>                      Wall avg =   0.625339
Timings{0}>                      Wall min =   0.261111
Timings{0}> 
Timings{0}> ---------------------------------------------
