Warning: Option '256' is not parsed by Ippl.
Warning: Option '256' is not parsed by Ippl.
Warning: Option '256' is not parsed by Ippl.
Warning: Option '134217728' is not parsed by Ippl.
Warning: Option '20' is not parsed by Ippl.
Warning: Option 'PCG' is not parsed by Ippl.
Warning: Option '0.01' is not parsed by Ippl.
Warning: Option 'LeapFrog' is not parsed by Ippl.
Warning: Option 'richardson' is not parsed by Ippl.
Warning: Option '4' is not parsed by Ippl.
Warning: Option '0' is not parsed by Ippl.
Pre Run{0}> Discretization:
Pre Run{0}> nt 20 Np= 134217728 grid = ( 256 , 256 , 256 )
Initialize Particles{0}> Starting first repartition
Initialize Particles{0}> particles created and initial conditions assigned 
residue,iterations
scatter {0}> 1.1458e-16
4.6646e-08,466
time, Ex_field_energy, Ex_max_norm
0.0000000000000000e+00 1.0033430052504686e+01 1.1845381885308216e-01
LandauDamping{0}> Starting iterations ...
Pre-step{0}> Done
scatter {0}> 1.1458e-16
3.15418e-08,372
2.4543692606170259e-02 1.0025556066806862e+01 1.1873604025016986e-01
Post-step:{0}> Finished time step: 1 time: 0.0245437
Pre-step{0}> Done
scatter {0}> 0
3.25218e-08,372
4.9087385212340517e-02 1.0002587861272584e+01 1.1674629377380923e-01
Post-step:{0}> Finished time step: 2 time: 0.0490874
Pre-step{0}> Done
scatter {0}> 2.29161e-16
3.27038e-08,372
7.3631077818510776e-02 9.9646184996593536e+00 1.1760895624079376e-01
Post-step:{0}> Finished time step: 3 time: 0.0736311
Pre-step{0}> Done
scatter {0}> 1.1458e-16
3.31709e-08,372
9.8174770424681035e-02 9.9117524266667800e+00 1.1817995789989148e-01
Post-step:{0}> Finished time step: 4 time: 0.0981748
Pre-step{0}> Done
scatter {0}> 1.1458e-16
3.09208e-08,373
1.2271846303085129e-01 9.8441807877040990e+00 1.1688925262330138e-01
Post-step:{0}> Finished time step: 5 time: 0.122718
Pre-step{0}> Done
scatter {0}> 2.29161e-16
3.15046e-08,373
1.4726215563702155e-01 9.7621338937756317e+00 1.1733520469395090e-01
Post-step:{0}> Finished time step: 6 time: 0.147262
Pre-step{0}> Done
scatter {0}> 2.29161e-16
3.16832e-08,373
1.7180584824319181e-01 9.6658815768077986e+00 1.1612953259186380e-01
Post-step:{0}> Finished time step: 7 time: 0.171806
Pre-step{0}> Done
scatter {0}> 1.1458e-16
3.19701e-08,373
1.9634954084936207e-01 9.5557424548700443e+00 1.1483544044582941e-01
Post-step:{0}> Finished time step: 8 time: 0.19635
Pre-step{0}> Done
scatter {0}> 1.1458e-16
3.23055e-08,373
2.2089323345553233e-01 9.4320672065249109e+00 1.1539279975431652e-01
Post-step:{0}> Finished time step: 9 time: 0.220893
Pre-step{0}> Done
scatter {0}> 1.1458e-16
3.23976e-08,373
2.4543692606170259e-01 9.2952639664345611e+00 1.1339033306801634e-01
Post-step:{0}> Finished time step: 10 time: 0.245437
Pre-step{0}> Done
scatter {0}> 1.1458e-16
3.24107e-08,373
2.6998061866787282e-01 9.1458022687361655e+00 1.1246701192855010e-01
Post-step:{0}> Finished time step: 11 time: 0.269981
Pre-step{0}> Done
scatter {0}> 1.1458e-16
3.23642e-08,373
2.9452431127404310e-01 8.9841530149152895e+00 1.1098399568104869e-01
Post-step:{0}> Finished time step: 12 time: 0.294524
Pre-step{0}> Done
scatter {0}> 1.1458e-16
3.23979e-08,373
3.1906800388021339e-01 8.8108585977171217e+00 1.0934831237453753e-01
Post-step:{0}> Finished time step: 13 time: 0.319068
Pre-step{0}> Done
scatter {0}> 0
3.26506e-08,373
3.4361169648638368e-01 8.6264851269880634e+00 1.0863850601720494e-01
Post-step:{0}> Finished time step: 14 time: 0.343612
Pre-step{0}> Done
scatter {0}> 1.1458e-16
3.28008e-08,373
3.6815538909255396e-01 8.4316214206922862e+00 1.0870911990439085e-01
Post-step:{0}> Finished time step: 15 time: 0.368155
Pre-step{0}> Done
scatter {0}> 1.1458e-16
3.28236e-08,373
3.9269908169872425e-01 8.2269326558608888e+00 1.0678101974692286e-01
Post-step:{0}> Finished time step: 16 time: 0.392699
Pre-step{0}> Done
scatter {0}> 3.43741e-16
3.25478e-08,373
4.1724277430489454e-01 8.0130592932422218e+00 1.0573043263528939e-01
Post-step:{0}> Finished time step: 17 time: 0.417243
Pre-step{0}> Done
scatter {0}> 1.1458e-16
3.22478e-08,373
4.4178646691106482e-01 7.7906714131019950e+00 1.0409052849008342e-01
Post-step:{0}> Finished time step: 18 time: 0.441786
Pre-step{0}> Done
scatter {0}> 1.1458e-16
3.2331e-08,373
4.6633015951723511e-01 7.5605055757329103e+00 1.0323610447108253e-01
Post-step:{0}> Finished time step: 19 time: 0.46633
Pre-step{0}> Done
scatter {0}> 1.1458e-16
3.21004e-08,373
4.9087385212340540e-01 7.3232937817708876e+00 1.0003415088456989e-01
Post-step:{0}> Finished time step: 20 time: 0.490874
LandauDamping{0}> End.
Timings{0}> ---------------------------------------------
Timings{0}>      Timing results for 16 nodes:
Timings{0}> ---------------------------------------------
Timings{0}> total............... Wall tot =    82.7513
Timings{0}> 
Timings{0}> findInternal........ Wall max = 2.9967e-05
Timings{0}>                      Wall avg = 1.56543e-05
Timings{0}>                      Wall min =  6.258e-06
Timings{0}> 
Timings{0}> findPeriodic........ Wall max = 9.2995e-05
Timings{0}>                      Wall avg = 7.24859e-05
Timings{0}>                      Wall min = 4.9926e-05
Timings{0}> 
Timings{0}> loadBalance......... Wall max =  0.0650265
Timings{0}>                      Wall avg =  0.0568011
Timings{0}>                      Wall min =  0.0459686
Timings{0}> 
Timings{0}> basicOperations..... Wall max = 0.00402994
Timings{0}>                      Wall avg = 0.00114265
Timings{0}>                      Wall min = 0.000762383
Timings{0}> 
Timings{0}> perpReduction....... Wall max =   0.011187
Timings{0}>                      Wall avg = 0.00782967
Timings{0}>                      Wall min = 0.00634711
Timings{0}> 
Timings{0}> allReduce........... Wall max =   0.039102
Timings{0}>                      Wall avg =  0.0299546
Timings{0}>                      Wall min =  0.0158968
Timings{0}> 
Timings{0}> scatterR............ Wall max =   2.74e-07
Timings{0}>                      Wall avg = 2.04625e-07
Timings{0}>                      Wall min =    1.5e-07
Timings{0}> 
Timings{0}> updateLayout........ Wall max =  0.0118803
Timings{0}>                      Wall avg =   0.011499
Timings{0}>                      Wall min = 0.00861229
Timings{0}> 
Timings{0}> updatePB............ Wall max =   5.27e-07
Timings{0}>                      Wall avg = 2.87875e-07
Timings{0}>                      Wall min =   1.44e-07
Timings{0}> 
Timings{0}> particlesCreation... Wall max =   0.315025
Timings{0}>                      Wall avg =    0.31502
Timings{0}>                      Wall min =    0.31501
Timings{0}> 
Timings{0}> solveWarmup......... Wall max =   0.123079
Timings{0}>                      Wall avg =   0.122853
Timings{0}>                      Wall min =   0.122568
Timings{0}> 
Timings{0}> PCG iter............ Wall max =    76.2934
Timings{0}>                      Wall avg =    76.2899
Timings{0}>                      Wall min =    76.2891
Timings{0}> 
Timings{0}> Preconditioner...... Wall max =    33.9844
Timings{0}>                      Wall avg =    29.2795
Timings{0}>                      Wall min =    25.2242
Timings{0}> 
Timings{0}> scatter............. Wall max =    1.64987
Timings{0}>                      Wall avg =    1.59025
Timings{0}>                      Wall min =    1.53807
Timings{0}> 
Timings{0}> accumulateHalo...... Wall max =   0.194618
Timings{0}>                      Wall avg =   0.143657
Timings{0}>                      Wall min =  0.0811525
Timings{0}> 
Timings{0}> solve............... Wall max =    76.8729
Timings{0}>                      Wall avg =    76.8726
Timings{0}>                      Wall min =    76.8724
Timings{0}> 
Timings{0}> fillHalo............ Wall max =   0.332924
Timings{0}>                      Wall avg =   0.296784
Timings{0}>                      Wall min =   0.232092
Timings{0}> 
Timings{0}> gather.............. Wall max =   0.594465
Timings{0}>                      Wall avg =   0.533073
Timings{0}>                      Wall min =   0.478295
Timings{0}> 
Timings{0}> dumpData............ Wall max =   0.245116
Timings{0}>                      Wall avg =   0.134099
Timings{0}>                      Wall min =  0.0609783
Timings{0}> 
Timings{0}> pushVelocity........ Wall max =   0.166331
Timings{0}>                      Wall avg =   0.142005
Timings{0}>                      Wall min =    0.12888
Timings{0}> 
Timings{0}> pushPosition........ Wall max =  0.0827299
Timings{0}>                      Wall avg =  0.0715913
Timings{0}>                      Wall min =   0.066462
Timings{0}> 
Timings{0}> update.............. Wall max =    2.34437
Timings{0}>                      Wall avg =    2.33069
Timings{0}>                      Wall min =    2.30846
Timings{0}> 
Timings{0}> particleBC.......... Wall max =   0.139328
Timings{0}>                      Wall avg =   0.115859
Timings{0}>                      Wall min =   0.106541
Timings{0}> 
Timings{0}> updateParticle...... Wall max =    1.97658
Timings{0}>                      Wall avg =    1.59175
Timings{0}>                      Wall min =    1.26617
Timings{0}> 
Timings{0}> locateParticles..... Wall max =   0.455997
Timings{0}>                      Wall avg =   0.344713
Timings{0}>                      Wall min =   0.274402
Timings{0}> 
Timings{0}> sendPreprocess...... Wall max =   0.348599
Timings{0}>                      Wall avg =     0.2657
Timings{0}>                      Wall min =   0.162075
Timings{0}> 
Timings{0}> particleSend........ Wall max =   0.812048
Timings{0}>                      Wall avg =    0.59096
Timings{0}>                      Wall min =   0.445817
Timings{0}> 
Timings{0}> particleDestroy..... Wall max =  0.0263686
Timings{0}>                      Wall avg =  0.0228022
Timings{0}>                      Wall min =  0.0192908
Timings{0}> 
Timings{0}> particleRecv........ Wall max =   0.782472
Timings{0}>                      Wall avg =   0.367505
Timings{0}>                      Wall min =   0.145455
Timings{0}> 
Timings{0}> ---------------------------------------------
