Warning: Option '256' is not parsed by Ippl.
Warning: Option '256' is not parsed by Ippl.
Warning: Option '256' is not parsed by Ippl.
Warning: Option '134217728' is not parsed by Ippl.
Warning: Option '20' is not parsed by Ippl.
Warning: Option 'PCG' is not parsed by Ippl.
Warning: Option '0.01' is not parsed by Ippl.
Warning: Option 'LeapFrog' is not parsed by Ippl.
Warning: Option 'gauss-seidel' is not parsed by Ippl.
Warning: Option '2' is not parsed by Ippl.
Warning: Option '2' is not parsed by Ippl.
Warning: Option '0' is not parsed by Ippl.
Pre Run{0}> Discretization:
Pre Run{0}> nt 20 Np= 134217728 grid = ( 256 , 256 , 256 )
Initialize Particles{0}> Starting first repartition
Initialize Particles{0}> particles created and initial conditions assigned 
residue,iterations
scatter {0}> 1.1458e-16
5.64806e-08,396
time, Ex_field_energy, Ex_max_norm
0.0000000000000000e+00 1.0033430052416456e+01 1.1845381886174401e-01
LandauDamping{0}> Starting iterations ...
Pre-step{0}> Done
scatter {0}> 1.1458e-16
3.31097e-08,317
2.4543692606170259e-02 1.0025556066788287e+01 1.1873604025310389e-01
Post-step:{0}> Finished time step: 1 time: 0.0245437
Pre-step{0}> Done
scatter {0}> 1.1458e-16
3.33219e-08,317
4.9087385212340517e-02 1.0002587861309037e+01 1.1674629376979183e-01
Post-step:{0}> Finished time step: 2 time: 0.0490874
Pre-step{0}> Done
scatter {0}> 1.1458e-16
3.37547e-08,317
7.3631077818510776e-02 9.9646184997281342e+00 1.1760895622345875e-01
Post-step:{0}> Finished time step: 3 time: 0.0736311
Pre-step{0}> Done
scatter {0}> 2.29161e-16
3.28355e-08,318
9.8174770424681035e-02 9.9117524267660002e+00 1.1817995788691144e-01
Post-step:{0}> Finished time step: 4 time: 0.0981748
Pre-step{0}> Done
scatter {0}> 1.1458e-16
3.36839e-08,318
1.2271846303085129e-01 9.8441807878272787e+00 1.1688925260823319e-01
Post-step:{0}> Finished time step: 5 time: 0.122718
Pre-step{0}> Done
scatter {0}> 1.1458e-16
3.24234e-08,319
1.4726215563702155e-01 9.7621338939244779e+00 1.1733520467781007e-01
Post-step:{0}> Finished time step: 6 time: 0.147262
Pre-step{0}> Done
scatter {0}> 2.29161e-16
3.32404e-08,319
1.7180584824319181e-01 9.6658815769804871e+00 1.1612953257608712e-01
Post-step:{0}> Finished time step: 7 time: 0.171806
Pre-step{0}> Done
scatter {0}> 1.1458e-16
3.40589e-08,319
1.9634954084936207e-01 9.5557424550656336e+00 1.1483544046630313e-01
Post-step:{0}> Finished time step: 8 time: 0.19635
Pre-step{0}> Done
scatter {0}> 1.1458e-16
3.20062e-08,320
2.2089323345553233e-01 9.4320672067398377e+00 1.1539279976651458e-01
Post-step:{0}> Finished time step: 9 time: 0.220893
Pre-step{0}> Done
scatter {0}> 2.29161e-16
3.27474e-08,320
2.4543692606170259e-01 9.2952639666694061e+00 1.1339033307502656e-01
Post-step:{0}> Finished time step: 10 time: 0.245437
Pre-step{0}> Done
scatter {0}> 0
3.34335e-08,320
2.6998061866787282e-01 9.1458022689900300e+00 1.1246701193416569e-01
Post-step:{0}> Finished time step: 11 time: 0.269981
Pre-step{0}> Done
scatter {0}> 3.43741e-16
3.41442e-08,320
2.9452431127404310e-01 8.9841530151873581e+00 1.1098399566959360e-01
Post-step:{0}> Finished time step: 12 time: 0.294524
Pre-step{0}> Done
scatter {0}> 0
3.42299e-08,321
3.1906800388021339e-01 8.8108585980022287e+00 1.0934831236738934e-01
Post-step:{0}> Finished time step: 13 time: 0.319068
Pre-step{0}> Done
scatter {0}> 4.58322e-16
3.23148e-08,322
3.4361169648638368e-01 8.6264851272838783e+00 1.0863850600028609e-01
Post-step:{0}> Finished time step: 14 time: 0.343612
Pre-step{0}> Done
scatter {0}> 5.72902e-16
3.3205e-08,322
3.6815538909255396e-01 8.4316214210017524e+00 1.0870911987099813e-01
Post-step:{0}> Finished time step: 15 time: 0.368155
Pre-step{0}> Done
scatter {0}> 5.72902e-16
3.41374e-08,322
3.9269908169872425e-01 8.2269326561832568e+00 1.0678101976058992e-01
Post-step:{0}> Finished time step: 16 time: 0.392699
Pre-step{0}> Done
scatter {0}> 2.29161e-16
3.42906e-08,323
4.1724277430489454e-01 8.0130592935681619e+00 1.0573043263903198e-01
Post-step:{0}> Finished time step: 17 time: 0.417243
Pre-step{0}> Done
scatter {0}> 3.43741e-16
3.30325e-08,325
4.4178646691106482e-01 7.7906714134213457e+00 1.0409052847475739e-01
Post-step:{0}> Finished time step: 18 time: 0.441786
Pre-step{0}> Done
scatter {0}> 1.1458e-16
3.42751e-08,325
4.6633015951723511e-01 7.5605055760587652e+00 1.0323610446248287e-01
Post-step:{0}> Finished time step: 19 time: 0.46633
Pre-step{0}> Done
scatter {0}> 1.1458e-16
3.34962e-08,330
4.9087385212340540e-01 7.3232937820481423e+00 1.0003415088308093e-01
Post-step:{0}> Finished time step: 20 time: 0.490874
LandauDamping{0}> End.
Timings{0}> ---------------------------------------------
Timings{0}>      Timing results for 16 nodes:
Timings{0}> ---------------------------------------------
Timings{0}> total............... Wall tot =     98.841
Timings{0}> 
Timings{0}> findInternal........ Wall max = 2.6381e-05
Timings{0}>                      Wall avg = 1.67497e-05
Timings{0}>                      Wall min =  6.368e-06
Timings{0}> 
Timings{0}> findPeriodic........ Wall max = 8.9218e-05
Timings{0}>                      Wall avg = 7.06958e-05
Timings{0}>                      Wall min = 4.8244e-05
Timings{0}> 
Timings{0}> loadBalance......... Wall max =  0.0613809
Timings{0}>                      Wall avg =  0.0539063
Timings{0}>                      Wall min =  0.0478315
Timings{0}> 
Timings{0}> basicOperations..... Wall max = 0.00350891
Timings{0}>                      Wall avg = 0.00110275
Timings{0}>                      Wall min = 0.000769334
Timings{0}> 
Timings{0}> perpReduction....... Wall max =  0.0133811
Timings{0}>                      Wall avg = 0.00814196
Timings{0}>                      Wall min = 0.00599595
Timings{0}> 
Timings{0}> allReduce........... Wall max =  0.0370961
Timings{0}>                      Wall avg =  0.0274314
Timings{0}>                      Wall min =  0.0209501
Timings{0}> 
Timings{0}> scatterR............ Wall max =   4.05e-07
Timings{0}>                      Wall avg = 2.15812e-07
Timings{0}>                      Wall min =   1.68e-07
Timings{0}> 
Timings{0}> updateLayout........ Wall max =  0.0110586
Timings{0}>                      Wall avg =   0.010721
Timings{0}>                      Wall min =  0.0083136
Timings{0}> 
Timings{0}> updatePB............ Wall max =   3.12e-07
Timings{0}>                      Wall avg = 2.4925e-07
Timings{0}>                      Wall min =   1.95e-07
Timings{0}> 
Timings{0}> particlesCreation... Wall max =    0.30199
Timings{0}>                      Wall avg =   0.301963
Timings{0}>                      Wall min =    0.30195
Timings{0}> 
Timings{0}> solveWarmup......... Wall max =    0.15203
Timings{0}>                      Wall avg =   0.151589
Timings{0}>                      Wall min =   0.149043
Timings{0}> 
Timings{0}> PCG iter............ Wall max =     92.242
Timings{0}>                      Wall avg =    92.2412
Timings{0}>                      Wall min =    92.2406
Timings{0}> 
Timings{0}> Preconditioner...... Wall max =     57.729
Timings{0}>                      Wall avg =    47.9785
Timings{0}>                      Wall min =    39.8298
Timings{0}> 
Timings{0}> scatter............. Wall max =    1.63098
Timings{0}>                      Wall avg =    1.57763
Timings{0}>                      Wall min =    1.53032
Timings{0}> 
Timings{0}> accumulateHalo...... Wall max =   0.245558
Timings{0}>                      Wall avg =   0.155922
Timings{0}>                      Wall min =  0.0878384
Timings{0}> 
Timings{0}> solve............... Wall max =     92.946
Timings{0}>                      Wall avg =    92.9454
Timings{0}>                      Wall min =    92.9412
Timings{0}> 
Timings{0}> fillHalo............ Wall max =   0.314979
Timings{0}>                      Wall avg =   0.272083
Timings{0}>                      Wall min =   0.235142
Timings{0}> 
Timings{0}> gather.............. Wall max =   0.576897
Timings{0}>                      Wall avg =   0.532529
Timings{0}>                      Wall min =   0.471007
Timings{0}> 
Timings{0}> dumpData............ Wall max =   0.205245
Timings{0}>                      Wall avg =   0.133891
Timings{0}>                      Wall min =  0.0697158
Timings{0}> 
Timings{0}> pushVelocity........ Wall max =   0.158385
Timings{0}>                      Wall avg =   0.133563
Timings{0}>                      Wall min =   0.125242
Timings{0}> 
Timings{0}> pushPosition........ Wall max =  0.0817454
Timings{0}>                      Wall avg =  0.0681763
Timings{0}>                      Wall min =  0.0624233
Timings{0}> 
Timings{0}> update.............. Wall max =    2.35007
Timings{0}>                      Wall avg =    2.34015
Timings{0}>                      Wall min =    2.31106
Timings{0}> 
Timings{0}> particleBC.......... Wall max =   0.138533
Timings{0}>                      Wall avg =   0.114051
Timings{0}>                      Wall min =   0.103583
Timings{0}> 
Timings{0}> updateParticle...... Wall max =    1.91229
Timings{0}>                      Wall avg =    1.59365
Timings{0}>                      Wall min =    1.25352
Timings{0}> 
Timings{0}> locateParticles..... Wall max =   0.426018
Timings{0}>                      Wall avg =      0.355
Timings{0}>                      Wall min =   0.283696
Timings{0}> 
Timings{0}> sendPreprocess...... Wall max =   0.384728
Timings{0}>                      Wall avg =   0.320733
Timings{0}>                      Wall min =   0.241532
Timings{0}> 
Timings{0}> particleSend........ Wall max =   0.684366
Timings{0}>                      Wall avg =   0.498444
Timings{0}>                      Wall min =   0.395185
Timings{0}> 
Timings{0}> particleDestroy..... Wall max =  0.0273587
Timings{0}>                      Wall avg =  0.0224103
Timings{0}>                      Wall min =  0.0186061
Timings{0}> 
Timings{0}> particleRecv........ Wall max =   0.653051
Timings{0}>                      Wall avg =   0.396989
Timings{0}>                      Wall min =   0.189838
Timings{0}> 
Timings{0}> ---------------------------------------------
