Warning: Option '256' is not parsed by Ippl.
Warning: Option '256' is not parsed by Ippl.
Warning: Option '256' is not parsed by Ippl.
Warning: Option '134217728' is not parsed by Ippl.
Warning: Option '20' is not parsed by Ippl.
Warning: Option 'PCG' is not parsed by Ippl.
Warning: Option '0.01' is not parsed by Ippl.
Warning: Option 'LeapFrog' is not parsed by Ippl.
Warning: Option 'gauss-seidel' is not parsed by Ippl.
Warning: Option '2' is not parsed by Ippl.
Warning: Option '2' is not parsed by Ippl.
Warning: Option '0' is not parsed by Ippl.
Pre Run{0}> Discretization:
Pre Run{0}> nt 20 Np= 134217728 grid = ( 256 , 256 , 256 )
Initialize Particles{0}> Starting first repartition
Initialize Particles{0}> particles created and initial conditions assigned 
residue,iterations
scatter {0}> 1.26039e-15
5.74094e-08,391
time, Ex_field_energy, Ex_max_norm
0.0000000000000000e+00 9.9818016859799901e+00 1.1783518897297654e-01
LandauDamping{0}> Starting iterations ...
Pre-step{0}> Done
scatter {0}> 0
3.29965e-08,314
2.4543692606170259e-02 9.9741928633209174e+00 1.1794193375388180e-01
Post-step:{0}> Finished time step: 1 time: 0.0245437
Pre-step{0}> Done
scatter {0}> 1.1458e-16
3.41584e-08,314
4.9087385212340517e-02 9.9515804074798773e+00 1.1727305663899727e-01
Post-step:{0}> Finished time step: 2 time: 0.0490874
Pre-step{0}> Done
scatter {0}> 0
3.2215e-08,315
7.3631077818510776e-02 9.9140505622546122e+00 1.1701308901301628e-01
Post-step:{0}> Finished time step: 3 time: 0.0736311
Pre-step{0}> Done
scatter {0}> 6.87483e-16
3.26681e-08,315
9.8174770424681035e-02 9.8617352947631005e+00 1.1731442708900966e-01
Post-step:{0}> Finished time step: 4 time: 0.0981748
Pre-step{0}> Done
scatter {0}> 1.1458e-16
3.30952e-08,315
1.2271846303085129e-01 9.7947760502255292e+00 1.1790243527328129e-01
Post-step:{0}> Finished time step: 5 time: 0.122718
Pre-step{0}> Done
scatter {0}> 1.03122e-15
3.35151e-08,315
1.4726215563702155e-01 9.7133885277110483e+00 1.1479786430538265e-01
Post-step:{0}> Finished time step: 6 time: 0.147262
Pre-step{0}> Done
scatter {0}> 3.43741e-16
3.40626e-08,315
1.7180584824319181e-01 9.6178355275775917e+00 1.1413495454988407e-01
Post-step:{0}> Finished time step: 7 time: 0.171806
Pre-step{0}> Done
scatter {0}> 8.02063e-16
3.34862e-08,316
1.9634954084936207e-01 9.5084494984901227e+00 1.1408304332194170e-01
Post-step:{0}> Finished time step: 8 time: 0.19635
Pre-step{0}> Done
scatter {0}> 1.1458e-16
3.40042e-08,316
2.2089323345553233e-01 9.3856266464738525e+00 1.1359559886082796e-01
Post-step:{0}> Finished time step: 9 time: 0.220893
Pre-step{0}> Done
scatter {0}> 1.1458e-16
3.10859e-08,317
2.4543692606170259e-01 9.2497580934074772e+00 1.1263416821755028e-01
Post-step:{0}> Finished time step: 10 time: 0.245437
Pre-step{0}> Done
scatter {0}> 2.29161e-16
3.15195e-08,317
2.6998061866787282e-01 9.1012865882978975e+00 1.1148918076029193e-01
Post-step:{0}> Finished time step: 11 time: 0.269981
Pre-step{0}> Done
scatter {0}> 5.72902e-16
3.19349e-08,317
2.9452431127404310e-01 8.9406940062229179e+00 1.1071334415425502e-01
Post-step:{0}> Finished time step: 12 time: 0.294524
Pre-step{0}> Done
scatter {0}> 4.58322e-16
3.23647e-08,317
3.1906800388021339e-01 8.7684980215750059e+00 1.0960858204880768e-01
Post-step:{0}> Finished time step: 13 time: 0.319068
Pre-step{0}> Done
scatter {0}> 8.02063e-16
3.274e-08,317
3.4361169648638368e-01 8.5852587289602980e+00 1.0830764510211159e-01
Post-step:{0}> Finished time step: 14 time: 0.343612
Pre-step{0}> Done
scatter {0}> 0
3.30299e-08,317
3.6815538909255396e-01 8.3915779009752907e+00 1.0834264152632155e-01
Post-step:{0}> Finished time step: 15 time: 0.368155
Pre-step{0}> Done
scatter {0}> 1.26039e-15
3.32933e-08,317
3.9269908169872425e-01 8.1880798777167936e+00 1.0620811238628886e-01
Post-step:{0}> Finished time step: 16 time: 0.392699
Pre-step{0}> Done
scatter {0}> 4.58322e-16
3.35372e-08,317
4.1724277430489454e-01 7.9754398154876665e+00 1.0670349048918612e-01
Post-step:{0}> Finished time step: 17 time: 0.417243
Pre-step{0}> Done
scatter {0}> 3.43741e-16
3.37199e-08,317
4.4178646691106482e-01 7.7543475732205467e+00 1.0461342474622343e-01
Post-step:{0}> Finished time step: 18 time: 0.441786
Pre-step{0}> Done
scatter {0}> 1.1458e-15
3.39013e-08,317
4.6633015951723511e-01 7.5254679285221089e+00 1.0373530144891938e-01
Post-step:{0}> Finished time step: 19 time: 0.46633
Pre-step{0}> Done
scatter {0}> 1.1458e-16
3.39404e-08,317
4.9087385212340540e-01 7.2895547767417472e+00 1.0092202430186457e-01
Post-step:{0}> Finished time step: 20 time: 0.490874
LandauDamping{0}> End.
Timings{0}> ---------------------------------------------
Timings{0}>      Timing results for 4 nodes:
Timings{0}> ---------------------------------------------
Timings{0}> total............... Wall tot =    364.711
Timings{0}> 
Timings{0}> findInternal........ Wall max =  7.528e-06
Timings{0}>                      Wall avg = 7.4485e-06
Timings{0}>                      Wall min =  7.297e-06
Timings{0}> 
Timings{0}> findPeriodic........ Wall max = 5.0677e-05
Timings{0}>                      Wall avg = 4.45177e-05
Timings{0}>                      Wall min = 4.1498e-05
Timings{0}> 
Timings{0}> loadBalance......... Wall max =  0.0484923
Timings{0}>                      Wall avg =  0.0478564
Timings{0}>                      Wall min =  0.0460195
Timings{0}> 
Timings{0}> basicOperations..... Wall max = 2.1499e-05
Timings{0}>                      Wall avg = 2.06675e-05
Timings{0}>                      Wall min =  1.954e-05
Timings{0}> 
Timings{0}> perpReduction....... Wall max = 0.00519346
Timings{0}>                      Wall avg = 0.00504011
Timings{0}>                      Wall min = 0.00488022
Timings{0}> 
Timings{0}> allReduce........... Wall max =  0.0213441
Timings{0}>                      Wall avg =  0.0201638
Timings{0}>                      Wall min =  0.0180856
Timings{0}> 
Timings{0}> scatterR............ Wall max =   2.91e-07
Timings{0}>                      Wall avg =  2.075e-07
Timings{0}>                      Wall min =   1.56e-07
Timings{0}> 
Timings{0}> updateLayout........ Wall max = 2.4013e-05
Timings{0}>                      Wall avg = 2.25815e-05
Timings{0}>                      Wall min = 2.0526e-05
Timings{0}> 
Timings{0}> updatePB............ Wall max =   2.98e-07
Timings{0}>                      Wall avg =  2.685e-07
Timings{0}>                      Wall min =   2.23e-07
Timings{0}> 
Timings{0}> particlesCreation... Wall max =    1.11232
Timings{0}>                      Wall avg =    1.11231
Timings{0}>                      Wall min =     1.1123
Timings{0}> 
Timings{0}> solveWarmup......... Wall max =   0.147903
Timings{0}>                      Wall avg =   0.147548
Timings{0}>                      Wall min =    0.14717
Timings{0}> 
Timings{0}> PCG iter............ Wall max =    345.887
Timings{0}>                      Wall avg =    345.886
Timings{0}>                      Wall min =    345.884
Timings{0}> 
Timings{0}> Preconditioner...... Wall max =    273.844
Timings{0}>                      Wall avg =    270.312
Timings{0}>                      Wall min =    268.636
Timings{0}> 
Timings{0}> scatter............. Wall max =    5.99349
Timings{0}>                      Wall avg =    5.98164
Timings{0}>                      Wall min =    5.96552
Timings{0}> 
Timings{0}> accumulateHalo...... Wall max =   0.250253
Timings{0}>                      Wall avg =   0.220088
Timings{0}>                      Wall min =   0.199777
Timings{0}> 
Timings{0}> solve............... Wall max =    348.587
Timings{0}>                      Wall avg =    348.586
Timings{0}>                      Wall min =    348.584
Timings{0}> 
Timings{0}> fillHalo............ Wall max =    0.87983
Timings{0}>                      Wall avg =   0.838496
Timings{0}>                      Wall min =   0.800351
Timings{0}> 
Timings{0}> gather.............. Wall max =    3.42535
Timings{0}>                      Wall avg =    3.39548
Timings{0}>                      Wall min =    3.33026
Timings{0}> 
Timings{0}> dumpData............ Wall max =   0.209136
Timings{0}>                      Wall avg =   0.180465
Timings{0}>                      Wall min =   0.147425
Timings{0}> 
Timings{0}> pushVelocity........ Wall max =   0.523474
Timings{0}>                      Wall avg =   0.515371
Timings{0}>                      Wall min =   0.505176
Timings{0}> 
Timings{0}> pushPosition........ Wall max =   0.261572
Timings{0}>                      Wall avg =   0.258482
Timings{0}>                      Wall min =   0.254167
Timings{0}> 
Timings{0}> update.............. Wall max =    3.24812
Timings{0}>                      Wall avg =    3.23957
Timings{0}>                      Wall min =    3.23168
Timings{0}> 
Timings{0}> particleBC.......... Wall max =   0.516381
Timings{0}>                      Wall avg =   0.509095
Timings{0}>                      Wall min =   0.504773
Timings{0}> 
Timings{0}> updateParticle...... Wall max =    2.55597
Timings{0}>                      Wall avg =    2.37208
Timings{0}>                      Wall min =    2.14175
Timings{0}> 
Timings{0}> locateParticles..... Wall max =    1.19907
Timings{0}>                      Wall avg =    1.14319
Timings{0}>                      Wall min =    1.08905
Timings{0}> 
Timings{0}> sendPreprocess...... Wall max =   0.243261
Timings{0}>                      Wall avg =   0.186389
Timings{0}>                      Wall min =   0.133337
Timings{0}> 
Timings{0}> particleSend........ Wall max =   0.606461
Timings{0}>                      Wall avg =   0.507538
Timings{0}>                      Wall min =    0.37964
Timings{0}> 
Timings{0}> particleDestroy..... Wall max =  0.0603275
Timings{0}>                      Wall avg =  0.0595974
Timings{0}>                      Wall min =  0.0587987
Timings{0}> 
Timings{0}> particleRecv........ Wall max =   0.618919
Timings{0}>                      Wall avg =   0.475287
Timings{0}>                      Wall min =    0.37945
Timings{0}> 
Timings{0}> ---------------------------------------------
