Warning: Option '256' is not parsed by Ippl.
Warning: Option '256' is not parsed by Ippl.
Warning: Option '256' is not parsed by Ippl.
Warning: Option '134217728' is not parsed by Ippl.
Warning: Option '20' is not parsed by Ippl.
Warning: Option 'PCG' is not parsed by Ippl.
Warning: Option '0.01' is not parsed by Ippl.
Warning: Option 'LeapFrog' is not parsed by Ippl.
Warning: Option 'gauss-seidel' is not parsed by Ippl.
Warning: Option '2' is not parsed by Ippl.
Warning: Option '2' is not parsed by Ippl.
Warning: Option '0' is not parsed by Ippl.
Pre Run{0}> Discretization:
Pre Run{0}> nt 20 Np= 134217728 grid = ( 256 , 256 , 256 )
Initialize Particles{0}> Starting first repartition
Initialize Particles{0}> particles created and initial conditions assigned 
residue,iterations
scatter {0}> 3.43741e-16
5.35012e-08,362
time, Ex_field_energy, Ex_max_norm
0.0000000000000000e+00 9.9416144935947521e+00 1.1647182971079194e-01
LandauDamping{0}> Starting iterations ...
Pre-step{0}> Done
scatter {0}> 3.43741e-16
3.36362e-08,313
2.4543692606170259e-02 9.9345490276355619e+00 1.1609967083450295e-01
Post-step:{0}> Finished time step: 1 time: 0.0245437
Pre-step{0}> Done
scatter {0}> 2.29161e-16
3.18744e-08,314
4.9087385212340517e-02 9.9125542588257698e+00 1.1753222790950742e-01
Post-step:{0}> Finished time step: 2 time: 0.0490874
Pre-step{0}> Done
scatter {0}> 3.43741e-16
3.2433e-08,314
7.3631077818510776e-02 9.8757148900767149e+00 1.1713180956490883e-01
Post-step:{0}> Finished time step: 3 time: 0.0736311
Pre-step{0}> Done
scatter {0}> 5.72902e-16
3.30898e-08,314
9.8174770424681035e-02 9.8241071542320313e+00 1.1479246206120601e-01
Post-step:{0}> Finished time step: 4 time: 0.0981748
Pre-step{0}> Done
scatter {0}> 3.43741e-16
3.38278e-08,314
1.2271846303085129e-01 9.7579243637400843e+00 1.1574750718818874e-01
Post-step:{0}> Finished time step: 5 time: 0.122718
Pre-step{0}> Done
scatter {0}> 1.1458e-16
3.4454e-08,314
1.4726215563702155e-01 9.6773821147684504e+00 1.1512664065544596e-01
Post-step:{0}> Finished time step: 6 time: 0.147262
Pre-step{0}> Done
scatter {0}> 2.29161e-16
3.28754e-08,315
1.7180584824319181e-01 9.5827559708583454e+00 1.1597849511072718e-01
Post-step:{0}> Finished time step: 7 time: 0.171806
Pre-step{0}> Done
scatter {0}> 2.29161e-16
3.32159e-08,315
1.9634954084936207e-01 9.4743581977610223e+00 1.1417575536532532e-01
Post-step:{0}> Finished time step: 8 time: 0.19635
Pre-step{0}> Done
scatter {0}> 0
3.35604e-08,315
2.2089323345553233e-01 9.3525418447191360e+00 1.1210853189747583e-01
Post-step:{0}> Finished time step: 9 time: 0.220893
Pre-step{0}> Done
scatter {0}> 1.1458e-16
3.38257e-08,315
2.4543692606170259e-01 9.2177184717773741e+00 1.1197892758822610e-01
Post-step:{0}> Finished time step: 10 time: 0.245437
Pre-step{0}> Done
scatter {0}> 4.58322e-16
3.40796e-08,315
2.6998061866787282e-01 9.0703374208371521e+00 1.1133399159173604e-01
Post-step:{0}> Finished time step: 11 time: 0.269981
Pre-step{0}> Done
scatter {0}> 5.72902e-16
3.42578e-08,315
2.9452431127404310e-01 8.9108517994299419e+00 1.1059308528131000e-01
Post-step:{0}> Finished time step: 12 time: 0.294524
Pre-step{0}> Done
scatter {0}> 5.72902e-16
3.44213e-08,315
3.1906800388021339e-01 8.7398032279839288e+00 1.1016692885567396e-01
Post-step:{0}> Finished time step: 13 time: 0.319068
Pre-step{0}> Done
scatter {0}> 3.43741e-16
3.34221e-08,316
3.4361169648638368e-01 8.5577636511411583e+00 1.0865347311364973e-01
Post-step:{0}> Finished time step: 14 time: 0.343612
Pre-step{0}> Done
scatter {0}> 5.72902e-16
3.34938e-08,316
3.6815538909255396e-01 8.3653412348244078e+00 1.0686553945883960e-01
Post-step:{0}> Finished time step: 15 time: 0.368155
Pre-step{0}> Done
scatter {0}> 3.43741e-16
3.3596e-08,316
3.9269908169872425e-01 8.1631075980497929e+00 1.0665387350204325e-01
Post-step:{0}> Finished time step: 16 time: 0.392699
Pre-step{0}> Done
scatter {0}> 1.1458e-16
3.3643e-08,316
4.1724277430489454e-01 7.9517353295319291e+00 1.0401401319142685e-01
Post-step:{0}> Finished time step: 17 time: 0.417243
Pre-step{0}> Done
scatter {0}> 4.58322e-16
3.37233e-08,316
4.4178646691106482e-01 7.7319155299491102e+00 1.0368707623133150e-01
Post-step:{0}> Finished time step: 18 time: 0.441786
Pre-step{0}> Done
scatter {0}> 2.29161e-16
3.37508e-08,316
4.6633015951723511e-01 7.5043257482097596e+00 1.0141278350003183e-01
Post-step:{0}> Finished time step: 19 time: 0.46633
Pre-step{0}> Done
scatter {0}> 3.43741e-16
3.3811e-08,316
4.9087385212340540e-01 7.2697046813068935e+00 9.9925681997823271e-02
Post-step:{0}> Finished time step: 20 time: 0.490874
LandauDamping{0}> End.
Timings{0}> ---------------------------------------------
Timings{0}>      Timing results for 8 nodes:
Timings{0}> ---------------------------------------------
Timings{0}> total............... Wall tot =     173.71
Timings{0}> 
Timings{0}> findInternal........ Wall max = 1.4658e-05
Timings{0}>                      Wall avg = 1.1615e-05
Timings{0}>                      Wall min =  9.572e-06
Timings{0}> 
Timings{0}> findPeriodic........ Wall max = 6.0404e-05
Timings{0}>                      Wall avg = 5.17737e-05
Timings{0}>                      Wall min = 4.5925e-05
Timings{0}> 
Timings{0}> loadBalance......... Wall max =  0.0534295
Timings{0}>                      Wall avg =  0.0510743
Timings{0}>                      Wall min =  0.0487328
Timings{0}> 
Timings{0}> basicOperations..... Wall max = 0.00519947
Timings{0}>                      Wall avg = 0.00428099
Timings{0}>                      Wall min = 0.00308231
Timings{0}> 
Timings{0}> perpReduction....... Wall max =  0.0131015
Timings{0}>                      Wall avg = 0.00934727
Timings{0}>                      Wall min = 0.00713185
Timings{0}> 
Timings{0}> allReduce........... Wall max =  0.0162009
Timings{0}>                      Wall avg =  0.0112872
Timings{0}>                      Wall min = 0.00553752
Timings{0}> 
Timings{0}> scatterR............ Wall max =   2.86e-07
Timings{0}>                      Wall avg =   2.27e-07
Timings{0}>                      Wall min =   1.56e-07
Timings{0}> 
Timings{0}> updateLayout........ Wall max =  0.0178675
Timings{0}>                      Wall avg =  0.0166685
Timings{0}>                      Wall min =  0.0157491
Timings{0}> 
Timings{0}> updatePB............ Wall max =   6.98e-07
Timings{0}>                      Wall avg = 3.26125e-07
Timings{0}>                      Wall min =   1.99e-07
Timings{0}> 
Timings{0}> particlesCreation... Wall max =    0.57366
Timings{0}>                      Wall avg =   0.573621
Timings{0}>                      Wall min =   0.573532
Timings{0}> 
Timings{0}> solveWarmup......... Wall max =   0.115744
Timings{0}>                      Wall avg =   0.115272
Timings{0}>                      Wall min =   0.114888
Timings{0}> 
Timings{0}> PCG iter............ Wall max =    163.495
Timings{0}>                      Wall avg =    163.491
Timings{0}>                      Wall min =     163.49
Timings{0}> 
Timings{0}> Preconditioner...... Wall max =    115.723
Timings{0}>                      Wall avg =    110.698
Timings{0}>                      Wall min =    106.954
Timings{0}> 
Timings{0}> scatter............. Wall max =    3.24196
Timings{0}>                      Wall avg =    3.14376
Timings{0}>                      Wall min =    3.04732
Timings{0}> 
Timings{0}> accumulateHalo...... Wall max =   0.243875
Timings{0}>                      Wall avg =   0.151408
Timings{0}>                      Wall min =  0.0634264
Timings{0}> 
Timings{0}> solve............... Wall max =    164.882
Timings{0}>                      Wall avg =    164.882
Timings{0}>                      Wall min =    164.881
Timings{0}> 
Timings{0}> fillHalo............ Wall max =   0.247364
Timings{0}>                      Wall avg =   0.225553
Timings{0}>                      Wall min =   0.200825
Timings{0}> 
Timings{0}> gather.............. Wall max =     1.5209
Timings{0}>                      Wall avg =     1.3905
Timings{0}>                      Wall min =    1.29809
Timings{0}> 
Timings{0}> dumpData............ Wall max =    0.27718
Timings{0}>                      Wall avg =   0.164556
Timings{0}>                      Wall min =  0.0357545
Timings{0}> 
Timings{0}> pushVelocity........ Wall max =   0.293031
Timings{0}>                      Wall avg =    0.27052
Timings{0}>                      Wall min =   0.253938
Timings{0}> 
Timings{0}> pushPosition........ Wall max =   0.145192
Timings{0}>                      Wall avg =   0.135255
Timings{0}>                      Wall min =   0.128735
Timings{0}> 
Timings{0}> update.............. Wall max =    2.49121
Timings{0}>                      Wall avg =    2.47785
Timings{0}>                      Wall min =    2.45593
Timings{0}> 
Timings{0}> particleBC.......... Wall max =   0.265392
Timings{0}>                      Wall avg =   0.248416
Timings{0}>                      Wall min =   0.242547
Timings{0}> 
Timings{0}> updateParticle...... Wall max =    2.09365
Timings{0}>                      Wall avg =    1.86899
Timings{0}>                      Wall min =    1.70797
Timings{0}> 
Timings{0}> locateParticles..... Wall max =   0.644976
Timings{0}>                      Wall avg =   0.590733
Timings{0}>                      Wall min =   0.511702
Timings{0}> 
Timings{0}> sendPreprocess...... Wall max =   0.286558
Timings{0}>                      Wall avg =   0.192073
Timings{0}>                      Wall min =   0.111424
Timings{0}> 
Timings{0}> particleSend........ Wall max =   0.766034
Timings{0}>                      Wall avg =   0.584345
Timings{0}>                      Wall min =    0.35664
Timings{0}> 
Timings{0}> particleDestroy..... Wall max =  0.0356528
Timings{0}>                      Wall avg =  0.0334208
Timings{0}>                      Wall min =  0.0311778
Timings{0}> 
Timings{0}> particleRecv........ Wall max =   0.848388
Timings{0}>                      Wall avg =   0.468343
Timings{0}>                      Wall min =   0.183601
Timings{0}> 
Timings{0}> ---------------------------------------------
