Warning: Option '256' is not parsed by Ippl.
Warning: Option '256' is not parsed by Ippl.
Warning: Option '256' is not parsed by Ippl.
Warning: Option '134217728' is not parsed by Ippl.
Warning: Option '20' is not parsed by Ippl.
Warning: Option 'PCG' is not parsed by Ippl.
Warning: Option '0.01' is not parsed by Ippl.
Warning: Option 'LeapFrog' is not parsed by Ippl.
Warning: Option 'ssor' is not parsed by Ippl.
Warning: Option '4' is not parsed by Ippl.
Warning: Option '2' is not parsed by Ippl.
Warning: Option '1.57079632679' is not parsed by Ippl.
Pre Run{0}> Discretization:
Pre Run{0}> nt 20 Np= 134217728 grid = ( 256 , 256 , 256 )
Initialize Particles{0}> Starting first repartition
Initialize Particles{0}> particles created and initial conditions assigned 
residue,iterations
scatter {0}> 1.26039e-15
1.82088e-06,235
time, Ex_field_energy, Ex_max_norm
0.0000000000000000e+00 9.9818016852383344e+00 1.1783518942071948e-01
LandauDamping{0}> Starting iterations ...
Pre-step{0}> Done
scatter {0}> 0
2.90345e-07,196
2.4543692606170259e-02 9.9741928638394466e+00 1.1794193373087042e-01
Post-step:{0}> Finished time step: 1 time: 0.0245437
Pre-step{0}> Done
scatter {0}> 3.43741e-16
2.77685e-07,197
4.9087385212340517e-02 9.9515804076734007e+00 1.1727305660350511e-01
Post-step:{0}> Finished time step: 2 time: 0.0490874
Pre-step{0}> Done
scatter {0}> 3.43741e-16
2.82526e-07,197
7.3631077818510776e-02 9.9140505624095567e+00 1.1701308899533862e-01
Post-step:{0}> Finished time step: 3 time: 0.0736311
Pre-step{0}> Done
scatter {0}> 5.72902e-16
2.89589e-07,197
9.8174770424681035e-02 9.8617352949204822e+00 1.1731442706584787e-01
Post-step:{0}> Finished time step: 4 time: 0.0981748
Pre-step{0}> Done
scatter {0}> 1.03122e-15
2.75869e-07,198
1.2271846303085129e-01 9.7947760503697001e+00 1.1790243524841698e-01
Post-step:{0}> Finished time step: 5 time: 0.122718
Pre-step{0}> Done
scatter {0}> 0
2.79872e-07,198
1.4726215563702155e-01 9.7133885278645842e+00 1.1479786432497034e-01
Post-step:{0}> Finished time step: 6 time: 0.147262
Pre-step{0}> Done
scatter {0}> 3.43741e-16
2.88403e-07,198
1.7180584824319181e-01 9.6178355277375474e+00 1.1413495452725773e-01
Post-step:{0}> Finished time step: 7 time: 0.171806
Pre-step{0}> Done
scatter {0}> 1.1458e-15
2.79912e-07,199
1.9634954084936207e-01 9.5084494986281101e+00 1.1408304326876113e-01
Post-step:{0}> Finished time step: 8 time: 0.19635
Pre-step{0}> Done
scatter {0}> 5.72902e-16
2.89144e-07,199
2.2089323345553233e-01 9.3856266466172116e+00 1.1359559880392175e-01
Post-step:{0}> Finished time step: 9 time: 0.220893
Pre-step{0}> Done
scatter {0}> 5.72902e-16
2.79891e-07,200
2.4543692606170259e-01 9.2497580935277579e+00 1.1263416819294721e-01
Post-step:{0}> Finished time step: 10 time: 0.245437
Pre-step{0}> Done
scatter {0}> 5.72902e-16
2.88018e-07,200
2.6998061866787282e-01 9.1012865884202370e+00 1.1148918078891240e-01
Post-step:{0}> Finished time step: 11 time: 0.269981
Pre-step{0}> Done
scatter {0}> 1.1458e-16
2.81521e-07,201
2.9452431127404310e-01 8.9406940063200437e+00 1.1071334409083390e-01
Post-step:{0}> Finished time step: 12 time: 0.294524
Pre-step{0}> Done
scatter {0}> 2.29161e-16
2.88205e-07,201
3.1906800388021339e-01 8.7684980216700232e+00 1.0960858205912793e-01
Post-step:{0}> Finished time step: 13 time: 0.319068
Pre-step{0}> Done
scatter {0}> 5.72902e-16
2.79149e-07,202
3.4361169648638368e-01 8.5852587290300111e+00 1.0830764512679185e-01
Post-step:{0}> Finished time step: 14 time: 0.343612
Pre-step{0}> Done
scatter {0}> 6.87483e-16
2.87094e-07,202
3.6815538909255396e-01 8.3915779010439291e+00 1.0834264147728219e-01
Post-step:{0}> Finished time step: 15 time: 0.368155
Pre-step{0}> Done
scatter {0}> 2.29161e-16
2.73418e-07,203
3.9269908169872425e-01 8.1880798777638599e+00 1.0620811232665275e-01
Post-step:{0}> Finished time step: 16 time: 0.392699
Pre-step{0}> Done
scatter {0}> 3.43741e-16
2.80267e-07,203
4.1724277430489454e-01 7.9754398155336910e+00 1.0670349043135487e-01
Post-step:{0}> Finished time step: 17 time: 0.417243
Pre-step{0}> Done
scatter {0}> 5.72902e-16
2.86321e-07,203
4.4178646691106482e-01 7.7543475732664344e+00 1.0461342468993298e-01
Post-step:{0}> Finished time step: 18 time: 0.441786
Pre-step{0}> Done
scatter {0}> 3.43741e-16
2.6925e-07,204
4.6633015951723511e-01 7.5254679285497525e+00 1.0373530138026464e-01
Post-step:{0}> Finished time step: 19 time: 0.46633
Pre-step{0}> Done
scatter {0}> 1.03122e-15
2.76714e-07,204
4.9087385212340540e-01 7.2895547767687239e+00 1.0092202431669614e-01
Post-step:{0}> Finished time step: 20 time: 0.490874
LandauDamping{0}> End.
Timings{0}> ---------------------------------------------
Timings{0}>      Timing results for 4 nodes:
Timings{0}> ---------------------------------------------
Timings{0}> total............... Wall tot =    331.926
Timings{0}> 
Timings{0}> findInternal........ Wall max =  8.236e-06
Timings{0}>                      Wall avg = 7.74275e-06
Timings{0}>                      Wall min =  7.482e-06
Timings{0}> 
Timings{0}> findPeriodic........ Wall max = 4.3866e-05
Timings{0}>                      Wall avg = 4.29813e-05
Timings{0}>                      Wall min = 4.1883e-05
Timings{0}> 
Timings{0}> loadBalance......... Wall max =  0.0446532
Timings{0}>                      Wall avg =  0.0445604
Timings{0}>                      Wall min =  0.0445061
Timings{0}> 
Timings{0}> basicOperations..... Wall max = 2.1345e-05
Timings{0}>                      Wall avg =  2.049e-05
Timings{0}>                      Wall min = 1.9665e-05
Timings{0}> 
Timings{0}> perpReduction....... Wall max = 0.00522078
Timings{0}>                      Wall avg = 0.00499509
Timings{0}>                      Wall min = 0.00474368
Timings{0}> 
Timings{0}> allReduce........... Wall max =   0.020957
Timings{0}>                      Wall avg =  0.0207151
Timings{0}>                      Wall min =   0.020293
Timings{0}> 
Timings{0}> scatterR............ Wall max =   3.21e-07
Timings{0}>                      Wall avg =  2.165e-07
Timings{0}>                      Wall min =   1.37e-07
Timings{0}> 
Timings{0}> updateLayout........ Wall max = 2.4474e-05
Timings{0}>                      Wall avg = 2.1862e-05
Timings{0}>                      Wall min = 1.9391e-05
Timings{0}> 
Timings{0}> updatePB............ Wall max =   3.11e-07
Timings{0}>                      Wall avg = 2.2275e-07
Timings{0}>                      Wall min =   1.39e-07
Timings{0}> 
Timings{0}> particlesCreation... Wall max =    1.11012
Timings{0}>                      Wall avg =    1.11011
Timings{0}>                      Wall min =    1.11011
Timings{0}> 
Timings{0}> solveWarmup......... Wall max =   0.169498
Timings{0}>                      Wall avg =   0.169129
Timings{0}>                      Wall min =   0.168863
Timings{0}> 
Timings{0}> SSOR Init........... Wall max =    45.3732
Timings{0}>                      Wall avg =    45.1803
Timings{0}>                      Wall min =    44.9993
Timings{0}> 
Timings{0}> SSOR loop........... Wall max =    218.403
Timings{0}>                      Wall avg =    213.785
Timings{0}>                      Wall min =    211.687
Timings{0}> 
Timings{0}> PCG iter............ Wall max =    312.844
Timings{0}>                      Wall avg =    312.843
Timings{0}>                      Wall min =    312.842
Timings{0}> 
Timings{0}> Preconditioner...... Wall max =    263.322
Timings{0}>                      Wall avg =    258.909
Timings{0}>                      Wall min =    256.885
Timings{0}> 
Timings{0}> scatter............. Wall max =    5.99953
Timings{0}>                      Wall avg =    5.99643
Timings{0}>                      Wall min =    5.99126
Timings{0}> 
Timings{0}> accumulateHalo...... Wall max =   0.220317
Timings{0}>                      Wall avg =   0.214624
Timings{0}>                      Wall min =   0.207484
Timings{0}> 
Timings{0}> solve............... Wall max =    315.916
Timings{0}>                      Wall avg =    315.916
Timings{0}>                      Wall min =    315.915
Timings{0}> 
Timings{0}> fillHalo............ Wall max =   0.820149
Timings{0}>                      Wall avg =   0.796901
Timings{0}>                      Wall min =     0.7602
Timings{0}> 
Timings{0}> gather.............. Wall max =     3.4339
Timings{0}>                      Wall avg =    3.39464
Timings{0}>                      Wall min =    3.30836
Timings{0}> 
Timings{0}> dumpData............ Wall max =   0.219987
Timings{0}>                      Wall avg =   0.136396
Timings{0}>                      Wall min =  0.0829715
Timings{0}> 
Timings{0}> pushVelocity........ Wall max =   0.519657
Timings{0}>                      Wall avg =   0.515291
Timings{0}>                      Wall min =   0.506452
Timings{0}> 
Timings{0}> pushPosition........ Wall max =   0.260605
Timings{0}>                      Wall avg =   0.259961
Timings{0}>                      Wall min =    0.25865
Timings{0}> 
Timings{0}> update.............. Wall max =    3.20968
Timings{0}>                      Wall avg =    3.20695
Timings{0}>                      Wall min =    3.20443
Timings{0}> 
Timings{0}> particleBC.......... Wall max =   0.536692
Timings{0}>                      Wall avg =   0.513756
Timings{0}>                      Wall min =   0.504636
Timings{0}> 
Timings{0}> updateParticle...... Wall max =    2.62482
Timings{0}>                      Wall avg =    2.43373
Timings{0}>                      Wall min =    2.21501
Timings{0}> 
Timings{0}> locateParticles..... Wall max =    1.19867
Timings{0}>                      Wall avg =    1.14991
Timings{0}>                      Wall min =    1.10967
Timings{0}> 
Timings{0}> sendPreprocess...... Wall max =   0.209896
Timings{0}>                      Wall avg =   0.188496
Timings{0}>                      Wall min =   0.148982
Timings{0}> 
Timings{0}> particleSend........ Wall max =   0.769842
Timings{0}>                      Wall avg =   0.568144
Timings{0}>                      Wall min =   0.439973
Timings{0}> 
Timings{0}> particleDestroy..... Wall max =  0.0618935
Timings{0}>                      Wall avg =  0.0604351
Timings{0}>                      Wall min =  0.0587933
Timings{0}> 
Timings{0}> particleRecv........ Wall max =   0.776918
Timings{0}>                      Wall avg =   0.466673
Timings{0}>                      Wall min =   0.226644
Timings{0}> 
Timings{0}> ---------------------------------------------
