Warning: Option '256' is not parsed by Ippl.
Warning: Option '256' is not parsed by Ippl.
Warning: Option '256' is not parsed by Ippl.
Warning: Option '134217728' is not parsed by Ippl.
Warning: Option '20' is not parsed by Ippl.
Warning: Option 'PCG' is not parsed by Ippl.
Warning: Option '0.01' is not parsed by Ippl.
Warning: Option 'LeapFrog' is not parsed by Ippl.
Warning: Option 'richardson' is not parsed by Ippl.
Warning: Option '4' is not parsed by Ippl.
Warning: Option '0' is not parsed by Ippl.
Pre Run{0}> Discretization:
Pre Run{0}> nt 20 Np= 134217728 grid = ( 256 , 256 , 256 )
Initialize Particles{0}> Starting first repartition
Initialize Particles{0}> particles created and initial conditions assigned 
residue,iterations
scatter {0}> 3.43741e-16
4.76339e-08,457
time, Ex_field_energy, Ex_max_norm
0.0000000000000000e+00 9.9806220569542017e+00 1.1861152471266768e-01
LandauDamping{0}> Starting iterations ...
Pre-step{0}> Done
scatter {0}> 2.17703e-15
3.25013e-08,370
2.4543692606170259e-02 9.9736101932379864e+00 1.1773458779320140e-01
Post-step:{0}> Finished time step: 1 time: 0.0245437
Pre-step{0}> Done
scatter {0}> 1.03122e-15
3.32193e-08,387
4.9087385212340517e-02 9.9515900155186792e+00 1.1913171958325948e-01
Post-step:{0}> Finished time step: 2 time: 0.0490874
Pre-step{0}> Done
scatter {0}> 4.58322e-16
3.29449e-08,370
7.3631077818510776e-02 9.9146520547246482e+00 1.1871856035703614e-01
Post-step:{0}> Finished time step: 3 time: 0.0736311
Pre-step{0}> Done
scatter {0}> 3.43741e-16
3.30371e-08,386
9.8174770424681035e-02 9.8628963388845943e+00 1.1722454023653715e-01
Post-step:{0}> Finished time step: 4 time: 0.0981748
Pre-step{0}> Done
scatter {0}> 4.58322e-16
3.26201e-08,374
1.2271846303085129e-01 9.7965071139020914e+00 1.1789450129345767e-01
Post-step:{0}> Finished time step: 5 time: 0.122718
Pre-step{0}> Done
scatter {0}> 2.74993e-15
3.31121e-08,398
1.4726215563702155e-01 9.7157165361296656e+00 1.1673618852391039e-01
Post-step:{0}> Finished time step: 6 time: 0.147262
Pre-step{0}> Done
scatter {0}> 1.1458e-15
3.24324e-08,396
1.7180584824319181e-01 9.6207802646232281e+00 1.1664997773113556e-01
Post-step:{0}> Finished time step: 7 time: 0.171806
Pre-step{0}> Done
scatter {0}> 1.1458e-16
3.29151e-08,397
1.9634954084936207e-01 9.5120010982216758e+00 1.1525637447748677e-01
Post-step:{0}> Finished time step: 8 time: 0.19635
Pre-step{0}> Done
scatter {0}> 5.72902e-16
3.27383e-08,381
2.2089323345553233e-01 9.3897551994814670e+00 1.1517199950084807e-01
Post-step:{0}> Finished time step: 9 time: 0.220893
Pre-step{0}> Done
scatter {0}> 1.37497e-15
3.21691e-08,398
2.4543692606170259e-01 9.2544501246171382e+00 1.1648447459036816e-01
Post-step:{0}> Finished time step: 10 time: 0.245437
Pre-step{0}> Done
scatter {0}> 1.1458e-15
3.26428e-08,376
2.6998061866787282e-01 9.1065340992348709e+00 1.1405860402653883e-01
Post-step:{0}> Finished time step: 11 time: 0.269981
Pre-step{0}> Done
scatter {0}> 6.87483e-16
3.1423e-08,374
2.9452431127404310e-01 8.9464771545837856e+00 1.1354259779101566e-01
Post-step:{0}> Finished time step: 12 time: 0.294524
Pre-step{0}> Done
scatter {0}> 1.03122e-15
3.26928e-08,397
3.1906800388021339e-01 8.7748027917749933e+00 1.1317988667243271e-01
Post-step:{0}> Finished time step: 13 time: 0.319068
Pre-step{0}> Done
scatter {0}> 1.26039e-15
3.20931e-08,400
3.4361169648638368e-01 8.5920828506046441e+00 1.1077259474338029e-01
Post-step:{0}> Finished time step: 14 time: 0.343612
Pre-step{0}> Done
scatter {0}> 1.1458e-15
3.21929e-08,399
3.6815538909255396e-01 8.3988942674232643e+00 1.0810490144066076e-01
Post-step:{0}> Finished time step: 15 time: 0.368155
Pre-step{0}> Done
scatter {0}> 3.43741e-16
3.30555e-08,391
3.9269908169872425e-01 8.1958788888859626e+00 1.0782495576922724e-01
Post-step:{0}> Finished time step: 16 time: 0.392699
Pre-step{0}> Done
scatter {0}> 1.1458e-16
3.19037e-08,400
4.1724277430489454e-01 7.9836893790631116e+00 1.0661377622348760e-01
Post-step:{0}> Finished time step: 17 time: 0.417243
Pre-step{0}> Done
scatter {0}> 8.02063e-16
3.29375e-08,380
4.4178646691106482e-01 7.7630133511851582e+00 1.0492097901315829e-01
Post-step:{0}> Finished time step: 18 time: 0.441786
Pre-step{0}> Done
scatter {0}> 0
3.32426e-08,396
4.6633015951723511e-01 7.5345679654974624e+00 1.0292570572303163e-01
Post-step:{0}> Finished time step: 19 time: 0.46633
Pre-step{0}> Done
scatter {0}> 1.94787e-15
3.3263e-08,398
4.9087385212340540e-01 7.2990736041317064e+00 1.0121429576790134e-01
Post-step:{0}> Finished time step: 20 time: 0.490874
LandauDamping{0}> End.
Timings{0}> ---------------------------------------------
Timings{0}>      Timing results for 2 nodes:
Timings{0}> ---------------------------------------------
Timings{0}> total............... Wall tot =    596.391
Timings{0}> 
Timings{0}> findInternal........ Wall max =  7.698e-06
Timings{0}>                      Wall avg = 7.6965e-06
Timings{0}>                      Wall min =  7.695e-06
Timings{0}> 
Timings{0}> findPeriodic........ Wall max = 4.6923e-05
Timings{0}>                      Wall avg = 4.44265e-05
Timings{0}>                      Wall min =  4.193e-05
Timings{0}> 
Timings{0}> loadBalance......... Wall max =   0.128565
Timings{0}>                      Wall avg =   0.124533
Timings{0}>                      Wall min =   0.120502
Timings{0}> 
Timings{0}> basicOperations..... Wall max =  0.0211868
Timings{0}>                      Wall avg =  0.0211739
Timings{0}>                      Wall min =  0.0211609
Timings{0}> 
Timings{0}> perpReduction....... Wall max = 0.00359315
Timings{0}>                      Wall avg = 0.00355394
Timings{0}>                      Wall min = 0.00351474
Timings{0}> 
Timings{0}> allReduce........... Wall max = 0.00913236
Timings{0}>                      Wall avg = 0.00461167
Timings{0}>                      Wall min = 9.0985e-05
Timings{0}> 
Timings{0}> scatterR............ Wall max =   3.36e-07
Timings{0}>                      Wall avg =  3.085e-07
Timings{0}>                      Wall min =   2.81e-07
Timings{0}> 
Timings{0}> updateLayout........ Wall max =   0.058556
Timings{0}>                      Wall avg =  0.0585463
Timings{0}>                      Wall min =  0.0585366
Timings{0}> 
Timings{0}> updatePB............ Wall max =   3.27e-07
Timings{0}>                      Wall avg =  3.225e-07
Timings{0}>                      Wall min =   3.18e-07
Timings{0}> 
Timings{0}> particlesCreation... Wall max =    2.37638
Timings{0}>                      Wall avg =    2.37637
Timings{0}>                      Wall min =    2.37635
Timings{0}> 
Timings{0}> solveWarmup......... Wall max =   0.191243
Timings{0}>                      Wall avg =   0.190932
Timings{0}>                      Wall min =   0.190621
Timings{0}> 
Timings{0}> PCG iter............ Wall max =    561.324
Timings{0}>                      Wall avg =    561.324
Timings{0}>                      Wall min =    561.323
Timings{0}> 
Timings{0}> Preconditioner...... Wall max =    408.612
Timings{0}>                      Wall avg =    404.398
Timings{0}>                      Wall min =    400.184
Timings{0}> 
Timings{0}> scatter............. Wall max =    12.6846
Timings{0}>                      Wall avg =    12.6014
Timings{0}>                      Wall min =    12.5182
Timings{0}> 
Timings{0}> accumulateHalo...... Wall max =   0.548856
Timings{0}>                      Wall avg =   0.483547
Timings{0}>                      Wall min =   0.418238
Timings{0}> 
Timings{0}> solve............... Wall max =    565.428
Timings{0}>                      Wall avg =    565.428
Timings{0}>                      Wall min =    565.428
Timings{0}> 
Timings{0}> fillHalo............ Wall max =   0.882117
Timings{0}>                      Wall avg =   0.875073
Timings{0}>                      Wall min =   0.868029
Timings{0}> 
Timings{0}> gather.............. Wall max =    7.88733
Timings{0}>                      Wall avg =    7.81906
Timings{0}>                      Wall min =    7.75078
Timings{0}> 
Timings{0}> dumpData............ Wall max =   0.172488
Timings{0}>                      Wall avg =   0.105661
Timings{0}>                      Wall min =  0.0388341
Timings{0}> 
Timings{0}> pushVelocity........ Wall max =    1.13491
Timings{0}>                      Wall avg =    1.12415
Timings{0}>                      Wall min =    1.11339
Timings{0}> 
Timings{0}> pushPosition........ Wall max =   0.556082
Timings{0}>                      Wall avg =   0.551165
Timings{0}>                      Wall min =   0.546249
Timings{0}> 
Timings{0}> update.............. Wall max =    4.43104
Timings{0}>                      Wall avg =    4.42161
Timings{0}>                      Wall min =    4.41219
Timings{0}> 
Timings{0}> particleBC.......... Wall max =    1.04327
Timings{0}>                      Wall avg =    1.03819
Timings{0}>                      Wall min =    1.03311
Timings{0}> 
Timings{0}> updateParticle...... Wall max =     3.3642
Timings{0}>                      Wall avg =    3.24133
Timings{0}>                      Wall min =    3.11846
Timings{0}> 
Timings{0}> locateParticles..... Wall max =    2.40487
Timings{0}>                      Wall avg =    2.36955
Timings{0}>                      Wall min =    2.33424
Timings{0}> 
Timings{0}> sendPreprocess...... Wall max =   0.210898
Timings{0}>                      Wall avg =   0.160102
Timings{0}>                      Wall min =   0.109307
Timings{0}> 
Timings{0}> particleSend........ Wall max =    0.44107
Timings{0}>                      Wall avg =   0.369473
Timings{0}>                      Wall min =   0.297876
Timings{0}> 
Timings{0}> particleDestroy..... Wall max =  0.0974421
Timings{0}>                      Wall avg =  0.0971008
Timings{0}>                      Wall min =  0.0967595
Timings{0}> 
Timings{0}> particleRecv........ Wall max =   0.281151
Timings{0}>                      Wall avg =   0.245017
Timings{0}>                      Wall min =   0.208883
Timings{0}> 
Timings{0}> ---------------------------------------------
