Warning: Option '256' is not parsed by Ippl.
Warning: Option '256' is not parsed by Ippl.
Warning: Option '256' is not parsed by Ippl.
Warning: Option '134217728' is not parsed by Ippl.
Warning: Option '20' is not parsed by Ippl.
Warning: Option 'PCG' is not parsed by Ippl.
Warning: Option '0.01' is not parsed by Ippl.
Warning: Option 'LeapFrog' is not parsed by Ippl.
Warning: Option 'ssor' is not parsed by Ippl.
Warning: Option '4' is not parsed by Ippl.
Warning: Option '2' is not parsed by Ippl.
Warning: Option '1.57079632679' is not parsed by Ippl.
Pre Run{0}> Discretization:
Pre Run{0}> nt 20 Np= 134217728 grid = ( 256 , 256 , 256 )
Initialize Particles{0}> Starting first repartition
Initialize Particles{0}> particles created and initial conditions assigned 
residue,iterations
scatter {0}> 3.43741e-16
1.82131e-06,231
time, Ex_field_energy, Ex_max_norm
0.0000000000000000e+00 9.9806220578666753e+00 1.1861152442281653e-01
LandauDamping{0}> Starting iterations ...
Pre-step{0}> Done
scatter {0}> 1.94787e-15
2.89948e-07,199
2.4543692606170259e-02 9.9736101953949632e+00 1.1773458776001958e-01
Post-step:{0}> Finished time step: 1 time: 0.0245437
Pre-step{0}> Done
scatter {0}> 1.48955e-15
2.88453e-07,195
4.9087385212340517e-02 9.9515900152408516e+00 1.1913171957537680e-01
Post-step:{0}> Finished time step: 2 time: 0.0490874
Pre-step{0}> Done
scatter {0}> 5.72902e-16
2.66607e-07,194
7.3631077818510776e-02 9.9146520546830139e+00 1.1871856037440677e-01
Post-step:{0}> Finished time step: 3 time: 0.0736311
Pre-step{0}> Done
scatter {0}> 3.43741e-16
2.84734e-07,193
9.8174770424681035e-02 9.8628963387540765e+00 1.1722454024073323e-01
Post-step:{0}> Finished time step: 4 time: 0.0981748
Pre-step{0}> Done
scatter {0}> 1.37497e-15
2.75392e-07,195
1.2271846303085129e-01 9.7965071140657880e+00 1.1789450131380022e-01
Post-step:{0}> Finished time step: 5 time: 0.122718
Pre-step{0}> Done
scatter {0}> 2.17703e-15
2.87307e-07,201
1.4726215563702155e-01 9.7157165364564992e+00 1.1673618853549213e-01
Post-step:{0}> Finished time step: 6 time: 0.147262
Pre-step{0}> Done
scatter {0}> 1.1458e-16
2.8448e-07,207
1.7180584824319181e-01 9.6207802648286140e+00 1.1664997773010365e-01
Post-step:{0}> Finished time step: 7 time: 0.171806
Pre-step{0}> Done
scatter {0}> 1.03122e-15
2.81078e-07,209
1.9634954084936207e-01 9.5120010983920693e+00 1.1525637440729630e-01
Post-step:{0}> Finished time step: 8 time: 0.19635
Pre-step{0}> Done
scatter {0}> 6.87483e-16
2.77063e-07,210
2.2089323345553233e-01 9.3897551995380137e+00 1.1517199945024813e-01
Post-step:{0}> Finished time step: 9 time: 0.220893
Pre-step{0}> Done
scatter {0}> 5.72902e-16
2.9076e-07,210
2.4543692606170259e-01 9.2544501247779003e+00 1.1648447454182301e-01
Post-step:{0}> Finished time step: 10 time: 0.245437
Pre-step{0}> Done
scatter {0}> 2.29161e-16
2.75679e-07,211
2.6998061866787282e-01 9.1065340992990009e+00 1.1405860398480090e-01
Post-step:{0}> Finished time step: 11 time: 0.269981
Pre-step{0}> Done
scatter {0}> 8.02063e-16
2.87046e-07,211
2.9452431127404310e-01 8.9464771546667023e+00 1.1354259777115883e-01
Post-step:{0}> Finished time step: 12 time: 0.294524
Pre-step{0}> Done
scatter {0}> 3.43741e-16
2.72679e-07,212
3.1906800388021339e-01 8.7748027918927054e+00 1.1317988666654601e-01
Post-step:{0}> Finished time step: 13 time: 0.319068
Pre-step{0}> Done
scatter {0}> 1.03122e-15
2.79198e-07,212
3.4361169648638368e-01 8.5920828507419706e+00 1.1077259473184040e-01
Post-step:{0}> Finished time step: 14 time: 0.343612
Pre-step{0}> Done
scatter {0}> 3.09367e-15
2.86999e-07,212
3.6815538909255396e-01 8.3988942675618059e+00 1.0810490136415103e-01
Post-step:{0}> Finished time step: 15 time: 0.368155
Pre-step{0}> Done
scatter {0}> 1.48955e-15
2.74273e-07,213
3.9269908169872425e-01 8.1958788889612553e+00 1.0782495573732273e-01
Post-step:{0}> Finished time step: 16 time: 0.392699
Pre-step{0}> Done
scatter {0}> 5.72902e-16
2.83503e-07,213
4.1724277430489454e-01 7.9836893791968171e+00 1.0661377619459346e-01
Post-step:{0}> Finished time step: 17 time: 0.417243
Pre-step{0}> Done
scatter {0}> 1.94787e-15
2.72895e-07,214
4.4178646691106482e-01 7.7630133512046919e+00 1.0492097897021770e-01
Post-step:{0}> Finished time step: 18 time: 0.441786
Pre-step{0}> Done
scatter {0}> 1.26039e-15
2.79132e-07,214
4.6633015951723511e-01 7.5345679655992637e+00 1.0292570566978604e-01
Post-step:{0}> Finished time step: 19 time: 0.46633
Pre-step{0}> Done
scatter {0}> 1.94787e-15
2.86633e-07,214
4.9087385212340540e-01 7.2990736042474964e+00 1.0121429573060149e-01
Post-step:{0}> Finished time step: 20 time: 0.490874
LandauDamping{0}> End.
Timings{0}> ---------------------------------------------
Timings{0}>      Timing results for 2 nodes:
Timings{0}> ---------------------------------------------
Timings{0}> total............... Wall tot =    694.402
Timings{0}> 
Timings{0}> findInternal........ Wall max =   7.47e-06
Timings{0}>                      Wall avg = 7.4055e-06
Timings{0}>                      Wall min =  7.341e-06
Timings{0}> 
Timings{0}> findPeriodic........ Wall max = 3.9952e-05
Timings{0}>                      Wall avg = 3.80175e-05
Timings{0}>                      Wall min = 3.6083e-05
Timings{0}> 
Timings{0}> loadBalance......... Wall max =   0.117468
Timings{0}>                      Wall avg =   0.115946
Timings{0}>                      Wall min =   0.114425
Timings{0}> 
Timings{0}> basicOperations..... Wall max =  0.0198243
Timings{0}>                      Wall avg =  0.0193665
Timings{0}>                      Wall min =  0.0189087
Timings{0}> 
Timings{0}> perpReduction....... Wall max = 0.00344825
Timings{0}>                      Wall avg = 0.00334716
Timings{0}>                      Wall min = 0.00324608
Timings{0}> 
Timings{0}> allReduce........... Wall max = 0.00350729
Timings{0}>                      Wall avg = 0.00179921
Timings{0}>                      Wall min = 9.1128e-05
Timings{0}> 
Timings{0}> scatterR............ Wall max =   2.02e-07
Timings{0}>                      Wall avg =  2.005e-07
Timings{0}>                      Wall min =   1.99e-07
Timings{0}> 
Timings{0}> updateLayout........ Wall max =  0.0562045
Timings{0}>                      Wall avg =  0.0557487
Timings{0}>                      Wall min =  0.0552929
Timings{0}> 
Timings{0}> updatePB............ Wall max =   2.19e-07
Timings{0}>                      Wall avg =   2.12e-07
Timings{0}>                      Wall min =   2.05e-07
Timings{0}> 
Timings{0}> particlesCreation... Wall max =    2.23791
Timings{0}>                      Wall avg =    2.23791
Timings{0}>                      Wall min =    2.23791
Timings{0}> 
Timings{0}> solveWarmup......... Wall max =   0.286413
Timings{0}>                      Wall avg =   0.286117
Timings{0}>                      Wall min =   0.285822
Timings{0}> 
Timings{0}> SSOR Init........... Wall max =    91.2523
Timings{0}>                      Wall avg =    90.3418
Timings{0}>                      Wall min =    89.4312
Timings{0}> 
Timings{0}> SSOR loop........... Wall max =    484.849
Timings{0}>                      Wall avg =    477.655
Timings{0}>                      Wall min =    470.461
Timings{0}> 
Timings{0}> PCG iter............ Wall max =    658.218
Timings{0}>                      Wall avg =    658.217
Timings{0}>                      Wall min =    658.216
Timings{0}> 
Timings{0}> Preconditioner...... Wall max =    575.533
Timings{0}>                      Wall avg =    567.436
Timings{0}>                      Wall min =    559.339
Timings{0}> 
Timings{0}> scatter............. Wall max =    11.9937
Timings{0}>                      Wall avg =    11.9147
Timings{0}>                      Wall min =    11.8356
Timings{0}> 
Timings{0}> accumulateHalo...... Wall max =   0.501528
Timings{0}>                      Wall avg =   0.425145
Timings{0}>                      Wall min =   0.348763
Timings{0}> 
Timings{0}> solve............... Wall max =    664.264
Timings{0}>                      Wall avg =    664.263
Timings{0}>                      Wall min =    664.262
Timings{0}> 
Timings{0}> fillHalo............ Wall max =    1.12998
Timings{0}>                      Wall avg =    1.12297
Timings{0}>                      Wall min =    1.11596
Timings{0}> 
Timings{0}> gather.............. Wall max =    7.56269
Timings{0}>                      Wall avg =    7.53716
Timings{0}>                      Wall min =    7.51164
Timings{0}> 
Timings{0}> dumpData............ Wall max =   0.136991
Timings{0}>                      Wall avg =  0.0984293
Timings{0}>                      Wall min =  0.0598674
Timings{0}> 
Timings{0}> pushVelocity........ Wall max =    1.10451
Timings{0}>                      Wall avg =     1.0948
Timings{0}>                      Wall min =    1.08509
Timings{0}> 
Timings{0}> pushPosition........ Wall max =   0.546372
Timings{0}>                      Wall avg =   0.540175
Timings{0}>                      Wall min =   0.533979
Timings{0}> 
Timings{0}> update.............. Wall max =    4.50553
Timings{0}>                      Wall avg =    4.49611
Timings{0}>                      Wall min =    4.48669
Timings{0}> 
Timings{0}> particleBC.......... Wall max =    1.03746
Timings{0}>                      Wall avg =    1.02571
Timings{0}>                      Wall min =    1.01395
Timings{0}> 
Timings{0}> updateParticle...... Wall max =    3.46259
Timings{0}>                      Wall avg =    3.29469
Timings{0}>                      Wall min =    3.12678
Timings{0}> 
Timings{0}> locateParticles..... Wall max =    2.35996
Timings{0}>                      Wall avg =    2.30245
Timings{0}>                      Wall min =    2.24494
Timings{0}> 
Timings{0}> sendPreprocess...... Wall max =   0.253361
Timings{0}>                      Wall avg =   0.174056
Timings{0}>                      Wall min =  0.0947507
Timings{0}> 
Timings{0}> particleSend........ Wall max =   0.502522
Timings{0}>                      Wall avg =   0.399682
Timings{0}>                      Wall min =   0.296842
Timings{0}> 
Timings{0}> particleDestroy..... Wall max =  0.0920325
Timings{0}>                      Wall avg =  0.0906998
Timings{0}>                      Wall min =  0.0893672
Timings{0}> 
Timings{0}> particleRecv........ Wall max =   0.372321
Timings{0}>                      Wall avg =   0.327721
Timings{0}>                      Wall min =   0.283121
Timings{0}> 
Timings{0}> ---------------------------------------------
