Warning: Option '256' is not parsed by Ippl.
Warning: Option '256' is not parsed by Ippl.
Warning: Option '256' is not parsed by Ippl.
Warning: Option '134217728' is not parsed by Ippl.
Warning: Option '20' is not parsed by Ippl.
Warning: Option 'CG' is not parsed by Ippl.
Warning: Option '0.01' is not parsed by Ippl.
Warning: Option 'LeapFrog' is not parsed by Ippl.
Pre Run{0}> Discretization:
Pre Run{0}> nt 20 Np= 134217728 grid = ( 256 , 256 , 256 )
Initialize Particles{0}> Starting first repartition
Initialize Particles{0}> particles created and initial conditions assigned 
residue,iterations
scatter {0}> 1.1458e-16
8.09298e-08,822
time, Ex_field_energy, Ex_max_norm
0.0000000000000000e+00 1.0033430052570179e+01 1.1845381890584770e-01
LandauDamping{0}> Starting iterations ...
Pre-step{0}> Done
scatter {0}> 0
8.03243e-08,766
2.4543692606170259e-02 1.0025556067004269e+01 1.1873604024620844e-01
Post-step:{0}> Finished time step: 1 time: 0.0245437
Pre-step{0}> Done
scatter {0}> 1.1458e-16
8.05759e-08,766
4.9087385212340517e-02 1.0002587861324692e+01 1.1674629376149638e-01
Post-step:{0}> Finished time step: 2 time: 0.0490874
Pre-step{0}> Done
scatter {0}> 1.1458e-16
8.07714e-08,766
7.3631077818510776e-02 9.9646184996722322e+00 1.1760895622259986e-01
Post-step:{0}> Finished time step: 3 time: 0.0736311
Pre-step{0}> Done
scatter {0}> 1.1458e-16
8.09819e-08,766
9.8174770424681035e-02 9.9117524266588131e+00 1.1817995790077356e-01
Post-step:{0}> Finished time step: 4 time: 0.0981748
Pre-step{0}> Done
scatter {0}> 3.43741e-16
8.12411e-08,766
1.2271846303085129e-01 9.8441807876779723e+00 1.1688925258726132e-01
Post-step:{0}> Finished time step: 5 time: 0.122718
Pre-step{0}> Done
scatter {0}> 2.29161e-16
8.13237e-08,766
1.4726215563702155e-01 9.7621338937370012e+00 1.1733520465804653e-01
Post-step:{0}> Finished time step: 6 time: 0.147262
Pre-step{0}> Done
scatter {0}> 1.1458e-16
8.13426e-08,766
1.7180584824319181e-01 9.6658815767571440e+00 1.1612953256009274e-01
Post-step:{0}> Finished time step: 7 time: 0.171806
Pre-step{0}> Done
scatter {0}> 3.43741e-16
8.12844e-08,766
1.9634954084936207e-01 9.5557424548082661e+00 1.1483544041286756e-01
Post-step:{0}> Finished time step: 8 time: 0.19635
Pre-step{0}> Done
scatter {0}> 0
8.11933e-08,766
2.2089323345553233e-01 9.4320672064525972e+00 1.1539279971634267e-01
Post-step:{0}> Finished time step: 9 time: 0.220893
Pre-step{0}> Done
scatter {0}> 1.1458e-16
8.10715e-08,766
2.4543692606170259e-01 9.2952639663519214e+00 1.1339033305411181e-01
Post-step:{0}> Finished time step: 10 time: 0.245437
Pre-step{0}> Done
scatter {0}> 1.1458e-16
8.09328e-08,766
2.6998061866787282e-01 9.1458022686435498e+00 1.1246701191780605e-01
Post-step:{0}> Finished time step: 11 time: 0.269981
Pre-step{0}> Done
scatter {0}> 2.29161e-16
8.05705e-08,766
2.9452431127404310e-01 8.9841530148132147e+00 1.1098399567542548e-01
Post-step:{0}> Finished time step: 12 time: 0.294524
Pre-step{0}> Done
scatter {0}> 0
8.04389e-08,766
3.1906800388021339e-01 8.8108585976060887e+00 1.0934831233156131e-01
Post-step:{0}> Finished time step: 13 time: 0.319068
Pre-step{0}> Done
scatter {0}> 0
8.00813e-08,766
3.4361169648638368e-01 8.6264851268689942e+00 1.0863850601180676e-01
Post-step:{0}> Finished time step: 14 time: 0.343612
Pre-step{0}> Done
scatter {0}> 1.1458e-16
7.97835e-08,766
3.6815538909255396e-01 8.4316214205655751e+00 1.0870911986467773e-01
Post-step:{0}> Finished time step: 15 time: 0.368155
Pre-step{0}> Done
scatter {0}> 1.1458e-16
7.93538e-08,766
3.9269908169872425e-01 8.2269326557268592e+00 1.0678101973225386e-01
Post-step:{0}> Finished time step: 16 time: 0.392699
Pre-step{0}> Done
scatter {0}> 3.43741e-16
8.17863e-08,765
4.1724277430489454e-01 8.0130592931008735e+00 1.0573043261899986e-01
Post-step:{0}> Finished time step: 17 time: 0.417243
Pre-step{0}> Done
scatter {0}> 1.1458e-16
8.11378e-08,765
4.4178646691106482e-01 7.7906714129541772e+00 1.0409052848176761e-01
Post-step:{0}> Finished time step: 18 time: 0.441786
Pre-step{0}> Done
scatter {0}> 3.43741e-16
8.05396e-08,765
4.6633015951723511e-01 7.5605055755793504e+00 1.0323610446054569e-01
Post-step:{0}> Finished time step: 19 time: 0.46633
Pre-step{0}> Done
scatter {0}> 1.1458e-16
7.98822e-08,765
4.9087385212340540e-01 7.3232937816120725e+00 1.0003415089532716e-01
Post-step:{0}> Finished time step: 20 time: 0.490874
LandauDamping{0}> End.
Timings{0}> ---------------------------------------------
Timings{0}>      Timing results for 16 nodes:
Timings{0}> ---------------------------------------------
Timings{0}> total............... Wall tot =     82.978
Timings{0}> 
Timings{0}> findInternal........ Wall max = 2.2436e-05
Timings{0}>                      Wall avg = 1.49346e-05
Timings{0}>                      Wall min =  6.676e-06
Timings{0}> 
Timings{0}> findPeriodic........ Wall max = 8.9157e-05
Timings{0}>                      Wall avg = 7.0944e-05
Timings{0}>                      Wall min = 5.9803e-05
Timings{0}> 
Timings{0}> loadBalance......... Wall max =  0.0569643
Timings{0}>                      Wall avg =  0.0522745
Timings{0}>                      Wall min =  0.0487049
Timings{0}> 
Timings{0}> basicOperations..... Wall max = 0.00359182
Timings{0}>                      Wall avg = 0.00111561
Timings{0}>                      Wall min = 0.000761085
Timings{0}> 
Timings{0}> perpReduction....... Wall max =  0.0137521
Timings{0}>                      Wall avg = 0.00790411
Timings{0}>                      Wall min = 0.00578267
Timings{0}> 
Timings{0}> allReduce........... Wall max =  0.0311887
Timings{0}>                      Wall avg =  0.0252657
Timings{0}>                      Wall min =   0.019086
Timings{0}> 
Timings{0}> scatterR............ Wall max =   2.85e-07
Timings{0}>                      Wall avg = 1.95125e-07
Timings{0}>                      Wall min =   1.51e-07
Timings{0}> 
Timings{0}> updateLayout........ Wall max =  0.0118424
Timings{0}>                      Wall avg =  0.0114929
Timings{0}>                      Wall min =  0.0090282
Timings{0}> 
Timings{0}> updatePB............ Wall max =   3.42e-07
Timings{0}>                      Wall avg = 2.5125e-07
Timings{0}>                      Wall min =    1.5e-07
Timings{0}> 
Timings{0}> particlesCreation... Wall max =    0.29956
Timings{0}>                      Wall avg =   0.299552
Timings{0}>                      Wall min =   0.299538
Timings{0}> 
Timings{0}> solveWarmup......... Wall max =  0.0779019
Timings{0}>                      Wall avg =  0.0776394
Timings{0}>                      Wall min =  0.0773414
Timings{0}> 
Timings{0}> scatter............. Wall max =    1.63905
Timings{0}>                      Wall avg =    1.58226
Timings{0}>                      Wall min =    1.53092
Timings{0}> 
Timings{0}> accumulateHalo...... Wall max =   0.216495
Timings{0}>                      Wall avg =   0.154427
Timings{0}>                      Wall min =  0.0909956
Timings{0}> 
Timings{0}> solve............... Wall max =    76.3137
Timings{0}>                      Wall avg =    76.3134
Timings{0}>                      Wall min =    76.3132
Timings{0}> 
Timings{0}> CG_loop............. Wall max =    75.8635
Timings{0}>                      Wall avg =    75.8576
Timings{0}>                      Wall min =    75.8532
Timings{0}> 
Timings{0}> fillHalo............ Wall max =   0.343442
Timings{0}>                      Wall avg =   0.297928
Timings{0}>                      Wall min =   0.225188
Timings{0}> 
Timings{0}> gather.............. Wall max =   0.588557
Timings{0}>                      Wall avg =   0.528542
Timings{0}>                      Wall min =   0.474064
Timings{0}> 
Timings{0}> dumpData............ Wall max =   0.277244
Timings{0}>                      Wall avg =   0.182779
Timings{0}>                      Wall min =  0.0750297
Timings{0}> 
Timings{0}> pushVelocity........ Wall max =   0.155283
Timings{0}>                      Wall avg =   0.135927
Timings{0}>                      Wall min =   0.125171
Timings{0}> 
Timings{0}> pushPosition........ Wall max =  0.0797616
Timings{0}>                      Wall avg =   0.069266
Timings{0}>                      Wall min =  0.0637942
Timings{0}> 
Timings{0}> update.............. Wall max =    3.13449
Timings{0}>                      Wall avg =    3.12215
Timings{0}>                      Wall min =    3.09983
Timings{0}> 
Timings{0}> particleBC.......... Wall max =   0.139525
Timings{0}>                      Wall avg =   0.114859
Timings{0}>                      Wall min =   0.106152
Timings{0}> 
Timings{0}> updateParticle...... Wall max =    2.58959
Timings{0}>                      Wall avg =    2.26487
Timings{0}>                      Wall min =    1.86495
Timings{0}> 
Timings{0}> locateParticles..... Wall max =   0.439959
Timings{0}>                      Wall avg =   0.341117
Timings{0}>                      Wall min =   0.274557
Timings{0}> 
Timings{0}> sendPreprocess...... Wall max =   0.313802
Timings{0}>                      Wall avg =   0.247076
Timings{0}>                      Wall min =   0.145648
Timings{0}> 
Timings{0}> particleSend........ Wall max =    1.18566
Timings{0}>                      Wall avg =   0.894661
Timings{0}>                      Wall min =   0.564758
Timings{0}> 
Timings{0}> particleDestroy..... Wall max =  0.0280607
Timings{0}>                      Wall avg =  0.0244678
Timings{0}>                      Wall min =  0.0203312
Timings{0}> 
Timings{0}> particleRecv........ Wall max =    1.27154
Timings{0}>                      Wall avg =   0.757475
Timings{0}>                      Wall min =   0.254432
Timings{0}> 
Timings{0}> ---------------------------------------------
