Warning: Option '6' is not parsed by Ippl.
Config{0}> Got 6 as size parameter
Config{0}> Solver is not preconditioned
Config{0}> Solver is set up
Config{0}> Solver is done
Convergence{0}> 64,0.0009277485090803542,1.078477844970037e-13,56
Timings{0}> ---------------------------------------------
Timings{0}>      Timing results for 4 nodes:
Timings{0}> ---------------------------------------------
Timings{0}> findInternal........ Wall tot = 1.5429e-05
Timings{0}> 
Timings{0}> findPeriodic........ Wall max =  7.794e-06
Timings{0}>                      Wall avg = 7.4215e-06
Timings{0}>                      Wall min =  7.113e-06
Timings{0}> 
Timings{0}> CG_loop............. Wall max =  0.0377969
Timings{0}>                      Wall avg =  0.0376925
Timings{0}>                      Wall min =  0.0375824
Timings{0}> 
Timings{0}> ---------------------------------------------
