Warning: Option '7' is not parsed by Ippl.
Config{0}> Got 7 as size parameter
Config{0}> Solver is not preconditioned
Config{0}> Solver is set up
Config{0}> Solver is done
Convergence{0}> 128,0.0002317313213517227,4.430679609343229e-13,111
Timings{0}> ---------------------------------------------
Timings{0}>      Timing results for 4 nodes:
Timings{0}> ---------------------------------------------
Timings{0}> findInternal........ Wall tot = 1.4247e-05
Timings{0}> 
Timings{0}> findPeriodic........ Wall max =  7.445e-06
Timings{0}>                      Wall avg = 7.2615e-06
Timings{0}>                      Wall min =  7.103e-06
Timings{0}> 
Timings{0}> CG_loop............. Wall max =  0.0935395
Timings{0}>                      Wall avg =  0.0935275
Timings{0}>                      Wall min =  0.0935157
Timings{0}> 
Timings{0}> ---------------------------------------------
