Warning: Option '256' is not parsed by Ippl.
Warning: Option '256' is not parsed by Ippl.
Warning: Option '256' is not parsed by Ippl.
Warning: Option '134217728' is not parsed by Ippl.
Warning: Option '20' is not parsed by Ippl.
Warning: Option 'PCG' is not parsed by Ippl.
Warning: Option '0.05' is not parsed by Ippl.
Warning: Option 'LeapFrog' is not parsed by Ippl.
Warning: Option 'gauss-seidel' is not parsed by Ippl.
Warning: Option '2' is not parsed by Ippl.
Warning: Option '2' is not parsed by Ippl.
Warning: Option '0' is not parsed by Ippl.
Pre Run> Discretization:
Pre Run> nt 20 Np= 134217728 grid = ( 256 , 256 , 256 )
Initialize Particles> particles created and initial conditions assigned 
residue,iterations
scatter > 0
5.29343e-08,349
time, Ex_field_energy, Ex_max_norm
0.0000000000000000e+00 9.9255063372772305e+00 1.1726485326341814e-01
LandauDamping> Starting iterations ...
Pre-step> Done
scatter > 0
3.24902e-08,309
2.4543692606170259e-02 9.9173153336079931e+00 1.1689579182140379e-01
Post-step:> Finished time step: 1 time: 0.0245437
Pre-step> Done
scatter > 0
3.3714e-08,309
4.9087385212340517e-02 9.8941960577920529e+00 1.1764963742660342e-01
Post-step:> Finished time step: 2 time: 0.0490874
Pre-step> Done
scatter > 1.1458e-16
3.39621e-08,309
7.3631077818510776e-02 9.8562259557390703e+00 1.1831324489585619e-01
Post-step:> Finished time step: 3 time: 0.0736311
Pre-step> Done
scatter > 0
3.39998e-08,309
9.8174770424681035e-02 9.8035422197181958e+00 1.1676315360260899e-01
Post-step:> Finished time step: 4 time: 0.0981748
Pre-step> Done
scatter > 1.1458e-16
3.40261e-08,309
1.2271846303085129e-01 9.7363149105940252e+00 1.1548880959913962e-01
Post-step:> Finished time step: 5 time: 0.122718
Pre-step> Done
scatter > 1.1458e-16
3.40676e-08,309
1.4726215563702155e-01 9.6547684628904911e+00 1.1493561520510163e-01
Post-step:> Finished time step: 6 time: 0.147262
Pre-step> Done
scatter > 0
3.40895e-08,309
1.7180584824319181e-01 9.5591883266861792e+00 1.1497632398451034e-01
Post-step:> Finished time step: 7 time: 0.171806
Pre-step> Done
scatter > 0
3.41146e-08,309
1.9634954084936207e-01 9.4498820238864081e+00 1.1508145204264250e-01
Post-step:> Finished time step: 8 time: 0.19635
Pre-step> Done
scatter > 0
3.43715e-08,309
2.2089323345553233e-01 9.3272096521638872e+00 1.1452987884808523e-01
Post-step:> Finished time step: 9 time: 0.220893
Pre-step> Done
scatter > 1.1458e-16
3.11423e-08,310
2.4543692606170259e-01 9.1915790911914268e+00 1.1281978172107544e-01
Post-step:> Finished time step: 10 time: 0.245437
Pre-step> Done
scatter > 0
3.14555e-08,310
2.6998061866787282e-01 9.0434084479212142e+00 1.1108494050229326e-01
Post-step:> Finished time step: 11 time: 0.269981
Pre-step> Done
scatter > 0
3.21449e-08,310
2.9452431127404310e-01 8.8832092120499020e+00 1.1172073829867214e-01
Post-step:> Finished time step: 12 time: 0.294524
Pre-step> Done
scatter > 0
3.22738e-08,310
3.1906800388021339e-01 8.7115197432684877e+00 1.0870290379628968e-01
Post-step:> Finished time step: 13 time: 0.319068
Pre-step> Done
scatter > 1.1458e-16
3.26288e-08,310
3.4361169648638368e-01 8.5288797758432615e+00 1.0800931680818808e-01
Post-step:> Finished time step: 14 time: 0.343612
Pre-step> Done
scatter > 0
3.28384e-08,310
3.6815538909255396e-01 8.3358946781402992e+00 1.0722273637188193e-01
Post-step:> Finished time step: 15 time: 0.368155
Pre-step> Done
scatter > 0
3.32753e-08,310
3.9269908169872425e-01 8.1331787984197756e+00 1.0639230626352211e-01
Post-step:> Finished time step: 16 time: 0.392699
Pre-step> Done
scatter > 0
3.31647e-08,310
4.1724277430489454e-01 7.9213894390364725e+00 1.0549004587396173e-01
Post-step:> Finished time step: 17 time: 0.417243
Pre-step> Done
scatter > 1.1458e-16
3.37566e-08,310
4.4178646691106482e-01 7.7012198981524866e+00 1.0329508398491585e-01
Post-step:> Finished time step: 18 time: 0.441786
Pre-step> Done
scatter > 1.1458e-16
3.40758e-08,310
4.6633015951723511e-01 7.4733851255718529e+00 1.0293563415794009e-01
Post-step:> Finished time step: 19 time: 0.46633
Pre-step> Done
scatter > 1.1458e-16
3.43515e-08,310
4.9087385212340540e-01 7.2386041115055164e+00 1.0029918229529183e-01
Post-step:> Finished time step: 20 time: 0.490874
LandauDamping> End.
Timings> ---------------------------------------------
Timings>      Timing results for 1 nodes:
Timings> ---------------------------------------------
Timings> total............... Wall tot =     118.34
Timings> 
Timings> loadBalance......... Wall max =          0
Timings>                      Wall avg =          0
Timings>                      Wall min =          0
Timings> 
Timings> particlesCreation... Wall max =   0.173044
Timings>                      Wall avg =   0.173044
Timings>                      Wall min =   0.173044
Timings> 
Timings> solveWarmup......... Wall max =  0.0253558
Timings>                      Wall avg =  0.0253558
Timings>                      Wall min =  0.0253558
Timings> 
Timings> PCG iter............ Wall max =    111.999
Timings>                      Wall avg =    111.999
Timings>                      Wall min =    111.999
Timings> 
Timings> Preconditioner...... Wall max =    88.4543
Timings>                      Wall avg =    88.4543
Timings>                      Wall min =    88.4543
Timings> 
Timings> scatter............. Wall max =    2.12509
Timings>                      Wall avg =    2.12509
Timings>                      Wall min =    2.12509
Timings> 
Timings> accumulateHalo...... Wall max = 0.00178214
Timings>                      Wall avg = 0.00178214
Timings>                      Wall min = 0.00178214
Timings> 
Timings> solve............... Wall max =    112.901
Timings>                      Wall avg =    112.901
Timings>                      Wall min =    112.901
Timings> 
Timings> fillHalo............ Wall max = 0.00227289
Timings>                      Wall avg = 0.00227289
Timings>                      Wall min = 0.00227289
Timings> 
Timings> gather.............. Wall max =    1.29621
Timings>                      Wall avg =    1.29621
Timings>                      Wall min =    1.29621
Timings> 
Timings> dumpData............ Wall max =  0.0335547
Timings>                      Wall avg =  0.0335547
Timings>                      Wall min =  0.0335547
Timings> 
Timings> pushVelocity........ Wall max =   0.281543
Timings>                      Wall avg =   0.281543
Timings>                      Wall min =   0.281543
Timings> 
Timings> pushPosition........ Wall max =   0.141132
Timings>                      Wall avg =   0.141132
Timings>                      Wall min =   0.141132
Timings> 
Timings> update.............. Wall max =   0.287539
Timings>                      Wall avg =   0.287539
Timings>                      Wall min =   0.287539
Timings> 
Timings> particleBC.......... Wall max =   0.287433
Timings>                      Wall avg =   0.287433
Timings>                      Wall min =   0.287433
Timings> 
Timings> updateParticle...... Wall max =          0
Timings>                      Wall avg =          0
Timings>                      Wall min =          0
Timings> 
Timings> ---------------------------------------------
