Warning: Option '256' is not parsed by Ippl.
Warning: Option '256' is not parsed by Ippl.
Warning: Option '256' is not parsed by Ippl.
Warning: Option '134217728' is not parsed by Ippl.
Warning: Option '20' is not parsed by Ippl.
Warning: Option 'PCG' is not parsed by Ippl.
Warning: Option '0.05' is not parsed by Ippl.
Warning: Option 'LeapFrog' is not parsed by Ippl.
Warning: Option 'richardson' is not parsed by Ippl.
Warning: Option '4' is not parsed by Ippl.
Warning: Option '0' is not parsed by Ippl.
Pre Run> Discretization:
Pre Run> nt 20 Np= 134217728 grid = ( 256 , 256 , 256 )
Initialize Particles> particles created and initial conditions assigned 
residue,iterations
scatter > 0
4.77669e-08,460
time, Ex_field_energy, Ex_max_norm
0.0000000000000000e+00 9.9255063372806962e+00 1.1726485332292590e-01
LandauDamping> Starting iterations ...
Pre-step> Done
scatter > 1.1458e-16
3.30744e-08,398
2.4543692606170259e-02 9.9173153333840283e+00 1.1689579183091096e-01
Post-step:> Finished time step: 1 time: 0.0245437
Pre-step> Done
scatter > 0
3.22661e-08,400
4.9087385212340517e-02 9.8941960577186432e+00 1.1764963742963923e-01
Post-step:> Finished time step: 2 time: 0.0490874
Pre-step> Done
scatter > 0
3.31659e-08,400
7.3631077818510776e-02 9.8562259556977967e+00 1.1831324489562889e-01
Post-step:> Finished time step: 3 time: 0.0736311
Pre-step> Done
scatter > 0
3.28715e-08,392
9.8174770424681035e-02 9.8035422196959701e+00 1.1676315362639671e-01
Post-step:> Finished time step: 4 time: 0.0981748
Pre-step> Done
scatter > 1.1458e-16
3.31234e-08,398
1.2271846303085129e-01 9.7363149105733751e+00 1.1548880957903908e-01
Post-step:> Finished time step: 5 time: 0.122718
Pre-step> Done
scatter > 1.1458e-16
3.18269e-08,400
1.4726215563702155e-01 9.6547684628764063e+00 1.1493561519103794e-01
Post-step:> Finished time step: 6 time: 0.147262
Pre-step> Done
scatter > 0
3.18326e-08,402
1.7180584824319181e-01 9.5591883266754945e+00 1.1497632398389684e-01
Post-step:> Finished time step: 7 time: 0.171806
Pre-step> Done
scatter > 1.1458e-16
3.19186e-08,402
1.9634954084936207e-01 9.4498820238786987e+00 1.1508145203548895e-01
Post-step:> Finished time step: 8 time: 0.19635
Pre-step> Done
scatter > 1.1458e-16
3.13772e-08,401
2.2089323345553233e-01 9.3272096521588974e+00 1.1452987885307347e-01
Post-step:> Finished time step: 9 time: 0.220893
Pre-step> Done
scatter > 0
3.17804e-08,402
2.4543692606170259e-01 9.1915790911878883e+00 1.1281978171164318e-01
Post-step:> Finished time step: 10 time: 0.245437
Pre-step> Done
scatter > 0
3.04618e-08,404
2.6998061866787282e-01 9.0434084479187220e+00 1.1108494047757822e-01
Post-step:> Finished time step: 11 time: 0.269981
Pre-step> Done
scatter > 0
3.09064e-08,402
2.9452431127404310e-01 8.8832092120499606e+00 1.1172073830202656e-01
Post-step:> Finished time step: 12 time: 0.294524
Pre-step> Done
scatter > 0
3.16332e-08,402
3.1906800388021339e-01 8.7115197432699514e+00 1.0870290379784235e-01
Post-step:> Finished time step: 13 time: 0.319068
Pre-step> Done
scatter > 0
3.20017e-08,403
3.4361169648638368e-01 8.5288797758450752e+00 1.0800931685286229e-01
Post-step:> Finished time step: 14 time: 0.343612
Pre-step> Done
scatter > 0
3.06978e-08,404
3.6815538909255396e-01 8.3358946781425693e+00 1.0722273638002075e-01
Post-step:> Finished time step: 15 time: 0.368155
Pre-step> Done
scatter > 0
3.1638e-08,402
3.9269908169872425e-01 8.1331787984253552e+00 1.0639230627480814e-01
Post-step:> Finished time step: 16 time: 0.392699
Pre-step> Done
scatter > 0
3.23525e-08,403
4.1724277430489454e-01 7.9213894390418220e+00 1.0549004585690039e-01
Post-step:> Finished time step: 17 time: 0.417243
Pre-step> Done
scatter > 1.1458e-16
3.2272e-08,401
4.4178646691106482e-01 7.7012198981611339e+00 1.0329508396394002e-01
Post-step:> Finished time step: 18 time: 0.441786
Pre-step> Done
scatter > 0
3.17823e-08,402
4.6633015951723511e-01 7.4733851255803048e+00 1.0293563415918687e-01
Post-step:> Finished time step: 19 time: 0.46633
Pre-step> Done
scatter > 0
3.09871e-08,402
4.9087385212340540e-01 7.2386041115168673e+00 1.0029918229741673e-01
Post-step:> Finished time step: 20 time: 0.490874
LandauDamping> End.
Timings> ---------------------------------------------
Timings>      Timing results for 1 nodes:
Timings> ---------------------------------------------
Timings> total............... Wall tot =    86.8231
Timings> 
Timings> loadBalance......... Wall max =          0
Timings>                      Wall avg =          0
Timings>                      Wall min =          0
Timings> 
Timings> particlesCreation... Wall max =   0.173761
Timings>                      Wall avg =   0.173761
Timings>                      Wall min =   0.173761
Timings> 
Timings> solveWarmup......... Wall max =  0.0203765
Timings>                      Wall avg =  0.0203765
Timings>                      Wall min =  0.0203765
Timings> 
Timings> PCG iter............ Wall max =    81.5731
Timings>                      Wall avg =    81.5731
Timings>                      Wall min =    81.5731
Timings> 
Timings> Preconditioner...... Wall max =    51.0312
Timings>                      Wall avg =    51.0312
Timings>                      Wall min =    51.0312
Timings> 
Timings> scatter............. Wall max =    2.12342
Timings>                      Wall avg =    2.12342
Timings>                      Wall min =    2.12342
Timings> 
Timings> accumulateHalo...... Wall max = 0.00177652
Timings>                      Wall avg = 0.00177652
Timings>                      Wall min = 0.00177652
Timings> 
Timings> solve............... Wall max =    82.3503
Timings>                      Wall avg =    82.3503
Timings>                      Wall min =    82.3503
Timings> 
Timings> fillHalo............ Wall max = 0.00227845
Timings>                      Wall avg = 0.00227845
Timings>                      Wall min = 0.00227845
Timings> 
Timings> gather.............. Wall max =    1.29682
Timings>                      Wall avg =    1.29682
Timings>                      Wall min =    1.29682
Timings> 
Timings> dumpData............ Wall max =  0.0335438
Timings>                      Wall avg =  0.0335438
Timings>                      Wall min =  0.0335438
Timings> 
Timings> pushVelocity........ Wall max =   0.283897
Timings>                      Wall avg =   0.283897
Timings>                      Wall min =   0.283897
Timings> 
Timings> pushPosition........ Wall max =    0.14312
Timings>                      Wall avg =    0.14312
Timings>                      Wall min =    0.14312
Timings> 
Timings> update.............. Wall max =   0.287527
Timings>                      Wall avg =   0.287527
Timings>                      Wall min =   0.287527
Timings> 
Timings> particleBC.......... Wall max =    0.28743
Timings>                      Wall avg =    0.28743
Timings>                      Wall min =    0.28743
Timings> 
Timings> updateParticle...... Wall max =          0
Timings>                      Wall avg =          0
Timings>                      Wall min =          0
Timings> 
Timings> ---------------------------------------------
