Warning: Option '256' is not parsed by Ippl.
Warning: Option '256' is not parsed by Ippl.
Warning: Option '256' is not parsed by Ippl.
Warning: Option '134217728' is not parsed by Ippl.
Warning: Option '20' is not parsed by Ippl.
Warning: Option 'PCG' is not parsed by Ippl.
Warning: Option '0.05' is not parsed by Ippl.
Warning: Option 'LeapFrog' is not parsed by Ippl.
Warning: Option 'gauss-seidel' is not parsed by Ippl.
Warning: Option '2' is not parsed by Ippl.
Warning: Option '2' is not parsed by Ippl.
Warning: Option '0' is not parsed by Ippl.
Pre Run{0}> Discretization:
Pre Run{0}> nt 20 Np= 134217728 grid = ( 256 , 256 , 256 )
Initialize Particles{0}> Starting first repartition
Initialize Particles{0}> particles created and initial conditions assigned 
residue,iterations
scatter {0}> 0
5.55744e-08,393
time, Ex_field_energy, Ex_max_norm
0.0000000000000000e+00 9.9252138697346215e+00 1.1697860477057673e-01
LandauDamping{0}> Starting iterations ...
Pre-step{0}> Done
scatter {0}> 0
3.27232e-08,310
2.4543692606170259e-02 9.9188216430008485e+00 1.1707659726119513e-01
Post-step:{0}> Finished time step: 1 time: 0.0245437
Pre-step{0}> Done
scatter {0}> 0
3.31882e-08,313
4.9087385212340517e-02 9.8974851974463949e+00 1.1754878963475540e-01
Post-step:{0}> Finished time step: 2 time: 0.0490874
Pre-step{0}> Done
scatter {0}> 1.1458e-16
3.38086e-08,313
7.3631077818510776e-02 9.8612620122676926e+00 1.1690030451487028e-01
Post-step:{0}> Finished time step: 3 time: 0.0736311
Pre-step{0}> Done
scatter {0}> 0
3.43837e-08,313
9.8174770424681035e-02 9.8102847298061384e+00 1.1624925733904877e-01
Post-step:{0}> Finished time step: 4 time: 0.0981748
Pre-step{0}> Done
scatter {0}> 1.1458e-16
3.14712e-08,314
1.2271846303085129e-01 9.7447363756835692e+00 1.1654120024798194e-01
Post-step:{0}> Finished time step: 5 time: 0.122718
Pre-step{0}> Done
scatter {0}> 0
3.19772e-08,314
1.4726215563702155e-01 9.6648429907881628e+00 1.1549194918584628e-01
Post-step:{0}> Finished time step: 6 time: 0.147262
Pre-step{0}> Done
scatter {0}> 1.1458e-16
3.26898e-08,314
1.7180584824319181e-01 9.5708721691887533e+00 1.1462661364178250e-01
Post-step:{0}> Finished time step: 7 time: 0.171806
Pre-step{0}> Done
scatter {0}> 1.1458e-16
3.34467e-08,314
1.9634954084936207e-01 9.4631073708864211e+00 1.1479126709449493e-01
Post-step:{0}> Finished time step: 8 time: 0.19635
Pre-step{0}> Done
scatter {0}> 1.1458e-16
3.43327e-08,314
2.2089323345553233e-01 9.3419043958896175e+00 1.1603091453384279e-01
Post-step:{0}> Finished time step: 9 time: 0.220893
Pre-step{0}> Done
scatter {0}> 0
3.28159e-08,315
2.4543692606170259e-01 9.2076817343094444e+00 1.1443754134175917e-01
Post-step:{0}> Finished time step: 10 time: 0.245437
Pre-step{0}> Done
scatter {0}> 1.1458e-16
3.36603e-08,315
2.6998061866787282e-01 9.0608883615601297e+00 1.1335282195486723e-01
Post-step:{0}> Finished time step: 11 time: 0.269981
Pre-step{0}> Done
scatter {0}> 0
3.37219e-08,316
2.9452431127404310e-01 8.9020002521847843e+00 1.1084830792588599e-01
Post-step:{0}> Finished time step: 12 time: 0.294524
Pre-step{0}> Done
scatter {0}> 0
3.17624e-08,317
3.1906800388021339e-01 8.7315375108047100e+00 1.1021516845996238e-01
Post-step:{0}> Finished time step: 13 time: 0.319068
Pre-step{0}> Done
scatter {0}> 0
3.2562e-08,317
3.4361169648638368e-01 8.5500697589739616e+00 1.0991327568512940e-01
Post-step:{0}> Finished time step: 14 time: 0.343612
Pre-step{0}> Done
scatter {0}> 1.1458e-16
3.34621e-08,317
3.6815538909255396e-01 8.3581820693635525e+00 1.0814875239716487e-01
Post-step:{0}> Finished time step: 15 time: 0.368155
Pre-step{0}> Done
scatter {0}> 0
3.42228e-08,317
3.9269908169872425e-01 8.1564531397189093e+00 1.0829317114819922e-01
Post-step:{0}> Finished time step: 16 time: 0.392699
Pre-step{0}> Done
scatter {0}> 0
3.33146e-08,319
4.1724277430489454e-01 7.9455722258946793e+00 1.0701652904388398e-01
Post-step:{0}> Finished time step: 17 time: 0.417243
Pre-step{0}> Done
scatter {0}> 0
3.41421e-08,319
4.4178646691106482e-01 7.7262032908275211e+00 1.0402180050736436e-01
Post-step:{0}> Finished time step: 18 time: 0.441786
Pre-step{0}> Done
scatter {0}> 0
3.32238e-08,320
4.6633015951723511e-01 7.4990420168875191e+00 1.0263632243920165e-01
Post-step:{0}> Finished time step: 19 time: 0.46633
Pre-step{0}> Done
scatter {0}> 0
3.40873e-08,320
4.9087385212340540e-01 7.2648373909259707e+00 1.0020134594536628e-01
Post-step:{0}> Finished time step: 20 time: 0.490874
LandauDamping{0}> End.
Timings{0}> ---------------------------------------------
Timings{0}>      Timing results for 4 nodes:
Timings{0}> ---------------------------------------------
Timings{0}> total............... Wall tot =    51.3434
Timings{0}> 
Timings{0}> findInternal........ Wall max = 2.7581e-05
Timings{0}>                      Wall avg = 2.3234e-05
Timings{0}>                      Wall min = 2.0689e-05
Timings{0}> 
Timings{0}> findPeriodic........ Wall max = 4.6219e-05
Timings{0}>                      Wall avg = 4.16622e-05
Timings{0}>                      Wall min = 3.6821e-05
Timings{0}> 
Timings{0}> loadBalance......... Wall max =  0.0241208
Timings{0}>                      Wall avg =    0.02411
Timings{0}>                      Wall min =   0.024096
Timings{0}> 
Timings{0}> basicOperations..... Wall max = 0.000858113
Timings{0}>                      Wall avg = 0.00080454
Timings{0}>                      Wall min = 0.000745677
Timings{0}> 
Timings{0}> perpReduction....... Wall max =  0.0159656
Timings{0}>                      Wall avg =  0.0139846
Timings{0}>                      Wall min =  0.0119985
Timings{0}> 
Timings{0}> allReduce........... Wall max = 0.00472474
Timings{0}>                      Wall avg = 0.00270084
Timings{0}>                      Wall min = 0.000669545
Timings{0}> 
Timings{0}> scatterR............ Wall max =  3.336e-06
Timings{0}>                      Wall avg = 3.01075e-06
Timings{0}>                      Wall min =  2.515e-06
Timings{0}> 
Timings{0}> updateLayout........ Wall max = 0.00462276
Timings{0}>                      Wall avg = 0.00456443
Timings{0}>                      Wall min = 0.00450914
Timings{0}> 
Timings{0}> updatePB............ Wall max =  2.966e-06
Timings{0}>                      Wall avg = 2.73775e-06
Timings{0}>                      Wall min =  2.504e-06
Timings{0}> 
Timings{0}> particlesCreation... Wall max =   0.124312
Timings{0}>                      Wall avg =   0.124167
Timings{0}>                      Wall min =   0.124026
Timings{0}> 
Timings{0}> solveWarmup......... Wall max =  0.0733983
Timings{0}>                      Wall avg =  0.0733921
Timings{0}>                      Wall min =  0.0733888
Timings{0}> 
Timings{0}> PCG iter............ Wall max =    48.5149
Timings{0}>                      Wall avg =    48.5143
Timings{0}>                      Wall min =    48.5139
Timings{0}> 
Timings{0}> Preconditioner...... Wall max =    23.3878
Timings{0}>                      Wall avg =    21.8768
Timings{0}>                      Wall min =    20.4832
Timings{0}> 
Timings{0}> scatter............. Wall max =   0.197151
Timings{0}>                      Wall avg =   0.192488
Timings{0}>                      Wall min =   0.187834
Timings{0}> 
Timings{0}> accumulateHalo...... Wall max =  0.0541291
Timings{0}>                      Wall avg =  0.0501685
Timings{0}>                      Wall min =  0.0462433
Timings{0}> 
Timings{0}> solve............... Wall max =    48.9357
Timings{0}>                      Wall avg =    48.9357
Timings{0}>                      Wall min =    48.9356
Timings{0}> 
Timings{0}> fillHalo............ Wall max =  0.0673443
Timings{0}>                      Wall avg =  0.0672224
Timings{0}>                      Wall min =  0.0670883
Timings{0}> 
Timings{0}> gather.............. Wall max =   0.273268
Timings{0}>                      Wall avg =   0.270925
Timings{0}>                      Wall min =   0.268483
Timings{0}> 
Timings{0}> dumpData............ Wall max =  0.0176133
Timings{0}>                      Wall avg =  0.0148953
Timings{0}>                      Wall min =  0.0122143
Timings{0}> 
Timings{0}> pushVelocity........ Wall max =  0.0710271
Timings{0}>                      Wall avg =  0.0705347
Timings{0}>                      Wall min =  0.0700372
Timings{0}> 
Timings{0}> pushPosition........ Wall max =  0.0357894
Timings{0}>                      Wall avg =  0.0355318
Timings{0}>                      Wall min =   0.035264
Timings{0}> 
Timings{0}> update.............. Wall max =   0.807264
Timings{0}>                      Wall avg =    0.80509
Timings{0}>                      Wall min =     0.8026
Timings{0}> 
Timings{0}> particleBC.......... Wall max =  0.0727077
Timings{0}>                      Wall avg =  0.0721959
Timings{0}>                      Wall min =  0.0716839
Timings{0}> 
Timings{0}> updateParticle...... Wall max =   0.687666
Timings{0}>                      Wall avg =   0.676082
Timings{0}>                      Wall min =   0.659859
Timings{0}> 
Timings{0}> locateParticles..... Wall max =   0.398127
Timings{0}>                      Wall avg =   0.373217
Timings{0}>                      Wall min =   0.348364
Timings{0}> 
Timings{0}> sendPreprocess...... Wall max =   0.107021
Timings{0}>                      Wall avg =  0.0812161
Timings{0}>                      Wall min =  0.0553512
Timings{0}> 
Timings{0}> particleSend........ Wall max =  0.0891303
Timings{0}>                      Wall avg =   0.080393
Timings{0}>                      Wall min =  0.0753581
Timings{0}> 
Timings{0}> particleDestroy..... Wall max =  0.0254081
Timings{0}>                      Wall avg =    0.02492
Timings{0}>                      Wall min =  0.0244064
Timings{0}> 
Timings{0}> particleRecv........ Wall max =   0.128475
Timings{0}>                      Wall avg =   0.115833
Timings{0}>                      Wall min =   0.104167
Timings{0}> 
Timings{0}> ---------------------------------------------
