Warning: Option '256' is not parsed by Ippl.
Warning: Option '256' is not parsed by Ippl.
Warning: Option '256' is not parsed by Ippl.
Warning: Option '134217728' is not parsed by Ippl.
Warning: Option '20' is not parsed by Ippl.
Warning: Option 'CG' is not parsed by Ippl.
Warning: Option '0.05' is not parsed by Ippl.
Warning: Option 'LeapFrog' is not parsed by Ippl.
Pre Run{0}> Discretization:
Pre Run{0}> nt 20 Np= 134217728 grid = ( 256 , 256 , 256 )
Initialize Particles{0}> Starting first repartition
Initialize Particles{0}> particles created and initial conditions assigned 
residue,iterations
scatter {0}> 1.1458e-16
7.98141e-08,824
time, Ex_field_energy, Ex_max_norm
0.0000000000000000e+00 9.8877376123711542e+00 1.1727450148371897e-01
LandauDamping{0}> Starting iterations ...
Pre-step{0}> Done
scatter {0}> 0
8.14329e-08,766
2.4543692606170259e-02 9.8805452278080939e+00 1.1760449404768993e-01
Post-step:{0}> Finished time step: 1 time: 0.0245437
Pre-step{0}> Done
scatter {0}> 1.1458e-16
8.20266e-08,766
4.9087385212340517e-02 9.8584603701743294e+00 1.1672629339719318e-01
Post-step:{0}> Finished time step: 2 time: 0.0490874
Pre-step{0}> Done
scatter {0}> 0
7.96289e-08,767
7.3631077818510776e-02 9.8215834839852239e+00 1.1653171538208515e-01
Post-step:{0}> Finished time step: 3 time: 0.0736311
Pre-step{0}> Done
scatter {0}> 0
8.0349e-08,767
9.8174770424681035e-02 9.7700253251286053e+00 1.1837782150137684e-01
Post-step:{0}> Finished time step: 4 time: 0.0981748
Pre-step{0}> Done
scatter {0}> 0
8.10273e-08,767
1.2271846303085129e-01 9.7039714522460159e+00 1.1466071882178934e-01
Post-step:{0}> Finished time step: 5 time: 0.122718
Pre-step{0}> Done
scatter {0}> 0
8.15449e-08,767
1.4726215563702155e-01 9.6236357948516726e+00 1.1414371987425237e-01
Post-step:{0}> Finished time step: 6 time: 0.147262
Pre-step{0}> Done
scatter {0}> 0
8.18946e-08,767
1.7180584824319181e-01 9.5292637348088149e+00 1.1413381565725897e-01
Post-step:{0}> Finished time step: 7 time: 0.171806
Pre-step{0}> Done
scatter {0}> 1.1458e-16
8.22641e-08,767
1.9634954084936207e-01 9.4211790985484445e+00 1.1388625021470512e-01
Post-step:{0}> Finished time step: 8 time: 0.19635
Pre-step{0}> Done
scatter {0}> 0
7.93233e-08,768
2.2089323345553233e-01 9.2997293563646153e+00 1.1347591766609837e-01
Post-step:{0}> Finished time step: 9 time: 0.220893
Pre-step{0}> Done
scatter {0}> 1.1458e-16
7.94568e-08,768
2.4543692606170259e-01 9.1653414204504831e+00 1.1205835670000777e-01
Post-step:{0}> Finished time step: 10 time: 0.245437
Pre-step{0}> Done
scatter {0}> 0
7.94147e-08,768
2.6998061866787282e-01 9.0184307974013489e+00 1.1146544047648936e-01
Post-step:{0}> Finished time step: 11 time: 0.269981
Pre-step{0}> Done
scatter {0}> 0
7.94635e-08,768
2.9452431127404310e-01 8.8594830652576650e+00 1.1107155875540627e-01
Post-step:{0}> Finished time step: 12 time: 0.294524
Pre-step{0}> Done
scatter {0}> 1.1458e-16
7.93015e-08,768
3.1906800388021339e-01 8.6890299056437641e+00 1.0950826584888655e-01
Post-step:{0}> Finished time step: 13 time: 0.319068
Pre-step{0}> Done
scatter {0}> 0
8.21613e-08,767
3.4361169648638368e-01 8.5076366084084221e+00 1.0957460935291841e-01
Post-step:{0}> Finished time step: 14 time: 0.343612
Pre-step{0}> Done
scatter {0}> 1.1458e-16
8.1878e-08,767
3.6815538909255396e-01 8.3158788772009409e+00 1.0680362476639682e-01
Post-step:{0}> Finished time step: 15 time: 0.368155
Pre-step{0}> Done
scatter {0}> 0
8.16333e-08,767
3.9269908169872425e-01 8.1143923466283780e+00 1.0661863153554184e-01
Post-step:{0}> Finished time step: 16 time: 0.392699
Pre-step{0}> Done
scatter {0}> 0
8.13479e-08,767
4.1724277430489454e-01 7.9038325621285388e+00 1.0456242402492812e-01
Post-step:{0}> Finished time step: 17 time: 0.417243
Pre-step{0}> Done
scatter {0}> 0
8.09976e-08,767
4.4178646691106482e-01 7.6848602811141351e+00 1.0307276001552862e-01
Post-step:{0}> Finished time step: 18 time: 0.441786
Pre-step{0}> Done
scatter {0}> 1.1458e-16
8.07554e-08,767
4.6633015951723511e-01 7.4581701294983889e+00 1.0193488238885826e-01
Post-step:{0}> Finished time step: 19 time: 0.46633
Pre-step{0}> Done
scatter {0}> 1.1458e-16
8.05731e-08,767
4.9087385212340540e-01 7.2245065347722326e+00 1.0081353800936840e-01
Post-step:{0}> Finished time step: 20 time: 0.490874
LandauDamping{0}> End.
Timings{0}> ---------------------------------------------
Timings{0}>      Timing results for 8 nodes:
Timings{0}> ---------------------------------------------
Timings{0}> total............... Wall tot =    53.4226
Timings{0}> 
Timings{0}> findInternal........ Wall max = 6.2449e-05
Timings{0}>                      Wall avg = 5.1448e-05
Timings{0}>                      Wall min = 4.3993e-05
Timings{0}> 
Timings{0}> findPeriodic........ Wall max = 7.6737e-05
Timings{0}>                      Wall avg = 7.09497e-05
Timings{0}>                      Wall min = 6.5475e-05
Timings{0}> 
Timings{0}> loadBalance......... Wall max =  0.0366766
Timings{0}>                      Wall avg =  0.0366671
Timings{0}>                      Wall min =  0.0366568
Timings{0}> 
Timings{0}> basicOperations..... Wall max = 0.00153703
Timings{0}>                      Wall avg = 0.00139654
Timings{0}>                      Wall min = 0.00126516
Timings{0}> 
Timings{0}> perpReduction....... Wall max =  0.0211644
Timings{0}>                      Wall avg =  0.0172679
Timings{0}>                      Wall min =  0.0134321
Timings{0}> 
Timings{0}> allReduce........... Wall max =  0.0179676
Timings{0}>                      Wall avg =  0.0135636
Timings{0}>                      Wall min = 0.00913331
Timings{0}> 
Timings{0}> scatterR............ Wall max =  3.526e-06
Timings{0}>                      Wall avg = 3.07962e-06
Timings{0}>                      Wall min =  2.946e-06
Timings{0}> 
Timings{0}> updateLayout........ Wall max = 0.00164063
Timings{0}>                      Wall avg = 0.00150962
Timings{0}>                      Wall min = 0.00137006
Timings{0}> 
Timings{0}> updatePB............ Wall max =  2.975e-06
Timings{0}>                      Wall avg = 2.77013e-06
Timings{0}>                      Wall min =  2.585e-06
Timings{0}> 
Timings{0}> particlesCreation... Wall max =   0.102337
Timings{0}>                      Wall avg =   0.102335
Timings{0}>                      Wall min =   0.102334
Timings{0}> 
Timings{0}> solveWarmup......... Wall max =   0.104182
Timings{0}>                      Wall avg =   0.104168
Timings{0}>                      Wall min =   0.104159
Timings{0}> 
Timings{0}> scatter............. Wall max =   0.044147
Timings{0}>                      Wall avg =  0.0438806
Timings{0}>                      Wall min =  0.0434116
Timings{0}> 
Timings{0}> accumulateHalo...... Wall max =  0.0512978
Timings{0}>                      Wall avg =  0.0485468
Timings{0}>                      Wall min =  0.0464327
Timings{0}> 
Timings{0}> solve............... Wall max =    51.3796
Timings{0}>                      Wall avg =    51.3796
Timings{0}>                      Wall min =    51.3795
Timings{0}> 
Timings{0}> CG_loop............. Wall max =    51.1494
Timings{0}>                      Wall avg =    51.1473
Timings{0}>                      Wall min =    51.1453
Timings{0}> 
Timings{0}> fillHalo............ Wall max =   0.089244
Timings{0}>                      Wall avg =  0.0821581
Timings{0}>                      Wall min =   0.078869
Timings{0}> 
Timings{0}> gather.............. Wall max =   0.105095
Timings{0}>                      Wall avg =   0.104073
Timings{0}>                      Wall min =   0.102713
Timings{0}> 
Timings{0}> dumpData............ Wall max =  0.0223705
Timings{0}>                      Wall avg =  0.0176989
Timings{0}>                      Wall min = 0.00952845
Timings{0}> 
Timings{0}> pushVelocity........ Wall max =  0.0357232
Timings{0}>                      Wall avg =  0.0354013
Timings{0}>                      Wall min =  0.0350907
Timings{0}> 
Timings{0}> pushPosition........ Wall max =  0.0181263
Timings{0}>                      Wall avg =  0.0179432
Timings{0}>                      Wall min =  0.0177766
Timings{0}> 
Timings{0}> update.............. Wall max =   0.833936
Timings{0}>                      Wall avg =   0.827518
Timings{0}>                      Wall min =   0.820726
Timings{0}> 
Timings{0}> particleBC.......... Wall max =  0.0366176
Timings{0}>                      Wall avg =  0.0363255
Timings{0}>                      Wall min =  0.0360284
Timings{0}> 
Timings{0}> updateParticle...... Wall max =     0.7642
Timings{0}>                      Wall avg =   0.732612
Timings{0}>                      Wall min =   0.690946
Timings{0}> 
Timings{0}> locateParticles..... Wall max =   0.359451
Timings{0}>                      Wall avg =   0.343508
Timings{0}>                      Wall min =   0.320403
Timings{0}> 
Timings{0}> sendPreprocess...... Wall max =   0.120921
Timings{0}>                      Wall avg =  0.0973278
Timings{0}>                      Wall min =  0.0809056
Timings{0}> 
Timings{0}> particleSend........ Wall max =   0.170265
Timings{0}>                      Wall avg =   0.112678
Timings{0}>                      Wall min =  0.0941496
Timings{0}> 
Timings{0}> particleDestroy..... Wall max =   0.015161
Timings{0}>                      Wall avg =  0.0149496
Timings{0}>                      Wall min =  0.0147135
Timings{0}> 
Timings{0}> particleRecv........ Wall max =   0.186968
Timings{0}>                      Wall avg =   0.163647
Timings{0}>                      Wall min =    0.13828
Timings{0}> 
Timings{0}> ---------------------------------------------
