Warning: Option '256' is not parsed by Ippl.
Warning: Option '256' is not parsed by Ippl.
Warning: Option '256' is not parsed by Ippl.
Warning: Option '134217728' is not parsed by Ippl.
Warning: Option '20' is not parsed by Ippl.
Warning: Option 'CG' is not parsed by Ippl.
Warning: Option '0.05' is not parsed by Ippl.
Warning: Option 'LeapFrog' is not parsed by Ippl.
Pre Run{0}> Discretization:
Pre Run{0}> nt 20 Np= 134217728 grid = ( 256 , 256 , 256 )
Initialize Particles{0}> Starting first repartition
Initialize Particles{0}> particles created and initial conditions assigned 
residue,iterations
scatter {0}> 1.1458e-16
8.27487e-08,825
time, Ex_field_energy, Ex_max_norm
0.0000000000000000e+00 9.8934851575899820e+00 1.1697368334960667e-01
LandauDamping{0}> Starting iterations ...
Pre-step{0}> Done
scatter {0}> 0
8.19495e-08,766
2.4543692606170259e-02 9.8856493074409002e+00 1.1649800384148368e-01
Post-step:{0}> Finished time step: 1 time: 0.0245437
Pre-step{0}> Done
scatter {0}> 0
8.16478e-08,766
4.9087385212340517e-02 9.8629212967822024e+00 1.1621882881084243e-01
Post-step:{0}> Finished time step: 2 time: 0.0490874
Pre-step{0}> Done
scatter {0}> 0
8.12248e-08,766
7.3631077818510776e-02 9.8254089563736766e+00 1.1699661769626776e-01
Post-step:{0}> Finished time step: 3 time: 0.0736311
Pre-step{0}> Done
scatter {0}> 1.1458e-16
8.09224e-08,766
9.8174770424681035e-02 9.7732175059604760e+00 1.1671714448567667e-01
Post-step:{0}> Finished time step: 4 time: 0.0981748
Pre-step{0}> Done
scatter {0}> 0
8.06183e-08,766
1.2271846303085129e-01 9.7065640536974325e+00 1.1748420344734645e-01
Post-step:{0}> Finished time step: 5 time: 0.122718
Pre-step{0}> Done
scatter {0}> 0
8.03696e-08,766
1.4726215563702155e-01 9.6256568508967657e+00 1.1558222047039124e-01
Post-step:{0}> Finished time step: 6 time: 0.147262
Pre-step{0}> Done
scatter {0}> 0
8.00784e-08,766
1.7180584824319181e-01 9.5307794731684581e+00 1.1421940616770207e-01
Post-step:{0}> Finished time step: 7 time: 0.171806
Pre-step{0}> Done
scatter {0}> 1.1458e-16
7.97121e-08,766
1.9634954084936207e-01 9.4222337871926047e+00 1.1616809349052257e-01
Post-step:{0}> Finished time step: 8 time: 0.19635
Pre-step{0}> Done
scatter {0}> 0
8.24268e-08,765
2.2089323345553233e-01 9.3003477342614609e+00 1.1355814664291967e-01
Post-step:{0}> Finished time step: 9 time: 0.220893
Pre-step{0}> Done
scatter {0}> 0
8.20355e-08,765
2.4543692606170259e-01 9.1655360572317104e+00 1.1252293911226012e-01
Post-step:{0}> Finished time step: 10 time: 0.245437
Pre-step{0}> Done
scatter {0}> 0
8.16476e-08,765
2.6998061866787282e-01 9.0182420260366083e+00 1.1395596749991491e-01
Post-step:{0}> Finished time step: 11 time: 0.269981
Pre-step{0}> Done
scatter {0}> 0
8.12809e-08,765
2.9452431127404310e-01 8.8589428009214100e+00 1.1195048002926439e-01
Post-step:{0}> Finished time step: 12 time: 0.294524
Pre-step{0}> Done
scatter {0}> 0
8.09497e-08,765
3.1906800388021339e-01 8.6881742262629018e+00 1.1080978438007642e-01
Post-step:{0}> Finished time step: 13 time: 0.319068
Pre-step{0}> Done
scatter {0}> 1.1458e-16
8.07445e-08,765
3.4361169648638368e-01 8.5064964513928842e+00 1.0875800559429416e-01
Post-step:{0}> Finished time step: 14 time: 0.343612
Pre-step{0}> Done
scatter {0}> 0
8.03208e-08,765
3.6815538909255396e-01 8.3144723429786200e+00 1.0844394565617645e-01
Post-step:{0}> Finished time step: 15 time: 0.368155
Pre-step{0}> Done
scatter {0}> 0
8.04281e-08,765
3.9269908169872425e-01 8.1127387176330910e+00 1.0683840475554794e-01
Post-step:{0}> Finished time step: 16 time: 0.392699
Pre-step{0}> Done
scatter {0}> 1.1458e-16
8.03516e-08,765
4.1724277430489454e-01 7.9019634355292752e+00 1.0659108269714548e-01
Post-step:{0}> Finished time step: 17 time: 0.417243
Pre-step{0}> Done
scatter {0}> 0
8.07567e-08,765
4.4178646691106482e-01 7.6828346531907998e+00 1.0361288284299287e-01
Post-step:{0}> Finished time step: 18 time: 0.441786
Pre-step{0}> Done
scatter {0}> 0
8.11608e-08,765
4.6633015951723511e-01 7.4560153281505759e+00 1.0146288757843185e-01
Post-step:{0}> Finished time step: 19 time: 0.46633
Pre-step{0}> Done
scatter {0}> 0
8.14683e-08,765
4.9087385212340540e-01 7.2222463027372248e+00 1.0050639184026687e-01
Post-step:{0}> Finished time step: 20 time: 0.490874
LandauDamping{0}> End.
Timings{0}> ---------------------------------------------
Timings{0}>      Timing results for 2 nodes:
Timings{0}> ---------------------------------------------
Timings{0}> total............... Wall tot =    66.2057
Timings{0}> 
Timings{0}> findInternal........ Wall max = 1.5869e-05
Timings{0}>                      Wall avg = 1.4097e-05
Timings{0}>                      Wall min = 1.2325e-05
Timings{0}> 
Timings{0}> findPeriodic........ Wall max = 3.9224e-05
Timings{0}>                      Wall avg = 3.25265e-05
Timings{0}>                      Wall min = 2.5829e-05
Timings{0}> 
Timings{0}> loadBalance......... Wall max =  0.0229713
Timings{0}>                      Wall avg =   0.022968
Timings{0}>                      Wall min =  0.0229648
Timings{0}> 
Timings{0}> basicOperations..... Wall max = 0.000892719
Timings{0}>                      Wall avg = 0.000874318
Timings{0}>                      Wall min = 0.000855917
Timings{0}> 
Timings{0}> perpReduction....... Wall max =  0.0118894
Timings{0}>                      Wall avg =  0.0118443
Timings{0}>                      Wall min =  0.0117992
Timings{0}> 
Timings{0}> allReduce........... Wall max = 0.000130507
Timings{0}>                      Wall avg = 0.000115965
Timings{0}>                      Wall min = 0.000101422
Timings{0}> 
Timings{0}> scatterR............ Wall max =  2.965e-06
Timings{0}>                      Wall avg =   2.77e-06
Timings{0}>                      Wall min =  2.575e-06
Timings{0}> 
Timings{0}> updateLayout........ Wall max = 0.00828647
Timings{0}>                      Wall avg = 0.00826635
Timings{0}>                      Wall min = 0.00824622
Timings{0}> 
Timings{0}> updatePB............ Wall max =  2.916e-06
Timings{0}>                      Wall avg = 2.7055e-06
Timings{0}>                      Wall min =  2.495e-06
Timings{0}> 
Timings{0}> particlesCreation... Wall max =   0.131469
Timings{0}>                      Wall avg =   0.131433
Timings{0}>                      Wall min =   0.131398
Timings{0}> 
Timings{0}> solveWarmup......... Wall max =  0.0619687
Timings{0}>                      Wall avg =   0.061965
Timings{0}>                      Wall min =  0.0619614
Timings{0}> 
Timings{0}> scatter............. Wall max =   0.863886
Timings{0}>                      Wall avg =   0.853115
Timings{0}>                      Wall min =   0.842343
Timings{0}> 
Timings{0}> accumulateHalo...... Wall max =  0.0665106
Timings{0}>                      Wall avg =  0.0557459
Timings{0}>                      Wall min =  0.0449812
Timings{0}> 
Timings{0}> solve............... Wall max =     62.518
Timings{0}>                      Wall avg =    62.5179
Timings{0}>                      Wall min =    62.5179
Timings{0}> 
Timings{0}> CG_loop............. Wall max =     62.097
Timings{0}>                      Wall avg =    62.0964
Timings{0}>                      Wall min =    62.0958
Timings{0}> 
Timings{0}> fillHalo............ Wall max =   0.049853
Timings{0}>                      Wall avg =  0.0498365
Timings{0}>                      Wall min =  0.0498199
Timings{0}> 
Timings{0}> gather.............. Wall max =   0.614384
Timings{0}>                      Wall avg =   0.609689
Timings{0}>                      Wall min =   0.604994
Timings{0}> 
Timings{0}> dumpData............ Wall max =  0.0298804
Timings{0}>                      Wall avg =  0.0246652
Timings{0}>                      Wall min =    0.01945
Timings{0}> 
Timings{0}> pushVelocity........ Wall max =   0.141925
Timings{0}>                      Wall avg =   0.140986
Timings{0}>                      Wall min =   0.140047
Timings{0}> 
Timings{0}> pushPosition........ Wall max =  0.0712349
Timings{0}>                      Wall avg =   0.070743
Timings{0}>                      Wall min =  0.0702511
Timings{0}> 
Timings{0}> update.............. Wall max =   0.912409
Timings{0}>                      Wall avg =   0.912383
Timings{0}>                      Wall min =   0.912358
Timings{0}> 
Timings{0}> particleBC.......... Wall max =   0.145043
Timings{0}>                      Wall avg =   0.143979
Timings{0}>                      Wall min =   0.142915
Timings{0}> 
Timings{0}> updateParticle...... Wall max =   0.700346
Timings{0}>                      Wall avg =    0.69862
Timings{0}>                      Wall min =   0.696894
Timings{0}> 
Timings{0}> locateParticles..... Wall max =   0.489145
Timings{0}>                      Wall avg =   0.478322
Timings{0}>                      Wall min =   0.467498
Timings{0}> 
Timings{0}> sendPreprocess...... Wall max =  0.0672861
Timings{0}>                      Wall avg =  0.0543889
Timings{0}>                      Wall min =  0.0414917
Timings{0}> 
Timings{0}> particleSend........ Wall max =   0.048522
Timings{0}>                      Wall avg =  0.0481992
Timings{0}>                      Wall min =  0.0478764
Timings{0}> 
Timings{0}> particleDestroy..... Wall max =  0.0421555
Timings{0}>                      Wall avg =  0.0418909
Timings{0}>                      Wall min =  0.0416263
Timings{0}> 
Timings{0}> particleRecv........ Wall max =  0.0756086
Timings{0}>                      Wall avg =  0.0753704
Timings{0}>                      Wall min =  0.0751322
Timings{0}> 
Timings{0}> ---------------------------------------------
