\BOOKMARK [0][-]{chapter.1}{\376\377\000I\000n\000t\000r\000o\000d\000u\000c\000t\000i\000o\000n}{}% 1
\BOOKMARK [1][-]{section.1.1}{\376\377\000D\000i\000m\000e\000n\000s\000i\000o\000n\000\040\000a\000n\000a\000l\000y\000s\000i\000s}{chapter.1}% 2
\BOOKMARK [2][-]{subsection.1.1.1}{\376\377\000P\000l\000a\000n\000c\000k\000\040\000u\000n\000i\000t\000s}{section.1.1}% 3
\BOOKMARK [0][-]{chapter.2}{\376\377\000G\000o\000v\000e\000r\000n\000i\000n\000g\000\040\000e\000q\000u\000a\000t\000i\000o\000n\000s}{}% 4
\BOOKMARK [1][-]{section.2.1}{\376\377\000W\000a\000v\000e\000\040\000e\000q\000u\000a\000t\000i\000o\000n}{chapter.2}% 5
\BOOKMARK [2][-]{subsection.2.1.1}{\376\377\000M\000a\000x\000w\000e\000l\000l}{section.2.1}% 6
\BOOKMARK [2][-]{subsection.2.1.2}{\376\377\000B\000o\000u\000n\000d\000a\000r\000y\000\040\000C\000o\000n\000d\000i\000t\000i\000o\000n\000s\000\040}{section.2.1}% 7
\BOOKMARK [2][-]{subsection.2.1.3}{\376\377\000F\000a\000c\000t\000o\000r\000i\000z\000a\000t\000i\000o\000n}{section.2.1}% 8
\BOOKMARK [2][-]{subsection.2.1.4}{\376\377\000T\000h\000e\000\040\000D\000i\000r\000a\000c\000\040\000e\000q\000u\000a\000t\000i\000o\000n}{section.2.1}% 9
\BOOKMARK [2][-]{subsection.2.1.5}{\376\377\000T\000r\000a\000n\000s\000f\000o\000r\000m\000i\000n\000g\000\040\000t\000h\000e\000\040\000f\000i\000e\000l\000d\000s\000\040}{section.2.1}% 10
\BOOKMARK [1][-]{section.2.2}{\376\377\000I\000n\000i\000t\000i\000a\000l\000\040\000c\000o\000n\000d\000i\000t\000i\000o\000n\000s}{chapter.2}% 11
\BOOKMARK [2][-]{subsection.2.2.1}{\376\377\000E\000l\000e\000c\000t\000r\000o\000s\000t\000a\000t\000i\000c\000\040\000i\000n\000i\000t\000i\000a\000l\000\040\000c\000o\000n\000d\000i\000t\000i\000o\000n\000s\000\040}{section.2.2}% 12
\BOOKMARK [2][-]{subsection.2.2.2}{\376\377\000B\000o\000o\000s\000t\000e\000d\000\040\000e\000l\000e\000c\000t\000r\000o\000s\000t\000a\000t\000i\000c\000\040\000i\000n\000i\000t\000i\000a\000l\000\040\000c\000o\000n\000d\000i\000t\000i\000o\000n\000s}{section.2.2}% 13
\BOOKMARK [2][-]{subsection.2.2.3}{\376\377\000L\000i\000\351\000n\000a\000r\000d\000\040\000-\000W\000i\000e\000c\000h\000e\000r\000t\000\040\000p\000o\000t\000e\000n\000t\000i\000a\000l\000s}{section.2.2}% 14
\BOOKMARK [1][-]{section.2.3}{\376\377\000L\000o\000r\000e\000n\000t\000z\000\040\000F\000o\000r\000c\000e}{chapter.2}% 15
\BOOKMARK [2][-]{subsection.2.3.1}{\376\377\000R\000e\000l\000a\000t\000i\000v\000i\000s\000t\000i\000c\000\040\000l\000i\000m\000i\000t\000\040}{section.2.3}% 16
\BOOKMARK [0][-]{chapter.3}{\376\377\000D\000i\000s\000c\000r\000e\000t\000i\000z\000a\000t\000i\000o\000n}{}% 17
\BOOKMARK [1][-]{section.3.1}{\376\377\000F\000i\000n\000i\000t\000e\000\040\000D\000i\000f\000f\000e\000r\000e\000n\000c\000e\000\040\000T\000i\000m\000e\000\040\000D\000o\000m\000a\000i\000n}{chapter.3}% 18
\BOOKMARK [2][-]{subsection.3.1.1}{\376\377\000F\000D\000T\000D\000\040\000D\000i\000s\000c\000r\000e\000t\000i\000z\000a\000t\000i\000o\000n}{section.3.1}% 19
\BOOKMARK [2][-]{subsection.3.1.2}{\376\377\000A\000c\000c\000u\000r\000a\000c\000y\000\040\000A\000n\000a\000l\000y\000s\000i\000s\000\040}{section.3.1}% 20
\BOOKMARK [2][-]{subsection.3.1.3}{\376\377\000N\000u\000m\000e\000r\000i\000c\000a\000l\000\040\000D\000i\000s\000p\000e\000r\000s\000i\000o\000n}{section.3.1}% 21
\BOOKMARK [2][-]{subsection.3.1.4}{\376\377\000B\000o\000u\000n\000d\000a\000r\000y\000\040\000c\000o\000n\000d\000i\000t\000i\000o\000n\000\040}{section.3.1}% 22
\BOOKMARK [2][-]{subsection.3.1.5}{\376\377\000H\000i\000g\000h\000\040\000f\000r\000e\000q\000u\000e\000n\000c\000y\000\040\000p\000r\000o\000b\000l\000e\000m\000s}{section.3.1}% 23
\BOOKMARK [1][-]{section.3.2}{\376\377\000P\000a\000r\000t\000i\000c\000l\000e\000\040\000I\000n\000\040\000C\000e\000l\000l}{chapter.3}% 24
\BOOKMARK [2][-]{subsection.3.2.1}{\376\377\000B\000o\000r\000i\000s\000\040\000P\000u\000s\000h\000e\000r}{section.3.2}% 25
\BOOKMARK [2][-]{subsection.3.2.2}{\376\377\000Q\000u\000a\000n\000t\000i\000t\000y\000\040\000I\000n\000t\000e\000r\000p\000o\000l\000a\000t\000i\000o\000n}{section.3.2}% 26
\BOOKMARK [2][-]{subsection.3.2.3}{\376\377\000C\000u\000r\000r\000e\000n\000t\000\040\000d\000e\000p\000o\000s\000i\000t\000i\000o\000n\000\040}{section.3.2}% 27
\BOOKMARK [2][-]{subsection.3.2.4}{\376\377\000C\000h\000a\000r\000g\000e\000-\000c\000o\000n\000s\000e\000r\000v\000i\000n\000g\000\040\000c\000u\000r\000r\000e\000n\000t\000\040\000d\000e\000p\000o\000s\000i\000t\000i\000o\000n\000\040\000s\000c\000h\000e\000m\000e\000s}{section.3.2}% 28
\BOOKMARK [0][-]{chapter.4}{\376\377\000S\000i\000m\000u\000l\000a\000t\000i\000o\000n\000\040\000o\000f\000\040\000F\000r\000e\000e\000\040\000E\000l\000e\000c\000t\000r\000o\000n}{}% 29
\BOOKMARK [1][-]{section.4.1}{\376\377\000I\000n\000p\000u\000t\000\040\000P\000a\000r\000a\000m\000e\000t\000e\000r\000s}{chapter.4}% 30
\BOOKMARK [2][-]{subsection.4.1.1}{\376\377\000U\000n\000d\000u\000l\000a\000t\000o\000r}{section.4.1}% 31
\BOOKMARK [2][-]{subsection.4.1.2}{\376\377\000B\000u\000n\000c\000h}{section.4.1}% 32
\BOOKMARK [2][-]{subsection.4.1.3}{\376\377\000M\000e\000s\000h}{section.4.1}% 33
\BOOKMARK [1][-]{section.4.2}{\376\377\000L\000o\000r\000e\000n\000t\000z\000\040\000T\000r\000a\000n\000s\000f\000o\000r\000m\000\040}{chapter.4}% 34
\BOOKMARK [2][-]{subsection.4.2.1}{\376\377\000T\000r\000a\000n\000s\000f\000o\000r\000m\000i\000n\000g\000\040\000t\000h\000e\000\040\000b\000u\000n\000c\000h\000\040}{section.4.2}% 35
\BOOKMARK [2][-]{subsection.4.2.2}{\376\377\000L\000a\000b\000o\000r\000a\000t\000o\000r\000y\000-\000B\000u\000n\000c\000h\000\040\000i\000n\000t\000e\000r\000a\000c\000t\000i\000o\000n\000s}{section.4.2}% 36
\BOOKMARK [0][-]{chapter.5}{\376\377\000I\000m\000p\000l\000e\000m\000e\000n\000t\000a\000t\000i\000o\000n}{}% 37
\BOOKMARK [1][-]{section.5.1}{\376\377\000P\000r\000o\000g\000r\000a\000m\000m\000i\000n\000g\000\040\000m\000o\000d\000e\000l}{chapter.5}% 38
\BOOKMARK [1][-]{section.5.2}{\376\377\000T\000h\000r\000e\000a\000d\000s}{chapter.5}% 39
\BOOKMARK [1][-]{section.5.3}{\376\377\000R\000a\000n\000k\000s}{chapter.5}% 40
\BOOKMARK [1][-]{section.5.4}{\376\377\000C\000u\000d\000a\000\040}{chapter.5}% 41
\BOOKMARK [2][-]{subsection.5.4.1}{\376\377\000I\000n\000s\000t\000r\000u\000c\000t\000i\000o\000n\000a\000l\000\040\000T\000h\000r\000o\000u\000g\000h\000p\000u\000t}{section.5.4}% 42
\BOOKMARK [2][-]{subsection.5.4.2}{\376\377\000M\000e\000m\000o\000r\000y\000\040\000T\000y\000p\000e\000s}{section.5.4}% 43
\BOOKMARK [1][-]{section.5.5}{\376\377\000P\000e\000r\000f\000o\000r\000m\000a\000n\000c\000e}{chapter.5}% 44
\BOOKMARK [2][-]{subsection.5.5.1}{\376\377\000M\000e\000m\000o\000r\000y\000\040\000L\000o\000c\000a\000l\000i\000t\000y}{section.5.5}% 45
\BOOKMARK [2][-]{subsection.5.5.2}{\376\377\000M\000e\000m\000o\000r\000y\000\040\000f\000o\000o\000t\000p\000r\000i\000n\000t}{section.5.5}% 46
\BOOKMARK [1][-]{section.5.6}{\376\377\000N\000u\000m\000e\000r\000i\000c\000a\000l\000l\000y\000\040\000S\000t\000a\000b\000l\000e\000\040\000R\000e\000d\000u\000c\000t\000i\000o\000n\000s}{chapter.5}% 47
\BOOKMARK [0][-]{chapter.6}{\376\377\000R\000e\000s\000u\000l\000t\000s}{}% 48
\BOOKMARK [1][-]{section.6.1}{\376\377\000S\000o\000u\000r\000c\000e\000-\000f\000r\000e\000e\000\040\000P\000l\000a\000n\000e\000\040\000W\000a\000v\000e}{chapter.6}% 49
\BOOKMARK [1][-]{section.6.2}{\376\377\000S\000o\000u\000r\000c\000e\000\040\000t\000e\000r\000m\000s}{chapter.6}% 50
\BOOKMARK [2][-]{subsection.6.2.1}{\376\377\000G\000a\000u\000s\000s\000\040\000'\000s\000\040\000L\000a\000w}{section.6.2}% 51
\BOOKMARK [2][-]{subsection.6.2.2}{\376\377\000A\000m\000p\000e\000r\000e\000\040\000'\000s\000\040\000L\000a\000w}{section.6.2}% 52
\BOOKMARK [2][-]{subsection.6.2.3}{\376\377\000R\000a\000d\000i\000a\000t\000i\000o\000n\000\040\000s\000a\000m\000p\000l\000i\000n\000g}{section.6.2}% 53
\BOOKMARK [1][-]{section.6.3}{\376\377\000F\000r\000e\000e\000\040\000E\000l\000e\000c\000t\000r\000o\000n\000\040\000L\000a\000s\000e\000r\000\040\000\050\000I\000n\000f\000r\000a\000r\000e\000d\000\051}{chapter.6}% 54
\BOOKMARK [2][-]{subsection.6.3.1}{\376\377\000F\000o\000r\000w\000a\000r\000d\000\040\000r\000a\000d\000i\000a\000t\000i\000o\000n}{section.6.3}% 55
\BOOKMARK [1][-]{section.6.4}{\376\377\000S\000c\000a\000l\000i\000n\000g}{chapter.6}% 56
\BOOKMARK [2][-]{subsection.6.4.1}{\376\377\000W\000e\000a\000k\000\040\000s\000c\000a\000l\000i\000n\000g\000\040}{section.6.4}% 57
\BOOKMARK [2][-]{subsection.6.4.2}{\376\377\000S\000t\000r\000o\000n\000g\000\040\000s\000c\000a\000l\000i\000n\000g\000\040}{section.6.4}% 58
\BOOKMARK [0][-]{chapter.7}{\376\377\000C\000o\000n\000c\000l\000u\000s\000i\000o\000n}{}% 59
\BOOKMARK [1][-]{section.7.1}{\376\377\000A\000c\000h\000i\000e\000v\000e\000d\000\040\000G\000o\000a\000l\000s}{chapter.7}% 60
\BOOKMARK [1][-]{section.7.2}{\376\377\000F\000u\000r\000t\000h\000e\000r\000\040\000R\000e\000s\000e\000a\000r\000c\000h}{chapter.7}% 61
