This file contains any messages produced by compilers while
running configure, to aid debugging if configure makes a mistake.

It was created by configure, which was
generated by GNU Autoconf 2.57.  Invocation command line was

  $ ./configure --prefix=/cluster/home/cprior/PyCosmo_SimGadget/ngenic/fftw-2.1.5/../local/fftw-2.1.5 --enable-shared --enable-mpi

## --------- ##
## Platform. ##
## --------- ##

hostname = eu-login-39
uname -m = x86_64
uname -r = 5.15.0-141-generic
uname -s = Linux
uname -v = #151-Ubuntu SMP Sun May 18 21:35:19 UTC 2025

/usr/bin/uname -p = x86_64
/bin/uname -X     = unknown

/bin/arch              = x86_64
/usr/bin/arch -k       = unknown
/usr/convex/getsysinfo = unknown
hostinfo               = unknown
/bin/machine           = unknown
/usr/bin/oslevel       = unknown
/bin/universe          = unknown

PATH: /cluster/software/stacks/2024-06/spack/opt/spack/linux-ubuntu22.04-x86_64_v3/gcc-12.2.0/gsl-2.7.1-y3rsoy4n2dbrmhdsghb4dmdmetvgfz7u/bin
PATH: /cluster/software/stacks/2024-06/spack/opt/spack/linux-ubuntu22.04-x86_64_v3/gcc-12.2.0/openmpi-4.1.6-carqrgaphesqd6gv2ei55htn6sxpngvt/bin
PATH: /cluster/software/stacks/2024-06/spack/opt/spack/linux-ubuntu22.04-x86_64_v3/gcc-11.4.0/gcc-12.2.0-bj2twcnwcownogkldo6ndfylxx5sqpbn/bin
PATH: /cluster/software/stacks/2024-06/sfos
PATH: /usr/local/sbin
PATH: /usr/local/bin
PATH: /usr/sbin
PATH: /usr/bin
PATH: /sbin
PATH: /bin
PATH: /cluster/software/bin
PATH: /cluster/apps/slurm/bin
PATH: /cluster/home/cprior/.local/bin
PATH: /cluster/home/cprior/bin


## ----------- ##
## Core tests. ##
## ----------- ##

configure:1500: checking for a BSD-compatible install
configure:1554: result: /cluster/software/stacks/2024-06/sfos/install -c
configure:1565: checking whether build environment is sane
configure:1608: result: yes
configure:1641: checking for gawk
configure:1657: found /cluster/software/stacks/2024-06/sfos/gawk
configure:1667: result: gawk
configure:1677: checking whether make sets $(MAKE)
configure:1697: result: yes
configure:1965: checking type prefix for installed files
configure:1976: result: (none)
configure:2063: checking for vendor's cc to be used instead of gcc
configure:2067: checking for cc
configure:2093: result: /cluster/software/stacks/2024-06/spack/opt/spack/linux-ubuntu22.04-x86_64_v3/gcc-11.4.0/gcc-12.2.0-bj2twcnwcownogkldo6ndfylxx5sqpbn/bin/gcc
configure:2417: checking for C compiler version
configure:2420: /cluster/software/stacks/2024-06/spack/opt/spack/linux-ubuntu22.04-x86_64_v3/gcc-11.4.0/gcc-12.2.0-bj2twcnwcownogkldo6ndfylxx5sqpbn/bin/gcc --version </dev/null >&5
gcc (Spack GCC) 12.2.0
Copyright (C) 2022 Free Software Foundation, Inc.
This is free software; see the source for copying conditions.  There is NO
warranty; not even for MERCHANTABILITY or FITNESS FOR A PARTICULAR PURPOSE.

configure:2423: $? = 0
configure:2425: /cluster/software/stacks/2024-06/spack/opt/spack/linux-ubuntu22.04-x86_64_v3/gcc-11.4.0/gcc-12.2.0-bj2twcnwcownogkldo6ndfylxx5sqpbn/bin/gcc -v </dev/null >&5
Reading specs from /cluster/software/stacks/2024-06/spack/opt/spack/linux-ubuntu22.04-x86_64_v3/gcc-11.4.0/gcc-12.2.0-bj2twcnwcownogkldo6ndfylxx5sqpbn/lib/gcc/x86_64-pc-linux-gnu/12.2.0/specs
COLLECT_GCC=/cluster/software/stacks/2024-06/spack/opt/spack/linux-ubuntu22.04-x86_64_v3/gcc-11.4.0/gcc-12.2.0-bj2twcnwcownogkldo6ndfylxx5sqpbn/bin/gcc
COLLECT_LTO_WRAPPER=/cluster/software/stacks/2024-06/spack/opt/spack/linux-ubuntu22.04-x86_64_v3/gcc-11.4.0/gcc-12.2.0-bj2twcnwcownogkldo6ndfylxx5sqpbn/libexec/gcc/x86_64-pc-linux-gnu/12.2.0/lto-wrapper
Target: x86_64-pc-linux-gnu
Configured with: /dev/shm/ngapps/spack-stage-gcc-12.2.0-bj2twcnwcownogkldo6ndfylxx5sqpbn/spack-src/configure --prefix=/cluster/software/stacks/2024-06/spack/opt/spack/linux-ubuntu22.04-x86_64_v3/gcc-11.4.0/gcc-12.2.0-bj2twcnwcownogkldo6ndfylxx5sqpbn --with-pkgversion='Spack GCC' --with-bugurl=https://github.com/spack/spack/issues --disable-multilib --enable-languages=c,c++,fortran --disable-nls --disable-canonical-system-headers --with-system-zlib --with-zstd-include=/cluster/software/stacks/2024-06/spack/opt/spack/linux-ubuntu22.04-x86_64_v3/gcc-11.4.0/zstd-1.5.5-elqdouitcz4to6czm3huuq5rhfredf4h/include --with-zstd-lib=/cluster/software/stacks/2024-06/spack/opt/spack/linux-ubuntu22.04-x86_64_v3/gcc-11.4.0/zstd-1.5.5-elqdouitcz4to6czm3huuq5rhfredf4h/lib --enable-bootstrap --with-mpfr-include=/cluster/software/stacks/2024-06/spack/opt/spack/linux-ubuntu22.04-x86_64_v3/gcc-11.4.0/mpfr-4.2.0-sdmdxaw4pn73kcfpdwarez4du3rrccda/include --with-mpfr-lib=/cluster/software/stacks/2024-06/spack/opt/spack/linux-ubuntu22.04-x86_64_v3/gcc-11.4.0/mpfr-4.2.0-sdmdxaw4pn73kcfpdwarez4du3rrccda/lib --with-gmp-include=/cluster/software/stacks/2024-06/spack/opt/spack/linux-ubuntu22.04-x86_64_v3/gcc-11.4.0/gmp-6.2.1-o4araxaq53wvo47f5ncm6yhc2vymjohu/include --with-gmp-lib=/cluster/software/stacks/2024-06/spack/opt/spack/linux-ubuntu22.04-x86_64_v3/gcc-11.4.0/gmp-6.2.1-o4araxaq53wvo47f5ncm6yhc2vymjohu/lib --with-mpc-include=/cluster/software/stacks/2024-06/spack/opt/spack/linux-ubuntu22.04-x86_64_v3/gcc-11.4.0/mpc-1.3.1-bi5o3nzo6mhlb2smuxezglvzg4lqzx5h/include --with-mpc-lib=/cluster/software/stacks/2024-06/spack/opt/spack/linux-ubuntu22.04-x86_64_v3/gcc-11.4.0/mpc-1.3.1-bi5o3nzo6mhlb2smuxezglvzg4lqzx5h/lib --without-isl --with-stage1-ldflags='-Wl,-rpath,/cluster/software/stacks/2024-06/spack/opt/spack/linux-ubuntu22.04-x86_64_v3/gcc-11.4.0/gcc-12.2.0-bj2twcnwcownogkldo6ndfylxx5sqpbn/lib -Wl,-rpath,/cluster/software/stacks/2024-06/spack/opt/spack/linux-ubuntu22.04-x86_64_v3/gcc-11.4.0/gcc-12.2.0-bj2twcnwcownogkldo6ndfylxx5sqpbn/lib64 -Wl,-rpath,/cluster/software/stacks/2024-06/spack/opt/spack/linux-ubuntu22.04-x86_64_v3/gcc-11.4.0/gmp-6.2.1-o4araxaq53wvo47f5ncm6yhc2vymjohu/lib -Wl,-rpath,/cluster/software/stacks/2024-06/spack/opt/spack/linux-ubuntu22.04-x86_64_v3/gcc-11.4.0/mpc-1.3.1-bi5o3nzo6mhlb2smuxezglvzg4lqzx5h/lib -Wl,-rpath,/cluster/software/stacks/2024-06/spack/opt/spack/linux-ubuntu22.04-x86_64_v3/gcc-11.4.0/mpfr-4.2.0-sdmdxaw4pn73kcfpdwarez4du3rrccda/lib -Wl,-rpath,/cluster/software/stacks/2024-06/spack/opt/spack/linux-ubuntu22.04-x86_64_v3/gcc-11.4.0/zlib-ng-2.1.4-klffdjietfwc57wcqgb65atshwaufwjv/lib -Wl,-rpath,/cluster/software/stacks/2024-06/spack/opt/spack/linux-ubuntu22.04-x86_64_v3/gcc-11.4.0/zstd-1.5.5-elqdouitcz4to6czm3huuq5rhfredf4h/lib' --with-boot-ldflags='-Wl,-rpath,/cluster/software/stacks/2024-06/spack/opt/spack/linux-ubuntu22.04-x86_64_v3/gcc-11.4.0/gcc-12.2.0-bj2twcnwcownogkldo6ndfylxx5sqpbn/lib -Wl,-rpath,/cluster/software/stacks/2024-06/spack/opt/spack/linux-ubuntu22.04-x86_64_v3/gcc-11.4.0/gcc-12.2.0-bj2twcnwcownogkldo6ndfylxx5sqpbn/lib64 -Wl,-rpath,/cluster/software/stacks/2024-06/spack/opt/spack/linux-ubuntu22.04-x86_64_v3/gcc-11.4.0/gmp-6.2.1-o4araxaq53wvo47f5ncm6yhc2vymjohu/lib -Wl,-rpath,/cluster/software/stacks/2024-06/spack/opt/spack/linux-ubuntu22.04-x86_64_v3/gcc-11.4.0/mpc-1.3.1-bi5o3nzo6mhlb2smuxezglvzg4lqzx5h/lib -Wl,-rpath,/cluster/software/stacks/2024-06/spack/opt/spack/linux-ubuntu22.04-x86_64_v3/gcc-11.4.0/mpfr-4.2.0-sdmdxaw4pn73kcfpdwarez4du3rrccda/lib -Wl,-rpath,/cluster/software/stacks/2024-06/spack/opt/spack/linux-ubuntu22.04-x86_64_v3/gcc-11.4.0/zlib-ng-2.1.4-klffdjietfwc57wcqgb65atshwaufwjv/lib -Wl,-rpath,/cluster/software/stacks/2024-06/spack/opt/spack/linux-ubuntu22.04-x86_64_v3/gcc-11.4.0/zstd-1.5.5-elqdouitcz4to6czm3huuq5rhfredf4h/lib -static-libstdc++ -static-libgcc' --with-build-config=spack
Thread model: posix
Supported LTO compression algorithms: zlib zstd
gcc version 12.2.0 (Spack GCC) 
configure:2428: $? = 0
configure:2430: /cluster/software/stacks/2024-06/spack/opt/spack/linux-ubuntu22.04-x86_64_v3/gcc-11.4.0/gcc-12.2.0-bj2twcnwcownogkldo6ndfylxx5sqpbn/bin/gcc -V </dev/null >&5
gcc: error: unrecognized command-line option '-V'
gcc: fatal error: no input files
compilation terminated.
configure:2433: $? = 1
configure:2457: checking for C compiler default output
configure:2460: /cluster/software/stacks/2024-06/spack/opt/spack/linux-ubuntu22.04-x86_64_v3/gcc-11.4.0/gcc-12.2.0-bj2twcnwcownogkldo6ndfylxx5sqpbn/bin/gcc    conftest.c  >&5
configure:2463: $? = 0
configure:2509: result: a.out
configure:2514: checking whether the C compiler works
configure:2520: ./a.out
configure:2523: $? = 0
configure:2540: result: yes
configure:2547: checking whether we are cross compiling
configure:2549: result: no
configure:2552: checking for suffix of executables
configure:2554: /cluster/software/stacks/2024-06/spack/opt/spack/linux-ubuntu22.04-x86_64_v3/gcc-11.4.0/gcc-12.2.0-bj2twcnwcownogkldo6ndfylxx5sqpbn/bin/gcc -o conftest    conftest.c  >&5
configure:2557: $? = 0
configure:2582: result: 
configure:2588: checking for suffix of object files
configure:2610: /cluster/software/stacks/2024-06/spack/opt/spack/linux-ubuntu22.04-x86_64_v3/gcc-11.4.0/gcc-12.2.0-bj2twcnwcownogkldo6ndfylxx5sqpbn/bin/gcc -c   conftest.c >&5
configure:2613: $? = 0
configure:2635: result: o
configure:2639: checking whether we are using the GNU C compiler
configure:2664: /cluster/software/stacks/2024-06/spack/opt/spack/linux-ubuntu22.04-x86_64_v3/gcc-11.4.0/gcc-12.2.0-bj2twcnwcownogkldo6ndfylxx5sqpbn/bin/gcc -c   conftest.c >&5
configure:2667: $? = 0
configure:2670: test -s conftest.o
configure:2673: $? = 0
configure:2686: result: yes
configure:2692: checking whether /cluster/software/stacks/2024-06/spack/opt/spack/linux-ubuntu22.04-x86_64_v3/gcc-11.4.0/gcc-12.2.0-bj2twcnwcownogkldo6ndfylxx5sqpbn/bin/gcc accepts -g
configure:2714: /cluster/software/stacks/2024-06/spack/opt/spack/linux-ubuntu22.04-x86_64_v3/gcc-11.4.0/gcc-12.2.0-bj2twcnwcownogkldo6ndfylxx5sqpbn/bin/gcc -c -g  conftest.c >&5
configure:2717: $? = 0
configure:2720: test -s conftest.o
configure:2723: $? = 0
configure:2734: result: yes
configure:2751: checking for /cluster/software/stacks/2024-06/spack/opt/spack/linux-ubuntu22.04-x86_64_v3/gcc-11.4.0/gcc-12.2.0-bj2twcnwcownogkldo6ndfylxx5sqpbn/bin/gcc option to accept ANSI C
configure:2812: /cluster/software/stacks/2024-06/spack/opt/spack/linux-ubuntu22.04-x86_64_v3/gcc-11.4.0/gcc-12.2.0-bj2twcnwcownogkldo6ndfylxx5sqpbn/bin/gcc  -c -g -O2  conftest.c >&5
configure:2815: $? = 0
configure:2818: test -s conftest.o
configure:2821: $? = 0
configure:2839: result: none needed
configure:2857: /cluster/software/stacks/2024-06/spack/opt/spack/linux-ubuntu22.04-x86_64_v3/gcc-11.4.0/gcc-12.2.0-bj2twcnwcownogkldo6ndfylxx5sqpbn/bin/gcc -c -g -O2  conftest.c >&5
conftest.c:2:3: error: unknown type name 'choke'
    2 |   choke me
      |   ^~~~~
conftest.c:2:3: error: expected '=', ',', ';', 'asm' or '__attribute__' at end of input
configure:2860: $? = 1
configure: failed program was:
| #ifndef __cplusplus
|   choke me
| #endif
configure:2979: checking for style of include used by make
configure:3007: result: GNU
configure:3035: checking dependency style of /cluster/software/stacks/2024-06/spack/opt/spack/linux-ubuntu22.04-x86_64_v3/gcc-11.4.0/gcc-12.2.0-bj2twcnwcownogkldo6ndfylxx5sqpbn/bin/gcc
configure:3103: result: gcc3
configure:3122: checking whether we are using gcc 2.90 or later
configure:3136: /cluster/software/stacks/2024-06/spack/opt/spack/linux-ubuntu22.04-x86_64_v3/gcc-11.4.0/gcc-12.2.0-bj2twcnwcownogkldo6ndfylxx5sqpbn/bin/gcc -E conftest.c
configure:3139: $? = 0
configure:3147: result: yes
configure:3169: checking for a BSD-compatible install
configure:3223: result: /cluster/software/stacks/2024-06/sfos/install -c
configure:3234: checking whether make sets $(MAKE)
configure:3254: result: yes
configure:3304: checking for ranlib
configure:3320: found /cluster/software/stacks/2024-06/sfos/ranlib
configure:3331: result: ranlib
configure:3343: checking whether ln -s works
configure:3347: result: yes
configure:3404: checking build system type
configure:3422: result: x86_64-unknown-linux-gnu
configure:3430: checking host system type
configure:3444: result: x86_64-unknown-linux-gnu
configure:3474: checking for ld used by GCC
configure:3537: result: /cluster/software/stacks/2024-06/sfos/ld
configure:3546: checking if the linker (/cluster/software/stacks/2024-06/sfos/ld) is GNU ld
GNU ld (GNU Binutils) 2.41
configure:3558: result: yes
configure:3563: checking for /cluster/software/stacks/2024-06/sfos/ld option to reload object files
configure:3570: result: -r
configure:3575: checking for BSD-compatible nm
configure:3611: result: /cluster/software/stacks/2024-06/sfos/nm -B
configure:3614: checking for a sed that does not truncate output
configure:3696: result: /cluster/software/stacks/2024-06/sfos/sed
configure:3699: checking how to recognise dependent libraries
configure:3880: result: file_magic ELF [0-9][0-9]*-bit [LM]SB (shared object|dynamic lib )
configure:3893: checking command to parse /cluster/software/stacks/2024-06/sfos/nm -B output
configure:3977: /cluster/software/stacks/2024-06/spack/opt/spack/linux-ubuntu22.04-x86_64_v3/gcc-11.4.0/gcc-12.2.0-bj2twcnwcownogkldo6ndfylxx5sqpbn/bin/gcc -c -g -O2  conftest.c >&5
configure:3980: $? = 0
configure:3984: /cluster/software/stacks/2024-06/sfos/nm -B conftest.o \| sed -n -e 's/^.*[ 	]\([ABCDGISTW][ABCDGISTW]*\)[ 	][ 	]*\(\)\([_A-Za-z][_A-Za-z0-9]*\)$/\1 \2\3 \3/p' \> conftest.nm
configure:3987: $? = 0
configure:4039: /cluster/software/stacks/2024-06/spack/opt/spack/linux-ubuntu22.04-x86_64_v3/gcc-11.4.0/gcc-12.2.0-bj2twcnwcownogkldo6ndfylxx5sqpbn/bin/gcc -o conftest -g -O2   conftest.c conftstm.o >&5
configure:4042: $? = 0
configure:4086: result: ok
configure:4095: checking how to run the C preprocessor
configure:4131: /cluster/software/stacks/2024-06/spack/opt/spack/linux-ubuntu22.04-x86_64_v3/gcc-11.4.0/gcc-12.2.0-bj2twcnwcownogkldo6ndfylxx5sqpbn/bin/gcc -E  conftest.c
configure:4137: $? = 0
configure:4169: /cluster/software/stacks/2024-06/spack/opt/spack/linux-ubuntu22.04-x86_64_v3/gcc-11.4.0/gcc-12.2.0-bj2twcnwcownogkldo6ndfylxx5sqpbn/bin/gcc -E  conftest.c
configure:4170:10: fatal error: ac_nonexistent.h: No such file or directory
 4170 |   (eval $ac_cpp conftest.$ac_ext) 2>conftest.er1
      |          ^~~~~~~~~~~~~~~~~~
compilation terminated.
configure:4175: $? = 1
configure: failed program was:
| #line 4160 "configure"
| /* confdefs.h.  */
| 
| #define PACKAGE_NAME ""
| #define PACKAGE_TARNAME ""
| #define PACKAGE_VERSION ""
| #define PACKAGE_STRING ""
| #define PACKAGE_BUGREPORT ""
| #define PACKAGE "fftw"
| #define VERSION "2.1.5"
| /* end confdefs.h.  */
| #include <ac_nonexistent.h>
configure:4213: result: /cluster/software/stacks/2024-06/spack/opt/spack/linux-ubuntu22.04-x86_64_v3/gcc-11.4.0/gcc-12.2.0-bj2twcnwcownogkldo6ndfylxx5sqpbn/bin/gcc -E
configure:4238: /cluster/software/stacks/2024-06/spack/opt/spack/linux-ubuntu22.04-x86_64_v3/gcc-11.4.0/gcc-12.2.0-bj2twcnwcownogkldo6ndfylxx5sqpbn/bin/gcc -E  conftest.c
configure:4244: $? = 0
configure:4276: /cluster/software/stacks/2024-06/spack/opt/spack/linux-ubuntu22.04-x86_64_v3/gcc-11.4.0/gcc-12.2.0-bj2twcnwcownogkldo6ndfylxx5sqpbn/bin/gcc -E  conftest.c
configure:4277:10: fatal error: ac_nonexistent.h: No such file or directory
 4277 |   (eval $ac_cpp conftest.$ac_ext) 2>conftest.er1
      |          ^~~~~~~~~~~~~~~~~~
compilation terminated.
configure:4282: $? = 1
configure: failed program was:
| #line 4267 "configure"
| /* confdefs.h.  */
| 
| #define PACKAGE_NAME ""
| #define PACKAGE_TARNAME ""
| #define PACKAGE_VERSION ""
| #define PACKAGE_STRING ""
| #define PACKAGE_BUGREPORT ""
| #define PACKAGE "fftw"
| #define VERSION "2.1.5"
| /* end confdefs.h.  */
| #include <ac_nonexistent.h>
configure:4325: checking for egrep
configure:4335: result: grep -E
configure:4340: checking for ANSI C header files
configure:4366: /cluster/software/stacks/2024-06/spack/opt/spack/linux-ubuntu22.04-x86_64_v3/gcc-11.4.0/gcc-12.2.0-bj2twcnwcownogkldo6ndfylxx5sqpbn/bin/gcc -c -g -O2  conftest.c >&5
configure:4369: $? = 0
configure:4372: test -s conftest.o
configure:4375: $? = 0
configure:4467: /cluster/software/stacks/2024-06/spack/opt/spack/linux-ubuntu22.04-x86_64_v3/gcc-11.4.0/gcc-12.2.0-bj2twcnwcownogkldo6ndfylxx5sqpbn/bin/gcc -o conftest -g -O2   conftest.c  >&5
configure: In function 'main':
configure:4462:7: warning: implicit declaration of function 'exit' [-Wimplicit-function-declaration]
 4462 |       exit(2);
      |       ^~~~
configure:4446:1: note: include '<stdlib.h>' or provide a declaration of 'exit'
 4445 | # define TOUPPER(c) (ISLOWER(c) ? 'A' + ((c) - 'a') : (c))
  +++ |+#include <stdlib.h>
 4446 | #else
configure:4462:7: warning: incompatible implicit declaration of built-in function 'exit' [-Wbuiltin-declaration-mismatch]
 4462 |       exit(2);
      |       ^~~~
configure:4462:7: note: include '<stdlib.h>' or provide a declaration of 'exit'
configure:4463:3: warning: incompatible implicit declaration of built-in function 'exit' [-Wbuiltin-declaration-mismatch]
 4463 |   exit (0);
      |   ^~~~
configure:4463:3: note: include '<stdlib.h>' or provide a declaration of 'exit'
configure:4470: $? = 0
configure:4472: ./conftest
configure:4475: $? = 0
configure:4490: result: yes
configure:4514: checking for sys/types.h
configure:4531: /cluster/software/stacks/2024-06/spack/opt/spack/linux-ubuntu22.04-x86_64_v3/gcc-11.4.0/gcc-12.2.0-bj2twcnwcownogkldo6ndfylxx5sqpbn/bin/gcc -c -g -O2  conftest.c >&5
configure:4534: $? = 0
configure:4537: test -s conftest.o
configure:4540: $? = 0
configure:4551: result: yes
configure:4514: checking for sys/stat.h
configure:4531: /cluster/software/stacks/2024-06/spack/opt/spack/linux-ubuntu22.04-x86_64_v3/gcc-11.4.0/gcc-12.2.0-bj2twcnwcownogkldo6ndfylxx5sqpbn/bin/gcc -c -g -O2  conftest.c >&5
configure:4534: $? = 0
configure:4537: test -s conftest.o
configure:4540: $? = 0
configure:4551: result: yes
configure:4514: checking for stdlib.h
configure:4531: /cluster/software/stacks/2024-06/spack/opt/spack/linux-ubuntu22.04-x86_64_v3/gcc-11.4.0/gcc-12.2.0-bj2twcnwcownogkldo6ndfylxx5sqpbn/bin/gcc -c -g -O2  conftest.c >&5
configure:4534: $? = 0
configure:4537: test -s conftest.o
configure:4540: $? = 0
configure:4551: result: yes
configure:4514: checking for string.h
configure:4531: /cluster/software/stacks/2024-06/spack/opt/spack/linux-ubuntu22.04-x86_64_v3/gcc-11.4.0/gcc-12.2.0-bj2twcnwcownogkldo6ndfylxx5sqpbn/bin/gcc -c -g -O2  conftest.c >&5
configure:4534: $? = 0
configure:4537: test -s conftest.o
configure:4540: $? = 0
configure:4551: result: yes
configure:4514: checking for memory.h
configure:4531: /cluster/software/stacks/2024-06/spack/opt/spack/linux-ubuntu22.04-x86_64_v3/gcc-11.4.0/gcc-12.2.0-bj2twcnwcownogkldo6ndfylxx5sqpbn/bin/gcc -c -g -O2  conftest.c >&5
configure:4534: $? = 0
configure:4537: test -s conftest.o
configure:4540: $? = 0
configure:4551: result: yes
configure:4514: checking for strings.h
configure:4531: /cluster/software/stacks/2024-06/spack/opt/spack/linux-ubuntu22.04-x86_64_v3/gcc-11.4.0/gcc-12.2.0-bj2twcnwcownogkldo6ndfylxx5sqpbn/bin/gcc -c -g -O2  conftest.c >&5
configure:4534: $? = 0
configure:4537: test -s conftest.o
configure:4540: $? = 0
configure:4551: result: yes
configure:4514: checking for inttypes.h
configure:4531: /cluster/software/stacks/2024-06/spack/opt/spack/linux-ubuntu22.04-x86_64_v3/gcc-11.4.0/gcc-12.2.0-bj2twcnwcownogkldo6ndfylxx5sqpbn/bin/gcc -c -g -O2  conftest.c >&5
configure:4534: $? = 0
configure:4537: test -s conftest.o
configure:4540: $? = 0
configure:4551: result: yes
configure:4514: checking for stdint.h
configure:4531: /cluster/software/stacks/2024-06/spack/opt/spack/linux-ubuntu22.04-x86_64_v3/gcc-11.4.0/gcc-12.2.0-bj2twcnwcownogkldo6ndfylxx5sqpbn/bin/gcc -c -g -O2  conftest.c >&5
configure:4534: $? = 0
configure:4537: test -s conftest.o
configure:4540: $? = 0
configure:4551: result: yes
configure:4514: checking for unistd.h
configure:4531: /cluster/software/stacks/2024-06/spack/opt/spack/linux-ubuntu22.04-x86_64_v3/gcc-11.4.0/gcc-12.2.0-bj2twcnwcownogkldo6ndfylxx5sqpbn/bin/gcc -c -g -O2  conftest.c >&5
configure:4534: $? = 0
configure:4537: test -s conftest.o
configure:4540: $? = 0
configure:4551: result: yes
configure:4577: checking dlfcn.h usability
configure:4590: /cluster/software/stacks/2024-06/spack/opt/spack/linux-ubuntu22.04-x86_64_v3/gcc-11.4.0/gcc-12.2.0-bj2twcnwcownogkldo6ndfylxx5sqpbn/bin/gcc -c -g -O2  conftest.c >&5
configure:4593: $? = 0
configure:4596: test -s conftest.o
configure:4599: $? = 0
configure:4609: result: yes
configure:4613: checking dlfcn.h presence
configure:4624: /cluster/software/stacks/2024-06/spack/opt/spack/linux-ubuntu22.04-x86_64_v3/gcc-11.4.0/gcc-12.2.0-bj2twcnwcownogkldo6ndfylxx5sqpbn/bin/gcc -E  conftest.c
configure:4630: $? = 0
configure:4649: result: yes
configure:4685: checking for dlfcn.h
configure:4692: result: yes
configure:4714: checking for file
configure:4769: result: /usr/bin/file
configure:4890: checking for ranlib
configure:4917: result: ranlib
configure:4970: checking for strip
configure:4986: found /cluster/software/stacks/2024-06/sfos/strip
configure:4997: result: strip
configure:5207: checking for objdir
configure:5218: result: .libs
configure:5235: checking for /cluster/software/stacks/2024-06/spack/opt/spack/linux-ubuntu22.04-x86_64_v3/gcc-11.4.0/gcc-12.2.0-bj2twcnwcownogkldo6ndfylxx5sqpbn/bin/gcc option to produce PIC
configure:5381: result: -fPIC
configure:5385: checking if /cluster/software/stacks/2024-06/spack/opt/spack/linux-ubuntu22.04-x86_64_v3/gcc-11.4.0/gcc-12.2.0-bj2twcnwcownogkldo6ndfylxx5sqpbn/bin/gcc PIC flag -fPIC works
configure:5409: /cluster/software/stacks/2024-06/spack/opt/spack/linux-ubuntu22.04-x86_64_v3/gcc-11.4.0/gcc-12.2.0-bj2twcnwcownogkldo6ndfylxx5sqpbn/bin/gcc -c -g -O2 -fPIC -DPIC  conftest.c >&5
configure:5412: $? = 0
configure:5415: test -s conftest.o
configure:5418: $? = 0
configure:5456: result: yes
configure:5472: checking if /cluster/software/stacks/2024-06/spack/opt/spack/linux-ubuntu22.04-x86_64_v3/gcc-11.4.0/gcc-12.2.0-bj2twcnwcownogkldo6ndfylxx5sqpbn/bin/gcc static flag -static works
configure:5497: /cluster/software/stacks/2024-06/spack/opt/spack/linux-ubuntu22.04-x86_64_v3/gcc-11.4.0/gcc-12.2.0-bj2twcnwcownogkldo6ndfylxx5sqpbn/bin/gcc -o conftest -g -O2   -static conftest.c  >&5
configure:5500: $? = 0
configure:5503: test -s conftest
configure:5506: $? = 0
configure:5522: result: yes
configure:5534: checking if /cluster/software/stacks/2024-06/spack/opt/spack/linux-ubuntu22.04-x86_64_v3/gcc-11.4.0/gcc-12.2.0-bj2twcnwcownogkldo6ndfylxx5sqpbn/bin/gcc supports -c -o file.o
configure:5554: /cluster/software/stacks/2024-06/spack/opt/spack/linux-ubuntu22.04-x86_64_v3/gcc-11.4.0/gcc-12.2.0-bj2twcnwcownogkldo6ndfylxx5sqpbn/bin/gcc -c -g -O2 -o out/conftest2.o  conftest.c >&5
configure:5578: result: yes
configure:5583: checking if /cluster/software/stacks/2024-06/spack/opt/spack/linux-ubuntu22.04-x86_64_v3/gcc-11.4.0/gcc-12.2.0-bj2twcnwcownogkldo6ndfylxx5sqpbn/bin/gcc supports -c -o file.lo
configure:5611: /cluster/software/stacks/2024-06/spack/opt/spack/linux-ubuntu22.04-x86_64_v3/gcc-11.4.0/gcc-12.2.0-bj2twcnwcownogkldo6ndfylxx5sqpbn/bin/gcc -c -g -O2 -c -o conftest.lo  conftest.c >&5
configure:5614: $? = 0
configure:5617: test -s conftest.lo
configure:5620: $? = 0
configure:5642: result: yes
configure:5673: checking if /cluster/software/stacks/2024-06/spack/opt/spack/linux-ubuntu22.04-x86_64_v3/gcc-11.4.0/gcc-12.2.0-bj2twcnwcownogkldo6ndfylxx5sqpbn/bin/gcc supports -fno-rtti -fno-exceptions
configure:5696: /cluster/software/stacks/2024-06/spack/opt/spack/linux-ubuntu22.04-x86_64_v3/gcc-11.4.0/gcc-12.2.0-bj2twcnwcownogkldo6ndfylxx5sqpbn/bin/gcc -c -g -O2 -fno-rtti -fno-exceptions -c conftest.c  conftest.c >&5
cc1: warning: command-line option '-fno-rtti' is valid for C++/D/ObjC++ but not for C
cc1: warning: command-line option '-fno-rtti' is valid for C++/D/ObjC++ but not for C
configure:5699: $? = 0
configure:5702: test -s conftest.o
configure:5705: $? = 0
configure:5722: result: yes
configure:5733: checking whether the linker (/cluster/software/stacks/2024-06/sfos/ld) supports shared libraries
configure:6428: result: yes
configure:6433: checking how to hardcode library paths into programs
configure:6457: result: immediate
configure:6462: checking whether stripping libraries is possible
configure:6467: result: yes
configure:6478: checking dynamic linker characteristics
configure:6885: result: GNU/Linux ld.so
configure:6890: checking if libtool supports shared libraries
configure:6892: result: yes
configure:6895: checking whether to build shared libraries
configure:6916: result: yes
configure:6919: checking whether to build static libraries
configure:6923: result: yes
configure:7613: checking whether -lc should be explicitly linked in
configure:7621: /cluster/software/stacks/2024-06/spack/opt/spack/linux-ubuntu22.04-x86_64_v3/gcc-11.4.0/gcc-12.2.0-bj2twcnwcownogkldo6ndfylxx5sqpbn/bin/gcc -c -g -O2  conftest.c >&5
configure:7624: $? = 0
configure:7638: /cluster/software/stacks/2024-06/spack/opt/spack/linux-ubuntu22.04-x86_64_v3/gcc-11.4.0/gcc-12.2.0-bj2twcnwcownogkldo6ndfylxx5sqpbn/bin/gcc -shared conftest.o  -v -Wl,-soname -Wl,conftest -o conftest 2\>\&1 \| grep  -lc  \>/dev/null 2\>\&1
configure:7641: $? = 0
configure:7654: result: no
configure:8229: checking for perl
configure:8245: found /cluster/software/stacks/2024-06/sfos/perl
configure:8256: result: perl
configure:8359: checking for Fortran 77 compiler version
configure:8362: /cluster/software/stacks/2024-06/spack/opt/spack/linux-ubuntu22.04-x86_64_v3/gcc-11.4.0/gcc-12.2.0-bj2twcnwcownogkldo6ndfylxx5sqpbn/bin/gfortran --version </dev/null >&5
GNU Fortran (Spack GCC) 12.2.0
Copyright (C) 2022 Free Software Foundation, Inc.
This is free software; see the source for copying conditions.  There is NO
warranty; not even for MERCHANTABILITY or FITNESS FOR A PARTICULAR PURPOSE.

configure:8365: $? = 0
configure:8367: /cluster/software/stacks/2024-06/spack/opt/spack/linux-ubuntu22.04-x86_64_v3/gcc-11.4.0/gcc-12.2.0-bj2twcnwcownogkldo6ndfylxx5sqpbn/bin/gfortran -v </dev/null >&5
Reading specs from /cluster/software/stacks/2024-06/spack/opt/spack/linux-ubuntu22.04-x86_64_v3/gcc-11.4.0/gcc-12.2.0-bj2twcnwcownogkldo6ndfylxx5sqpbn/lib/gcc/x86_64-pc-linux-gnu/12.2.0/specs
COLLECT_GCC=/cluster/software/stacks/2024-06/spack/opt/spack/linux-ubuntu22.04-x86_64_v3/gcc-11.4.0/gcc-12.2.0-bj2twcnwcownogkldo6ndfylxx5sqpbn/bin/gfortran
COLLECT_LTO_WRAPPER=/cluster/software/stacks/2024-06/spack/opt/spack/linux-ubuntu22.04-x86_64_v3/gcc-11.4.0/gcc-12.2.0-bj2twcnwcownogkldo6ndfylxx5sqpbn/libexec/gcc/x86_64-pc-linux-gnu/12.2.0/lto-wrapper
Target: x86_64-pc-linux-gnu
Configured with: /dev/shm/ngapps/spack-stage-gcc-12.2.0-bj2twcnwcownogkldo6ndfylxx5sqpbn/spack-src/configure --prefix=/cluster/software/stacks/2024-06/spack/opt/spack/linux-ubuntu22.04-x86_64_v3/gcc-11.4.0/gcc-12.2.0-bj2twcnwcownogkldo6ndfylxx5sqpbn --with-pkgversion='Spack GCC' --with-bugurl=https://github.com/spack/spack/issues --disable-multilib --enable-languages=c,c++,fortran --disable-nls --disable-canonical-system-headers --with-system-zlib --with-zstd-include=/cluster/software/stacks/2024-06/spack/opt/spack/linux-ubuntu22.04-x86_64_v3/gcc-11.4.0/zstd-1.5.5-elqdouitcz4to6czm3huuq5rhfredf4h/include --with-zstd-lib=/cluster/software/stacks/2024-06/spack/opt/spack/linux-ubuntu22.04-x86_64_v3/gcc-11.4.0/zstd-1.5.5-elqdouitcz4to6czm3huuq5rhfredf4h/lib --enable-bootstrap --with-mpfr-include=/cluster/software/stacks/2024-06/spack/opt/spack/linux-ubuntu22.04-x86_64_v3/gcc-11.4.0/mpfr-4.2.0-sdmdxaw4pn73kcfpdwarez4du3rrccda/include --with-mpfr-lib=/cluster/software/stacks/2024-06/spack/opt/spack/linux-ubuntu22.04-x86_64_v3/gcc-11.4.0/mpfr-4.2.0-sdmdxaw4pn73kcfpdwarez4du3rrccda/lib --with-gmp-include=/cluster/software/stacks/2024-06/spack/opt/spack/linux-ubuntu22.04-x86_64_v3/gcc-11.4.0/gmp-6.2.1-o4araxaq53wvo47f5ncm6yhc2vymjohu/include --with-gmp-lib=/cluster/software/stacks/2024-06/spack/opt/spack/linux-ubuntu22.04-x86_64_v3/gcc-11.4.0/gmp-6.2.1-o4araxaq53wvo47f5ncm6yhc2vymjohu/lib --with-mpc-include=/cluster/software/stacks/2024-06/spack/opt/spack/linux-ubuntu22.04-x86_64_v3/gcc-11.4.0/mpc-1.3.1-bi5o3nzo6mhlb2smuxezglvzg4lqzx5h/include --with-mpc-lib=/cluster/software/stacks/2024-06/spack/opt/spack/linux-ubuntu22.04-x86_64_v3/gcc-11.4.0/mpc-1.3.1-bi5o3nzo6mhlb2smuxezglvzg4lqzx5h/lib --without-isl --with-stage1-ldflags='-Wl,-rpath,/cluster/software/stacks/2024-06/spack/opt/spack/linux-ubuntu22.04-x86_64_v3/gcc-11.4.0/gcc-12.2.0-bj2twcnwcownogkldo6ndfylxx5sqpbn/lib -Wl,-rpath,/cluster/software/stacks/2024-06/spack/opt/spack/linux-ubuntu22.04-x86_64_v3/gcc-11.4.0/gcc-12.2.0-bj2twcnwcownogkldo6ndfylxx5sqpbn/lib64 -Wl,-rpath,/cluster/software/stacks/2024-06/spack/opt/spack/linux-ubuntu22.04-x86_64_v3/gcc-11.4.0/gmp-6.2.1-o4araxaq53wvo47f5ncm6yhc2vymjohu/lib -Wl,-rpath,/cluster/software/stacks/2024-06/spack/opt/spack/linux-ubuntu22.04-x86_64_v3/gcc-11.4.0/mpc-1.3.1-bi5o3nzo6mhlb2smuxezglvzg4lqzx5h/lib -Wl,-rpath,/cluster/software/stacks/2024-06/spack/opt/spack/linux-ubuntu22.04-x86_64_v3/gcc-11.4.0/mpfr-4.2.0-sdmdxaw4pn73kcfpdwarez4du3rrccda/lib -Wl,-rpath,/cluster/software/stacks/2024-06/spack/opt/spack/linux-ubuntu22.04-x86_64_v3/gcc-11.4.0/zlib-ng-2.1.4-klffdjietfwc57wcqgb65atshwaufwjv/lib -Wl,-rpath,/cluster/software/stacks/2024-06/spack/opt/spack/linux-ubuntu22.04-x86_64_v3/gcc-11.4.0/zstd-1.5.5-elqdouitcz4to6czm3huuq5rhfredf4h/lib' --with-boot-ldflags='-Wl,-rpath,/cluster/software/stacks/2024-06/spack/opt/spack/linux-ubuntu22.04-x86_64_v3/gcc-11.4.0/gcc-12.2.0-bj2twcnwcownogkldo6ndfylxx5sqpbn/lib -Wl,-rpath,/cluster/software/stacks/2024-06/spack/opt/spack/linux-ubuntu22.04-x86_64_v3/gcc-11.4.0/gcc-12.2.0-bj2twcnwcownogkldo6ndfylxx5sqpbn/lib64 -Wl,-rpath,/cluster/software/stacks/2024-06/spack/opt/spack/linux-ubuntu22.04-x86_64_v3/gcc-11.4.0/gmp-6.2.1-o4araxaq53wvo47f5ncm6yhc2vymjohu/lib -Wl,-rpath,/cluster/software/stacks/2024-06/spack/opt/spack/linux-ubuntu22.04-x86_64_v3/gcc-11.4.0/mpc-1.3.1-bi5o3nzo6mhlb2smuxezglvzg4lqzx5h/lib -Wl,-rpath,/cluster/software/stacks/2024-06/spack/opt/spack/linux-ubuntu22.04-x86_64_v3/gcc-11.4.0/mpfr-4.2.0-sdmdxaw4pn73kcfpdwarez4du3rrccda/lib -Wl,-rpath,/cluster/software/stacks/2024-06/spack/opt/spack/linux-ubuntu22.04-x86_64_v3/gcc-11.4.0/zlib-ng-2.1.4-klffdjietfwc57wcqgb65atshwaufwjv/lib -Wl,-rpath,/cluster/software/stacks/2024-06/spack/opt/spack/linux-ubuntu22.04-x86_64_v3/gcc-11.4.0/zstd-1.5.5-elqdouitcz4to6czm3huuq5rhfredf4h/lib -static-libstdc++ -static-libgcc' --with-build-config=spack
Thread model: posix
Supported LTO compression algorithms: zlib zstd
gcc version 12.2.0 (Spack GCC) 
configure:8370: $? = 0
configure:8372: /cluster/software/stacks/2024-06/spack/opt/spack/linux-ubuntu22.04-x86_64_v3/gcc-11.4.0/gcc-12.2.0-bj2twcnwcownogkldo6ndfylxx5sqpbn/bin/gfortran -V </dev/null >&5
gfortran: error: unrecognized command-line option '-V'
gfortran: fatal error: no input files
compilation terminated.
configure:8375: $? = 1
configure:8382: checking whether we are using the GNU Fortran 77 compiler
configure:8396: /cluster/software/stacks/2024-06/spack/opt/spack/linux-ubuntu22.04-x86_64_v3/gcc-11.4.0/gcc-12.2.0-bj2twcnwcownogkldo6ndfylxx5sqpbn/bin/gfortran -c  conftest.F >&5
configure:8399: $? = 0
configure:8402: test -s conftest.o
configure:8405: $? = 0
configure:8418: result: yes
configure:8425: checking whether /cluster/software/stacks/2024-06/spack/opt/spack/linux-ubuntu22.04-x86_64_v3/gcc-11.4.0/gcc-12.2.0-bj2twcnwcownogkldo6ndfylxx5sqpbn/bin/gfortran accepts -g
configure:8437: /cluster/software/stacks/2024-06/spack/opt/spack/linux-ubuntu22.04-x86_64_v3/gcc-11.4.0/gcc-12.2.0-bj2twcnwcownogkldo6ndfylxx5sqpbn/bin/gfortran -c -g conftest.f >&5
configure:8440: $? = 0
configure:8443: test -s conftest.o
configure:8446: $? = 0
configure:8458: result: yes
configure:8491: checking how to get verbose linking output from /cluster/software/stacks/2024-06/spack/opt/spack/linux-ubuntu22.04-x86_64_v3/gcc-11.4.0/gcc-12.2.0-bj2twcnwcownogkldo6ndfylxx5sqpbn/bin/gfortran
configure:8503: /cluster/software/stacks/2024-06/spack/opt/spack/linux-ubuntu22.04-x86_64_v3/gcc-11.4.0/gcc-12.2.0-bj2twcnwcownogkldo6ndfylxx5sqpbn/bin/gfortran -c -g -O2 conftest.f >&5
configure:8506: $? = 0
configure:8509: test -s conftest.o
configure:8512: $? = 0
configure:8534: /cluster/software/stacks/2024-06/spack/opt/spack/linux-ubuntu22.04-x86_64_v3/gcc-11.4.0/gcc-12.2.0-bj2twcnwcownogkldo6ndfylxx5sqpbn/bin/gfortran -o conftest -g -O2 -v  conftest.f  >&5
Reading specs from /cluster/software/stacks/2024-06/spack/opt/spack/linux-ubuntu22.04-x86_64_v3/gcc-11.4.0/gcc-12.2.0-bj2twcnwcownogkldo6ndfylxx5sqpbn/lib/gcc/x86_64-pc-linux-gnu/12.2.0/specs
COLLECT_GCC=/cluster/software/stacks/2024-06/spack/opt/spack/linux-ubuntu22.04-x86_64_v3/gcc-11.4.0/gcc-12.2.0-bj2twcnwcownogkldo6ndfylxx5sqpbn/bin/gfortran
COLLECT_LTO_WRAPPER=/cluster/software/stacks/2024-06/spack/opt/spack/linux-ubuntu22.04-x86_64_v3/gcc-11.4.0/gcc-12.2.0-bj2twcnwcownogkldo6ndfylxx5sqpbn/libexec/gcc/x86_64-pc-linux-gnu/12.2.0/lto-wrapper
Target: x86_64-pc-linux-gnu
Configured with: /dev/shm/ngapps/spack-stage-gcc-12.2.0-bj2twcnwcownogkldo6ndfylxx5sqpbn/spack-src/configure --prefix=/cluster/software/stacks/2024-06/spack/opt/spack/linux-ubuntu22.04-x86_64_v3/gcc-11.4.0/gcc-12.2.0-bj2twcnwcownogkldo6ndfylxx5sqpbn --with-pkgversion='Spack GCC' --with-bugurl=https://github.com/spack/spack/issues --disable-multilib --enable-languages=c,c++,fortran --disable-nls --disable-canonical-system-headers --with-system-zlib --with-zstd-include=/cluster/software/stacks/2024-06/spack/opt/spack/linux-ubuntu22.04-x86_64_v3/gcc-11.4.0/zstd-1.5.5-elqdouitcz4to6czm3huuq5rhfredf4h/include --with-zstd-lib=/cluster/software/stacks/2024-06/spack/opt/spack/linux-ubuntu22.04-x86_64_v3/gcc-11.4.0/zstd-1.5.5-elqdouitcz4to6czm3huuq5rhfredf4h/lib --enable-bootstrap --with-mpfr-include=/cluster/software/stacks/2024-06/spack/opt/spack/linux-ubuntu22.04-x86_64_v3/gcc-11.4.0/mpfr-4.2.0-sdmdxaw4pn73kcfpdwarez4du3rrccda/include --with-mpfr-lib=/cluster/software/stacks/2024-06/spack/opt/spack/linux-ubuntu22.04-x86_64_v3/gcc-11.4.0/mpfr-4.2.0-sdmdxaw4pn73kcfpdwarez4du3rrccda/lib --with-gmp-include=/cluster/software/stacks/2024-06/spack/opt/spack/linux-ubuntu22.04-x86_64_v3/gcc-11.4.0/gmp-6.2.1-o4araxaq53wvo47f5ncm6yhc2vymjohu/include --with-gmp-lib=/cluster/software/stacks/2024-06/spack/opt/spack/linux-ubuntu22.04-x86_64_v3/gcc-11.4.0/gmp-6.2.1-o4araxaq53wvo47f5ncm6yhc2vymjohu/lib --with-mpc-include=/cluster/software/stacks/2024-06/spack/opt/spack/linux-ubuntu22.04-x86_64_v3/gcc-11.4.0/mpc-1.3.1-bi5o3nzo6mhlb2smuxezglvzg4lqzx5h/include --with-mpc-lib=/cluster/software/stacks/2024-06/spack/opt/spack/linux-ubuntu22.04-x86_64_v3/gcc-11.4.0/mpc-1.3.1-bi5o3nzo6mhlb2smuxezglvzg4lqzx5h/lib --without-isl --with-stage1-ldflags='-Wl,-rpath,/cluster/software/stacks/2024-06/spack/opt/spack/linux-ubuntu22.04-x86_64_v3/gcc-11.4.0/gcc-12.2.0-bj2twcnwcownogkldo6ndfylxx5sqpbn/lib -Wl,-rpath,/cluster/software/stacks/2024-06/spack/opt/spack/linux-ubuntu22.04-x86_64_v3/gcc-11.4.0/gcc-12.2.0-bj2twcnwcownogkldo6ndfylxx5sqpbn/lib64 -Wl,-rpath,/cluster/software/stacks/2024-06/spack/opt/spack/linux-ubuntu22.04-x86_64_v3/gcc-11.4.0/gmp-6.2.1-o4araxaq53wvo47f5ncm6yhc2vymjohu/lib -Wl,-rpath,/cluster/software/stacks/2024-06/spack/opt/spack/linux-ubuntu22.04-x86_64_v3/gcc-11.4.0/mpc-1.3.1-bi5o3nzo6mhlb2smuxezglvzg4lqzx5h/lib -Wl,-rpath,/cluster/software/stacks/2024-06/spack/opt/spack/linux-ubuntu22.04-x86_64_v3/gcc-11.4.0/mpfr-4.2.0-sdmdxaw4pn73kcfpdwarez4du3rrccda/lib -Wl,-rpath,/cluster/software/stacks/2024-06/spack/opt/spack/linux-ubuntu22.04-x86_64_v3/gcc-11.4.0/zlib-ng-2.1.4-klffdjietfwc57wcqgb65atshwaufwjv/lib -Wl,-rpath,/cluster/software/stacks/2024-06/spack/opt/spack/linux-ubuntu22.04-x86_64_v3/gcc-11.4.0/zstd-1.5.5-elqdouitcz4to6czm3huuq5rhfredf4h/lib' --with-boot-ldflags='-Wl,-rpath,/cluster/software/stacks/2024-06/spack/opt/spack/linux-ubuntu22.04-x86_64_v3/gcc-11.4.0/gcc-12.2.0-bj2twcnwcownogkldo6ndfylxx5sqpbn/lib -Wl,-rpath,/cluster/software/stacks/2024-06/spack/opt/spack/linux-ubuntu22.04-x86_64_v3/gcc-11.4.0/gcc-12.2.0-bj2twcnwcownogkldo6ndfylxx5sqpbn/lib64 -Wl,-rpath,/cluster/software/stacks/2024-06/spack/opt/spack/linux-ubuntu22.04-x86_64_v3/gcc-11.4.0/gmp-6.2.1-o4araxaq53wvo47f5ncm6yhc2vymjohu/lib -Wl,-rpath,/cluster/software/stacks/2024-06/spack/opt/spack/linux-ubuntu22.04-x86_64_v3/gcc-11.4.0/mpc-1.3.1-bi5o3nzo6mhlb2smuxezglvzg4lqzx5h/lib -Wl,-rpath,/cluster/software/stacks/2024-06/spack/opt/spack/linux-ubuntu22.04-x86_64_v3/gcc-11.4.0/mpfr-4.2.0-sdmdxaw4pn73kcfpdwarez4du3rrccda/lib -Wl,-rpath,/cluster/software/stacks/2024-06/spack/opt/spack/linux-ubuntu22.04-x86_64_v3/gcc-11.4.0/zlib-ng-2.1.4-klffdjietfwc57wcqgb65atshwaufwjv/lib -Wl,-rpath,/cluster/software/stacks/2024-06/spack/opt/spack/linux-ubuntu22.04-x86_64_v3/gcc-11.4.0/zstd-1.5.5-elqdouitcz4to6czm3huuq5rhfredf4h/lib -static-libstdc++ -static-libgcc' --with-build-config=spack
Thread model: posix
Supported LTO compression algorithms: zlib zstd
gcc version 12.2.0 (Spack GCC) 
COLLECT_GCC_OPTIONS='-o' 'conftest' '-g' '-O2' '-v' '-shared-libgcc' '-mtune=generic' '-march=x86-64'
 /cluster/software/stacks/2024-06/spack/opt/spack/linux-ubuntu22.04-x86_64_v3/gcc-11.4.0/gcc-12.2.0-bj2twcnwcownogkldo6ndfylxx5sqpbn/libexec/gcc/x86_64-pc-linux-gnu/12.2.0/f951 conftest.f -ffixed-form -quiet -dumpbase conftest.f -dumpbase-ext .f -mtune=generic -march=x86-64 -g -O2 -version -fintrinsic-modules-path /cluster/software/stacks/2024-06/spack/opt/spack/linux-ubuntu22.04-x86_64_v3/gcc-11.4.0/gcc-12.2.0-bj2twcnwcownogkldo6ndfylxx5sqpbn/lib/gcc/x86_64-pc-linux-gnu/12.2.0/finclude -fpre-include=/usr/include/finclude/math-vector-fortran.h -o /tmp/ccgZVCB0.s
GNU Fortran (Spack GCC) version 12.2.0 (x86_64-pc-linux-gnu)
	compiled by GNU C version 12.2.0, GMP version 6.2.1, MPFR version 4.2.0, MPC version 1.3.1, isl version none
GGC heuristics: --param ggc-min-expand=100 --param ggc-min-heapsize=131072
GNU Fortran2008 (Spack GCC) version 12.2.0 (x86_64-pc-linux-gnu)
	compiled by GNU C version 12.2.0, GMP version 6.2.1, MPFR version 4.2.0, MPC version 1.3.1, isl version none
GGC heuristics: --param ggc-min-expand=100 --param ggc-min-heapsize=131072
COLLECT_GCC_OPTIONS='-o' 'conftest' '-g' '-O2' '-v' '-shared-libgcc' '-mtune=generic' '-march=x86-64'
 as -v --gdwarf-5 --64 -o /tmp/ccx0LncG.o /tmp/ccgZVCB0.s
GNU assembler version 2.41 (x86_64-pc-linux-gnu) using BFD version (GNU Binutils) 2.41
Reading specs from /cluster/software/stacks/2024-06/spack/opt/spack/linux-ubuntu22.04-x86_64_v3/gcc-11.4.0/gcc-12.2.0-bj2twcnwcownogkldo6ndfylxx5sqpbn/lib64/../lib64/libgfortran.spec
rename spec lib to liborig
COLLECT_GCC_OPTIONS='-o' 'conftest' '-g' '-O2' '-v' '-shared-libgcc' '-mtune=generic' '-march=x86-64'
COMPILER_PATH=/cluster/software/stacks/2024-06/spack/opt/spack/linux-ubuntu22.04-x86_64_v3/gcc-11.4.0/gcc-12.2.0-bj2twcnwcownogkldo6ndfylxx5sqpbn/libexec/gcc/x86_64-pc-linux-gnu/12.2.0/:/cluster/software/stacks/2024-06/spack/opt/spack/linux-ubuntu22.04-x86_64_v3/gcc-11.4.0/gcc-12.2.0-bj2twcnwcownogkldo6ndfylxx5sqpbn/libexec/gcc/x86_64-pc-linux-gnu/12.2.0/:/cluster/software/stacks/2024-06/spack/opt/spack/linux-ubuntu22.04-x86_64_v3/gcc-11.4.0/gcc-12.2.0-bj2twcnwcownogkldo6ndfylxx5sqpbn/libexec/gcc/x86_64-pc-linux-gnu/:/cluster/software/stacks/2024-06/spack/opt/spack/linux-ubuntu22.04-x86_64_v3/gcc-11.4.0/gcc-12.2.0-bj2twcnwcownogkldo6ndfylxx5sqpbn/lib/gcc/x86_64-pc-linux-gnu/12.2.0/:/cluster/software/stacks/2024-06/spack/opt/spack/linux-ubuntu22.04-x86_64_v3/gcc-11.4.0/gcc-12.2.0-bj2twcnwcownogkldo6ndfylxx5sqpbn/lib/gcc/x86_64-pc-linux-gnu/
LIBRARY_PATH=/cluster/software/stacks/2024-06/spack/opt/spack/linux-ubuntu22.04-x86_64_v3/gcc-11.4.0/gcc-12.2.0-bj2twcnwcownogkldo6ndfylxx5sqpbn/lib64/../lib64/:/cluster/software/stacks/2024-06/spack/opt/spack/linux-ubuntu22.04-x86_64_v3/gcc-11.4.0/gcc-12.2.0-bj2twcnwcownogkldo6ndfylxx5sqpbn/lib/../lib64/:/cluster/software/stacks/2024-06/spack/opt/spack/linux-ubuntu22.04-x86_64_v3/gcc-11.4.0/gcc-12.2.0-bj2twcnwcownogkldo6ndfylxx5sqpbn/lib/gcc/x86_64-pc-linux-gnu/12.2.0/:/cluster/software/stacks/2024-06/spack/opt/spack/linux-ubuntu22.04-x86_64_v3/gcc-11.4.0/gcc-12.2.0-bj2twcnwcownogkldo6ndfylxx5sqpbn/lib/gcc/x86_64-pc-linux-gnu/12.2.0/../../../../lib64/:/lib/x86_64-linux-gnu/:/lib/../lib64/:/usr/lib/x86_64-linux-gnu/:/usr/lib/../lib64/:/cluster/software/stacks/2024-06/spack/opt/spack/linux-ubuntu22.04-x86_64_v3/gcc-12.2.0/gsl-2.7.1-y3rsoy4n2dbrmhdsghb4dmdmetvgfz7u/lib/:/cluster/software/stacks/2024-06/spack/opt/spack/linux-ubuntu22.04-x86_64_v3/gcc-12.2.0/openmpi-4.1.6-carqrgaphesqd6gv2ei55htn6sxpngvt/lib/:/cluster/software/stacks/2024-06/spack/opt/spack/linux-ubuntu22.04-x86_64_v3/gcc-11.4.0/gcc-12.2.0-bj2twcnwcownogkldo6ndfylxx5sqpbn/lib64/:/cluster/software/stacks/2024-06/spack/opt/spack/linux-ubuntu22.04-x86_64_v3/gcc-11.4.0/gcc-12.2.0-bj2twcnwcownogkldo6ndfylxx5sqpbn/lib/:/cluster/software/stacks/2024-06/spack/opt/spack/linux-ubuntu22.04-x86_64_v3/gcc-11.4.0/gcc-12.2.0-bj2twcnwcownogkldo6ndfylxx5sqpbn/lib/gcc/x86_64-pc-linux-gnu/12.2.0/../../../:/lib/:/usr/lib/
COLLECT_GCC_OPTIONS='-o' 'conftest' '-g' '-O2' '-v' '-shared-libgcc' '-mtune=generic' '-march=x86-64' '-dumpdir' 'conftest.'
 /cluster/software/stacks/2024-06/spack/opt/spack/linux-ubuntu22.04-x86_64_v3/gcc-11.4.0/gcc-12.2.0-bj2twcnwcownogkldo6ndfylxx5sqpbn/libexec/gcc/x86_64-pc-linux-gnu/12.2.0/collect2 -plugin /cluster/software/stacks/2024-06/spack/opt/spack/linux-ubuntu22.04-x86_64_v3/gcc-11.4.0/gcc-12.2.0-bj2twcnwcownogkldo6ndfylxx5sqpbn/libexec/gcc/x86_64-pc-linux-gnu/12.2.0/liblto_plugin.so -plugin-opt=/cluster/software/stacks/2024-06/spack/opt/spack/linux-ubuntu22.04-x86_64_v3/gcc-11.4.0/gcc-12.2.0-bj2twcnwcownogkldo6ndfylxx5sqpbn/libexec/gcc/x86_64-pc-linux-gnu/12.2.0/lto-wrapper -plugin-opt=-fresolution=/tmp/cc2jE4bM.res -plugin-opt=-pass-through=-lgcc_s -plugin-opt=-pass-through=-lgcc -plugin-opt=-pass-through=-lquadmath -plugin-opt=-pass-through=-lm -plugin-opt=-pass-through=-lgcc_s -plugin-opt=-pass-through=-lgcc -plugin-opt=-pass-through=-lc -plugin-opt=-pass-through=-lgcc_s -plugin-opt=-pass-through=-lgcc --eh-frame-hdr -m elf_x86_64 -dynamic-linker /lib64/ld-linux-x86-64.so.2 -o conftest /lib/x86_64-linux-gnu/crt1.o /lib/x86_64-linux-gnu/crti.o /cluster/software/stacks/2024-06/spack/opt/spack/linux-ubuntu22.04-x86_64_v3/gcc-11.4.0/gcc-12.2.0-bj2twcnwcownogkldo6ndfylxx5sqpbn/lib/gcc/x86_64-pc-linux-gnu/12.2.0/crtbegin.o -rpath /cluster/software/stacks/2024-06/spack/opt/spack/linux-ubuntu22.04-x86_64_v3/gcc-11.4.0/gcc-12.2.0-bj2twcnwcownogkldo6ndfylxx5sqpbn/lib64 -L/cluster/software/stacks/2024-06/spack/opt/spack/linux-ubuntu22.04-x86_64_v3/gcc-11.4.0/gcc-12.2.0-bj2twcnwcownogkldo6ndfylxx5sqpbn/lib64/../lib64 -L/cluster/software/stacks/2024-06/spack/opt/spack/linux-ubuntu22.04-x86_64_v3/gcc-11.4.0/gcc-12.2.0-bj2twcnwcownogkldo6ndfylxx5sqpbn/lib/../lib64 -L/cluster/software/stacks/2024-06/spack/opt/spack/linux-ubuntu22.04-x86_64_v3/gcc-11.4.0/gcc-12.2.0-bj2twcnwcownogkldo6ndfylxx5sqpbn/lib/gcc/x86_64-pc-linux-gnu/12.2.0 -L/cluster/software/stacks/2024-06/spack/opt/spack/linux-ubuntu22.04-x86_64_v3/gcc-11.4.0/gcc-12.2.0-bj2twcnwcownogkldo6ndfylxx5sqpbn/lib/gcc/x86_64-pc-linux-gnu/12.2.0/../../../../lib64 -L/lib/x86_64-linux-gnu -L/lib/../lib64 -L/usr/lib/x86_64-linux-gnu -L/usr/lib/../lib64 -L/cluster/software/stacks/2024-06/spack/opt/spack/linux-ubuntu22.04-x86_64_v3/gcc-12.2.0/gsl-2.7.1-y3rsoy4n2dbrmhdsghb4dmdmetvgfz7u/lib -L/cluster/software/stacks/2024-06/spack/opt/spack/linux-ubuntu22.04-x86_64_v3/gcc-12.2.0/openmpi-4.1.6-carqrgaphesqd6gv2ei55htn6sxpngvt/lib -L/cluster/software/stacks/2024-06/spack/opt/spack/linux-ubuntu22.04-x86_64_v3/gcc-11.4.0/gcc-12.2.0-bj2twcnwcownogkldo6ndfylxx5sqpbn/lib64 -L/cluster/software/stacks/2024-06/spack/opt/spack/linux-ubuntu22.04-x86_64_v3/gcc-11.4.0/gcc-12.2.0-bj2twcnwcownogkldo6ndfylxx5sqpbn/lib -L/cluster/software/stacks/2024-06/spack/opt/spack/linux-ubuntu22.04-x86_64_v3/gcc-11.4.0/gcc-12.2.0-bj2twcnwcownogkldo6ndfylxx5sqpbn/lib/gcc/x86_64-pc-linux-gnu/12.2.0/../../.. /tmp/ccx0LncG.o -lgfortran -lm -lgcc_s -lgcc -lquadmath -lm -lgcc_s -lgcc -lc -lgcc_s -lgcc /cluster/software/stacks/2024-06/spack/opt/spack/linux-ubuntu22.04-x86_64_v3/gcc-11.4.0/gcc-12.2.0-bj2twcnwcownogkldo6ndfylxx5sqpbn/lib/gcc/x86_64-pc-linux-gnu/12.2.0/crtend.o /lib/x86_64-linux-gnu/crtn.o
COLLECT_GCC_OPTIONS='-o' 'conftest' '-g' '-O2' '-v' '-shared-libgcc' '-mtune=generic' '-march=x86-64' '-dumpdir' 'conftest.'
configure:8586: result: -v
configure:8588: checking for Fortran 77 libraries
configure:8614: /cluster/software/stacks/2024-06/spack/opt/spack/linux-ubuntu22.04-x86_64_v3/gcc-11.4.0/gcc-12.2.0-bj2twcnwcownogkldo6ndfylxx5sqpbn/bin/gfortran -o conftest -g -O2 -v  conftest.f  >&5
Reading specs from /cluster/software/stacks/2024-06/spack/opt/spack/linux-ubuntu22.04-x86_64_v3/gcc-11.4.0/gcc-12.2.0-bj2twcnwcownogkldo6ndfylxx5sqpbn/lib/gcc/x86_64-pc-linux-gnu/12.2.0/specs
COLLECT_GCC=/cluster/software/stacks/2024-06/spack/opt/spack/linux-ubuntu22.04-x86_64_v3/gcc-11.4.0/gcc-12.2.0-bj2twcnwcownogkldo6ndfylxx5sqpbn/bin/gfortran
COLLECT_LTO_WRAPPER=/cluster/software/stacks/2024-06/spack/opt/spack/linux-ubuntu22.04-x86_64_v3/gcc-11.4.0/gcc-12.2.0-bj2twcnwcownogkldo6ndfylxx5sqpbn/libexec/gcc/x86_64-pc-linux-gnu/12.2.0/lto-wrapper
Target: x86_64-pc-linux-gnu
Configured with: /dev/shm/ngapps/spack-stage-gcc-12.2.0-bj2twcnwcownogkldo6ndfylxx5sqpbn/spack-src/configure --prefix=/cluster/software/stacks/2024-06/spack/opt/spack/linux-ubuntu22.04-x86_64_v3/gcc-11.4.0/gcc-12.2.0-bj2twcnwcownogkldo6ndfylxx5sqpbn --with-pkgversion='Spack GCC' --with-bugurl=https://github.com/spack/spack/issues --disable-multilib --enable-languages=c,c++,fortran --disable-nls --disable-canonical-system-headers --with-system-zlib --with-zstd-include=/cluster/software/stacks/2024-06/spack/opt/spack/linux-ubuntu22.04-x86_64_v3/gcc-11.4.0/zstd-1.5.5-elqdouitcz4to6czm3huuq5rhfredf4h/include --with-zstd-lib=/cluster/software/stacks/2024-06/spack/opt/spack/linux-ubuntu22.04-x86_64_v3/gcc-11.4.0/zstd-1.5.5-elqdouitcz4to6czm3huuq5rhfredf4h/lib --enable-bootstrap --with-mpfr-include=/cluster/software/stacks/2024-06/spack/opt/spack/linux-ubuntu22.04-x86_64_v3/gcc-11.4.0/mpfr-4.2.0-sdmdxaw4pn73kcfpdwarez4du3rrccda/include --with-mpfr-lib=/cluster/software/stacks/2024-06/spack/opt/spack/linux-ubuntu22.04-x86_64_v3/gcc-11.4.0/mpfr-4.2.0-sdmdxaw4pn73kcfpdwarez4du3rrccda/lib --with-gmp-include=/cluster/software/stacks/2024-06/spack/opt/spack/linux-ubuntu22.04-x86_64_v3/gcc-11.4.0/gmp-6.2.1-o4araxaq53wvo47f5ncm6yhc2vymjohu/include --with-gmp-lib=/cluster/software/stacks/2024-06/spack/opt/spack/linux-ubuntu22.04-x86_64_v3/gcc-11.4.0/gmp-6.2.1-o4araxaq53wvo47f5ncm6yhc2vymjohu/lib --with-mpc-include=/cluster/software/stacks/2024-06/spack/opt/spack/linux-ubuntu22.04-x86_64_v3/gcc-11.4.0/mpc-1.3.1-bi5o3nzo6mhlb2smuxezglvzg4lqzx5h/include --with-mpc-lib=/cluster/software/stacks/2024-06/spack/opt/spack/linux-ubuntu22.04-x86_64_v3/gcc-11.4.0/mpc-1.3.1-bi5o3nzo6mhlb2smuxezglvzg4lqzx5h/lib --without-isl --with-stage1-ldflags='-Wl,-rpath,/cluster/software/stacks/2024-06/spack/opt/spack/linux-ubuntu22.04-x86_64_v3/gcc-11.4.0/gcc-12.2.0-bj2twcnwcownogkldo6ndfylxx5sqpbn/lib -Wl,-rpath,/cluster/software/stacks/2024-06/spack/opt/spack/linux-ubuntu22.04-x86_64_v3/gcc-11.4.0/gcc-12.2.0-bj2twcnwcownogkldo6ndfylxx5sqpbn/lib64 -Wl,-rpath,/cluster/software/stacks/2024-06/spack/opt/spack/linux-ubuntu22.04-x86_64_v3/gcc-11.4.0/gmp-6.2.1-o4araxaq53wvo47f5ncm6yhc2vymjohu/lib -Wl,-rpath,/cluster/software/stacks/2024-06/spack/opt/spack/linux-ubuntu22.04-x86_64_v3/gcc-11.4.0/mpc-1.3.1-bi5o3nzo6mhlb2smuxezglvzg4lqzx5h/lib -Wl,-rpath,/cluster/software/stacks/2024-06/spack/opt/spack/linux-ubuntu22.04-x86_64_v3/gcc-11.4.0/mpfr-4.2.0-sdmdxaw4pn73kcfpdwarez4du3rrccda/lib -Wl,-rpath,/cluster/software/stacks/2024-06/spack/opt/spack/linux-ubuntu22.04-x86_64_v3/gcc-11.4.0/zlib-ng-2.1.4-klffdjietfwc57wcqgb65atshwaufwjv/lib -Wl,-rpath,/cluster/software/stacks/2024-06/spack/opt/spack/linux-ubuntu22.04-x86_64_v3/gcc-11.4.0/zstd-1.5.5-elqdouitcz4to6czm3huuq5rhfredf4h/lib' --with-boot-ldflags='-Wl,-rpath,/cluster/software/stacks/2024-06/spack/opt/spack/linux-ubuntu22.04-x86_64_v3/gcc-11.4.0/gcc-12.2.0-bj2twcnwcownogkldo6ndfylxx5sqpbn/lib -Wl,-rpath,/cluster/software/stacks/2024-06/spack/opt/spack/linux-ubuntu22.04-x86_64_v3/gcc-11.4.0/gcc-12.2.0-bj2twcnwcownogkldo6ndfylxx5sqpbn/lib64 -Wl,-rpath,/cluster/software/stacks/2024-06/spack/opt/spack/linux-ubuntu22.04-x86_64_v3/gcc-11.4.0/gmp-6.2.1-o4araxaq53wvo47f5ncm6yhc2vymjohu/lib -Wl,-rpath,/cluster/software/stacks/2024-06/spack/opt/spack/linux-ubuntu22.04-x86_64_v3/gcc-11.4.0/mpc-1.3.1-bi5o3nzo6mhlb2smuxezglvzg4lqzx5h/lib -Wl,-rpath,/cluster/software/stacks/2024-06/spack/opt/spack/linux-ubuntu22.04-x86_64_v3/gcc-11.4.0/mpfr-4.2.0-sdmdxaw4pn73kcfpdwarez4du3rrccda/lib -Wl,-rpath,/cluster/software/stacks/2024-06/spack/opt/spack/linux-ubuntu22.04-x86_64_v3/gcc-11.4.0/zlib-ng-2.1.4-klffdjietfwc57wcqgb65atshwaufwjv/lib -Wl,-rpath,/cluster/software/stacks/2024-06/spack/opt/spack/linux-ubuntu22.04-x86_64_v3/gcc-11.4.0/zstd-1.5.5-elqdouitcz4to6czm3huuq5rhfredf4h/lib -static-libstdc++ -static-libgcc' --with-build-config=spack
Thread model: posix
Supported LTO compression algorithms: zlib zstd
gcc version 12.2.0 (Spack GCC) 
COLLECT_GCC_OPTIONS='-o' 'conftest' '-g' '-O2' '-v' '-shared-libgcc' '-mtune=generic' '-march=x86-64'
 /cluster/software/stacks/2024-06/spack/opt/spack/linux-ubuntu22.04-x86_64_v3/gcc-11.4.0/gcc-12.2.0-bj2twcnwcownogkldo6ndfylxx5sqpbn/libexec/gcc/x86_64-pc-linux-gnu/12.2.0/f951 conftest.f -ffixed-form -quiet -dumpbase conftest.f -dumpbase-ext .f -mtune=generic -march=x86-64 -g -O2 -version -fintrinsic-modules-path /cluster/software/stacks/2024-06/spack/opt/spack/linux-ubuntu22.04-x86_64_v3/gcc-11.4.0/gcc-12.2.0-bj2twcnwcownogkldo6ndfylxx5sqpbn/lib/gcc/x86_64-pc-linux-gnu/12.2.0/finclude -fpre-include=/usr/include/finclude/math-vector-fortran.h -o /tmp/cclkIXYi.s
GNU Fortran (Spack GCC) version 12.2.0 (x86_64-pc-linux-gnu)
	compiled by GNU C version 12.2.0, GMP version 6.2.1, MPFR version 4.2.0, MPC version 1.3.1, isl version none
GGC heuristics: --param ggc-min-expand=100 --param ggc-min-heapsize=131072
GNU Fortran2008 (Spack GCC) version 12.2.0 (x86_64-pc-linux-gnu)
	compiled by GNU C version 12.2.0, GMP version 6.2.1, MPFR version 4.2.0, MPC version 1.3.1, isl version none
GGC heuristics: --param ggc-min-expand=100 --param ggc-min-heapsize=131072
COLLECT_GCC_OPTIONS='-o' 'conftest' '-g' '-O2' '-v' '-shared-libgcc' '-mtune=generic' '-march=x86-64'
 as -v --gdwarf-5 --64 -o /tmp/ccaP7xQI.o /tmp/cclkIXYi.s
GNU assembler version 2.41 (x86_64-pc-linux-gnu) using BFD version (GNU Binutils) 2.41
Reading specs from /cluster/software/stacks/2024-06/spack/opt/spack/linux-ubuntu22.04-x86_64_v3/gcc-11.4.0/gcc-12.2.0-bj2twcnwcownogkldo6ndfylxx5sqpbn/lib64/../lib64/libgfortran.spec
rename spec lib to liborig
COLLECT_GCC_OPTIONS='-o' 'conftest' '-g' '-O2' '-v' '-shared-libgcc' '-mtune=generic' '-march=x86-64'
COMPILER_PATH=/cluster/software/stacks/2024-06/spack/opt/spack/linux-ubuntu22.04-x86_64_v3/gcc-11.4.0/gcc-12.2.0-bj2twcnwcownogkldo6ndfylxx5sqpbn/libexec/gcc/x86_64-pc-linux-gnu/12.2.0/:/cluster/software/stacks/2024-06/spack/opt/spack/linux-ubuntu22.04-x86_64_v3/gcc-11.4.0/gcc-12.2.0-bj2twcnwcownogkldo6ndfylxx5sqpbn/libexec/gcc/x86_64-pc-linux-gnu/12.2.0/:/cluster/software/stacks/2024-06/spack/opt/spack/linux-ubuntu22.04-x86_64_v3/gcc-11.4.0/gcc-12.2.0-bj2twcnwcownogkldo6ndfylxx5sqpbn/libexec/gcc/x86_64-pc-linux-gnu/:/cluster/software/stacks/2024-06/spack/opt/spack/linux-ubuntu22.04-x86_64_v3/gcc-11.4.0/gcc-12.2.0-bj2twcnwcownogkldo6ndfylxx5sqpbn/lib/gcc/x86_64-pc-linux-gnu/12.2.0/:/cluster/software/stacks/2024-06/spack/opt/spack/linux-ubuntu22.04-x86_64_v3/gcc-11.4.0/gcc-12.2.0-bj2twcnwcownogkldo6ndfylxx5sqpbn/lib/gcc/x86_64-pc-linux-gnu/
LIBRARY_PATH=/cluster/software/stacks/2024-06/spack/opt/spack/linux-ubuntu22.04-x86_64_v3/gcc-11.4.0/gcc-12.2.0-bj2twcnwcownogkldo6ndfylxx5sqpbn/lib64/../lib64/:/cluster/software/stacks/2024-06/spack/opt/spack/linux-ubuntu22.04-x86_64_v3/gcc-11.4.0/gcc-12.2.0-bj2twcnwcownogkldo6ndfylxx5sqpbn/lib/../lib64/:/cluster/software/stacks/2024-06/spack/opt/spack/linux-ubuntu22.04-x86_64_v3/gcc-11.4.0/gcc-12.2.0-bj2twcnwcownogkldo6ndfylxx5sqpbn/lib/gcc/x86_64-pc-linux-gnu/12.2.0/:/cluster/software/stacks/2024-06/spack/opt/spack/linux-ubuntu22.04-x86_64_v3/gcc-11.4.0/gcc-12.2.0-bj2twcnwcownogkldo6ndfylxx5sqpbn/lib/gcc/x86_64-pc-linux-gnu/12.2.0/../../../../lib64/:/lib/x86_64-linux-gnu/:/lib/../lib64/:/usr/lib/x86_64-linux-gnu/:/usr/lib/../lib64/:/cluster/software/stacks/2024-06/spack/opt/spack/linux-ubuntu22.04-x86_64_v3/gcc-12.2.0/gsl-2.7.1-y3rsoy4n2dbrmhdsghb4dmdmetvgfz7u/lib/:/cluster/software/stacks/2024-06/spack/opt/spack/linux-ubuntu22.04-x86_64_v3/gcc-12.2.0/openmpi-4.1.6-carqrgaphesqd6gv2ei55htn6sxpngvt/lib/:/cluster/software/stacks/2024-06/spack/opt/spack/linux-ubuntu22.04-x86_64_v3/gcc-11.4.0/gcc-12.2.0-bj2twcnwcownogkldo6ndfylxx5sqpbn/lib64/:/cluster/software/stacks/2024-06/spack/opt/spack/linux-ubuntu22.04-x86_64_v3/gcc-11.4.0/gcc-12.2.0-bj2twcnwcownogkldo6ndfylxx5sqpbn/lib/:/cluster/software/stacks/2024-06/spack/opt/spack/linux-ubuntu22.04-x86_64_v3/gcc-11.4.0/gcc-12.2.0-bj2twcnwcownogkldo6ndfylxx5sqpbn/lib/gcc/x86_64-pc-linux-gnu/12.2.0/../../../:/lib/:/usr/lib/
COLLECT_GCC_OPTIONS='-o' 'conftest' '-g' '-O2' '-v' '-shared-libgcc' '-mtune=generic' '-march=x86-64' '-dumpdir' 'conftest.'
 /cluster/software/stacks/2024-06/spack/opt/spack/linux-ubuntu22.04-x86_64_v3/gcc-11.4.0/gcc-12.2.0-bj2twcnwcownogkldo6ndfylxx5sqpbn/libexec/gcc/x86_64-pc-linux-gnu/12.2.0/collect2 -plugin /cluster/software/stacks/2024-06/spack/opt/spack/linux-ubuntu22.04-x86_64_v3/gcc-11.4.0/gcc-12.2.0-bj2twcnwcownogkldo6ndfylxx5sqpbn/libexec/gcc/x86_64-pc-linux-gnu/12.2.0/liblto_plugin.so -plugin-opt=/cluster/software/stacks/2024-06/spack/opt/spack/linux-ubuntu22.04-x86_64_v3/gcc-11.4.0/gcc-12.2.0-bj2twcnwcownogkldo6ndfylxx5sqpbn/libexec/gcc/x86_64-pc-linux-gnu/12.2.0/lto-wrapper -plugin-opt=-fresolution=/tmp/ccFKUptF.res -plugin-opt=-pass-through=-lgcc_s -plugin-opt=-pass-through=-lgcc -plugin-opt=-pass-through=-lquadmath -plugin-opt=-pass-through=-lm -plugin-opt=-pass-through=-lgcc_s -plugin-opt=-pass-through=-lgcc -plugin-opt=-pass-through=-lc -plugin-opt=-pass-through=-lgcc_s -plugin-opt=-pass-through=-lgcc --eh-frame-hdr -m elf_x86_64 -dynamic-linker /lib64/ld-linux-x86-64.so.2 -o conftest /lib/x86_64-linux-gnu/crt1.o /lib/x86_64-linux-gnu/crti.o /cluster/software/stacks/2024-06/spack/opt/spack/linux-ubuntu22.04-x86_64_v3/gcc-11.4.0/gcc-12.2.0-bj2twcnwcownogkldo6ndfylxx5sqpbn/lib/gcc/x86_64-pc-linux-gnu/12.2.0/crtbegin.o -rpath /cluster/software/stacks/2024-06/spack/opt/spack/linux-ubuntu22.04-x86_64_v3/gcc-11.4.0/gcc-12.2.0-bj2twcnwcownogkldo6ndfylxx5sqpbn/lib64 -L/cluster/software/stacks/2024-06/spack/opt/spack/linux-ubuntu22.04-x86_64_v3/gcc-11.4.0/gcc-12.2.0-bj2twcnwcownogkldo6ndfylxx5sqpbn/lib64/../lib64 -L/cluster/software/stacks/2024-06/spack/opt/spack/linux-ubuntu22.04-x86_64_v3/gcc-11.4.0/gcc-12.2.0-bj2twcnwcownogkldo6ndfylxx5sqpbn/lib/../lib64 -L/cluster/software/stacks/2024-06/spack/opt/spack/linux-ubuntu22.04-x86_64_v3/gcc-11.4.0/gcc-12.2.0-bj2twcnwcownogkldo6ndfylxx5sqpbn/lib/gcc/x86_64-pc-linux-gnu/12.2.0 -L/cluster/software/stacks/2024-06/spack/opt/spack/linux-ubuntu22.04-x86_64_v3/gcc-11.4.0/gcc-12.2.0-bj2twcnwcownogkldo6ndfylxx5sqpbn/lib/gcc/x86_64-pc-linux-gnu/12.2.0/../../../../lib64 -L/lib/x86_64-linux-gnu -L/lib/../lib64 -L/usr/lib/x86_64-linux-gnu -L/usr/lib/../lib64 -L/cluster/software/stacks/2024-06/spack/opt/spack/linux-ubuntu22.04-x86_64_v3/gcc-12.2.0/gsl-2.7.1-y3rsoy4n2dbrmhdsghb4dmdmetvgfz7u/lib -L/cluster/software/stacks/2024-06/spack/opt/spack/linux-ubuntu22.04-x86_64_v3/gcc-12.2.0/openmpi-4.1.6-carqrgaphesqd6gv2ei55htn6sxpngvt/lib -L/cluster/software/stacks/2024-06/spack/opt/spack/linux-ubuntu22.04-x86_64_v3/gcc-11.4.0/gcc-12.2.0-bj2twcnwcownogkldo6ndfylxx5sqpbn/lib64 -L/cluster/software/stacks/2024-06/spack/opt/spack/linux-ubuntu22.04-x86_64_v3/gcc-11.4.0/gcc-12.2.0-bj2twcnwcownogkldo6ndfylxx5sqpbn/lib -L/cluster/software/stacks/2024-06/spack/opt/spack/linux-ubuntu22.04-x86_64_v3/gcc-11.4.0/gcc-12.2.0-bj2twcnwcownogkldo6ndfylxx5sqpbn/lib/gcc/x86_64-pc-linux-gnu/12.2.0/../../.. /tmp/ccaP7xQI.o -lgfortran -lm -lgcc_s -lgcc -lquadmath -lm -lgcc_s -lgcc -lc -lgcc_s -lgcc /cluster/software/stacks/2024-06/spack/opt/spack/linux-ubuntu22.04-x86_64_v3/gcc-11.4.0/gcc-12.2.0-bj2twcnwcownogkldo6ndfylxx5sqpbn/lib/gcc/x86_64-pc-linux-gnu/12.2.0/crtend.o /lib/x86_64-linux-gnu/crtn.o
COLLECT_GCC_OPTIONS='-o' 'conftest' '-g' '-O2' '-v' '-shared-libgcc' '-mtune=generic' '-march=x86-64' '-dumpdir' 'conftest.'
configure:8772: result:  -L/cluster/software/stacks/2024-06/spack/opt/spack/linux-ubuntu22.04-x86_64_v3/gcc-11.4.0/gcc-12.2.0-bj2twcnwcownogkldo6ndfylxx5sqpbn/lib64/../lib64 -L/cluster/software/stacks/2024-06/spack/opt/spack/linux-ubuntu22.04-x86_64_v3/gcc-11.4.0/gcc-12.2.0-bj2twcnwcownogkldo6ndfylxx5sqpbn/lib/../lib64 -L/cluster/software/stacks/2024-06/spack/opt/spack/linux-ubuntu22.04-x86_64_v3/gcc-11.4.0/gcc-12.2.0-bj2twcnwcownogkldo6ndfylxx5sqpbn/lib/gcc/x86_64-pc-linux-gnu/12.2.0 -L/cluster/software/stacks/2024-06/spack/opt/spack/linux-ubuntu22.04-x86_64_v3/gcc-11.4.0/gcc-12.2.0-bj2twcnwcownogkldo6ndfylxx5sqpbn/lib/gcc/x86_64-pc-linux-gnu/12.2.0/../../../../lib64 -L/lib/x86_64-linux-gnu -L/lib/../lib64 -L/usr/lib/x86_64-linux-gnu -L/usr/lib/../lib64 -L/cluster/software/stacks/2024-06/spack/opt/spack/linux-ubuntu22.04-x86_64_v3/gcc-12.2.0/gsl-2.7.1-y3rsoy4n2dbrmhdsghb4dmdmetvgfz7u/lib -L/cluster/software/stacks/2024-06/spack/opt/spack/linux-ubuntu22.04-x86_64_v3/gcc-12.2.0/openmpi-4.1.6-carqrgaphesqd6gv2ei55htn6sxpngvt/lib -L/cluster/software/stacks/2024-06/spack/opt/spack/linux-ubuntu22.04-x86_64_v3/gcc-11.4.0/gcc-12.2.0-bj2twcnwcownogkldo6ndfylxx5sqpbn/lib64 -L/cluster/software/stacks/2024-06/spack/opt/spack/linux-ubuntu22.04-x86_64_v3/gcc-11.4.0/gcc-12.2.0-bj2twcnwcownogkldo6ndfylxx5sqpbn/lib -L/cluster/software/stacks/2024-06/spack/opt/spack/linux-ubuntu22.04-x86_64_v3/gcc-11.4.0/gcc-12.2.0-bj2twcnwcownogkldo6ndfylxx5sqpbn/lib/gcc/x86_64-pc-linux-gnu/12.2.0/../../.. -lgfortran -lm -lgcc_s -lquadmath
configure:8783: checking for dummy main to link with Fortran 77 libraries
configure:8820: /cluster/software/stacks/2024-06/spack/opt/spack/linux-ubuntu22.04-x86_64_v3/gcc-11.4.0/gcc-12.2.0-bj2twcnwcownogkldo6ndfylxx5sqpbn/bin/gcc -o conftest -g -O2   conftest.c   -L/cluster/software/stacks/2024-06/spack/opt/spack/linux-ubuntu22.04-x86_64_v3/gcc-11.4.0/gcc-12.2.0-bj2twcnwcownogkldo6ndfylxx5sqpbn/lib64/../lib64 -L/cluster/software/stacks/2024-06/spack/opt/spack/linux-ubuntu22.04-x86_64_v3/gcc-11.4.0/gcc-12.2.0-bj2twcnwcownogkldo6ndfylxx5sqpbn/lib/../lib64 -L/cluster/software/stacks/2024-06/spack/opt/spack/linux-ubuntu22.04-x86_64_v3/gcc-11.4.0/gcc-12.2.0-bj2twcnwcownogkldo6ndfylxx5sqpbn/lib/gcc/x86_64-pc-linux-gnu/12.2.0 -L/cluster/software/stacks/2024-06/spack/opt/spack/linux-ubuntu22.04-x86_64_v3/gcc-11.4.0/gcc-12.2.0-bj2twcnwcownogkldo6ndfylxx5sqpbn/lib/gcc/x86_64-pc-linux-gnu/12.2.0/../../../../lib64 -L/lib/x86_64-linux-gnu -L/lib/../lib64 -L/usr/lib/x86_64-linux-gnu -L/usr/lib/../lib64 -L/cluster/software/stacks/2024-06/spack/opt/spack/linux-ubuntu22.04-x86_64_v3/gcc-12.2.0/gsl-2.7.1-y3rsoy4n2dbrmhdsghb4dmdmetvgfz7u/lib -L/cluster/software/stacks/2024-06/spack/opt/spack/linux-ubuntu22.04-x86_64_v3/gcc-12.2.0/openmpi-4.1.6-carqrgaphesqd6gv2ei55htn6sxpngvt/lib -L/cluster/software/stacks/2024-06/spack/opt/spack/linux-ubuntu22.04-x86_64_v3/gcc-11.4.0/gcc-12.2.0-bj2twcnwcownogkldo6ndfylxx5sqpbn/lib64 -L/cluster/software/stacks/2024-06/spack/opt/spack/linux-ubuntu22.04-x86_64_v3/gcc-11.4.0/gcc-12.2.0-bj2twcnwcownogkldo6ndfylxx5sqpbn/lib -L/cluster/software/stacks/2024-06/spack/opt/spack/linux-ubuntu22.04-x86_64_v3/gcc-11.4.0/gcc-12.2.0-bj2twcnwcownogkldo6ndfylxx5sqpbn/lib/gcc/x86_64-pc-linux-gnu/12.2.0/../../.. -lgfortran -lm -lgcc_s -lquadmath >&5
configure:8823: $? = 0
configure:8826: test -s conftest
configure:8829: $? = 0
configure:8894: result: none
configure:8915: checking for Fortran 77 name-mangling scheme
configure:8933: /cluster/software/stacks/2024-06/spack/opt/spack/linux-ubuntu22.04-x86_64_v3/gcc-11.4.0/gcc-12.2.0-bj2twcnwcownogkldo6ndfylxx5sqpbn/bin/gfortran -c -g -O2 conftest.f >&5
configure:8936: $? = 0
configure:8939: test -s conftest.o
configure:8942: $? = 0
configure:8989: /cluster/software/stacks/2024-06/spack/opt/spack/linux-ubuntu22.04-x86_64_v3/gcc-11.4.0/gcc-12.2.0-bj2twcnwcownogkldo6ndfylxx5sqpbn/bin/gcc -o conftest -g -O2   conftest.c cf77_test.o   -L/cluster/software/stacks/2024-06/spack/opt/spack/linux-ubuntu22.04-x86_64_v3/gcc-11.4.0/gcc-12.2.0-bj2twcnwcownogkldo6ndfylxx5sqpbn/lib64/../lib64 -L/cluster/software/stacks/2024-06/spack/opt/spack/linux-ubuntu22.04-x86_64_v3/gcc-11.4.0/gcc-12.2.0-bj2twcnwcownogkldo6ndfylxx5sqpbn/lib/../lib64 -L/cluster/software/stacks/2024-06/spack/opt/spack/linux-ubuntu22.04-x86_64_v3/gcc-11.4.0/gcc-12.2.0-bj2twcnwcownogkldo6ndfylxx5sqpbn/lib/gcc/x86_64-pc-linux-gnu/12.2.0 -L/cluster/software/stacks/2024-06/spack/opt/spack/linux-ubuntu22.04-x86_64_v3/gcc-11.4.0/gcc-12.2.0-bj2twcnwcownogkldo6ndfylxx5sqpbn/lib/gcc/x86_64-pc-linux-gnu/12.2.0/../../../../lib64 -L/lib/x86_64-linux-gnu -L/lib/../lib64 -L/usr/lib/x86_64-linux-gnu -L/usr/lib/../lib64 -L/cluster/software/stacks/2024-06/spack/opt/spack/linux-ubuntu22.04-x86_64_v3/gcc-12.2.0/gsl-2.7.1-y3rsoy4n2dbrmhdsghb4dmdmetvgfz7u/lib -L/cluster/software/stacks/2024-06/spack/opt/spack/linux-ubuntu22.04-x86_64_v3/gcc-12.2.0/openmpi-4.1.6-carqrgaphesqd6gv2ei55htn6sxpngvt/lib -L/cluster/software/stacks/2024-06/spack/opt/spack/linux-ubuntu22.04-x86_64_v3/gcc-11.4.0/gcc-12.2.0-bj2twcnwcownogkldo6ndfylxx5sqpbn/lib64 -L/cluster/software/stacks/2024-06/spack/opt/spack/linux-ubuntu22.04-x86_64_v3/gcc-11.4.0/gcc-12.2.0-bj2twcnwcownogkldo6ndfylxx5sqpbn/lib -L/cluster/software/stacks/2024-06/spack/opt/spack/linux-ubuntu22.04-x86_64_v3/gcc-11.4.0/gcc-12.2.0-bj2twcnwcownogkldo6ndfylxx5sqpbn/lib/gcc/x86_64-pc-linux-gnu/12.2.0/../../.. -lgfortran -lm -lgcc_s -lquadmath >&5
/cluster/software/stacks/2024-06/sfos/ld: /tmp/ccYnWigr.o: in function `main':
/cluster/home/cprior/PyCosmo_SimGadget/ngenic/fftw-2.1.5/conftest.c:8997:(.text.startup+0x7): undefined reference to `foobar'
collect2: error: ld returned 1 exit status
configure:8992: $? = 1
configure: failed program was:
| #line 8959 "configure"
| /* confdefs.h.  */
| 
| #define PACKAGE_NAME ""
| #define PACKAGE_TARNAME ""
| #define PACKAGE_VERSION ""
| #define PACKAGE_STRING ""
| #define PACKAGE_BUGREPORT ""
| #define PACKAGE "fftw"
| #define VERSION "2.1.5"
| #define STDC_HEADERS 1
| #define HAVE_SYS_TYPES_H 1
| #define HAVE_SYS_STAT_H 1
| #define HAVE_STDLIB_H 1
| #define HAVE_STRING_H 1
| #define HAVE_MEMORY_H 1
| #define HAVE_STRINGS_H 1
| #define HAVE_INTTYPES_H 1
| #define HAVE_STDINT_H 1
| #define HAVE_UNISTD_H 1
| #define HAVE_DLFCN_H 1
| /* end confdefs.h.  */
| 
| /* Override any gcc2 internal prototype to avoid an error.  */
| #ifdef __cplusplus
| extern "C"
| #endif
| /* We use char because int might match the return type of a gcc2
|    builtin and then its argument prototype would still apply.  */
| char foobar ();
| #ifdef F77_DUMMY_MAIN
| #  ifdef __cplusplus
|      extern "C"
| #  endif
|    int F77_DUMMY_MAIN() { return 1; }
| #endif
| int
| main ()
| {
| foobar ();
|   ;
|   return 0;
| }
configure:8989: /cluster/software/stacks/2024-06/spack/opt/spack/linux-ubuntu22.04-x86_64_v3/gcc-11.4.0/gcc-12.2.0-bj2twcnwcownogkldo6ndfylxx5sqpbn/bin/gcc -o conftest -g -O2   conftest.c cf77_test.o   -L/cluster/software/stacks/2024-06/spack/opt/spack/linux-ubuntu22.04-x86_64_v3/gcc-11.4.0/gcc-12.2.0-bj2twcnwcownogkldo6ndfylxx5sqpbn/lib64/../lib64 -L/cluster/software/stacks/2024-06/spack/opt/spack/linux-ubuntu22.04-x86_64_v3/gcc-11.4.0/gcc-12.2.0-bj2twcnwcownogkldo6ndfylxx5sqpbn/lib/../lib64 -L/cluster/software/stacks/2024-06/spack/opt/spack/linux-ubuntu22.04-x86_64_v3/gcc-11.4.0/gcc-12.2.0-bj2twcnwcownogkldo6ndfylxx5sqpbn/lib/gcc/x86_64-pc-linux-gnu/12.2.0 -L/cluster/software/stacks/2024-06/spack/opt/spack/linux-ubuntu22.04-x86_64_v3/gcc-11.4.0/gcc-12.2.0-bj2twcnwcownogkldo6ndfylxx5sqpbn/lib/gcc/x86_64-pc-linux-gnu/12.2.0/../../../../lib64 -L/lib/x86_64-linux-gnu -L/lib/../lib64 -L/usr/lib/x86_64-linux-gnu -L/usr/lib/../lib64 -L/cluster/software/stacks/2024-06/spack/opt/spack/linux-ubuntu22.04-x86_64_v3/gcc-12.2.0/gsl-2.7.1-y3rsoy4n2dbrmhdsghb4dmdmetvgfz7u/lib -L/cluster/software/stacks/2024-06/spack/opt/spack/linux-ubuntu22.04-x86_64_v3/gcc-12.2.0/openmpi-4.1.6-carqrgaphesqd6gv2ei55htn6sxpngvt/lib -L/cluster/software/stacks/2024-06/spack/opt/spack/linux-ubuntu22.04-x86_64_v3/gcc-11.4.0/gcc-12.2.0-bj2twcnwcownogkldo6ndfylxx5sqpbn/lib64 -L/cluster/software/stacks/2024-06/spack/opt/spack/linux-ubuntu22.04-x86_64_v3/gcc-11.4.0/gcc-12.2.0-bj2twcnwcownogkldo6ndfylxx5sqpbn/lib -L/cluster/software/stacks/2024-06/spack/opt/spack/linux-ubuntu22.04-x86_64_v3/gcc-11.4.0/gcc-12.2.0-bj2twcnwcownogkldo6ndfylxx5sqpbn/lib/gcc/x86_64-pc-linux-gnu/12.2.0/../../.. -lgfortran -lm -lgcc_s -lquadmath >&5
configure:8992: $? = 0
configure:8995: test -s conftest
configure:8998: $? = 0
configure:9055: /cluster/software/stacks/2024-06/spack/opt/spack/linux-ubuntu22.04-x86_64_v3/gcc-11.4.0/gcc-12.2.0-bj2twcnwcownogkldo6ndfylxx5sqpbn/bin/gcc -o conftest -g -O2   conftest.c cf77_test.o   -L/cluster/software/stacks/2024-06/spack/opt/spack/linux-ubuntu22.04-x86_64_v3/gcc-11.4.0/gcc-12.2.0-bj2twcnwcownogkldo6ndfylxx5sqpbn/lib64/../lib64 -L/cluster/software/stacks/2024-06/spack/opt/spack/linux-ubuntu22.04-x86_64_v3/gcc-11.4.0/gcc-12.2.0-bj2twcnwcownogkldo6ndfylxx5sqpbn/lib/../lib64 -L/cluster/software/stacks/2024-06/spack/opt/spack/linux-ubuntu22.04-x86_64_v3/gcc-11.4.0/gcc-12.2.0-bj2twcnwcownogkldo6ndfylxx5sqpbn/lib/gcc/x86_64-pc-linux-gnu/12.2.0 -L/cluster/software/stacks/2024-06/spack/opt/spack/linux-ubuntu22.04-x86_64_v3/gcc-11.4.0/gcc-12.2.0-bj2twcnwcownogkldo6ndfylxx5sqpbn/lib/gcc/x86_64-pc-linux-gnu/12.2.0/../../../../lib64 -L/lib/x86_64-linux-gnu -L/lib/../lib64 -L/usr/lib/x86_64-linux-gnu -L/usr/lib/../lib64 -L/cluster/software/stacks/2024-06/spack/opt/spack/linux-ubuntu22.04-x86_64_v3/gcc-12.2.0/gsl-2.7.1-y3rsoy4n2dbrmhdsghb4dmdmetvgfz7u/lib -L/cluster/software/stacks/2024-06/spack/opt/spack/linux-ubuntu22.04-x86_64_v3/gcc-12.2.0/openmpi-4.1.6-carqrgaphesqd6gv2ei55htn6sxpngvt/lib -L/cluster/software/stacks/2024-06/spack/opt/spack/linux-ubuntu22.04-x86_64_v3/gcc-11.4.0/gcc-12.2.0-bj2twcnwcownogkldo6ndfylxx5sqpbn/lib64 -L/cluster/software/stacks/2024-06/spack/opt/spack/linux-ubuntu22.04-x86_64_v3/gcc-11.4.0/gcc-12.2.0-bj2twcnwcownogkldo6ndfylxx5sqpbn/lib -L/cluster/software/stacks/2024-06/spack/opt/spack/linux-ubuntu22.04-x86_64_v3/gcc-11.4.0/gcc-12.2.0-bj2twcnwcownogkldo6ndfylxx5sqpbn/lib/gcc/x86_64-pc-linux-gnu/12.2.0/../../.. -lgfortran -lm -lgcc_s -lquadmath >&5
configure:9058: $? = 0
configure:9061: test -s conftest
configure:9064: $? = 0
configure:9118: result: lower case, underscore, no extra underscore
configure:9302: checking whether /cluster/software/stacks/2024-06/spack/opt/spack/linux-ubuntu22.04-x86_64_v3/gcc-11.4.0/gcc-12.2.0-bj2twcnwcownogkldo6ndfylxx5sqpbn/bin/gcc accepts -malign-double
configure:9316: result: yes
configure:9329: checking whether /cluster/software/stacks/2024-06/spack/opt/spack/linux-ubuntu22.04-x86_64_v3/gcc-11.4.0/gcc-12.2.0-bj2twcnwcownogkldo6ndfylxx5sqpbn/bin/gcc accepts -fstrict-aliasing
configure:9343: result: yes
configure:9740: checking whether /cluster/software/stacks/2024-06/spack/opt/spack/linux-ubuntu22.04-x86_64_v3/gcc-11.4.0/gcc-12.2.0-bj2twcnwcownogkldo6ndfylxx5sqpbn/bin/gcc accepts -O3 -fomit-frame-pointer -fno-schedule-insns -fschedule-insns2 -malign-double -fstrict-aliasing
configure:9754: result: yes
configure:9783: checking whether /cluster/software/stacks/2024-06/spack/opt/spack/linux-ubuntu22.04-x86_64_v3/gcc-11.4.0/gcc-12.2.0-bj2twcnwcownogkldo6ndfylxx5sqpbn/bin/gcc accepts -mpreferred-stack-boundary=4
configure:9797: result: yes
configure:9808: checking whether the stack is correctly aligned by gcc
configure:9834: /cluster/software/stacks/2024-06/spack/opt/spack/linux-ubuntu22.04-x86_64_v3/gcc-11.4.0/gcc-12.2.0-bj2twcnwcownogkldo6ndfylxx5sqpbn/bin/gcc -o conftest -O -malign-double   conftest.c  >&5
configure:9837: $? = 0
configure:9839: ./conftest
configure:9842: $? = 0
configure:9856: result: yes
configure:9917: checking for sqrt in -lm
configure:9954: /cluster/software/stacks/2024-06/spack/opt/spack/linux-ubuntu22.04-x86_64_v3/gcc-11.4.0/gcc-12.2.0-bj2twcnwcownogkldo6ndfylxx5sqpbn/bin/gcc -o conftest -O3 -fomit-frame-pointer -fno-schedule-insns -fschedule-insns2 -malign-double -fstrict-aliasing   conftest.c -lm   >&5
configure:9956:6: warning: conflicting types for built-in function 'sqrt'; expected 'double(double)' [-Wbuiltin-declaration-mismatch]
 9956 |   ac_status=$?
      |      ^~~~
configure:9924:1: note: 'sqrt' is declared in header '<math.h>'
 9923 | LIBS="-lm  $LIBS"
  +++ |+#include <math.h>
 9924 | cat >conftest.$ac_ext <<_ACEOF
configure:9957: $? = 0
configure:9960: test -s conftest
configure:9963: $? = 0
configure:9975: result: yes
configure:9987: checking for ANSI C header files
configure:10143: result: yes
configure:10170: checking sys/time.h usability
configure:10183: /cluster/software/stacks/2024-06/spack/opt/spack/linux-ubuntu22.04-x86_64_v3/gcc-11.4.0/gcc-12.2.0-bj2twcnwcownogkldo6ndfylxx5sqpbn/bin/gcc -c -O3 -fomit-frame-pointer -fno-schedule-insns -fschedule-insns2 -malign-double -fstrict-aliasing  conftest.c >&5
configure:10186: $? = 0
configure:10189: test -s conftest.o
configure:10192: $? = 0
configure:10202: result: yes
configure:10206: checking sys/time.h presence
configure:10217: /cluster/software/stacks/2024-06/spack/opt/spack/linux-ubuntu22.04-x86_64_v3/gcc-11.4.0/gcc-12.2.0-bj2twcnwcownogkldo6ndfylxx5sqpbn/bin/gcc -E  conftest.c
configure:10223: $? = 0
configure:10242: result: yes
configure:10278: checking for sys/time.h
configure:10285: result: yes
configure:10161: checking for unistd.h
configure:10166: result: yes
configure:10170: checking getopt.h usability
configure:10183: /cluster/software/stacks/2024-06/spack/opt/spack/linux-ubuntu22.04-x86_64_v3/gcc-11.4.0/gcc-12.2.0-bj2twcnwcownogkldo6ndfylxx5sqpbn/bin/gcc -c -O3 -fomit-frame-pointer -fno-schedule-insns -fschedule-insns2 -malign-double -fstrict-aliasing  conftest.c >&5
configure:10186: $? = 0
configure:10189: test -s conftest.o
configure:10192: $? = 0
configure:10202: result: yes
configure:10206: checking getopt.h presence
configure:10217: /cluster/software/stacks/2024-06/spack/opt/spack/linux-ubuntu22.04-x86_64_v3/gcc-11.4.0/gcc-12.2.0-bj2twcnwcownogkldo6ndfylxx5sqpbn/bin/gcc -E  conftest.c
configure:10223: $? = 0
configure:10242: result: yes
configure:10278: checking for getopt.h
configure:10285: result: yes
configure:10170: checking malloc.h usability
configure:10183: /cluster/software/stacks/2024-06/spack/opt/spack/linux-ubuntu22.04-x86_64_v3/gcc-11.4.0/gcc-12.2.0-bj2twcnwcownogkldo6ndfylxx5sqpbn/bin/gcc -c -O3 -fomit-frame-pointer -fno-schedule-insns -fschedule-insns2 -malign-double -fstrict-aliasing  conftest.c >&5
configure:10186: $? = 0
configure:10189: test -s conftest.o
configure:10192: $? = 0
configure:10202: result: yes
configure:10206: checking malloc.h presence
configure:10217: /cluster/software/stacks/2024-06/spack/opt/spack/linux-ubuntu22.04-x86_64_v3/gcc-11.4.0/gcc-12.2.0-bj2twcnwcownogkldo6ndfylxx5sqpbn/bin/gcc -E  conftest.c
configure:10223: $? = 0
configure:10242: result: yes
configure:10278: checking for malloc.h
configure:10285: result: yes
configure:10299: checking for an ANSI C-conforming const
configure:10373: /cluster/software/stacks/2024-06/spack/opt/spack/linux-ubuntu22.04-x86_64_v3/gcc-11.4.0/gcc-12.2.0-bj2twcnwcownogkldo6ndfylxx5sqpbn/bin/gcc -c -O3 -fomit-frame-pointer -fno-schedule-insns -fschedule-insns2 -malign-double -fstrict-aliasing  conftest.c >&5
configure:10376: $? = 0
configure:10379: test -s conftest.o
configure:10382: $? = 0
configure:10393: result: yes
configure:10403: checking for size_t
configure:10434: /cluster/software/stacks/2024-06/spack/opt/spack/linux-ubuntu22.04-x86_64_v3/gcc-11.4.0/gcc-12.2.0-bj2twcnwcownogkldo6ndfylxx5sqpbn/bin/gcc -c -O3 -fomit-frame-pointer -fno-schedule-insns -fschedule-insns2 -malign-double -fstrict-aliasing  conftest.c >&5
configure:10437: $? = 0
configure:10440: test -s conftest.o
configure:10443: $? = 0
configure:10454: result: yes
configure:10466: checking whether time.h and sys/time.h may both be included
configure:10498: /cluster/software/stacks/2024-06/spack/opt/spack/linux-ubuntu22.04-x86_64_v3/gcc-11.4.0/gcc-12.2.0-bj2twcnwcownogkldo6ndfylxx5sqpbn/bin/gcc -c -O3 -fomit-frame-pointer -fno-schedule-insns -fschedule-insns2 -malign-double -fstrict-aliasing  conftest.c >&5
configure:10501: $? = 0
configure:10504: test -s conftest.o
configure:10507: $? = 0
configure:10518: result: yes
configure:10545: checking for working alloca.h
configure:10573: /cluster/software/stacks/2024-06/spack/opt/spack/linux-ubuntu22.04-x86_64_v3/gcc-11.4.0/gcc-12.2.0-bj2twcnwcownogkldo6ndfylxx5sqpbn/bin/gcc -o conftest -O3 -fomit-frame-pointer -fno-schedule-insns -fschedule-insns2 -malign-double -fstrict-aliasing   conftest.c -lm  >&5
configure:10576: $? = 0
configure:10579: test -s conftest
configure:10582: $? = 0
configure:10593: result: yes
configure:10603: checking for alloca
configure:10651: /cluster/software/stacks/2024-06/spack/opt/spack/linux-ubuntu22.04-x86_64_v3/gcc-11.4.0/gcc-12.2.0-bj2twcnwcownogkldo6ndfylxx5sqpbn/bin/gcc -o conftest -O3 -fomit-frame-pointer -fno-schedule-insns -fschedule-insns2 -malign-double -fstrict-aliasing   conftest.c -lm  >&5
configure:10654: $? = 0
configure:10657: test -s conftest
configure:10660: $? = 0
configure:10671: result: yes
configure:10896: checking for gettimeofday
configure:10960: /cluster/software/stacks/2024-06/spack/opt/spack/linux-ubuntu22.04-x86_64_v3/gcc-11.4.0/gcc-12.2.0-bj2twcnwcownogkldo6ndfylxx5sqpbn/bin/gcc -o conftest -O3 -fomit-frame-pointer -fno-schedule-insns -fschedule-insns2 -malign-double -fstrict-aliasing   conftest.c -lm  >&5
configure:10963: $? = 0
configure:10966: test -s conftest
configure:10969: $? = 0
configure:10980: result: yes
configure:10994: checking for BSDgettimeofday
configure:11058: /cluster/software/stacks/2024-06/spack/opt/spack/linux-ubuntu22.04-x86_64_v3/gcc-11.4.0/gcc-12.2.0-bj2twcnwcownogkldo6ndfylxx5sqpbn/bin/gcc -o conftest -O3 -fomit-frame-pointer -fno-schedule-insns -fschedule-insns2 -malign-double -fstrict-aliasing   conftest.c -lm  >&5
/cluster/software/stacks/2024-06/sfos/ld: /tmp/ccS64ybL.o:(.data+0x0): undefined reference to `BSDgettimeofday'
/cluster/software/stacks/2024-06/sfos/ld: /tmp/ccS64ybL.o: in function `main':
conftest.c:(.text.startup+0x9): undefined reference to `BSDgettimeofday'
collect2: error: ld returned 1 exit status
configure:11061: $? = 1
configure: failed program was:
| #line 10999 "configure"
| /* confdefs.h.  */
| 
| #define PACKAGE_NAME ""
| #define PACKAGE_TARNAME ""
| #define PACKAGE_VERSION ""
| #define PACKAGE_STRING ""
| #define PACKAGE_BUGREPORT ""
| #define PACKAGE "fftw"
| #define VERSION "2.1.5"
| #define STDC_HEADERS 1
| #define HAVE_SYS_TYPES_H 1
| #define HAVE_SYS_STAT_H 1
| #define HAVE_STDLIB_H 1
| #define HAVE_STRING_H 1
| #define HAVE_MEMORY_H 1
| #define HAVE_STRINGS_H 1
| #define HAVE_INTTYPES_H 1
| #define HAVE_STDINT_H 1
| #define HAVE_UNISTD_H 1
| #define HAVE_DLFCN_H 1
| #define F77_FUNC(name,NAME) name ## _
| #define F77_FUNC_(name,NAME) name ## _
| #define FFTW_VERSION "2.1.5"
| #define FFTW_GCC_ALIGNS_STACK 1
| #define HAVE_LIBM 1
| #define STDC_HEADERS 1
| #define HAVE_SYS_TIME_H 1
| #define HAVE_UNISTD_H 1
| #define HAVE_GETOPT_H 1
| #define HAVE_MALLOC_H 1
| #define TIME_WITH_SYS_TIME 1
| #define HAVE_ALLOCA_H 1
| #define HAVE_ALLOCA 1
| #define HAVE_GETTIMEOFDAY 1
| /* end confdefs.h.  */
| /* Define BSDgettimeofday to an innocuous variant, in case <limits.h> declares BSDgettimeofday.
|    For example, HP-UX 11i <limits.h> declares gettimeofday.  */
| #define BSDgettimeofday innocuous_BSDgettimeofday
| 
| /* System header to define __stub macros and hopefully few prototypes,
|     which can conflict with char BSDgettimeofday (); below.
|     Prefer <limits.h> to <assert.h> if __STDC__ is defined, since
|     <limits.h> exists even on freestanding compilers.  */
| 
| #ifdef __STDC__
| # include <limits.h>
| #else
| # include <assert.h>
| #endif
| 
| #undef BSDgettimeofday
| 
| /* Override any gcc2 internal prototype to avoid an error.  */
| #ifdef __cplusplus
| extern "C"
| {
| #endif
| /* We use char because int might match the return type of a gcc2
|    builtin and then its argument prototype would still apply.  */
| char BSDgettimeofday ();
| /* The GNU C library defines this for functions which it implements
|     to always fail with ENOSYS.  Some functions are actually named
|     something starting with __ and the normal name is an alias.  */
| #if defined (__stub_BSDgettimeofday) || defined (__stub___BSDgettimeofday)
| choke me
| #else
| char (*f) () = BSDgettimeofday;
| #endif
| #ifdef __cplusplus
| }
| #endif
| 
| #ifdef F77_DUMMY_MAIN
| #  ifdef __cplusplus
|      extern "C"
| #  endif
|    int F77_DUMMY_MAIN() { return 1; }
| #endif
| int
| main ()
| {
| return f != BSDgettimeofday;
|   ;
|   return 0;
| }
configure:11078: result: no
configure:11092: checking for gethrtime
configure:11156: /cluster/software/stacks/2024-06/spack/opt/spack/linux-ubuntu22.04-x86_64_v3/gcc-11.4.0/gcc-12.2.0-bj2twcnwcownogkldo6ndfylxx5sqpbn/bin/gcc -o conftest -O3 -fomit-frame-pointer -fno-schedule-insns -fschedule-insns2 -malign-double -fstrict-aliasing   conftest.c -lm  >&5
/cluster/software/stacks/2024-06/sfos/ld: /tmp/cc81GMwQ.o:(.data+0x0): undefined reference to `gethrtime'
/cluster/software/stacks/2024-06/sfos/ld: /tmp/cc81GMwQ.o: in function `main':
conftest.c:(.text.startup+0x9): undefined reference to `gethrtime'
collect2: error: ld returned 1 exit status
configure:11159: $? = 1
configure: failed program was:
| #line 11097 "configure"
| /* confdefs.h.  */
| 
| #define PACKAGE_NAME ""
| #define PACKAGE_TARNAME ""
| #define PACKAGE_VERSION ""
| #define PACKAGE_STRING ""
| #define PACKAGE_BUGREPORT ""
| #define PACKAGE "fftw"
| #define VERSION "2.1.5"
| #define STDC_HEADERS 1
| #define HAVE_SYS_TYPES_H 1
| #define HAVE_SYS_STAT_H 1
| #define HAVE_STDLIB_H 1
| #define HAVE_STRING_H 1
| #define HAVE_MEMORY_H 1
| #define HAVE_STRINGS_H 1
| #define HAVE_INTTYPES_H 1
| #define HAVE_STDINT_H 1
| #define HAVE_UNISTD_H 1
| #define HAVE_DLFCN_H 1
| #define F77_FUNC(name,NAME) name ## _
| #define F77_FUNC_(name,NAME) name ## _
| #define FFTW_VERSION "2.1.5"
| #define FFTW_GCC_ALIGNS_STACK 1
| #define HAVE_LIBM 1
| #define STDC_HEADERS 1
| #define HAVE_SYS_TIME_H 1
| #define HAVE_UNISTD_H 1
| #define HAVE_GETOPT_H 1
| #define HAVE_MALLOC_H 1
| #define TIME_WITH_SYS_TIME 1
| #define HAVE_ALLOCA_H 1
| #define HAVE_ALLOCA 1
| #define HAVE_GETTIMEOFDAY 1
| /* end confdefs.h.  */
| /* Define gethrtime to an innocuous variant, in case <limits.h> declares gethrtime.
|    For example, HP-UX 11i <limits.h> declares gettimeofday.  */
| #define gethrtime innocuous_gethrtime
| 
| /* System header to define __stub macros and hopefully few prototypes,
|     which can conflict with char gethrtime (); below.
|     Prefer <limits.h> to <assert.h> if __STDC__ is defined, since
|     <limits.h> exists even on freestanding compilers.  */
| 
| #ifdef __STDC__
| # include <limits.h>
| #else
| # include <assert.h>
| #endif
| 
| #undef gethrtime
| 
| /* Override any gcc2 internal prototype to avoid an error.  */
| #ifdef __cplusplus
| extern "C"
| {
| #endif
| /* We use char because int might match the return type of a gcc2
|    builtin and then its argument prototype would still apply.  */
| char gethrtime ();
| /* The GNU C library defines this for functions which it implements
|     to always fail with ENOSYS.  Some functions are actually named
|     something starting with __ and the normal name is an alias.  */
| #if defined (__stub_gethrtime) || defined (__stub___gethrtime)
| choke me
| #else
| char (*f) () = gethrtime;
| #endif
| #ifdef __cplusplus
| }
| #endif
| 
| #ifdef F77_DUMMY_MAIN
| #  ifdef __cplusplus
|      extern "C"
| #  endif
|    int F77_DUMMY_MAIN() { return 1; }
| #endif
| int
| main ()
| {
| return f != gethrtime;
|   ;
|   return 0;
| }
configure:11176: result: no
configure:11190: checking for getopt
configure:11254: /cluster/software/stacks/2024-06/spack/opt/spack/linux-ubuntu22.04-x86_64_v3/gcc-11.4.0/gcc-12.2.0-bj2twcnwcownogkldo6ndfylxx5sqpbn/bin/gcc -o conftest -O3 -fomit-frame-pointer -fno-schedule-insns -fschedule-insns2 -malign-double -fstrict-aliasing   conftest.c -lm  >&5
configure:11257: $? = 0
configure:11260: test -s conftest
configure:11263: $? = 0
configure:11274: result: yes
configure:11288: checking for getopt_long
configure:11352: /cluster/software/stacks/2024-06/spack/opt/spack/linux-ubuntu22.04-x86_64_v3/gcc-11.4.0/gcc-12.2.0-bj2twcnwcownogkldo6ndfylxx5sqpbn/bin/gcc -o conftest -O3 -fomit-frame-pointer -fno-schedule-insns -fschedule-insns2 -malign-double -fstrict-aliasing   conftest.c -lm  >&5
configure:11355: $? = 0
configure:11358: test -s conftest
configure:11361: $? = 0
configure:11372: result: yes
configure:11383: checking for isnan
configure:11409: /cluster/software/stacks/2024-06/spack/opt/spack/linux-ubuntu22.04-x86_64_v3/gcc-11.4.0/gcc-12.2.0-bj2twcnwcownogkldo6ndfylxx5sqpbn/bin/gcc -o conftest -O3 -fomit-frame-pointer -fno-schedule-insns -fschedule-insns2 -malign-double -fstrict-aliasing   conftest.c -lm  >&5
configure:11412: $? = 0
configure:11415: test -s conftest
configure:11418: $? = 0
configure:11434: result: yes
configure:11439: checking for hrtime_t
configure:11468: /cluster/software/stacks/2024-06/spack/opt/spack/linux-ubuntu22.04-x86_64_v3/gcc-11.4.0/gcc-12.2.0-bj2twcnwcownogkldo6ndfylxx5sqpbn/bin/gcc -o conftest -O3 -fomit-frame-pointer -fno-schedule-insns -fschedule-insns2 -malign-double -fstrict-aliasing   conftest.c -lm  >&5
configure: In function 'main':
configure:11493:1: error: unknown type name 'hrtime_t'; did you mean 'time_t'?
11493 | echo "$as_me:$LINENO: result: ${ok}" >&5
      | ^~~~~~~~
      | time_t
configure:11471: $? = 1
configure: failed program was:
| #line 11441 "configure"
| /* confdefs.h.  */
| 
| #define PACKAGE_NAME ""
| #define PACKAGE_TARNAME ""
| #define PACKAGE_VERSION ""
| #define PACKAGE_STRING ""
| #define PACKAGE_BUGREPORT ""
| #define PACKAGE "fftw"
| #define VERSION "2.1.5"
| #define STDC_HEADERS 1
| #define HAVE_SYS_TYPES_H 1
| #define HAVE_SYS_STAT_H 1
| #define HAVE_STDLIB_H 1
| #define HAVE_STRING_H 1
| #define HAVE_MEMORY_H 1
| #define HAVE_STRINGS_H 1
| #define HAVE_INTTYPES_H 1
| #define HAVE_STDINT_H 1
| #define HAVE_UNISTD_H 1
| #define HAVE_DLFCN_H 1
| #define F77_FUNC(name,NAME) name ## _
| #define F77_FUNC_(name,NAME) name ## _
| #define FFTW_VERSION "2.1.5"
| #define FFTW_GCC_ALIGNS_STACK 1
| #define HAVE_LIBM 1
| #define STDC_HEADERS 1
| #define HAVE_SYS_TIME_H 1
| #define HAVE_UNISTD_H 1
| #define HAVE_GETOPT_H 1
| #define HAVE_MALLOC_H 1
| #define TIME_WITH_SYS_TIME 1
| #define HAVE_ALLOCA_H 1
| #define HAVE_ALLOCA 1
| #define HAVE_GETTIMEOFDAY 1
| #define HAVE_GETOPT 1
| #define HAVE_GETOPT_LONG 1
| #define HAVE_ISNAN 1
| /* end confdefs.h.  */
| 
| #ifdef HAVE_SYS_TIME_H
| #include <sys/time.h>
| #endif
| 
| #ifdef F77_DUMMY_MAIN
| #  ifdef __cplusplus
|      extern "C"
| #  endif
|    int F77_DUMMY_MAIN() { return 1; }
| #endif
| int
| main ()
| {
| hrtime_t foobar;
|   ;
|   return 0;
| }
configure:11493: result: no
configure:11496: checking for int
configure:11527: /cluster/software/stacks/2024-06/spack/opt/spack/linux-ubuntu22.04-x86_64_v3/gcc-11.4.0/gcc-12.2.0-bj2twcnwcownogkldo6ndfylxx5sqpbn/bin/gcc -c -O3 -fomit-frame-pointer -fno-schedule-insns -fschedule-insns2 -malign-double -fstrict-aliasing  conftest.c >&5
configure:11530: $? = 0
configure:11533: test -s conftest.o
configure:11536: $? = 0
configure:11547: result: yes
configure:11550: checking size of int
configure:11861: /cluster/software/stacks/2024-06/spack/opt/spack/linux-ubuntu22.04-x86_64_v3/gcc-11.4.0/gcc-12.2.0-bj2twcnwcownogkldo6ndfylxx5sqpbn/bin/gcc -o conftest -O3 -fomit-frame-pointer -fno-schedule-insns -fschedule-insns2 -malign-double -fstrict-aliasing   conftest.c -lm  >&5
configure:11864: $? = 0
configure:11866: ./conftest
configure:11869: $? = 0
configure:11892: result: 4
configure:11899: checking for long long
configure:11930: /cluster/software/stacks/2024-06/spack/opt/spack/linux-ubuntu22.04-x86_64_v3/gcc-11.4.0/gcc-12.2.0-bj2twcnwcownogkldo6ndfylxx5sqpbn/bin/gcc -c -O3 -fomit-frame-pointer -fno-schedule-insns -fschedule-insns2 -malign-double -fstrict-aliasing  conftest.c >&5
configure:11933: $? = 0
configure:11936: test -s conftest.o
configure:11939: $? = 0
configure:11950: result: yes
configure:11953: checking size of long long
configure:12264: /cluster/software/stacks/2024-06/spack/opt/spack/linux-ubuntu22.04-x86_64_v3/gcc-11.4.0/gcc-12.2.0-bj2twcnwcownogkldo6ndfylxx5sqpbn/bin/gcc -o conftest -O3 -fomit-frame-pointer -fno-schedule-insns -fschedule-insns2 -malign-double -fstrict-aliasing   conftest.c -lm  >&5
configure:12267: $? = 0
configure:12269: ./conftest
configure:12272: $? = 0
configure:12295: result: 8
configure:12320: checking whether /cluster/software/stacks/2024-06/spack/opt/spack/linux-ubuntu22.04-x86_64_v3/gcc-11.4.0/gcc-12.2.0-bj2twcnwcownogkldo6ndfylxx5sqpbn/bin/gcc accepts "-fkeep-programmers-inline"
configure:12334: result: no
configure:12346: checking whether /cluster/software/stacks/2024-06/spack/opt/spack/linux-ubuntu22.04-x86_64_v3/gcc-11.4.0/gcc-12.2.0-bj2twcnwcownogkldo6ndfylxx5sqpbn/bin/gcc accepts "-vomit-frame-pointer"
configure:12360: result: no
configure:13955: checking for mpicc
configure:13981: result: /cluster/software/stacks/2024-06/spack/opt/spack/linux-ubuntu22.04-x86_64_v3/gcc-12.2.0/openmpi-4.1.6-carqrgaphesqd6gv2ei55htn6sxpngvt/bin/mpicc
configure:13998: checking for MPI_Init
configure:14062: /cluster/software/stacks/2024-06/spack/opt/spack/linux-ubuntu22.04-x86_64_v3/gcc-12.2.0/openmpi-4.1.6-carqrgaphesqd6gv2ei55htn6sxpngvt/bin/mpicc -o conftest -O3 -fomit-frame-pointer -fno-schedule-insns -fschedule-insns2 -malign-double -fstrict-aliasing   conftest.c -lm  >&5
configure:14065: $? = 0
configure:14068: test -s conftest
configure:14071: $? = 0
configure:14082: result: yes
configure:14223: checking for mpi.h
configure:14248: /cluster/software/stacks/2024-06/spack/opt/spack/linux-ubuntu22.04-x86_64_v3/gcc-12.2.0/openmpi-4.1.6-carqrgaphesqd6gv2ei55htn6sxpngvt/bin/mpicc -c -O3 -fomit-frame-pointer -fno-schedule-insns -fschedule-insns2 -malign-double -fstrict-aliasing  conftest.c >&5
configure:14251: $? = 0
configure:14254: test -s conftest.o
configure:14257: $? = 0
configure:14259: result: yes
configure:14295: checking for MPI_Comm_f2c
configure:14324: /cluster/software/stacks/2024-06/spack/opt/spack/linux-ubuntu22.04-x86_64_v3/gcc-12.2.0/openmpi-4.1.6-carqrgaphesqd6gv2ei55htn6sxpngvt/bin/mpicc -o conftest -O3 -fomit-frame-pointer -fno-schedule-insns -fschedule-insns2 -malign-double -fstrict-aliasing   conftest.c -lm  >&5
configure:14327: $? = 0
configure:14330: test -s conftest
configure:14333: $? = 0
configure:14346: result: yes
configure:14468: creating ./config.status

## ---------------------- ##
## Running config.status. ##
## ---------------------- ##

This file was extended by config.status, which was
generated by GNU Autoconf 2.57.  Invocation command line was

  CONFIG_FILES    = 
  CONFIG_HEADERS  = 
  CONFIG_LINKS    = 
  CONFIG_COMMANDS = 
  $ ./config.status 

on eu-login-39

config.status:695: creating fftw/Makefile
config.status:695: creating tests/Makefile
config.status:695: creating rfftw/Makefile
config.status:695: creating doc/Makefile
config.status:695: creating Makefile
config.status:695: creating threads/Makefile
config.status:695: creating mpi/Makefile
config.status:695: creating fftw.spec
config.status:799: creating fftw/config.h
config.status:799: creating fftw/fftw.h
config.status:1088: executing depfiles commands

## ---------------- ##
## Cache variables. ##
## ---------------- ##

ac_cv_build=x86_64-unknown-linux-gnu
ac_cv_build_alias=x86_64-unknown-linux-gnu
ac_cv_c_compiler_gnu=yes
ac_cv_c_const=yes
ac_cv_env_CC_set=set
ac_cv_env_CC_value=/cluster/software/stacks/2024-06/spack/opt/spack/linux-ubuntu22.04-x86_64_v3/gcc-11.4.0/gcc-12.2.0-bj2twcnwcownogkldo6ndfylxx5sqpbn/bin/gcc
ac_cv_env_CFLAGS_set=
ac_cv_env_CFLAGS_value=
ac_cv_env_CPPFLAGS_set=
ac_cv_env_CPPFLAGS_value=
ac_cv_env_CPP_set=
ac_cv_env_CPP_value=
ac_cv_env_F77_set=set
ac_cv_env_F77_value=/cluster/software/stacks/2024-06/spack/opt/spack/linux-ubuntu22.04-x86_64_v3/gcc-11.4.0/gcc-12.2.0-bj2twcnwcownogkldo6ndfylxx5sqpbn/bin/gfortran
ac_cv_env_FFLAGS_set=
ac_cv_env_FFLAGS_value=
ac_cv_env_LDFLAGS_set=
ac_cv_env_LDFLAGS_value=
ac_cv_env_build_alias_set=
ac_cv_env_build_alias_value=
ac_cv_env_host_alias_set=
ac_cv_env_host_alias_value=
ac_cv_env_target_alias_set=
ac_cv_env_target_alias_value=
ac_cv_exeext=
ac_cv_f77_compiler_gnu=yes
ac_cv_f77_dummy_main=none
ac_cv_f77_mangling='lower case, underscore, no extra underscore'
ac_cv_flibs=' -L/cluster/software/stacks/2024-06/spack/opt/spack/linux-ubuntu22.04-x86_64_v3/gcc-11.4.0/gcc-12.2.0-bj2twcnwcownogkldo6ndfylxx5sqpbn/lib64/../lib64 -L/cluster/software/stacks/2024-06/spack/opt/spack/linux-ubuntu22.04-x86_64_v3/gcc-11.4.0/gcc-12.2.0-bj2twcnwcownogkldo6ndfylxx5sqpbn/lib/../lib64 -L/cluster/software/stacks/2024-06/spack/opt/spack/linux-ubuntu22.04-x86_64_v3/gcc-11.4.0/gcc-12.2.0-bj2twcnwcownogkldo6ndfylxx5sqpbn/lib/gcc/x86_64-pc-linux-gnu/12.2.0 -L/cluster/software/stacks/2024-06/spack/opt/spack/linux-ubuntu22.04-x86_64_v3/gcc-11.4.0/gcc-12.2.0-bj2twcnwcownogkldo6ndfylxx5sqpbn/lib/gcc/x86_64-pc-linux-gnu/12.2.0/../../../../lib64 -L/lib/x86_64-linux-gnu -L/lib/../lib64 -L/usr/lib/x86_64-linux-gnu -L/usr/lib/../lib64 -L/cluster/software/stacks/2024-06/spack/opt/spack/linux-ubuntu22.04-x86_64_v3/gcc-12.2.0/gsl-2.7.1-y3rsoy4n2dbrmhdsghb4dmdmetvgfz7u/lib -L/cluster/software/stacks/2024-06/spack/opt/spack/linux-ubuntu22.04-x86_64_v3/gcc-12.2.0/openmpi-4.1.6-carqrgaphesqd6gv2ei55htn6sxpngvt/lib -L/cluster/software/stacks/2024-06/spack/opt/spack/linux-ubuntu22.04-x86_64_v3/gcc-11.4.0/gcc-12.2.0-bj2twcnwcownogkldo6ndfylxx5sqpbn/lib64 -L/cluster/software/stacks/2024-06/spack/opt/spack/linux-ubuntu22.04-x86_64_v3/gcc-11.4.0/gcc-12.2.0-bj2twcnwcownogkldo6ndfylxx5sqpbn/lib -L/cluster/software/stacks/2024-06/spack/opt/spack/linux-ubuntu22.04-x86_64_v3/gcc-11.4.0/gcc-12.2.0-bj2twcnwcownogkldo6ndfylxx5sqpbn/lib/gcc/x86_64-pc-linux-gnu/12.2.0/../../.. -lgfortran -lm -lgcc_s -lquadmath'
ac_cv_func_BSDgettimeofday=no
ac_cv_func_MPI_Init=yes
ac_cv_func_alloca_works=yes
ac_cv_func_gethrtime=no
ac_cv_func_getopt=yes
ac_cv_func_getopt_long=yes
ac_cv_func_gettimeofday=yes
ac_cv_header_dlfcn_h=yes
ac_cv_header_getopt_h=yes
ac_cv_header_inttypes_h=yes
ac_cv_header_malloc_h=yes
ac_cv_header_memory_h=yes
ac_cv_header_stdc=yes
ac_cv_header_stdint_h=yes
ac_cv_header_stdlib_h=yes
ac_cv_header_string_h=yes
ac_cv_header_strings_h=yes
ac_cv_header_sys_stat_h=yes
ac_cv_header_sys_time_h=yes
ac_cv_header_sys_types_h=yes
ac_cv_header_time=yes
ac_cv_header_unistd_h=yes
ac_cv_host=x86_64-unknown-linux-gnu
ac_cv_host_alias=x86_64-unknown-linux-gnu
ac_cv_lib_m_sqrt=yes
ac_cv_objext=o
ac_cv_path_install='/cluster/software/stacks/2024-06/sfos/install -c'
ac_cv_prog_AWK=gawk
ac_cv_prog_CC=/cluster/software/stacks/2024-06/spack/opt/spack/linux-ubuntu22.04-x86_64_v3/gcc-11.4.0/gcc-12.2.0-bj2twcnwcownogkldo6ndfylxx5sqpbn/bin/gcc
ac_cv_prog_CPP='/cluster/software/stacks/2024-06/spack/opt/spack/linux-ubuntu22.04-x86_64_v3/gcc-11.4.0/gcc-12.2.0-bj2twcnwcownogkldo6ndfylxx5sqpbn/bin/gcc -E'
ac_cv_prog_MPICC=/cluster/software/stacks/2024-06/spack/opt/spack/linux-ubuntu22.04-x86_64_v3/gcc-12.2.0/openmpi-4.1.6-carqrgaphesqd6gv2ei55htn6sxpngvt/bin/mpicc
ac_cv_prog_PERL=perl
ac_cv_prog_ac_ct_RANLIB=ranlib
ac_cv_prog_ac_ct_STRIP=strip
ac_cv_prog_cc_g=yes
ac_cv_prog_cc_stdc=
ac_cv_prog_egrep='grep -E'
ac_cv_prog_f77_g=yes
ac_cv_prog_f77_v=-v
ac_cv_prog_gcc_2_90=yes
ac_cv_prog_make_make_set=yes
ac_cv_sizeof_int=4
ac_cv_sizeof_long_long=8
ac_cv_type_int=yes
ac_cv_type_long_long=yes
ac_cv_type_size_t=yes
ac_cv_working_alloca_h=yes
am_cv_CC_dependencies_compiler_type=gcc3
lt_cv_archive_cmds_need_lc=no
lt_cv_compiler_c_o=yes
lt_cv_compiler_o_lo=yes
lt_cv_deplibs_check_method='file_magic ELF [0-9][0-9]*-bit [LM]SB (shared object|dynamic lib )'
lt_cv_file_magic_cmd='$MAGIC_CMD'
lt_cv_file_magic_test_file='/lib/libc.so* /lib/libc-*.so'
lt_cv_global_symbol_to_c_name_address='sed -n -e '\''s/^: \([^ ]*\) $/  {\"\1\", (lt_ptr) 0},/p'\'' -e '\''s/^[BCDEGRST] \([^ ]*\) \([^ ]*\)$/  {"\2", (lt_ptr) \&\2},/p'\'''
lt_cv_global_symbol_to_cdecl='sed -n -e '\''s/^. .* \(.*\)$/extern char \1;/p'\'''
lt_cv_ld_reload_flag=-r
lt_cv_path_LD=/cluster/software/stacks/2024-06/sfos/ld
lt_cv_path_MAGIC_CMD=/usr/bin/file
lt_cv_path_NM='/cluster/software/stacks/2024-06/sfos/nm -B'
lt_cv_path_SED=/cluster/software/stacks/2024-06/sfos/sed
lt_cv_prog_cc_can_build_shared=yes
lt_cv_prog_cc_no_builtin=
lt_cv_prog_cc_pic=' -fPIC'
lt_cv_prog_cc_pic_works=yes
lt_cv_prog_cc_shlib=
lt_cv_prog_cc_static=-static
lt_cv_prog_cc_static_works=yes
lt_cv_prog_cc_wl=-Wl,
lt_cv_prog_gnu_ld=yes
lt_cv_sys_global_symbol_pipe='sed -n -e '\''s/^.*[ 	]\([ABCDGISTW][ABCDGISTW]*\)[ 	][ 	]*\(\)\([_A-Za-z][_A-Za-z0-9]*\)$/\1 \2\3 \3/p'\'''

## ----------------- ##
## Output variables. ##
## ----------------- ##

ACLOCAL='${SHELL} /cluster/home/cprior/PyCosmo_SimGadget/ngenic/fftw-2.1.5/missing --run aclocal-1.7'
ALLOCA=''
AMDEPBACKSLASH='\'
AMDEP_FALSE='#'
AMDEP_TRUE=''
AMTAR='${SHELL} /cluster/home/cprior/PyCosmo_SimGadget/ngenic/fftw-2.1.5/missing --run tar'
AUTOCONF='${SHELL} /cluster/home/cprior/PyCosmo_SimGadget/ngenic/fftw-2.1.5/missing --run autoconf'
AUTOHEADER='${SHELL} /cluster/home/cprior/PyCosmo_SimGadget/ngenic/fftw-2.1.5/missing --run autoheader'
AUTOMAKE='${SHELL} /cluster/home/cprior/PyCosmo_SimGadget/ngenic/fftw-2.1.5/missing --run automake-1.7'
AWK='gawk'
CC='/cluster/software/stacks/2024-06/spack/opt/spack/linux-ubuntu22.04-x86_64_v3/gcc-11.4.0/gcc-12.2.0-bj2twcnwcownogkldo6ndfylxx5sqpbn/bin/gcc'
CCDEPMODE='depmode=gcc3'
CFLAGS='-O3 -fomit-frame-pointer -fno-schedule-insns -fschedule-insns2 -malign-double -fstrict-aliasing'
CPP='/cluster/software/stacks/2024-06/spack/opt/spack/linux-ubuntu22.04-x86_64_v3/gcc-11.4.0/gcc-12.2.0-bj2twcnwcownogkldo6ndfylxx5sqpbn/bin/gcc -E'
CPPFLAGS=''
CYGPATH_W='echo'
DEFS='-DHAVE_CONFIG_H'
DEPDIR='.deps'
ECHO='echo'
ECHO_C=''
ECHO_N='-n'
ECHO_T=''
EGREP='grep -E'
EXEEXT=''
F77='/cluster/software/stacks/2024-06/spack/opt/spack/linux-ubuntu22.04-x86_64_v3/gcc-11.4.0/gcc-12.2.0-bj2twcnwcownogkldo6ndfylxx5sqpbn/bin/gfortran'
FFLAGS='-g -O2'
FFTW_MPI_INCLUDELIST='fftw_mpi.h rfftw_mpi.h'
FFTW_MPI_LIBLIST='libfftw_mpi.la librfftw_mpi.la'
FFTW_MPI_PROGLIST='test_sched test_transpose_mpi fftw_mpi_test rfftw_mpi_test'
FFTW_PREFIX1='xyz'
FFTW_PREFIX=''
FFTW_THREADS_INCLUDELIST=''
FFTW_THREADS_LIBLIST=''
FFTW_THREADS_PROGLIST=''
FLIBS=' -L/cluster/software/stacks/2024-06/spack/opt/spack/linux-ubuntu22.04-x86_64_v3/gcc-11.4.0/gcc-12.2.0-bj2twcnwcownogkldo6ndfylxx5sqpbn/lib64/../lib64 -L/cluster/software/stacks/2024-06/spack/opt/spack/linux-ubuntu22.04-x86_64_v3/gcc-11.4.0/gcc-12.2.0-bj2twcnwcownogkldo6ndfylxx5sqpbn/lib/../lib64 -L/cluster/software/stacks/2024-06/spack/opt/spack/linux-ubuntu22.04-x86_64_v3/gcc-11.4.0/gcc-12.2.0-bj2twcnwcownogkldo6ndfylxx5sqpbn/lib/gcc/x86_64-pc-linux-gnu/12.2.0 -L/cluster/software/stacks/2024-06/spack/opt/spack/linux-ubuntu22.04-x86_64_v3/gcc-11.4.0/gcc-12.2.0-bj2twcnwcownogkldo6ndfylxx5sqpbn/lib/gcc/x86_64-pc-linux-gnu/12.2.0/../../../../lib64 -L/lib/x86_64-linux-gnu -L/lib/../lib64 -L/usr/lib/x86_64-linux-gnu -L/usr/lib/../lib64 -L/cluster/software/stacks/2024-06/spack/opt/spack/linux-ubuntu22.04-x86_64_v3/gcc-12.2.0/gsl-2.7.1-y3rsoy4n2dbrmhdsghb4dmdmetvgfz7u/lib -L/cluster/software/stacks/2024-06/spack/opt/spack/linux-ubuntu22.04-x86_64_v3/gcc-12.2.0/openmpi-4.1.6-carqrgaphesqd6gv2ei55htn6sxpngvt/lib -L/cluster/software/stacks/2024-06/spack/opt/spack/linux-ubuntu22.04-x86_64_v3/gcc-11.4.0/gcc-12.2.0-bj2twcnwcownogkldo6ndfylxx5sqpbn/lib64 -L/cluster/software/stacks/2024-06/spack/opt/spack/linux-ubuntu22.04-x86_64_v3/gcc-11.4.0/gcc-12.2.0-bj2twcnwcownogkldo6ndfylxx5sqpbn/lib -L/cluster/software/stacks/2024-06/spack/opt/spack/linux-ubuntu22.04-x86_64_v3/gcc-11.4.0/gcc-12.2.0-bj2twcnwcownogkldo6ndfylxx5sqpbn/lib/gcc/x86_64-pc-linux-gnu/12.2.0/../../.. -lgfortran -lm -lgcc_s -lquadmath'
INSTALL_DATA='${INSTALL} -m 644'
INSTALL_PROGRAM='${INSTALL}'
INSTALL_SCRIPT='${INSTALL}'
INSTALL_STRIP_PROGRAM='${SHELL} $(install_sh) -c -s'
LDFLAGS=''
LIBOBJS=''
LIBS='-lm '
LIBTOOL='$(SHELL) $(top_builddir)/libtool'
LN_S='ln -s'
LTLIBOBJS=''
MAKEINFO='${SHELL} /cluster/home/cprior/PyCosmo_SimGadget/ngenic/fftw-2.1.5/missing --run makeinfo'
MPICC='/cluster/software/stacks/2024-06/spack/opt/spack/linux-ubuntu22.04-x86_64_v3/gcc-12.2.0/openmpi-4.1.6-carqrgaphesqd6gv2ei55htn6sxpngvt/bin/mpicc'
MPILIBS=' '
OBJEXT='o'
PACKAGE='fftw'
PACKAGE_BUGREPORT=''
PACKAGE_NAME=''
PACKAGE_STRING=''
PACKAGE_TARNAME=''
PACKAGE_VERSION=''
PATH_SEPARATOR=':'
PERL='perl'
PTHREAD_CC=''
PTHREAD_CFLAGS=''
PTHREAD_LIBS=''
RANLIB='ranlib'
SET_MAKE=''
SHARED_VERSION='2.0.7'
SHARED_VERSION_INFO='2:7:0'
SHELL='/bin/bash'
STRIP='strip'
THREADLIBS=''
VERSION='2.1.5'
ac_ct_CC=''
ac_ct_F77=''
ac_ct_RANLIB='ranlib'
ac_ct_STRIP='strip'
am__fastdepCC_FALSE='#'
am__fastdepCC_TRUE=''
am__include='include'
am__leading_dot='.'
am__quote=''
bindir='${exec_prefix}/bin'
build='x86_64-unknown-linux-gnu'
build_alias=''
build_cpu='x86_64'
build_os='linux-gnu'
build_vendor='unknown'
datadir='${prefix}/share'
exec_prefix='${prefix}'
host='x86_64-unknown-linux-gnu'
host_alias=''
host_cpu='x86_64'
host_os='linux-gnu'
host_vendor='unknown'
includedir='${prefix}/include'
infodir='${prefix}/info'
install_sh='/cluster/home/cprior/PyCosmo_SimGadget/ngenic/fftw-2.1.5/install-sh'
libdir='${exec_prefix}/lib'
libexecdir='${exec_prefix}/libexec'
localstatedir='${prefix}/var'
mandir='${prefix}/man'
oldincludedir='/usr/include'
prefix='/cluster/home/cprior/PyCosmo_SimGadget/ngenic/fftw-2.1.5/../local/fftw-2.1.5'
program_transform_name='s,x,x,'
sbindir='${exec_prefix}/sbin'
sharedstatedir='${prefix}/com'
sysconfdir='${prefix}/etc'
target_alias=''

## ----------- ##
## confdefs.h. ##
## ----------- ##

#define F77_FUNC(name,NAME) name ## _
#define F77_FUNC_(name,NAME) name ## _
#define FFTW_GCC_ALIGNS_STACK 1
#define FFTW_VERSION "2.1.5"
#define HAVE_ALLOCA 1
#define HAVE_ALLOCA_H 1
#define HAVE_DLFCN_H 1
#define HAVE_GETOPT 1
#define HAVE_GETOPT_H 1
#define HAVE_GETOPT_LONG 1
#define HAVE_GETTIMEOFDAY 1
#define HAVE_INTTYPES_H 1
#define HAVE_ISNAN 1
#define HAVE_LIBM 1
#define HAVE_MALLOC_H 1
#define HAVE_MEMORY_H 1
#define HAVE_MPI 1
#define HAVE_MPI_COMM_F2C 1
#define HAVE_STDINT_H 1
#define HAVE_STDLIB_H 1
#define HAVE_STRINGS_H 1
#define HAVE_STRING_H 1
#define HAVE_SYS_STAT_H 1
#define HAVE_SYS_TIME_H 1
#define HAVE_SYS_TYPES_H 1
#define HAVE_UNISTD_H 1
#define HAVE_UNISTD_H 1
#define PACKAGE "fftw"
#define PACKAGE_BUGREPORT ""
#define PACKAGE_NAME ""
#define PACKAGE_STRING ""
#define PACKAGE_TARNAME ""
#define PACKAGE_VERSION ""
#define SIZEOF_INT 4
#define SIZEOF_LONG_LONG 8
#define STDC_HEADERS 1
#define STDC_HEADERS 1
#define TIME_WITH_SYS_TIME 1
#define VERSION "2.1.5"

configure: exit 0
