Warning: Option '256' is not parsed by Ippl.
Warning: Option '256' is not parsed by Ippl.
Warning: Option '256' is not parsed by Ippl.
Warning: Option '134217728' is not parsed by Ippl.
Warning: Option '20' is not parsed by Ippl.
Warning: Option 'PCG' is not parsed by Ippl.
Warning: Option '0.05' is not parsed by Ippl.
Warning: Option 'LeapFrog' is not parsed by Ippl.
Warning: Option 'gauss-seidel' is not parsed by Ippl.
Warning: Option '2' is not parsed by Ippl.
Warning: Option '2' is not parsed by Ippl.
Warning: Option '0' is not parsed by Ippl.
Pre Run> Discretization:
Pre Run> nt 20 Np= 134217728 grid = ( 256 , 256 , 256 )
Initialize Particles> particles created and initial conditions assigned 
residue,iterations
scatter > 1.60413e-15
5.70016e-08,351
time, Ex_field_energy, Ex_max_norm
0.0000000000000000e+00 9.8764363221219220e+00 1.1658892058201499e-01
LandauDamping> Starting iterations ...
Pre-step> Done
scatter > 9.16644e-16
3.07598e-08,310
2.4543692606170259e-02 9.8683561056170781e+00 1.1623211355541820e-01
Post-step:> Finished time step: 1 time: 0.0245437
Pre-step> Done
scatter > 9.16644e-16
3.17297e-08,310
4.9087385212340517e-02 9.8454179184749666e+00 1.1666739129129880e-01
Post-step:> Finished time step: 2 time: 0.0490874
Pre-step> Done
scatter > 1.1458e-15
3.20177e-08,310
7.3631077818510776e-02 9.8077119853145582e+00 1.1555291539739471e-01
Post-step:> Finished time step: 3 time: 0.0736311
Pre-step> Done
scatter > 1.94787e-15
3.2131e-08,310
9.8174770424681035e-02 9.7553631756391361e+00 1.1493135128558503e-01
Post-step:> Finished time step: 4 time: 0.0981748
Pre-step> Done
scatter > 6.87483e-16
3.21988e-08,310
1.2271846303085129e-01 9.6885494417962583e+00 1.1483076566637596e-01
Post-step:> Finished time step: 5 time: 0.122718
Pre-step> Done
scatter > 1.03122e-15
3.23881e-08,310
1.4726215563702155e-01 9.6074814131186166e+00 1.1612643509871980e-01
Post-step:> Finished time step: 6 time: 0.147262
Pre-step> Done
scatter > 3.43741e-16
3.24724e-08,310
1.7180584824319181e-01 9.5124514703419347e+00 1.1359553455088957e-01
Post-step:> Finished time step: 7 time: 0.171806
Pre-step> Done
scatter > 1.26039e-15
3.25876e-08,310
1.9634954084936207e-01 9.4037482729752355e+00 1.1275115997587543e-01
Post-step:> Finished time step: 8 time: 0.19635
Pre-step> Done
scatter > 3.43741e-16
3.26912e-08,310
2.2089323345553233e-01 9.2817390481024127e+00 1.1357475642171348e-01
Post-step:> Finished time step: 9 time: 0.220893
Pre-step> Done
scatter > 1.1458e-16
3.29216e-08,310
2.4543692606170259e-01 9.1468424788097256e+00 1.1299211602954146e-01
Post-step:> Finished time step: 10 time: 0.245437
Pre-step> Done
scatter > 5.72902e-16
3.29635e-08,310
2.6998061866787282e-01 8.9995031440276616e+00 1.1079512038565607e-01
Post-step:> Finished time step: 11 time: 0.269981
Pre-step> Done
scatter > 2.97909e-15
3.31924e-08,310
2.9452431127404310e-01 8.8401853102149239e+00 1.1026386876001960e-01
Post-step:> Finished time step: 12 time: 0.294524
Pre-step> Done
scatter > 3.43741e-16
3.32584e-08,310
3.1906800388021339e-01 8.6693918086859227e+00 1.0983506647848444e-01
Post-step:> Finished time step: 13 time: 0.319068
Pre-step> Done
scatter > 2.29161e-16
3.34986e-08,310
3.4361169648638368e-01 8.4876926294464923e+00 1.0969708007329752e-01
Post-step:> Finished time step: 14 time: 0.343612
Pre-step> Done
scatter > 1.26039e-15
3.37034e-08,310
3.6815538909255396e-01 8.2957085831177189e+00 1.0798666408171814e-01
Post-step:> Finished time step: 15 time: 0.368155
Pre-step> Done
scatter > 4.58322e-15
3.38235e-08,310
3.9269908169872425e-01 8.0940407744171132e+00 1.0666124168460187e-01
Post-step:> Finished time step: 16 time: 0.392699
Pre-step> Done
scatter > 5.2707e-15
3.41469e-08,310
4.1724277430489454e-01 7.8833447105601762e+00 1.0465484381898502e-01
Post-step:> Finished time step: 17 time: 0.417243
Pre-step> Done
scatter > 5.38528e-15
3.42918e-08,310
4.4178646691106482e-01 7.6642928113156792e+00 1.0334189494448376e-01
Post-step:> Finished time step: 18 time: 0.441786
Pre-step> Done
scatter > 1.1458e-16
3.4515e-08,310
4.6633015951723511e-01 7.4375724294878962e+00 1.0300037414535268e-01
Post-step:> Finished time step: 19 time: 0.46633
Pre-step> Done
scatter > 1.1458e-16
3.28487e-08,311
4.9087385212340540e-01 7.2039394504459420e+00 1.0102835515462794e-01
Post-step:> Finished time step: 20 time: 0.490874
LandauDamping> End.
Timings> ---------------------------------------------
Timings>      Timing results for 1 nodes:
Timings> ---------------------------------------------
Timings> total............... Wall tot =    1571.81
Timings> 
Timings> loadBalance......... Wall max =          0
Timings>                      Wall avg =          0
Timings>                      Wall min =          0
Timings> 
Timings> particlesCreation... Wall max =    4.30086
Timings>                      Wall avg =    4.30086
Timings>                      Wall min =    4.30086
Timings> 
Timings> solveWarmup......... Wall max =   0.480772
Timings>                      Wall avg =   0.480772
Timings>                      Wall min =   0.480772
Timings> 
Timings> PCG iter............ Wall max =    1511.01
Timings>                      Wall avg =    1511.01
Timings>                      Wall min =    1511.01
Timings> 
Timings> Preconditioner...... Wall max =    1327.43
Timings>                      Wall avg =    1327.43
Timings>                      Wall min =    1327.43
Timings> 
Timings> scatter............. Wall max =    23.8094
Timings>                      Wall avg =    23.8094
Timings>                      Wall min =    23.8094
Timings> 
Timings> accumulateHalo...... Wall max =  0.0076608
Timings>                      Wall avg =  0.0076608
Timings>                      Wall min =  0.0076608
Timings> 
Timings> solve............... Wall max =    1520.86
Timings>                      Wall avg =    1520.86
Timings>                      Wall min =    1520.86
Timings> 
Timings> fillHalo............ Wall max =  0.0146113
Timings>                      Wall avg =  0.0146113
Timings>                      Wall min =  0.0146113
Timings> 
Timings> gather.............. Wall max =     16.139
Timings>                      Wall avg =     16.139
Timings>                      Wall min =     16.139
Timings> 
Timings> dumpData............ Wall max =  0.0579231
Timings>                      Wall avg =  0.0579231
Timings>                      Wall min =  0.0579231
Timings> 
Timings> pushVelocity........ Wall max =    2.44217
Timings>                      Wall avg =    2.44217
Timings>                      Wall min =    2.44217
Timings> 
Timings> pushPosition........ Wall max =    1.17654
Timings>                      Wall avg =    1.17654
Timings>                      Wall min =    1.17654
Timings> 
Timings> update.............. Wall max =    2.08739
Timings>                      Wall avg =    2.08739
Timings>                      Wall min =    2.08739
Timings> 
Timings> particleBC.......... Wall max =     2.0873
Timings>                      Wall avg =     2.0873
Timings>                      Wall min =     2.0873
Timings> 
Timings> updateParticle...... Wall max =          0
Timings>                      Wall avg =          0
Timings>                      Wall min =          0
Timings> 
Timings> ---------------------------------------------
