Warning: Option '256' is not parsed by Ippl.
Warning: Option '256' is not parsed by Ippl.
Warning: Option '256' is not parsed by Ippl.
Warning: Option '134217728' is not parsed by Ippl.
Warning: Option '20' is not parsed by Ippl.
Warning: Option 'PCG' is not parsed by Ippl.
Warning: Option '0.05' is not parsed by Ippl.
Warning: Option 'LeapFrog' is not parsed by Ippl.
Warning: Option 'gauss-seidel' is not parsed by Ippl.
Warning: Option '2' is not parsed by Ippl.
Warning: Option '2' is not parsed by Ippl.
Warning: Option '0' is not parsed by Ippl.
Pre Run{0}> Discretization:
Pre Run{0}> nt 20 Np= 134217728 grid = ( 256 , 256 , 256 )
Initialize Particles{0}> Starting first repartition
Initialize Particles{0}> particles created and initial conditions assigned 
residue,iterations
scatter {0}> 1.1458e-16
5.66467e-08,396
time, Ex_field_energy, Ex_max_norm
0.0000000000000000e+00 1.0033430052416550e+01 1.1845381886205500e-01
LandauDamping{0}> Starting iterations ...
Pre-step{0}> Done
scatter {0}> 1.1458e-16
3.31097e-08,317
2.4543692606170259e-02 1.0025556066788287e+01 1.1873604025310615e-01
Post-step:{0}> Finished time step: 1 time: 0.0245437
Pre-step{0}> Done
scatter {0}> 1.1458e-16
3.33219e-08,317
4.9087385212340517e-02 1.0002587861309037e+01 1.1674629376980145e-01
Post-step:{0}> Finished time step: 2 time: 0.0490874
Pre-step{0}> Done
scatter {0}> 1.1458e-16
3.37546e-08,317
7.3631077818510776e-02 9.9646184997281342e+00 1.1760895622344857e-01
Post-step:{0}> Finished time step: 3 time: 0.0736311
Pre-step{0}> Done
scatter {0}> 1.1458e-16
3.28355e-08,318
9.8174770424681035e-02 9.9117524267660020e+00 1.1817995788691030e-01
Post-step:{0}> Finished time step: 4 time: 0.0981748
Pre-step{0}> Done
scatter {0}> 1.1458e-16
3.36839e-08,318
1.2271846303085129e-01 9.8441807878272787e+00 1.1688925260824111e-01
Post-step:{0}> Finished time step: 5 time: 0.122718
Pre-step{0}> Done
scatter {0}> 1.1458e-16
3.24234e-08,319
1.4726215563702155e-01 9.7621338939244726e+00 1.1733520467780895e-01
Post-step:{0}> Finished time step: 6 time: 0.147262
Pre-step{0}> Done
scatter {0}> 1.1458e-16
3.32404e-08,319
1.7180584824319181e-01 9.6658815769804871e+00 1.1612953257608881e-01
Post-step:{0}> Finished time step: 7 time: 0.171806
Pre-step{0}> Done
scatter {0}> 1.1458e-16
3.40589e-08,319
1.9634954084936207e-01 9.5557424550656336e+00 1.1483544046630596e-01
Post-step:{0}> Finished time step: 8 time: 0.19635
Pre-step{0}> Done
scatter {0}> 1.1458e-16
3.20062e-08,320
2.2089323345553233e-01 9.4320672067398377e+00 1.1539279976651232e-01
Post-step:{0}> Finished time step: 9 time: 0.220893
Pre-step{0}> Done
scatter {0}> 1.1458e-16
3.27474e-08,320
2.4543692606170259e-01 9.2952639666694061e+00 1.1339033307502656e-01
Post-step:{0}> Finished time step: 10 time: 0.245437
Pre-step{0}> Done
scatter {0}> 0
3.34335e-08,320
2.6998061866787282e-01 9.1458022689900282e+00 1.1246701193416569e-01
Post-step:{0}> Finished time step: 11 time: 0.269981
Pre-step{0}> Done
scatter {0}> 3.43741e-16
3.41442e-08,320
2.9452431127404310e-01 8.9841530151873581e+00 1.1098399566959700e-01
Post-step:{0}> Finished time step: 12 time: 0.294524
Pre-step{0}> Done
scatter {0}> 1.1458e-16
3.42299e-08,321
3.1906800388021339e-01 8.8108585980022269e+00 1.0934831236738142e-01
Post-step:{0}> Finished time step: 13 time: 0.319068
Pre-step{0}> Done
scatter {0}> 3.43741e-16
3.23148e-08,322
3.4361169648638368e-01 8.6264851272838801e+00 1.0863850600028835e-01
Post-step:{0}> Finished time step: 14 time: 0.343612
Pre-step{0}> Done
scatter {0}> 4.58322e-16
3.3205e-08,322
3.6815538909255396e-01 8.4316214210017559e+00 1.0870911987100718e-01
Post-step:{0}> Finished time step: 15 time: 0.368155
Pre-step{0}> Done
scatter {0}> 5.72902e-16
3.41374e-08,322
3.9269908169872425e-01 8.2269326561832568e+00 1.0678101976059444e-01
Post-step:{0}> Finished time step: 16 time: 0.392699
Pre-step{0}> Done
scatter {0}> 1.1458e-16
3.42906e-08,323
4.1724277430489454e-01 8.0130592935681619e+00 1.0573043263903481e-01
Post-step:{0}> Finished time step: 17 time: 0.417243
Pre-step{0}> Done
scatter {0}> 3.43741e-16
3.30325e-08,325
4.4178646691106482e-01 7.7906714134213457e+00 1.0409052847475739e-01
Post-step:{0}> Finished time step: 18 time: 0.441786
Pre-step{0}> Done
scatter {0}> 0
3.42751e-08,325
4.6633015951723511e-01 7.5605055760587634e+00 1.0323610446247891e-01
Post-step:{0}> Finished time step: 19 time: 0.46633
Pre-step{0}> Done
scatter {0}> 1.1458e-16
3.34963e-08,330
4.9087385212340540e-01 7.3232937820481423e+00 1.0003415088308132e-01
Post-step:{0}> Finished time step: 20 time: 0.490874
LandauDamping{0}> End.
Timings{0}> ---------------------------------------------
Timings{0}>      Timing results for 16 nodes:
Timings{0}> ---------------------------------------------
Timings{0}> total............... Wall tot =    193.557
Timings{0}> 
Timings{0}> findInternal........ Wall max = 5.9709e-05
Timings{0}>                      Wall avg = 1.88718e-05
Timings{0}>                      Wall min =   6.27e-06
Timings{0}> 
Timings{0}> findPeriodic........ Wall max = 0.000179559
Timings{0}>                      Wall avg = 7.60053e-05
Timings{0}>                      Wall min = 4.7697e-05
Timings{0}> 
Timings{0}> loadBalance......... Wall max =    0.11927
Timings{0}>                      Wall avg =   0.106928
Timings{0}>                      Wall min =  0.0952024
Timings{0}> 
Timings{0}> basicOperations..... Wall max = 0.00365381
Timings{0}>                      Wall avg = 0.00124935
Timings{0}>                      Wall min = 0.000777062
Timings{0}> 
Timings{0}> perpReduction....... Wall max =  0.0325745
Timings{0}>                      Wall avg = 0.00934505
Timings{0}>                      Wall min = 0.00647264
Timings{0}> 
Timings{0}> allReduce........... Wall max =  0.0797869
Timings{0}>                      Wall avg =  0.0636939
Timings{0}>                      Wall min =  0.0157824
Timings{0}> 
Timings{0}> scatterR............ Wall max =   6.73e-07
Timings{0}>                      Wall avg =   2.13e-07
Timings{0}>                      Wall min =   1.49e-07
Timings{0}> 
Timings{0}> updateLayout........ Wall max =  0.0259485
Timings{0}>                      Wall avg =  0.0254654
Timings{0}>                      Wall min =  0.0230425
Timings{0}> 
Timings{0}> updatePB............ Wall max =   8.21e-07
Timings{0}>                      Wall avg = 2.70937e-07
Timings{0}>                      Wall min =   1.27e-07
Timings{0}> 
Timings{0}> particlesCreation... Wall max =   0.965083
Timings{0}>                      Wall avg =   0.965021
Timings{0}>                      Wall min =   0.964978
Timings{0}> 
Timings{0}> solveWarmup......... Wall max =   0.141227
Timings{0}>                      Wall avg =   0.140742
Timings{0}>                      Wall min =   0.138184
Timings{0}> 
Timings{0}> PCG iter............ Wall max =    179.129
Timings{0}>                      Wall avg =    179.125
Timings{0}>                      Wall min =    179.123
Timings{0}> 
Timings{0}> Preconditioner...... Wall max =    110.064
Timings{0}>                      Wall avg =    52.3326
Timings{0}>                      Wall min =    41.0411
Timings{0}> 
Timings{0}> scatter............. Wall max =     4.1423
Timings{0}>                      Wall avg =      1.725
Timings{0}>                      Wall min =    1.52401
Timings{0}> 
Timings{0}> accumulateHalo...... Wall max =    2.69585
Timings{0}>                      Wall avg =    2.50289
Timings{0}>                      Wall min =  0.0970463
Timings{0}> 
Timings{0}> solve............... Wall max =    180.283
Timings{0}>                      Wall avg =    180.282
Timings{0}>                      Wall min =    180.274
Timings{0}> 
Timings{0}> fillHalo............ Wall max =    0.79307
Timings{0}>                      Wall avg =   0.510683
Timings{0}>                      Wall min =   0.271741
Timings{0}> 
Timings{0}> gather.............. Wall max =    1.54068
Timings{0}>                      Wall avg =    0.58606
Timings{0}>                      Wall min =   0.473336
Timings{0}> 
Timings{0}> dumpData............ Wall max =     1.7078
Timings{0}>                      Wall avg =    1.34673
Timings{0}>                      Wall min =  0.0189189
Timings{0}> 
Timings{0}> pushVelocity........ Wall max =   0.302418
Timings{0}>                      Wall avg =   0.143151
Timings{0}>                      Wall min =    0.12421
Timings{0}> 
Timings{0}> pushPosition........ Wall max =   0.140286
Timings{0}>                      Wall avg =  0.0702502
Timings{0}>                      Wall min =  0.0616017
Timings{0}> 
Timings{0}> update.............. Wall max =    5.00915
Timings{0}>                      Wall avg =    4.98642
Timings{0}>                      Wall min =     4.8485
Timings{0}> 
Timings{0}> particleBC.......... Wall max =   0.272182
Timings{0}>                      Wall avg =   0.121196
Timings{0}>                      Wall min =   0.103461
Timings{0}> 
Timings{0}> updateParticle...... Wall max =    4.37606
Timings{0}>                      Wall avg =    3.82919
Timings{0}>                      Wall min =    3.34906
Timings{0}> 
Timings{0}> locateParticles..... Wall max =    1.37265
Timings{0}>                      Wall avg =   0.401423
Timings{0}>                      Wall min =   0.291521
Timings{0}> 
Timings{0}> sendPreprocess...... Wall max =    1.58237
Timings{0}>                      Wall avg =    1.44986
Timings{0}>                      Wall min =   0.187474
Timings{0}> 
Timings{0}> particleSend........ Wall max =      1.655
Timings{0}>                      Wall avg =   0.969044
Timings{0}>                      Wall min =   0.346623
Timings{0}> 
Timings{0}> particleDestroy..... Wall max =  0.0610938
Timings{0}>                      Wall avg =  0.0233128
Timings{0}>                      Wall min =  0.0188251
Timings{0}> 
Timings{0}> particleRecv........ Wall max =    1.58085
Timings{0}>                      Wall avg =   0.985473
Timings{0}>                      Wall min =   0.225697
Timings{0}> 
Timings{0}> ---------------------------------------------
