Warning: Option '256' is not parsed by Ippl.
Warning: Option '256' is not parsed by Ippl.
Warning: Option '256' is not parsed by Ippl.
Warning: Option '134217728' is not parsed by Ippl.
Warning: Option '20' is not parsed by Ippl.
Warning: Option 'PCG' is not parsed by Ippl.
Warning: Option '0.05' is not parsed by Ippl.
Warning: Option 'LeapFrog' is not parsed by Ippl.
Warning: Option 'gauss-seidel' is not parsed by Ippl.
Warning: Option '2' is not parsed by Ippl.
Warning: Option '2' is not parsed by Ippl.
Warning: Option '0' is not parsed by Ippl.
Pre Run{0}> Discretization:
Pre Run{0}> nt 20 Np= 134217728 grid = ( 256 , 256 , 256 )
Initialize Particles{0}> Starting first repartition
Initialize Particles{0}> particles created and initial conditions assigned 
residue,iterations
scatter {0}> 3.43741e-16
5.4866e-08,389
time, Ex_field_energy, Ex_max_norm
0.0000000000000000e+00 9.9806220570337612e+00 1.1861152472877515e-01
LandauDamping{0}> Starting iterations ...
Pre-step{0}> Done
scatter {0}> 1.83329e-15
3.21154e-08,312
2.4543692606170259e-02 9.9736101931452321e+00 1.1773458780258643e-01
Post-step:{0}> Finished time step: 1 time: 0.0245437
Pre-step{0}> Done
scatter {0}> 8.02063e-16
3.30319e-08,312
4.9087385212340517e-02 9.9515900149549701e+00 1.1913171961974624e-01
Post-step:{0}> Finished time step: 2 time: 0.0490874
Pre-step{0}> Done
scatter {0}> 5.72902e-16
3.37071e-08,312
7.3631077818510776e-02 9.9146520546831702e+00 1.1871856038223744e-01
Post-step:{0}> Finished time step: 3 time: 0.0736311
Pre-step{0}> Done
scatter {0}> 1.1458e-16
3.4441e-08,312
9.8174770424681035e-02 9.8628963386439796e+00 1.1722454026593622e-01
Post-step:{0}> Finished time step: 4 time: 0.0981748
Pre-step{0}> Done
scatter {0}> 1.03122e-15
3.3393e-08,313
1.2271846303085129e-01 9.7965071137429209e+00 1.1789450130185659e-01
Post-step:{0}> Finished time step: 5 time: 0.122718
Pre-step{0}> Done
scatter {0}> 1.03122e-15
3.41344e-08,313
1.4726215563702155e-01 9.7157165361102713e+00 1.1673618854559470e-01
Post-step:{0}> Finished time step: 6 time: 0.147262
Pre-step{0}> Done
scatter {0}> 5.72902e-16
3.21499e-08,314
1.7180584824319181e-01 9.6207802646277223e+00 1.1664997779941826e-01
Post-step:{0}> Finished time step: 7 time: 0.171806
Pre-step{0}> Done
scatter {0}> 5.72902e-16
3.28423e-08,314
1.9634954084936207e-01 9.5120010982613667e+00 1.1525637450577532e-01
Post-step:{0}> Finished time step: 8 time: 0.19635
Pre-step{0}> Done
scatter {0}> 1.1458e-16
3.36619e-08,314
2.2089323345553233e-01 9.3897551994623889e+00 1.1517199951824640e-01
Post-step:{0}> Finished time step: 9 time: 0.220893
Pre-step{0}> Done
scatter {0}> 1.71871e-15
3.42606e-08,314
2.4543692606170259e-01 9.2544501247294093e+00 1.1648447460020780e-01
Post-step:{0}> Finished time step: 10 time: 0.245437
Pre-step{0}> Done
scatter {0}> 1.26039e-15
3.2044e-08,315
2.6998061866787282e-01 9.1065340992992212e+00 1.1405860404107496e-01
Post-step:{0}> Finished time step: 11 time: 0.269981
Pre-step{0}> Done
scatter {0}> 2.17703e-15
3.27595e-08,315
2.9452431127404310e-01 8.9464771546896280e+00 1.1354259781861215e-01
Post-step:{0}> Finished time step: 12 time: 0.294524
Pre-step{0}> Done
scatter {0}> 1.1458e-15
3.34558e-08,315
3.1906800388021339e-01 8.7748027919620863e+00 1.1317988671941559e-01
Post-step:{0}> Finished time step: 13 time: 0.319068
Pre-step{0}> Done
scatter {0}> 1.37497e-15
3.40531e-08,315
3.4361169648638368e-01 8.5920828508291915e+00 1.1077259479769852e-01
Post-step:{0}> Finished time step: 14 time: 0.343612
Pre-step{0}> Done
scatter {0}> 8.02063e-16
3.38481e-08,316
3.6815538909255396e-01 8.3988942676644189e+00 1.0810490147077396e-01
Post-step:{0}> Finished time step: 15 time: 0.368155
Pre-step{0}> Done
scatter {0}> 6.87483e-16
3.14864e-08,317
3.9269908169872425e-01 8.1958788890954324e+00 1.0782495582943047e-01
Post-step:{0}> Finished time step: 16 time: 0.392699
Pre-step{0}> Done
scatter {0}> 8.02063e-16
3.19459e-08,317
4.1724277430489454e-01 7.9836893793427999e+00 1.0661377626832465e-01
Post-step:{0}> Finished time step: 17 time: 0.417243
Pre-step{0}> Done
scatter {0}> 1.60413e-15
3.253e-08,317
4.4178646691106482e-01 7.7630133513856032e+00 1.0492097905254515e-01
Post-step:{0}> Finished time step: 18 time: 0.441786
Pre-step{0}> Done
scatter {0}> 0
3.29748e-08,317
4.6633015951723511e-01 7.5345679657907727e+00 1.0292570575383014e-01
Post-step:{0}> Finished time step: 19 time: 0.46633
Pre-step{0}> Done
scatter {0}> 5.72902e-16
3.33787e-08,317
4.9087385212340540e-01 7.2990736044479334e+00 1.0121429582566643e-01
Post-step:{0}> Finished time step: 20 time: 0.490874
LandauDamping{0}> End.
Timings{0}> ---------------------------------------------
Timings{0}>      Timing results for 2 nodes:
Timings{0}> ---------------------------------------------
Timings{0}> total............... Wall tot =    726.447
Timings{0}> 
Timings{0}> findInternal........ Wall max =  7.527e-06
Timings{0}>                      Wall avg =  7.191e-06
Timings{0}>                      Wall min =  6.855e-06
Timings{0}> 
Timings{0}> findPeriodic........ Wall max = 4.0688e-05
Timings{0}>                      Wall avg = 3.89635e-05
Timings{0}>                      Wall min = 3.7239e-05
Timings{0}> 
Timings{0}> loadBalance......... Wall max =   0.117032
Timings{0}>                      Wall avg =   0.117008
Timings{0}>                      Wall min =   0.116984
Timings{0}> 
Timings{0}> basicOperations..... Wall max =  0.0201229
Timings{0}>                      Wall avg =  0.0195011
Timings{0}>                      Wall min =  0.0188793
Timings{0}> 
Timings{0}> perpReduction....... Wall max = 0.00357717
Timings{0}>                      Wall avg = 0.00350921
Timings{0}>                      Wall min = 0.00344126
Timings{0}> 
Timings{0}> allReduce........... Wall max = 0.00427149
Timings{0}>                      Wall avg = 0.00290387
Timings{0}>                      Wall min = 0.00153626
Timings{0}> 
Timings{0}> scatterR............ Wall max =   3.16e-07
Timings{0}>                      Wall avg =  2.855e-07
Timings{0}>                      Wall min =   2.55e-07
Timings{0}> 
Timings{0}> updateLayout........ Wall max =  0.0556282
Timings{0}>                      Wall avg =  0.0549877
Timings{0}>                      Wall min =  0.0543473
Timings{0}> 
Timings{0}> updatePB............ Wall max =   2.67e-07
Timings{0}>                      Wall avg =  2.615e-07
Timings{0}>                      Wall min =   2.56e-07
Timings{0}> 
Timings{0}> particlesCreation... Wall max =    2.18581
Timings{0}>                      Wall avg =    2.18576
Timings{0}>                      Wall min =    2.18571
Timings{0}> 
Timings{0}> solveWarmup......... Wall max =    0.24151
Timings{0}>                      Wall avg =   0.241312
Timings{0}>                      Wall min =   0.241114
Timings{0}> 
Timings{0}> PCG iter............ Wall max =    691.562
Timings{0}>                      Wall avg =    691.562
Timings{0}>                      Wall min =    691.561
Timings{0}> 
Timings{0}> Preconditioner...... Wall max =     576.62
Timings{0}>                      Wall avg =    569.194
Timings{0}>                      Wall min =    561.768
Timings{0}> 
Timings{0}> scatter............. Wall max =    12.0669
Timings{0}>                      Wall avg =    11.9765
Timings{0}>                      Wall min =     11.886
Timings{0}> 
Timings{0}> accumulateHalo...... Wall max =   0.504624
Timings{0}>                      Wall avg =   0.414936
Timings{0}>                      Wall min =   0.325248
Timings{0}> 
Timings{0}> solve............... Wall max =     696.76
Timings{0}>                      Wall avg =     696.76
Timings{0}>                      Wall min =    696.759
Timings{0}> 
Timings{0}> fillHalo............ Wall max =   0.876808
Timings{0}>                      Wall avg =   0.861392
Timings{0}>                      Wall min =   0.845977
Timings{0}> 
Timings{0}> gather.............. Wall max =    7.55591
Timings{0}>                      Wall avg =    7.51729
Timings{0}>                      Wall min =    7.47866
Timings{0}> 
Timings{0}> dumpData............ Wall max =   0.132548
Timings{0}>                      Wall avg =  0.0990602
Timings{0}>                      Wall min =  0.0655722
Timings{0}> 
Timings{0}> pushVelocity........ Wall max =    1.11197
Timings{0}>                      Wall avg =    1.08975
Timings{0}>                      Wall min =    1.06752
Timings{0}> 
Timings{0}> pushPosition........ Wall max =   0.546711
Timings{0}>                      Wall avg =   0.538815
Timings{0}>                      Wall min =   0.530918
Timings{0}> 
Timings{0}> update.............. Wall max =    4.40035
Timings{0}>                      Wall avg =    4.38092
Timings{0}>                      Wall min =    4.36149
Timings{0}> 
Timings{0}> particleBC.......... Wall max =    1.03931
Timings{0}>                      Wall avg =    1.03559
Timings{0}>                      Wall min =    1.03187
Timings{0}> 
Timings{0}> updateParticle...... Wall max =    3.30913
Timings{0}>                      Wall avg =    3.17842
Timings{0}>                      Wall min =    3.04771
Timings{0}> 
Timings{0}> locateParticles..... Wall max =     2.3237
Timings{0}>                      Wall avg =    2.27488
Timings{0}>                      Wall min =    2.22605
Timings{0}> 
Timings{0}> sendPreprocess...... Wall max =   0.244005
Timings{0}>                      Wall avg =   0.178848
Timings{0}>                      Wall min =    0.11369
Timings{0}> 
Timings{0}> particleSend........ Wall max =   0.434956
Timings{0}>                      Wall avg =   0.357631
Timings{0}>                      Wall min =   0.280307
Timings{0}> 
Timings{0}> particleDestroy..... Wall max =  0.0924298
Timings{0}>                      Wall avg =  0.0911777
Timings{0}>                      Wall min =  0.0899256
Timings{0}> 
Timings{0}> particleRecv........ Wall max =    0.31412
Timings{0}>                      Wall avg =   0.275808
Timings{0}>                      Wall min =   0.237497
Timings{0}> 
Timings{0}> ---------------------------------------------
