Warning: Option '256' is not parsed by Ippl.
Warning: Option '256' is not parsed by Ippl.
Warning: Option '256' is not parsed by Ippl.
Warning: Option '134217728' is not parsed by Ippl.
Warning: Option '20' is not parsed by Ippl.
Warning: Option 'PCG' is not parsed by Ippl.
Warning: Option '0.05' is not parsed by Ippl.
Warning: Option 'LeapFrog' is not parsed by Ippl.
Warning: Option 'richardson' is not parsed by Ippl.
Warning: Option '4' is not parsed by Ippl.
Warning: Option '0' is not parsed by Ippl.
Pre Run{0}> Discretization:
Pre Run{0}> nt 20 Np= 134217728 grid = ( 256 , 256 , 256 )
Initialize Particles{0}> Starting first repartition
Initialize Particles{0}> particles created and initial conditions assigned 
residue,iterations
scatter {0}> 1.26039e-15
4.86576e-08,430
time, Ex_field_energy, Ex_max_norm
0.0000000000000000e+00 9.9818016859237737e+00 1.1783518895134538e-01
LandauDamping{0}> Starting iterations ...
Pre-step{0}> Done
scatter {0}> 0
3.28934e-08,369
2.4543692606170259e-02 9.9741928633484189e+00 1.1794193374757554e-01
Post-step:{0}> Finished time step: 1 time: 0.0245437
Pre-step{0}> Done
scatter {0}> 1.1458e-16
3.19737e-08,370
4.9087385212340517e-02 9.9515804074954755e+00 1.1727305663348997e-01
Post-step:{0}> Finished time step: 2 time: 0.0490874
Pre-step{0}> Done
scatter {0}> 1.1458e-16
3.31253e-08,370
7.3631077818510776e-02 9.9140505622718695e+00 1.1701308901762963e-01
Post-step:{0}> Finished time step: 3 time: 0.0736311
Pre-step{0}> Done
scatter {0}> 1.1458e-15
3.26216e-08,370
9.8174770424681035e-02 9.8617352947782617e+00 1.1731442708791046e-01
Post-step:{0}> Finished time step: 4 time: 0.0981748
Pre-step{0}> Done
scatter {0}> 6.87483e-16
3.08427e-08,371
1.2271846303085129e-01 9.7947760502308956e+00 1.1790243526611896e-01
Post-step:{0}> Finished time step: 5 time: 0.122718
Pre-step{0}> Done
scatter {0}> 8.02063e-16
3.20447e-08,371
1.4726215563702155e-01 9.7133885277131622e+00 1.1479786431113592e-01
Post-step:{0}> Finished time step: 6 time: 0.147262
Pre-step{0}> Done
scatter {0}> 3.43741e-16
3.17336e-08,371
1.7180584824319181e-01 9.6178355275781371e+00 1.1413495455280169e-01
Post-step:{0}> Finished time step: 7 time: 0.171806
Pre-step{0}> Done
scatter {0}> 8.02063e-16
3.32488e-08,371
1.9634954084936207e-01 9.5084494984900338e+00 1.1408304330870495e-01
Post-step:{0}> Finished time step: 8 time: 0.19635
Pre-step{0}> Done
scatter {0}> 3.43741e-16
3.19435e-08,372
2.2089323345553233e-01 9.3856266464683369e+00 1.1359559885971236e-01
Post-step:{0}> Finished time step: 9 time: 0.220893
Pre-step{0}> Done
scatter {0}> 2.29161e-16
3.14262e-08,372
2.4543692606170259e-01 9.2497580933979062e+00 1.1263416822293149e-01
Post-step:{0}> Finished time step: 10 time: 0.245437
Pre-step{0}> Done
scatter {0}> 2.29161e-16
3.25559e-08,371
2.6998061866787282e-01 9.1012865882943625e+00 1.1148918077182335e-01
Post-step:{0}> Finished time step: 11 time: 0.269981
Pre-step{0}> Done
scatter {0}> 3.43741e-16
3.28095e-08,371
2.9452431127404310e-01 8.9406940062143292e+00 1.1071334415754695e-01
Post-step:{0}> Finished time step: 12 time: 0.294524
Pre-step{0}> Done
scatter {0}> 6.87483e-16
3.16956e-08,372
3.1906800388021339e-01 8.7684980215660104e+00 1.0960858204618802e-01
Post-step:{0}> Finished time step: 13 time: 0.319068
Pre-step{0}> Done
scatter {0}> 4.58322e-16
3.17962e-08,373
3.4361169648638368e-01 8.5852587289500146e+00 1.0830764510759855e-01
Post-step:{0}> Finished time step: 14 time: 0.343612
Pre-step{0}> Done
scatter {0}> 4.58322e-16
3.16057e-08,372
3.6815538909255396e-01 8.3915779009686791e+00 1.0834264150638045e-01
Post-step:{0}> Finished time step: 15 time: 0.368155
Pre-step{0}> Done
scatter {0}> 1.1458e-16
3.19215e-08,372
3.9269908169872425e-01 8.1880798777102672e+00 1.0620811237229950e-01
Post-step:{0}> Finished time step: 16 time: 0.392699
Pre-step{0}> Done
scatter {0}> 4.58322e-16
3.12426e-08,372
4.1724277430489454e-01 7.9754398154781745e+00 1.0670349047350895e-01
Post-step:{0}> Finished time step: 17 time: 0.417243
Pre-step{0}> Done
scatter {0}> 0
3.23534e-08,372
4.4178646691106482e-01 7.7543475732126286e+00 1.0461342473125079e-01
Post-step:{0}> Finished time step: 18 time: 0.441786
Pre-step{0}> Done
scatter {0}> 1.1458e-16
3.19298e-08,372
4.6633015951723511e-01 7.5254679285118913e+00 1.0373530144585756e-01
Post-step:{0}> Finished time step: 19 time: 0.46633
Pre-step{0}> Done
scatter {0}> 5.72902e-16
3.29527e-08,371
4.9087385212340540e-01 7.2895547767361766e+00 1.0092202430309367e-01
Post-step:{0}> Finished time step: 20 time: 0.490874
LandauDamping{0}> End.
Timings{0}> ---------------------------------------------
Timings{0}>      Timing results for 4 nodes:
Timings{0}> ---------------------------------------------
Timings{0}> total............... Wall tot =    264.599
Timings{0}> 
Timings{0}> findInternal........ Wall max =   9.83e-06
Timings{0}>                      Wall avg = 8.22575e-06
Timings{0}>                      Wall min =  7.287e-06
Timings{0}> 
Timings{0}> findPeriodic........ Wall max =  4.692e-05
Timings{0}>                      Wall avg = 4.45413e-05
Timings{0}>                      Wall min = 4.2749e-05
Timings{0}> 
Timings{0}> loadBalance......... Wall max =  0.0485953
Timings{0}>                      Wall avg =  0.0473677
Timings{0}>                      Wall min =  0.0461488
Timings{0}> 
Timings{0}> basicOperations..... Wall max = 2.7701e-05
Timings{0}>                      Wall avg =  2.227e-05
Timings{0}>                      Wall min = 1.8335e-05
Timings{0}> 
Timings{0}> perpReduction....... Wall max = 0.00563954
Timings{0}>                      Wall avg = 0.00526414
Timings{0}>                      Wall min = 0.00511573
Timings{0}> 
Timings{0}> allReduce........... Wall max =  0.0245015
Timings{0}>                      Wall avg =  0.0232704
Timings{0}>                      Wall min =  0.0218023
Timings{0}> 
Timings{0}> scatterR............ Wall max =   2.67e-07
Timings{0}>                      Wall avg =  2.145e-07
Timings{0}>                      Wall min =    1.4e-07
Timings{0}> 
Timings{0}> updateLayout........ Wall max = 3.0915e-05
Timings{0}>                      Wall avg = 2.78275e-05
Timings{0}>                      Wall min = 2.0298e-05
Timings{0}> 
Timings{0}> updatePB............ Wall max =   3.27e-07
Timings{0}>                      Wall avg =   2.83e-07
Timings{0}>                      Wall min =   2.09e-07
Timings{0}> 
Timings{0}> particlesCreation... Wall max =    1.12592
Timings{0}>                      Wall avg =    1.12591
Timings{0}>                      Wall min =     1.1259
Timings{0}> 
Timings{0}> solveWarmup......... Wall max =   0.127018
Timings{0}>                      Wall avg =   0.126932
Timings{0}>                      Wall min =   0.126827
Timings{0}> 
Timings{0}> PCG iter............ Wall max =    246.897
Timings{0}>                      Wall avg =    246.896
Timings{0}>                      Wall min =    246.896
Timings{0}> 
Timings{0}> Preconditioner...... Wall max =    167.249
Timings{0}>                      Wall avg =     166.72
Timings{0}>                      Wall min =    166.005
Timings{0}> 
Timings{0}> scatter............. Wall max =    6.01714
Timings{0}>                      Wall avg =    6.00383
Timings{0}>                      Wall min =    5.98505
Timings{0}> 
Timings{0}> accumulateHalo...... Wall max =   0.257358
Timings{0}>                      Wall avg =   0.211061
Timings{0}>                      Wall min =   0.190418
Timings{0}> 
Timings{0}> solve............... Wall max =    248.877
Timings{0}>                      Wall avg =    248.877
Timings{0}>                      Wall min =    248.876
Timings{0}> 
Timings{0}> fillHalo............ Wall max =   0.709499
Timings{0}>                      Wall avg =   0.664932
Timings{0}>                      Wall min =   0.627695
Timings{0}> 
Timings{0}> gather.............. Wall max =    3.42056
Timings{0}>                      Wall avg =    3.38847
Timings{0}>                      Wall min =    3.34163
Timings{0}> 
Timings{0}> dumpData............ Wall max =   0.178094
Timings{0}>                      Wall avg =   0.147927
Timings{0}>                      Wall min =  0.0945415
Timings{0}> 
Timings{0}> pushVelocity........ Wall max =   0.521108
Timings{0}>                      Wall avg =   0.513889
Timings{0}>                      Wall min =   0.503252
Timings{0}> 
Timings{0}> pushPosition........ Wall max =   0.260244
Timings{0}>                      Wall avg =   0.256955
Timings{0}>                      Wall min =   0.250642
Timings{0}> 
Timings{0}> update.............. Wall max =    3.05177
Timings{0}>                      Wall avg =    3.03995
Timings{0}>                      Wall min =    3.03167
Timings{0}> 
Timings{0}> particleBC.......... Wall max =   0.510881
Timings{0}>                      Wall avg =   0.506713
Timings{0}>                      Wall min =   0.501999
Timings{0}> 
Timings{0}> updateParticle...... Wall max =    2.44005
Timings{0}>                      Wall avg =    2.32795
Timings{0}>                      Wall min =    2.17883
Timings{0}> 
Timings{0}> locateParticles..... Wall max =    1.19654
Timings{0}>                      Wall avg =    1.13881
Timings{0}>                      Wall min =    1.08547
Timings{0}> 
Timings{0}> sendPreprocess...... Wall max =    0.25821
Timings{0}>                      Wall avg =   0.194922
Timings{0}>                      Wall min =   0.139615
Timings{0}> 
Timings{0}> particleSend........ Wall max =    0.69173
Timings{0}>                      Wall avg =   0.581166
Timings{0}>                      Wall min =   0.426497
Timings{0}> 
Timings{0}> particleDestroy..... Wall max =  0.0606546
Timings{0}>                      Wall avg =  0.0601981
Timings{0}>                      Wall min =  0.0593918
Timings{0}> 
Timings{0}> particleRecv........ Wall max =   0.417677
Timings{0}>                      Wall avg =   0.352778
Timings{0}>                      Wall min =    0.21611
Timings{0}> 
Timings{0}> ---------------------------------------------
