Warning: Option '256' is not parsed by Ippl.
Warning: Option '256' is not parsed by Ippl.
Warning: Option '256' is not parsed by Ippl.
Warning: Option '134217728' is not parsed by Ippl.
Warning: Option '20' is not parsed by Ippl.
Warning: Option 'PCG' is not parsed by Ippl.
Warning: Option '0.05' is not parsed by Ippl.
Warning: Option 'LeapFrog' is not parsed by Ippl.
Warning: Option 'ssor' is not parsed by Ippl.
Warning: Option '4' is not parsed by Ippl.
Warning: Option '2' is not parsed by Ippl.
Warning: Option '1.57079632679' is not parsed by Ippl.
Pre Run{0}> Discretization:
Pre Run{0}> nt 20 Np= 134217728 grid = ( 256 , 256 , 256 )
Initialize Particles{0}> Starting first repartition
Initialize Particles{0}> particles created and initial conditions assigned 
residue,iterations
scatter {0}> 1.26039e-15
1.82088e-06,235
time, Ex_field_energy, Ex_max_norm
0.0000000000000000e+00 9.9818016852383309e+00 1.1783518942072288e-01
LandauDamping{0}> Starting iterations ...
Pre-step{0}> Done
scatter {0}> 0
2.90345e-07,196
2.4543692606170259e-02 9.9741928638394484e+00 1.1794193373087156e-01
Post-step:{0}> Finished time step: 1 time: 0.0245437
Pre-step{0}> Done
scatter {0}> 2.29161e-16
2.77685e-07,197
4.9087385212340517e-02 9.9515804076734007e+00 1.1727305660350568e-01
Post-step:{0}> Finished time step: 2 time: 0.0490874
Pre-step{0}> Done
scatter {0}> 3.43741e-16
2.82526e-07,197
7.3631077818510776e-02 9.9140505624095567e+00 1.1701308899533748e-01
Post-step:{0}> Finished time step: 3 time: 0.0736311
Pre-step{0}> Done
scatter {0}> 5.72902e-16
2.89589e-07,197
9.8174770424681035e-02 9.8617352949204840e+00 1.1731442706584391e-01
Post-step:{0}> Finished time step: 4 time: 0.0981748
Pre-step{0}> Done
scatter {0}> 1.03122e-15
2.75869e-07,198
1.2271846303085129e-01 9.7947760503697001e+00 1.1790243524841584e-01
Post-step:{0}> Finished time step: 5 time: 0.122718
Pre-step{0}> Done
scatter {0}> 0
2.79872e-07,198
1.4726215563702155e-01 9.7133885278645842e+00 1.1479786432496977e-01
Post-step:{0}> Finished time step: 6 time: 0.147262
Pre-step{0}> Done
scatter {0}> 3.43741e-16
2.88403e-07,198
1.7180584824319181e-01 9.6178355277375491e+00 1.1413495452726170e-01
Post-step:{0}> Finished time step: 7 time: 0.171806
Pre-step{0}> Done
scatter {0}> 1.1458e-15
2.79912e-07,199
1.9634954084936207e-01 9.5084494986281101e+00 1.1408304326876141e-01
Post-step:{0}> Finished time step: 8 time: 0.19635
Pre-step{0}> Done
scatter {0}> 5.72902e-16
2.89144e-07,199
2.2089323345553233e-01 9.3856266466172151e+00 1.1359559880391949e-01
Post-step:{0}> Finished time step: 9 time: 0.220893
Pre-step{0}> Done
scatter {0}> 5.72902e-16
2.79891e-07,200
2.4543692606170259e-01 9.2497580935277579e+00 1.1263416819294607e-01
Post-step:{0}> Finished time step: 10 time: 0.245437
Pre-step{0}> Done
scatter {0}> 6.87483e-16
2.88018e-07,200
2.6998061866787282e-01 9.1012865884202387e+00 1.1148918078891183e-01
Post-step:{0}> Finished time step: 11 time: 0.269981
Pre-step{0}> Done
scatter {0}> 1.1458e-16
2.81521e-07,201
2.9452431127404310e-01 8.9406940063200437e+00 1.1071334409083504e-01
Post-step:{0}> Finished time step: 12 time: 0.294524
Pre-step{0}> Done
scatter {0}> 2.29161e-16
2.88205e-07,201
3.1906800388021339e-01 8.7684980216700232e+00 1.0960858205912766e-01
Post-step:{0}> Finished time step: 13 time: 0.319068
Pre-step{0}> Done
scatter {0}> 5.72902e-16
2.79149e-07,202
3.4361169648638368e-01 8.5852587290300075e+00 1.0830764512679440e-01
Post-step:{0}> Finished time step: 14 time: 0.343612
Pre-step{0}> Done
scatter {0}> 8.02063e-16
2.87094e-07,202
3.6815538909255396e-01 8.3915779010439326e+00 1.0834264147728219e-01
Post-step:{0}> Finished time step: 15 time: 0.368155
Pre-step{0}> Done
scatter {0}> 1.1458e-16
2.73418e-07,203
3.9269908169872425e-01 8.1880798777638599e+00 1.0620811232665162e-01
Post-step:{0}> Finished time step: 16 time: 0.392699
Pre-step{0}> Done
scatter {0}> 3.43741e-16
2.80267e-07,203
4.1724277430489454e-01 7.9754398155336883e+00 1.0670349043135374e-01
Post-step:{0}> Finished time step: 17 time: 0.417243
Pre-step{0}> Done
scatter {0}> 5.72902e-16
2.86321e-07,203
4.4178646691106482e-01 7.7543475732664344e+00 1.0461342468993524e-01
Post-step:{0}> Finished time step: 18 time: 0.441786
Pre-step{0}> Done
scatter {0}> 3.43741e-16
2.6925e-07,204
4.6633015951723511e-01 7.5254679285497543e+00 1.0373530138026689e-01
Post-step:{0}> Finished time step: 19 time: 0.46633
Pre-step{0}> Done
scatter {0}> 1.03122e-15
2.76714e-07,204
4.9087385212340540e-01 7.2895547767687283e+00 1.0092202431669528e-01
Post-step:{0}> Finished time step: 20 time: 0.490874
LandauDamping{0}> End.
Timings{0}> ---------------------------------------------
Timings{0}>      Timing results for 4 nodes:
Timings{0}> ---------------------------------------------
Timings{0}> total............... Wall tot =    327.592
Timings{0}> 
Timings{0}> findInternal........ Wall max =  9.494e-06
Timings{0}>                      Wall avg =  7.985e-06
Timings{0}>                      Wall min =  7.336e-06
Timings{0}> 
Timings{0}> findPeriodic........ Wall max = 4.4734e-05
Timings{0}>                      Wall avg = 4.35815e-05
Timings{0}>                      Wall min = 4.2531e-05
Timings{0}> 
Timings{0}> loadBalance......... Wall max =  0.0479097
Timings{0}>                      Wall avg =  0.0460955
Timings{0}>                      Wall min =  0.0454574
Timings{0}> 
Timings{0}> basicOperations..... Wall max = 2.4981e-05
Timings{0}>                      Wall avg = 2.19868e-05
Timings{0}>                      Wall min = 2.0738e-05
Timings{0}> 
Timings{0}> perpReduction....... Wall max = 0.00534913
Timings{0}>                      Wall avg = 0.00520897
Timings{0}>                      Wall min = 0.00503327
Timings{0}> 
Timings{0}> allReduce........... Wall max =  0.0238049
Timings{0}>                      Wall avg =  0.0219687
Timings{0}>                      Wall min =  0.0208224
Timings{0}> 
Timings{0}> scatterR............ Wall max =   4.74e-07
Timings{0}>                      Wall avg =   3.14e-07
Timings{0}>                      Wall min =      2e-07
Timings{0}> 
Timings{0}> updateLayout........ Wall max = 3.2534e-05
Timings{0}>                      Wall avg = 2.66827e-05
Timings{0}>                      Wall min = 2.0164e-05
Timings{0}> 
Timings{0}> updatePB............ Wall max =   6.46e-07
Timings{0}>                      Wall avg =  3.845e-07
Timings{0}>                      Wall min =   2.37e-07
Timings{0}> 
Timings{0}> particlesCreation... Wall max =    1.11462
Timings{0}>                      Wall avg =    1.11461
Timings{0}>                      Wall min =     1.1146
Timings{0}> 
Timings{0}> solveWarmup......... Wall max =   0.175467
Timings{0}>                      Wall avg =   0.175136
Timings{0}>                      Wall min =   0.174947
Timings{0}> 
Timings{0}> SSOR Init........... Wall max =     45.435
Timings{0}>                      Wall avg =     45.216
Timings{0}>                      Wall min =    44.9843
Timings{0}> 
Timings{0}> SSOR loop........... Wall max =    213.988
Timings{0}>                      Wall avg =    210.169
Timings{0}>                      Wall min =    208.485
Timings{0}> 
Timings{0}> PCG iter............ Wall max =    307.889
Timings{0}>                      Wall avg =    307.888
Timings{0}>                      Wall min =    307.888
Timings{0}> 
Timings{0}> Preconditioner...... Wall max =    258.916
Timings{0}>                      Wall avg =    255.348
Timings{0}>                      Wall min =    253.662
Timings{0}> 
Timings{0}> scatter............. Wall max =    6.01642
Timings{0}>                      Wall avg =    6.00584
Timings{0}>                      Wall min =    5.99213
Timings{0}> 
Timings{0}> accumulateHalo...... Wall max =   0.265463
Timings{0}>                      Wall avg =   0.236767
Timings{0}>                      Wall min =   0.218558
Timings{0}> 
Timings{0}> solve............... Wall max =    310.913
Timings{0}>                      Wall avg =    310.913
Timings{0}>                      Wall min =    310.912
Timings{0}> 
Timings{0}> fillHalo............ Wall max =    0.76455
Timings{0}>                      Wall avg =   0.687941
Timings{0}>                      Wall min =   0.638631
Timings{0}> 
Timings{0}> gather.............. Wall max =    3.40699
Timings{0}>                      Wall avg =    3.38415
Timings{0}>                      Wall min =    3.32744
Timings{0}> 
Timings{0}> dumpData............ Wall max =   0.221305
Timings{0}>                      Wall avg =   0.163422
Timings{0}>                      Wall min =  0.0649162
Timings{0}> 
Timings{0}> pushVelocity........ Wall max =   0.531893
Timings{0}>                      Wall avg =   0.523031
Timings{0}>                      Wall min =   0.516294
Timings{0}> 
Timings{0}> pushPosition........ Wall max =   0.266771
Timings{0}>                      Wall avg =   0.261579
Timings{0}>                      Wall min =   0.257307
Timings{0}> 
Timings{0}> update.............. Wall max =     3.8927
Timings{0}>                      Wall avg =    3.68109
Timings{0}>                      Wall min =    3.60093
Timings{0}> 
Timings{0}> particleBC.......... Wall max =   0.515727
Timings{0}>                      Wall avg =   0.509612
Timings{0}>                      Wall min =   0.504977
Timings{0}> 
Timings{0}> updateParticle...... Wall max =    2.33701
Timings{0}>                      Wall avg =    2.22988
Timings{0}>                      Wall min =    2.13427
Timings{0}> 
Timings{0}> locateParticles..... Wall max =    1.20663
Timings{0}>                      Wall avg =    1.14253
Timings{0}>                      Wall min =    1.08928
Timings{0}> 
Timings{0}> sendPreprocess...... Wall max =   0.255902
Timings{0}>                      Wall avg =   0.200783
Timings{0}>                      Wall min =   0.146125
Timings{0}> 
Timings{0}> particleSend........ Wall max =   0.633625
Timings{0}>                      Wall avg =   0.548935
Timings{0}>                      Wall min =   0.432115
Timings{0}> 
Timings{0}> particleDestroy..... Wall max =  0.0610256
Timings{0}>                      Wall avg =  0.0600562
Timings{0}>                      Wall min =  0.0593482
Timings{0}> 
Timings{0}> particleRecv........ Wall max =   0.324207
Timings{0}>                      Wall avg =   0.277498
Timings{0}>                      Wall min =    0.22482
Timings{0}> 
Timings{0}> ---------------------------------------------
