Warning: Option '256' is not parsed by Ippl.
Warning: Option '256' is not parsed by Ippl.
Warning: Option '256' is not parsed by Ippl.
Warning: Option '134217728' is not parsed by Ippl.
Warning: Option '20' is not parsed by Ippl.
Warning: Option 'PCG' is not parsed by Ippl.
Warning: Option '0.05' is not parsed by Ippl.
Warning: Option 'LeapFrog' is not parsed by Ippl.
Warning: Option 'ssor' is not parsed by Ippl.
Warning: Option '4' is not parsed by Ippl.
Warning: Option '2' is not parsed by Ippl.
Warning: Option '1.57079632679' is not parsed by Ippl.
Pre Run> Discretization:
Pre Run> nt 20 Np= 134217728 grid = ( 256 , 256 , 256 )
Initialize Particles> particles created and initial conditions assigned 
residue,iterations
scatter > 1.60413e-15
1.86356e-06,203
time, Ex_field_energy, Ex_max_norm
0.0000000000000000e+00 9.8764363086756486e+00 1.1658892058810300e-01
LandauDamping> Starting iterations ...
Pre-step> Done
scatter > 0
2.87533e-07,186
2.4543692606170259e-02 9.8683561049155859e+00 1.1623211355878309e-01
Post-step:> Finished time step: 1 time: 0.0245437
Pre-step> Done
scatter > 1.83329e-15
2.61993e-07,187
4.9087385212340517e-02 9.8454179178457935e+00 1.1666739129793753e-01
Post-step:> Finished time step: 2 time: 0.0490874
Pre-step> Done
scatter > 2.17703e-15
2.71228e-07,187
7.3631077818510776e-02 9.8077119847369918e+00 1.1555291539796239e-01
Post-step:> Finished time step: 3 time: 0.0736311
Pre-step> Done
scatter > 3.09367e-15
2.81353e-07,187
9.8174770424681035e-02 9.7553631750939296e+00 1.1493135130705505e-01
Post-step:> Finished time step: 4 time: 0.0981748
Pre-step> Done
scatter > 1.48955e-15
2.90673e-07,187
1.2271846303085129e-01 9.6885494412830191e+00 1.1483076571873892e-01
Post-step:> Finished time step: 5 time: 0.122718
Pre-step> Done
scatter > 4.35406e-15
2.62371e-07,188
1.4726215563702155e-01 9.6074814126460257e+00 1.1612643514013089e-01
Post-step:> Finished time step: 6 time: 0.147262
Pre-step> Done
scatter > 2.29161e-16
2.69136e-07,188
1.7180584824319181e-01 9.5124514698987710e+00 1.1359553453288791e-01
Post-step:> Finished time step: 7 time: 0.171806
Pre-step> Done
scatter > 2.74993e-15
2.73859e-07,188
1.9634954084936207e-01 9.4037482725761361e+00 1.1275115998495740e-01
Post-step:> Finished time step: 8 time: 0.19635
Pre-step> Done
scatter > 1.1458e-16
2.77394e-07,188
2.2089323345553233e-01 9.2817390477444128e+00 1.1357475643914462e-01
Post-step:> Finished time step: 9 time: 0.220893
Pre-step> Done
scatter > 6.87483e-16
2.81818e-07,188
2.4543692606170259e-01 9.1468424785061977e+00 1.1299211605565480e-01
Post-step:> Finished time step: 10 time: 0.245437
Pre-step> Done
scatter > 5.72902e-16
2.86715e-07,188
2.6998061866787282e-01 8.9995031437553550e+00 1.1079512038468184e-01
Post-step:> Finished time step: 11 time: 0.269981
Pre-step> Done
scatter > 1.26039e-15
2.91717e-07,188
2.9452431127404310e-01 8.8401853099608108e+00 1.1026386873920210e-01
Post-step:> Finished time step: 12 time: 0.294524
Pre-step> Done
scatter > 2.17703e-15
2.5915e-07,189
3.1906800388021339e-01 8.6693918084618247e+00 1.0983506649613892e-01
Post-step:> Finished time step: 13 time: 0.319068
Pre-step> Done
scatter > 1.03122e-15
2.61225e-07,189
3.4361169648638368e-01 8.4876926292600761e+00 1.0969708011328373e-01
Post-step:> Finished time step: 14 time: 0.343612
Pre-step> Done
scatter > 4.35406e-15
2.63871e-07,189
3.6815538909255396e-01 8.2957085829617814e+00 1.0798666409941729e-01
Post-step:> Finished time step: 15 time: 0.368155
Pre-step> Done
scatter > 2.29161e-15
2.65266e-07,189
3.9269908169872425e-01 8.0940407742856504e+00 1.0666124167082794e-01
Post-step:> Finished time step: 16 time: 0.392699
Pre-step> Done
scatter > 8.02063e-16
2.65494e-07,189
4.1724277430489454e-01 7.8833447104548879e+00 1.0465484384646727e-01
Post-step:> Finished time step: 17 time: 0.417243
Pre-step> Done
scatter > 1.1458e-16
2.66787e-07,189
4.4178646691106482e-01 7.6642928112330759e+00 1.0334189496222984e-01
Post-step:> Finished time step: 18 time: 0.441786
Pre-step> Done
scatter > 7.33315e-15
2.65609e-07,189
4.6633015951723511e-01 7.4375724294254200e+00 1.0300037416379708e-01
Post-step:> Finished time step: 19 time: 0.46633
Pre-step> Done
scatter > 5.72902e-16
2.67129e-07,189
4.9087385212340540e-01 7.2039394504142269e+00 1.0102835518575554e-01
Post-step:> Finished time step: 20 time: 0.490874
LandauDamping> End.
Timings> ---------------------------------------------
Timings>      Timing results for 1 nodes:
Timings> ---------------------------------------------
Timings> total............... Wall tot =    1469.43
Timings> 
Timings> loadBalance......... Wall max =          0
Timings>                      Wall avg =          0
Timings>                      Wall min =          0
Timings> 
Timings> particlesCreation... Wall max =    4.28558
Timings>                      Wall avg =    4.28558
Timings>                      Wall min =    4.28558
Timings> 
Timings> solveWarmup......... Wall max =   0.603757
Timings>                      Wall avg =   0.603757
Timings>                      Wall min =   0.603757
Timings> 
Timings> SSOR Init........... Wall max =    160.919
Timings>                      Wall avg =    160.919
Timings>                      Wall min =    160.919
Timings> 
Timings> SSOR loop........... Wall max =    1137.14
Timings>                      Wall avg =    1137.14
Timings>                      Wall min =    1137.14
Timings> 
Timings> PCG iter............ Wall max =    1405.75
Timings>                      Wall avg =    1405.75
Timings>                      Wall min =    1405.75
Timings> 
Timings> Preconditioner...... Wall max =    1293.74
Timings>                      Wall avg =    1293.74
Timings>                      Wall min =    1293.74
Timings> 
Timings> scatter............. Wall max =    23.9172
Timings>                      Wall avg =    23.9172
Timings>                      Wall min =    23.9172
Timings> 
Timings> accumulateHalo...... Wall max =  0.0069814
Timings>                      Wall avg =  0.0069814
Timings>                      Wall min =  0.0069814
Timings> 
Timings> solve............... Wall max =    1418.22
Timings>                      Wall avg =    1418.22
Timings>                      Wall min =    1418.22
Timings> 
Timings> fillHalo............ Wall max =  0.0174134
Timings>                      Wall avg =  0.0174134
Timings>                      Wall min =  0.0174134
Timings> 
Timings> gather.............. Wall max =    16.1868
Timings>                      Wall avg =    16.1868
Timings>                      Wall min =    16.1868
Timings> 
Timings> dumpData............ Wall max =  0.0585077
Timings>                      Wall avg =  0.0585077
Timings>                      Wall min =  0.0585077
Timings> 
Timings> pushVelocity........ Wall max =    2.42546
Timings>                      Wall avg =    2.42546
Timings>                      Wall min =    2.42546
Timings> 
Timings> pushPosition........ Wall max =    1.17601
Timings>                      Wall avg =    1.17601
Timings>                      Wall min =    1.17601
Timings> 
Timings> update.............. Wall max =     2.0979
Timings>                      Wall avg =     2.0979
Timings>                      Wall min =     2.0979
Timings> 
Timings> particleBC.......... Wall max =    2.09781
Timings>                      Wall avg =    2.09781
Timings>                      Wall min =    2.09781
Timings> 
Timings> updateParticle...... Wall max =          0
Timings>                      Wall avg =          0
Timings>                      Wall min =          0
Timings> 
Timings> ---------------------------------------------
