Warning: Option '256' is not parsed by Ippl.
Warning: Option '256' is not parsed by Ippl.
Warning: Option '256' is not parsed by Ippl.
Warning: Option '134217728' is not parsed by Ippl.
Warning: Option '20' is not parsed by Ippl.
Warning: Option 'PCG' is not parsed by Ippl.
Warning: Option '0.05' is not parsed by Ippl.
Warning: Option 'LeapFrog' is not parsed by Ippl.
Warning: Option 'gauss-seidel' is not parsed by Ippl.
Warning: Option '2' is not parsed by Ippl.
Warning: Option '2' is not parsed by Ippl.
Warning: Option '0' is not parsed by Ippl.
Pre Run{0}> Discretization:
Pre Run{0}> nt 20 Np= 134217728 grid = ( 256 , 256 , 256 )
Initialize Particles{0}> Starting first repartition
Initialize Particles{0}> particles created and initial conditions assigned 
residue,iterations
scatter {0}> 3.43741e-16
5.49038e-08,362
time, Ex_field_energy, Ex_max_norm
0.0000000000000000e+00 9.9416144936047512e+00 1.1647182970856923e-01
LandauDamping{0}> Starting iterations ...
Pre-step{0}> Done
scatter {0}> 1.1458e-16
3.36362e-08,313
2.4543692606170259e-02 9.9345490276355619e+00 1.1609967083450182e-01
Post-step:{0}> Finished time step: 1 time: 0.0245437
Pre-step{0}> Done
scatter {0}> 2.29161e-16
3.18744e-08,314
4.9087385212340517e-02 9.9125542588257680e+00 1.1753222790950799e-01
Post-step:{0}> Finished time step: 2 time: 0.0490874
Pre-step{0}> Done
scatter {0}> 1.1458e-16
3.2433e-08,314
7.3631077818510776e-02 9.8757148900767096e+00 1.1713180956491392e-01
Post-step:{0}> Finished time step: 3 time: 0.0736311
Pre-step{0}> Done
scatter {0}> 5.72902e-16
3.30898e-08,314
9.8174770424681035e-02 9.8241071542320189e+00 1.1479246206120715e-01
Post-step:{0}> Finished time step: 4 time: 0.0981748
Pre-step{0}> Done
scatter {0}> 4.58322e-16
3.38278e-08,314
1.2271846303085129e-01 9.7579243637400701e+00 1.1574750718818874e-01
Post-step:{0}> Finished time step: 5 time: 0.122718
Pre-step{0}> Done
scatter {0}> 3.43741e-16
3.4454e-08,314
1.4726215563702155e-01 9.6773821147684327e+00 1.1512664065544596e-01
Post-step:{0}> Finished time step: 6 time: 0.147262
Pre-step{0}> Done
scatter {0}> 1.1458e-16
3.28754e-08,315
1.7180584824319181e-01 9.5827559708583241e+00 1.1597849511072661e-01
Post-step:{0}> Finished time step: 7 time: 0.171806
Pre-step{0}> Done
scatter {0}> 1.1458e-16
3.32159e-08,315
1.9634954084936207e-01 9.4743581977609992e+00 1.1417575536532050e-01
Post-step:{0}> Finished time step: 8 time: 0.19635
Pre-step{0}> Done
scatter {0}> 1.1458e-16
3.35604e-08,315
2.2089323345553233e-01 9.3525418447191111e+00 1.1210853189747638e-01
Post-step:{0}> Finished time step: 9 time: 0.220893
Pre-step{0}> Done
scatter {0}> 2.29161e-16
3.38257e-08,315
2.4543692606170259e-01 9.2177184717773457e+00 1.1197892758821987e-01
Post-step:{0}> Finished time step: 10 time: 0.245437
Pre-step{0}> Done
scatter {0}> 3.43741e-16
3.40796e-08,315
2.6998061866787282e-01 9.0703374208371201e+00 1.1133399159173490e-01
Post-step:{0}> Finished time step: 11 time: 0.269981
Pre-step{0}> Done
scatter {0}> 4.58322e-16
3.42578e-08,315
2.9452431127404310e-01 8.9108517994299064e+00 1.1059308528130830e-01
Post-step:{0}> Finished time step: 12 time: 0.294524
Pre-step{0}> Done
scatter {0}> 5.72902e-16
3.44213e-08,315
3.1906800388021339e-01 8.7398032279838898e+00 1.1016692885566717e-01
Post-step:{0}> Finished time step: 13 time: 0.319068
Pre-step{0}> Done
scatter {0}> 1.1458e-16
3.34221e-08,316
3.4361169648638368e-01 8.5577636511411193e+00 1.0865347311364520e-01
Post-step:{0}> Finished time step: 14 time: 0.343612
Pre-step{0}> Done
scatter {0}> 4.58322e-16
3.34938e-08,316
3.6815538909255396e-01 8.3653412348243616e+00 1.0686553945883621e-01
Post-step:{0}> Finished time step: 15 time: 0.368155
Pre-step{0}> Done
scatter {0}> 4.58322e-16
3.3596e-08,316
3.9269908169872425e-01 8.1631075980497521e+00 1.0665387350203477e-01
Post-step:{0}> Finished time step: 16 time: 0.392699
Pre-step{0}> Done
scatter {0}> 1.1458e-16
3.3643e-08,316
4.1724277430489454e-01 7.9517353295318820e+00 1.0401401319141951e-01
Post-step:{0}> Finished time step: 17 time: 0.417243
Pre-step{0}> Done
scatter {0}> 5.72902e-16
3.37233e-08,316
4.4178646691106482e-01 7.7319155299490614e+00 1.0368707623132924e-01
Post-step:{0}> Finished time step: 18 time: 0.441786
Pre-step{0}> Done
scatter {0}> 5.72902e-16
3.37508e-08,316
4.6633015951723511e-01 7.5043257482097152e+00 1.0141278350002221e-01
Post-step:{0}> Finished time step: 19 time: 0.46633
Pre-step{0}> Done
scatter {0}> 3.43741e-16
3.3811e-08,316
4.9087385212340540e-01 7.2697046813068420e+00 9.9925681997818178e-02
Post-step:{0}> Finished time step: 20 time: 0.490874
LandauDamping{0}> End.
Timings{0}> ---------------------------------------------
Timings{0}>      Timing results for 8 nodes:
Timings{0}> ---------------------------------------------
Timings{0}> total............... Wall tot =    170.717
Timings{0}> 
Timings{0}> findInternal........ Wall max = 3.6697e-05
Timings{0}>                      Wall avg = 1.43607e-05
Timings{0}>                      Wall min = 1.0035e-05
Timings{0}> 
Timings{0}> findPeriodic........ Wall max = 6.1571e-05
Timings{0}>                      Wall avg = 4.98801e-05
Timings{0}>                      Wall min = 4.6821e-05
Timings{0}> 
Timings{0}> loadBalance......... Wall max =  0.0601433
Timings{0}>                      Wall avg =  0.0554103
Timings{0}>                      Wall min =  0.0478514
Timings{0}> 
Timings{0}> basicOperations..... Wall max = 0.00550616
Timings{0}>                      Wall avg = 0.00416887
Timings{0}>                      Wall min =  0.0029821
Timings{0}> 
Timings{0}> perpReduction....... Wall max =  0.0106991
Timings{0}>                      Wall avg = 0.00862771
Timings{0}>                      Wall min = 0.00671794
Timings{0}> 
Timings{0}> allReduce........... Wall max =  0.0223965
Timings{0}>                      Wall avg =  0.0158869
Timings{0}>                      Wall min = 0.00727388
Timings{0}> 
Timings{0}> scatterR............ Wall max =   3.32e-07
Timings{0}>                      Wall avg = 2.2825e-07
Timings{0}>                      Wall min =   1.47e-07
Timings{0}> 
Timings{0}> updateLayout........ Wall max =  0.0181115
Timings{0}>                      Wall avg =   0.016916
Timings{0}>                      Wall min =  0.0155816
Timings{0}> 
Timings{0}> updatePB............ Wall max =   3.04e-07
Timings{0}>                      Wall avg =   2.54e-07
Timings{0}>                      Wall min =   2.01e-07
Timings{0}> 
Timings{0}> particlesCreation... Wall max =   0.582599
Timings{0}>                      Wall avg =   0.582558
Timings{0}>                      Wall min =   0.582502
Timings{0}> 
Timings{0}> solveWarmup......... Wall max =   0.113562
Timings{0}>                      Wall avg =   0.113262
Timings{0}>                      Wall min =   0.112804
Timings{0}> 
Timings{0}> PCG iter............ Wall max =    159.853
Timings{0}>                      Wall avg =    159.853
Timings{0}>                      Wall min =    159.852
Timings{0}> 
Timings{0}> Preconditioner...... Wall max =    114.389
Timings{0}>                      Wall avg =    109.632
Timings{0}>                      Wall min =    106.671
Timings{0}> 
Timings{0}> scatter............. Wall max =    3.20471
Timings{0}>                      Wall avg =    3.10804
Timings{0}>                      Wall min =    3.03691
Timings{0}> 
Timings{0}> accumulateHalo...... Wall max =   0.232029
Timings{0}>                      Wall avg =   0.161988
Timings{0}>                      Wall min =  0.0694493
Timings{0}> 
Timings{0}> solve............... Wall max =    161.192
Timings{0}>                      Wall avg =    161.192
Timings{0}>                      Wall min =    161.191
Timings{0}> 
Timings{0}> fillHalo............ Wall max =   0.161426
Timings{0}>                      Wall avg =   0.151562
Timings{0}>                      Wall min =   0.138468
Timings{0}> 
Timings{0}> gather.............. Wall max =    1.47047
Timings{0}>                      Wall avg =    1.36294
Timings{0}>                      Wall min =    1.30178
Timings{0}> 
Timings{0}> dumpData............ Wall max =   0.207978
Timings{0}>                      Wall avg =   0.134454
Timings{0}>                      Wall min =  0.0173596
Timings{0}> 
Timings{0}> pushVelocity........ Wall max =   0.288131
Timings{0}>                      Wall avg =   0.270978
Timings{0}>                      Wall min =   0.258894
Timings{0}> 
Timings{0}> pushPosition........ Wall max =    0.14521
Timings{0}>                      Wall avg =   0.135221
Timings{0}>                      Wall min =   0.128943
Timings{0}> 
Timings{0}> update.............. Wall max =    3.33921
Timings{0}>                      Wall avg =    2.79452
Timings{0}>                      Wall min =    2.59796
Timings{0}> 
Timings{0}> particleBC.......... Wall max =    0.26344
Timings{0}>                      Wall avg =   0.247379
Timings{0}>                      Wall min =   0.243107
Timings{0}> 
Timings{0}> updateParticle...... Wall max =    2.14277
Timings{0}>                      Wall avg =    1.95277
Timings{0}>                      Wall min =    1.73214
Timings{0}> 
Timings{0}> locateParticles..... Wall max =   0.645723
Timings{0}>                      Wall avg =   0.572872
Timings{0}>                      Wall min =   0.448109
Timings{0}> 
Timings{0}> sendPreprocess...... Wall max =   0.338195
Timings{0}>                      Wall avg =   0.196862
Timings{0}>                      Wall min =  0.0877069
Timings{0}> 
Timings{0}> particleSend........ Wall max =   0.827518
Timings{0}>                      Wall avg =   0.629768
Timings{0}>                      Wall min =    0.22001
Timings{0}> 
Timings{0}> particleDestroy..... Wall max =  0.0342366
Timings{0}>                      Wall avg =  0.0324574
Timings{0}>                      Wall min =  0.0313435
Timings{0}> 
Timings{0}> particleRecv........ Wall max =    1.15696
Timings{0}>                      Wall avg =    0.52073
Timings{0}>                      Wall min =   0.164687
Timings{0}> 
Timings{0}> ---------------------------------------------
